2022-10-28 09:17:32	Constructed Console	
2022-10-28 09:17:32	Too few arguments to function GuzzleHttp\Psr7\Response::getHeader(), 0 passed in /Volumes/htdocs/tigron-invoicing-tool/app/Main/Module/Teamleader/Controller/Teamleader.php on line 26 and exactly 1 expected	
2022-10-28 09:17:32	#0 /Volumes/htdocs/tigron-invoicing-tool/app/Main/Module/Teamleader/Controller/Teamleader.php(26): GuzzleHttp\Psr7\Response->getHeader()
#1 [internal function]: Main\Module\Teamleader\Controller\Teamleader->SyncAuthorize()
#2 /Volumes/htdocs/tigron-invoicing-tool/vendor/multimedium/core/src/M/Util/Callback.php(747): call_user_func_array(Array, Array)
#3 /Volumes/htdocs/tigron-invoicing-tool/vendor/multimedium/core/src/M/Controller/Dispatcher.php(881): M\Util\Callback->run()
#4 /Volumes/htdocs/tigron-invoicing-tool/public/index.php(126): M\Controller\Dispatcher->dispatch()
#5 {main}	
2022-10-28 09:17:32	Too few arguments to function GuzzleHttp\Psr7\Response::getHeader(), 0 passed in /Volumes/htdocs/tigron-invoicing-tool/app/Main/Module/Teamleader/Controller/Teamleader.php on line 26 and exactly 1 expected	
2022-10-28 09:17:32	#0 /Volumes/htdocs/tigron-invoicing-tool/app/Main/Module/Teamleader/Controller/Teamleader.php(26): GuzzleHttp\Psr7\Response->getHeader()
#1 [internal function]: Main\Module\Teamleader\Controller\Teamleader->SyncAuthorize()
#2 /Volumes/htdocs/tigron-invoicing-tool/vendor/multimedium/core/src/M/Util/Callback.php(747): call_user_func_array(Array, Array)
#3 /Volumes/htdocs/tigron-invoicing-tool/vendor/multimedium/core/src/M/Controller/Dispatcher.php(881): M\Util\Callback->run()
#4 /Volumes/htdocs/tigron-invoicing-tool/public/index.php(126): M\Controller\Dispatcher->dispatch()
#5 {main}	
2022-10-28 09:17:32	Destructed Console
--
	
2022-10-28 10:22:50	Constructed Console	
2022-10-28 10:22:50	Call to undefined method M\Uri\Uri::getBody()	
2022-10-28 10:22:50	#0 [internal function]: Main\Module\Teamleader\Controller\Teamleader->access()
#1 /Volumes/htdocs/tigron-invoicing-tool/vendor/multimedium/core/src/M/Util/Callback.php(747): call_user_func_array(Array, Array)
#2 /Volumes/htdocs/tigron-invoicing-tool/vendor/multimedium/core/src/M/Controller/Dispatcher.php(881): M\Util\Callback->run()
#3 /Volumes/htdocs/tigron-invoicing-tool/public/index.php(126): M\Controller\Dispatcher->dispatch()
#4 {main}	
2022-10-28 10:22:50	Call to undefined method M\Uri\Uri::getBody()	
2022-10-28 10:22:50	#0 [internal function]: Main\Module\Teamleader\Controller\Teamleader->access()
#1 /Volumes/htdocs/tigron-invoicing-tool/vendor/multimedium/core/src/M/Util/Callback.php(747): call_user_func_array(Array, Array)
#2 /Volumes/htdocs/tigron-invoicing-tool/vendor/multimedium/core/src/M/Controller/Dispatcher.php(881): M\Util\Callback->run()
#3 /Volumes/htdocs/tigron-invoicing-tool/public/index.php(126): M\Controller\Dispatcher->dispatch()
#4 {main}	
2022-10-28 10:22:50	Destructed Console
--
	
2022-10-28 10:27:41	Constructed Console	
2022-10-28 10:27:41	syntax error, unexpected 'public' (T_PUBLIC), expecting end of file	
2022-10-28 10:27:41	#0 [internal function]: M\App\Autoloader->loadResource('Main\\Module\\Tea...')
#1 [internal function]: spl_autoload_call('Main\\Module\\Tea...')
#2 /Volumes/htdocs/tigron-invoicing-tool/vendor/multimedium/core/src/M/Controller/Dispatcher.php(994): ReflectionClass->__construct('\\Main\\Module\\Te...')
#3 /Volumes/htdocs/tigron-invoicing-tool/vendor/multimedium/core/src/M/Controller/Dispatcher.php(1069): M\Controller\Dispatcher->_getController('\\Main\\Module\\Te...')
#4 /Volumes/htdocs/tigron-invoicing-tool/vendor/multimedium/core/src/M/Controller/Dispatcher.php(759): M\Controller\Dispatcher->_getControllerFromPathElements(Array, NULL)
#5 /Volumes/htdocs/tigron-invoicing-tool/vendor/multimedium/core/src/M/Controller/Dispatcher.php(872): M\Controller\Dispatcher->getControllerCallback()
#6 /Volumes/htdocs/tigron-invoicing-tool/public/index.php(126): M\Controller\Dispatcher->dispatch()
#7 {main}	
2022-10-28 10:27:41	Destructed Console
--
	
2022-10-28 10:27:48	Constructed Console	
2022-10-28 10:27:48	syntax error, unexpected 'public' (T_PUBLIC), expecting end of file	
2022-10-28 10:27:48	#0 [internal function]: M\App\Autoloader->loadResource('Main\\Module\\Tea...')
#1 [internal function]: spl_autoload_call('Main\\Module\\Tea...')
#2 /Volumes/htdocs/tigron-invoicing-tool/vendor/multimedium/core/src/M/Controller/Dispatcher.php(994): ReflectionClass->__construct('\\Main\\Module\\Te...')
#3 /Volumes/htdocs/tigron-invoicing-tool/vendor/multimedium/core/src/M/Controller/Dispatcher.php(1069): M\Controller\Dispatcher->_getController('\\Main\\Module\\Te...')
#4 /Volumes/htdocs/tigron-invoicing-tool/vendor/multimedium/core/src/M/Controller/Dispatcher.php(759): M\Controller\Dispatcher->_getControllerFromPathElements(Array, NULL)
#5 /Volumes/htdocs/tigron-invoicing-tool/vendor/multimedium/core/src/M/Controller/Dispatcher.php(872): M\Controller\Dispatcher->getControllerCallback()
#6 /Volumes/htdocs/tigron-invoicing-tool/public/index.php(126): M\Controller\Dispatcher->dispatch()
#7 {main}	
2022-10-28 10:27:48	Destructed Console
--
	
2022-10-28 10:27:48	Constructed Console	
2022-10-28 10:27:48	syntax error, unexpected 'public' (T_PUBLIC), expecting end of file	
2022-10-28 10:27:48	#0 [internal function]: M\App\Autoloader->loadResource('Main\\Module\\Tea...')
#1 [internal function]: spl_autoload_call('Main\\Module\\Tea...')
#2 /Volumes/htdocs/tigron-invoicing-tool/vendor/multimedium/core/src/M/Controller/Dispatcher.php(994): ReflectionClass->__construct('\\Main\\Module\\Te...')
#3 /Volumes/htdocs/tigron-invoicing-tool/vendor/multimedium/core/src/M/Controller/Dispatcher.php(1069): M\Controller\Dispatcher->_getController('\\Main\\Module\\Te...')
#4 /Volumes/htdocs/tigron-invoicing-tool/vendor/multimedium/core/src/M/Controller/Dispatcher.php(759): M\Controller\Dispatcher->_getControllerFromPathElements(Array, NULL)
#5 /Volumes/htdocs/tigron-invoicing-tool/vendor/multimedium/core/src/M/Controller/Dispatcher.php(872): M\Controller\Dispatcher->getControllerCallback()
#6 /Volumes/htdocs/tigron-invoicing-tool/public/index.php(126): M\Controller\Dispatcher->dispatch()
#7 {main}	
2022-10-28 10:27:48	Destructed Console
--
	
2022-10-28 11:28:23	Constructed Console	
2022-10-28 11:28:23	syntax error, unexpected 'public' (T_PUBLIC), expecting end of file	
2022-10-28 11:28:23	#0 [internal function]: M\App\Autoloader->loadResource('Main\\Module\\Tea...')
#1 [internal function]: spl_autoload_call('Main\\Module\\Tea...')
#2 /Volumes/htdocs/tigron-invoicing-tool/vendor/multimedium/core/src/M/Controller/Dispatcher.php(994): ReflectionClass->__construct('\\Main\\Module\\Te...')
#3 /Volumes/htdocs/tigron-invoicing-tool/vendor/multimedium/core/src/M/Controller/Dispatcher.php(1069): M\Controller\Dispatcher->_getController('\\Main\\Module\\Te...')
#4 /Volumes/htdocs/tigron-invoicing-tool/vendor/multimedium/core/src/M/Controller/Dispatcher.php(759): M\Controller\Dispatcher->_getControllerFromPathElements(Array, NULL)
#5 /Volumes/htdocs/tigron-invoicing-tool/vendor/multimedium/core/src/M/Controller/Dispatcher.php(872): M\Controller\Dispatcher->getControllerCallback()
#6 /Volumes/htdocs/tigron-invoicing-tool/public/index.php(126): M\Controller\Dispatcher->dispatch()
#7 {main}	
2022-10-28 11:28:23	Destructed Console
--
	
2022-10-28 11:28:28	Constructed Console	
2022-10-28 11:28:28	syntax error, unexpected 'public' (T_PUBLIC), expecting end of file	
2022-10-28 11:28:28	#0 [internal function]: M\App\Autoloader->loadResource('Main\\Module\\Tea...')
#1 [internal function]: spl_autoload_call('Main\\Module\\Tea...')
#2 /Volumes/htdocs/tigron-invoicing-tool/vendor/multimedium/core/src/M/Controller/Dispatcher.php(994): ReflectionClass->__construct('\\Main\\Module\\Te...')
#3 /Volumes/htdocs/tigron-invoicing-tool/vendor/multimedium/core/src/M/Controller/Dispatcher.php(1069): M\Controller\Dispatcher->_getController('\\Main\\Module\\Te...')
#4 /Volumes/htdocs/tigron-invoicing-tool/vendor/multimedium/core/src/M/Controller/Dispatcher.php(759): M\Controller\Dispatcher->_getControllerFromPathElements(Array, NULL)
#5 /Volumes/htdocs/tigron-invoicing-tool/vendor/multimedium/core/src/M/Controller/Dispatcher.php(872): M\Controller\Dispatcher->getControllerCallback()
#6 /Volumes/htdocs/tigron-invoicing-tool/public/index.php(126): M\Controller\Dispatcher->dispatch()
#7 {main}	
2022-10-28 11:28:28	Destructed Console
--
	
2022-10-28 11:28:28	Constructed Console	
2022-10-28 11:28:28	syntax error, unexpected 'public' (T_PUBLIC), expecting end of file	
2022-10-28 11:28:28	#0 [internal function]: M\App\Autoloader->loadResource('Main\\Module\\Tea...')
#1 [internal function]: spl_autoload_call('Main\\Module\\Tea...')
#2 /Volumes/htdocs/tigron-invoicing-tool/vendor/multimedium/core/src/M/Controller/Dispatcher.php(994): ReflectionClass->__construct('\\Main\\Module\\Te...')
#3 /Volumes/htdocs/tigron-invoicing-tool/vendor/multimedium/core/src/M/Controller/Dispatcher.php(1069): M\Controller\Dispatcher->_getController('\\Main\\Module\\Te...')
#4 /Volumes/htdocs/tigron-invoicing-tool/vendor/multimedium/core/src/M/Controller/Dispatcher.php(759): M\Controller\Dispatcher->_getControllerFromPathElements(Array, NULL)
#5 /Volumes/htdocs/tigron-invoicing-tool/vendor/multimedium/core/src/M/Controller/Dispatcher.php(872): M\Controller\Dispatcher->getControllerCallback()
#6 /Volumes/htdocs/tigron-invoicing-tool/public/index.php(126): M\Controller\Dispatcher->dispatch()
#7 {main}	
2022-10-28 11:28:28	Destructed Console
--
	
2022-10-28 11:54:44	Constructed Console	
2022-10-28 11:54:44	Call to undefined method M\Uri\Uri::getStatusCode()	
2022-10-28 11:54:44	#0 [internal function]: Main\Module\Teamleader\Controller\Teamleader->access()
#1 /Volumes/htdocs/tigron-invoicing-tool/vendor/multimedium/core/src/M/Util/Callback.php(747): call_user_func_array(Array, Array)
#2 /Volumes/htdocs/tigron-invoicing-tool/vendor/multimedium/core/src/M/Controller/Dispatcher.php(881): M\Util\Callback->run()
#3 /Volumes/htdocs/tigron-invoicing-tool/public/index.php(126): M\Controller\Dispatcher->dispatch()
#4 {main}	
2022-10-28 11:54:44	Call to undefined method M\Uri\Uri::getStatusCode()	
2022-10-28 11:54:44	#0 [internal function]: Main\Module\Teamleader\Controller\Teamleader->access()
#1 /Volumes/htdocs/tigron-invoicing-tool/vendor/multimedium/core/src/M/Util/Callback.php(747): call_user_func_array(Array, Array)
#2 /Volumes/htdocs/tigron-invoicing-tool/vendor/multimedium/core/src/M/Controller/Dispatcher.php(881): M\Util\Callback->run()
#3 /Volumes/htdocs/tigron-invoicing-tool/public/index.php(126): M\Controller\Dispatcher->dispatch()
#4 {main}	
2022-10-28 11:54:44	Destructed Console
--
	
2022-10-28 11:54:45	Constructed Console	
2022-10-28 11:54:45	Call to undefined method M\Uri\Uri::getStatusCode()	
2022-10-28 11:54:45	#0 [internal function]: Main\Module\Teamleader\Controller\Teamleader->access()
#1 /Volumes/htdocs/tigron-invoicing-tool/vendor/multimedium/core/src/M/Util/Callback.php(747): call_user_func_array(Array, Array)
#2 /Volumes/htdocs/tigron-invoicing-tool/vendor/multimedium/core/src/M/Controller/Dispatcher.php(881): M\Util\Callback->run()
#3 /Volumes/htdocs/tigron-invoicing-tool/public/index.php(126): M\Controller\Dispatcher->dispatch()
#4 {main}	
2022-10-28 11:54:45	Call to undefined method M\Uri\Uri::getStatusCode()	
2022-10-28 11:54:45	#0 [internal function]: Main\Module\Teamleader\Controller\Teamleader->access()
#1 /Volumes/htdocs/tigron-invoicing-tool/vendor/multimedium/core/src/M/Util/Callback.php(747): call_user_func_array(Array, Array)
#2 /Volumes/htdocs/tigron-invoicing-tool/vendor/multimedium/core/src/M/Controller/Dispatcher.php(881): M\Util\Callback->run()
#3 /Volumes/htdocs/tigron-invoicing-tool/public/index.php(126): M\Controller\Dispatcher->dispatch()
#4 {main}	
2022-10-28 11:54:45	Destructed Console
--
	
2022-10-28 13:27:05	Constructed Console	
2022-10-28 13:27:05	Too few arguments to function App\Teamleader\TeamleaderCredentialsDataObject::setValue(), 0 passed in /Volumes/htdocs/tigron-invoicing-tool/app/Main/Module/Teamleader/Controller/Teamleader.php on line 61 and exactly 1 expected	
2022-10-28 13:27:05	#0 /Volumes/htdocs/tigron-invoicing-tool/app/Main/Module/Teamleader/Controller/Teamleader.php(61): App\Teamleader\TeamleaderCredentialsDataObject->setValue()
#1 [internal function]: Main\Module\Teamleader\Controller\Teamleader->access()
#2 /Volumes/htdocs/tigron-invoicing-tool/vendor/multimedium/core/src/M/Util/Callback.php(747): call_user_func_array(Array, Array)
#3 /Volumes/htdocs/tigron-invoicing-tool/vendor/multimedium/core/src/M/Controller/Dispatcher.php(881): M\Util\Callback->run()
#4 /Volumes/htdocs/tigron-invoicing-tool/public/index.php(126): M\Controller\Dispatcher->dispatch()
#5 {main}	
2022-10-28 13:27:05	Too few arguments to function App\Teamleader\TeamleaderCredentialsDataObject::setValue(), 0 passed in /Volumes/htdocs/tigron-invoicing-tool/app/Main/Module/Teamleader/Controller/Teamleader.php on line 61 and exactly 1 expected	
2022-10-28 13:27:05	#0 /Volumes/htdocs/tigron-invoicing-tool/app/Main/Module/Teamleader/Controller/Teamleader.php(61): App\Teamleader\TeamleaderCredentialsDataObject->setValue()
#1 [internal function]: Main\Module\Teamleader\Controller\Teamleader->access()
#2 /Volumes/htdocs/tigron-invoicing-tool/vendor/multimedium/core/src/M/Util/Callback.php(747): call_user_func_array(Array, Array)
#3 /Volumes/htdocs/tigron-invoicing-tool/vendor/multimedium/core/src/M/Controller/Dispatcher.php(881): M\Util\Callback->run()
#4 /Volumes/htdocs/tigron-invoicing-tool/public/index.php(126): M\Controller\Dispatcher->dispatch()
#5 {main}	
2022-10-28 13:27:05	Destructed Console
--
	
2022-10-28 13:28:04	Constructed Console	
2022-10-28 13:28:04	Too few arguments to function App\Teamleader\TeamleaderCredentialsDataObject::setValue(), 0 passed in /Volumes/htdocs/tigron-invoicing-tool/app/Main/Module/Teamleader/Controller/Teamleader.php on line 61 and exactly 1 expected	
2022-10-28 13:28:04	#0 /Volumes/htdocs/tigron-invoicing-tool/app/Main/Module/Teamleader/Controller/Teamleader.php(61): App\Teamleader\TeamleaderCredentialsDataObject->setValue()
#1 [internal function]: Main\Module\Teamleader\Controller\Teamleader->access()
#2 /Volumes/htdocs/tigron-invoicing-tool/vendor/multimedium/core/src/M/Util/Callback.php(747): call_user_func_array(Array, Array)
#3 /Volumes/htdocs/tigron-invoicing-tool/vendor/multimedium/core/src/M/Controller/Dispatcher.php(881): M\Util\Callback->run()
#4 /Volumes/htdocs/tigron-invoicing-tool/public/index.php(126): M\Controller\Dispatcher->dispatch()
#5 {main}	
2022-10-28 13:28:04	Too few arguments to function App\Teamleader\TeamleaderCredentialsDataObject::setValue(), 0 passed in /Volumes/htdocs/tigron-invoicing-tool/app/Main/Module/Teamleader/Controller/Teamleader.php on line 61 and exactly 1 expected	
2022-10-28 13:28:04	#0 /Volumes/htdocs/tigron-invoicing-tool/app/Main/Module/Teamleader/Controller/Teamleader.php(61): App\Teamleader\TeamleaderCredentialsDataObject->setValue()
#1 [internal function]: Main\Module\Teamleader\Controller\Teamleader->access()
#2 /Volumes/htdocs/tigron-invoicing-tool/vendor/multimedium/core/src/M/Util/Callback.php(747): call_user_func_array(Array, Array)
#3 /Volumes/htdocs/tigron-invoicing-tool/vendor/multimedium/core/src/M/Controller/Dispatcher.php(881): M\Util\Callback->run()
#4 /Volumes/htdocs/tigron-invoicing-tool/public/index.php(126): M\Controller\Dispatcher->dispatch()
#5 {main}	
2022-10-28 13:28:04	Destructed Console
--
	
2022-10-28 13:28:05	Constructed Console	
2022-10-28 13:28:05	Too few arguments to function App\Teamleader\TeamleaderCredentialsDataObject::setValue(), 0 passed in /Volumes/htdocs/tigron-invoicing-tool/app/Main/Module/Teamleader/Controller/Teamleader.php on line 61 and exactly 1 expected	
2022-10-28 13:28:05	#0 /Volumes/htdocs/tigron-invoicing-tool/app/Main/Module/Teamleader/Controller/Teamleader.php(61): App\Teamleader\TeamleaderCredentialsDataObject->setValue()
#1 [internal function]: Main\Module\Teamleader\Controller\Teamleader->access()
#2 /Volumes/htdocs/tigron-invoicing-tool/vendor/multimedium/core/src/M/Util/Callback.php(747): call_user_func_array(Array, Array)
#3 /Volumes/htdocs/tigron-invoicing-tool/vendor/multimedium/core/src/M/Controller/Dispatcher.php(881): M\Util\Callback->run()
#4 /Volumes/htdocs/tigron-invoicing-tool/public/index.php(126): M\Controller\Dispatcher->dispatch()
#5 {main}	
2022-10-28 13:28:05	Too few arguments to function App\Teamleader\TeamleaderCredentialsDataObject::setValue(), 0 passed in /Volumes/htdocs/tigron-invoicing-tool/app/Main/Module/Teamleader/Controller/Teamleader.php on line 61 and exactly 1 expected	
2022-10-28 13:28:05	#0 /Volumes/htdocs/tigron-invoicing-tool/app/Main/Module/Teamleader/Controller/Teamleader.php(61): App\Teamleader\TeamleaderCredentialsDataObject->setValue()
#1 [internal function]: Main\Module\Teamleader\Controller\Teamleader->access()
#2 /Volumes/htdocs/tigron-invoicing-tool/vendor/multimedium/core/src/M/Util/Callback.php(747): call_user_func_array(Array, Array)
#3 /Volumes/htdocs/tigron-invoicing-tool/vendor/multimedium/core/src/M/Controller/Dispatcher.php(881): M\Util\Callback->run()
#4 /Volumes/htdocs/tigron-invoicing-tool/public/index.php(126): M\Controller\Dispatcher->dispatch()
#5 {main}	
2022-10-28 13:28:05	Destructed Console
--
	
2022-10-28 13:28:12	Constructed Console	
2022-10-28 13:28:12	Too few arguments to function App\Teamleader\TeamleaderCredentialsDataObject::setValue(), 0 passed in /Volumes/htdocs/tigron-invoicing-tool/app/Main/Module/Teamleader/Controller/Teamleader.php on line 61 and exactly 1 expected	
2022-10-28 13:28:12	#0 /Volumes/htdocs/tigron-invoicing-tool/app/Main/Module/Teamleader/Controller/Teamleader.php(61): App\Teamleader\TeamleaderCredentialsDataObject->setValue()
#1 [internal function]: Main\Module\Teamleader\Controller\Teamleader->access()
#2 /Volumes/htdocs/tigron-invoicing-tool/vendor/multimedium/core/src/M/Util/Callback.php(747): call_user_func_array(Array, Array)
#3 /Volumes/htdocs/tigron-invoicing-tool/vendor/multimedium/core/src/M/Controller/Dispatcher.php(881): M\Util\Callback->run()
#4 /Volumes/htdocs/tigron-invoicing-tool/public/index.php(126): M\Controller\Dispatcher->dispatch()
#5 {main}	
2022-10-28 13:28:12	Too few arguments to function App\Teamleader\TeamleaderCredentialsDataObject::setValue(), 0 passed in /Volumes/htdocs/tigron-invoicing-tool/app/Main/Module/Teamleader/Controller/Teamleader.php on line 61 and exactly 1 expected	
2022-10-28 13:28:12	#0 /Volumes/htdocs/tigron-invoicing-tool/app/Main/Module/Teamleader/Controller/Teamleader.php(61): App\Teamleader\TeamleaderCredentialsDataObject->setValue()
#1 [internal function]: Main\Module\Teamleader\Controller\Teamleader->access()
#2 /Volumes/htdocs/tigron-invoicing-tool/vendor/multimedium/core/src/M/Util/Callback.php(747): call_user_func_array(Array, Array)
#3 /Volumes/htdocs/tigron-invoicing-tool/vendor/multimedium/core/src/M/Controller/Dispatcher.php(881): M\Util\Callback->run()
#4 /Volumes/htdocs/tigron-invoicing-tool/public/index.php(126): M\Controller\Dispatcher->dispatch()
#5 {main}	
2022-10-28 13:28:12	Destructed Console
--
	
2022-10-28 13:30:38	Constructed Console	
2022-10-28 13:30:38	Too few arguments to function App\Teamleader\TeamleaderCredentialsDataObject::setId(), 0 passed in /Volumes/htdocs/tigron-invoicing-tool/app/Main/Module/Teamleader/Controller/Teamleader.php on line 61 and exactly 1 expected	
2022-10-28 13:30:38	#0 /Volumes/htdocs/tigron-invoicing-tool/app/Main/Module/Teamleader/Controller/Teamleader.php(61): App\Teamleader\TeamleaderCredentialsDataObject->setId()
#1 [internal function]: Main\Module\Teamleader\Controller\Teamleader->access()
#2 /Volumes/htdocs/tigron-invoicing-tool/vendor/multimedium/core/src/M/Util/Callback.php(747): call_user_func_array(Array, Array)
#3 /Volumes/htdocs/tigron-invoicing-tool/vendor/multimedium/core/src/M/Controller/Dispatcher.php(881): M\Util\Callback->run()
#4 /Volumes/htdocs/tigron-invoicing-tool/public/index.php(126): M\Controller\Dispatcher->dispatch()
#5 {main}	
2022-10-28 13:30:38	Too few arguments to function App\Teamleader\TeamleaderCredentialsDataObject::setId(), 0 passed in /Volumes/htdocs/tigron-invoicing-tool/app/Main/Module/Teamleader/Controller/Teamleader.php on line 61 and exactly 1 expected	
2022-10-28 13:30:38	#0 /Volumes/htdocs/tigron-invoicing-tool/app/Main/Module/Teamleader/Controller/Teamleader.php(61): App\Teamleader\TeamleaderCredentialsDataObject->setId()
#1 [internal function]: Main\Module\Teamleader\Controller\Teamleader->access()
#2 /Volumes/htdocs/tigron-invoicing-tool/vendor/multimedium/core/src/M/Util/Callback.php(747): call_user_func_array(Array, Array)
#3 /Volumes/htdocs/tigron-invoicing-tool/vendor/multimedium/core/src/M/Controller/Dispatcher.php(881): M\Util\Callback->run()
#4 /Volumes/htdocs/tigron-invoicing-tool/public/index.php(126): M\Controller\Dispatcher->dispatch()
#5 {main}	
2022-10-28 13:30:38	Destructed Console
--
	
2022-10-28 13:38:30	Constructed Console	
2022-10-28 13:38:30	Call to undefined method App\Teamleader\TeamleaderCredentialsMapper::getOne()	
2022-10-28 13:38:30	#0 [internal function]: Main\Module\Teamleader\Controller\Teamleader->access()
#1 /Volumes/htdocs/tigron-invoicing-tool/vendor/multimedium/core/src/M/Util/Callback.php(747): call_user_func_array(Array, Array)
#2 /Volumes/htdocs/tigron-invoicing-tool/vendor/multimedium/core/src/M/Controller/Dispatcher.php(881): M\Util\Callback->run()
#3 /Volumes/htdocs/tigron-invoicing-tool/public/index.php(126): M\Controller\Dispatcher->dispatch()
#4 {main}	
2022-10-28 13:38:30	Call to undefined method App\Teamleader\TeamleaderCredentialsMapper::getOne()	
2022-10-28 13:38:30	#0 [internal function]: Main\Module\Teamleader\Controller\Teamleader->access()
#1 /Volumes/htdocs/tigron-invoicing-tool/vendor/multimedium/core/src/M/Util/Callback.php(747): call_user_func_array(Array, Array)
#2 /Volumes/htdocs/tigron-invoicing-tool/vendor/multimedium/core/src/M/Controller/Dispatcher.php(881): M\Util\Callback->run()
#3 /Volumes/htdocs/tigron-invoicing-tool/public/index.php(126): M\Controller\Dispatcher->dispatch()
#4 {main}	
2022-10-28 13:38:30	Destructed Console
--
	
2022-10-28 13:39:46	Constructed Console	
2022-10-28 13:39:46	Call to undefined method App\Teamleader\TeamleaderCredentialsMapper::getOne()	
2022-10-28 13:39:46	#0 [internal function]: Main\Module\Teamleader\Controller\Teamleader->access()
#1 /Volumes/htdocs/tigron-invoicing-tool/vendor/multimedium/core/src/M/Util/Callback.php(747): call_user_func_array(Array, Array)
#2 /Volumes/htdocs/tigron-invoicing-tool/vendor/multimedium/core/src/M/Controller/Dispatcher.php(881): M\Util\Callback->run()
#3 /Volumes/htdocs/tigron-invoicing-tool/public/index.php(126): M\Controller\Dispatcher->dispatch()
#4 {main}	
2022-10-28 13:39:46	Call to undefined method App\Teamleader\TeamleaderCredentialsMapper::getOne()	
2022-10-28 13:39:46	#0 [internal function]: Main\Module\Teamleader\Controller\Teamleader->access()
#1 /Volumes/htdocs/tigron-invoicing-tool/vendor/multimedium/core/src/M/Util/Callback.php(747): call_user_func_array(Array, Array)
#2 /Volumes/htdocs/tigron-invoicing-tool/vendor/multimedium/core/src/M/Controller/Dispatcher.php(881): M\Util\Callback->run()
#3 /Volumes/htdocs/tigron-invoicing-tool/public/index.php(126): M\Controller\Dispatcher->dispatch()
#4 {main}	
2022-10-28 13:39:46	Destructed Console
--
	
2022-10-28 13:40:07	Constructed Console	
2022-10-28 13:40:07	Call to undefined method App\Teamleader\TeamleaderCredentialsMapper::save()	
2022-10-28 13:40:07	#0 /Volumes/htdocs/tigron-invoicing-tool/app/Main/Module/Teamleader/Controller/Teamleader.php(62): M\DataObject\DataObject->save()
#1 [internal function]: Main\Module\Teamleader\Controller\Teamleader->access()
#2 /Volumes/htdocs/tigron-invoicing-tool/vendor/multimedium/core/src/M/Util/Callback.php(747): call_user_func_array(Array, Array)
#3 /Volumes/htdocs/tigron-invoicing-tool/vendor/multimedium/core/src/M/Controller/Dispatcher.php(881): M\Util\Callback->run()
#4 /Volumes/htdocs/tigron-invoicing-tool/public/index.php(126): M\Controller\Dispatcher->dispatch()
#5 {main}	
2022-10-28 13:40:07	Call to undefined method App\Teamleader\TeamleaderCredentialsMapper::save()	
2022-10-28 13:40:07	#0 /Volumes/htdocs/tigron-invoicing-tool/app/Main/Module/Teamleader/Controller/Teamleader.php(62): M\DataObject\DataObject->save()
#1 [internal function]: Main\Module\Teamleader\Controller\Teamleader->access()
#2 /Volumes/htdocs/tigron-invoicing-tool/vendor/multimedium/core/src/M/Util/Callback.php(747): call_user_func_array(Array, Array)
#3 /Volumes/htdocs/tigron-invoicing-tool/vendor/multimedium/core/src/M/Controller/Dispatcher.php(881): M\Util\Callback->run()
#4 /Volumes/htdocs/tigron-invoicing-tool/public/index.php(126): M\Controller\Dispatcher->dispatch()
#5 {main}	
2022-10-28 13:40:07	Destructed Console
--
	
2022-10-28 13:41:17	Constructed Console	
2022-10-28 13:41:17	Call to undefined method App\Teamleader\TeamleaderCredentialsMapper::getOne()	
2022-10-28 13:41:17	#0 [internal function]: Main\Module\Teamleader\Controller\Teamleader->access()
#1 /Volumes/htdocs/tigron-invoicing-tool/vendor/multimedium/core/src/M/Util/Callback.php(747): call_user_func_array(Array, Array)
#2 /Volumes/htdocs/tigron-invoicing-tool/vendor/multimedium/core/src/M/Controller/Dispatcher.php(881): M\Util\Callback->run()
#3 /Volumes/htdocs/tigron-invoicing-tool/public/index.php(126): M\Controller\Dispatcher->dispatch()
#4 {main}	
2022-10-28 13:41:17	Call to undefined method App\Teamleader\TeamleaderCredentialsMapper::getOne()	
2022-10-28 13:41:17	#0 [internal function]: Main\Module\Teamleader\Controller\Teamleader->access()
#1 /Volumes/htdocs/tigron-invoicing-tool/vendor/multimedium/core/src/M/Util/Callback.php(747): call_user_func_array(Array, Array)
#2 /Volumes/htdocs/tigron-invoicing-tool/vendor/multimedium/core/src/M/Controller/Dispatcher.php(881): M\Util\Callback->run()
#3 /Volumes/htdocs/tigron-invoicing-tool/public/index.php(126): M\Controller\Dispatcher->dispatch()
#4 {main}	
2022-10-28 13:41:17	Destructed Console
--
	
2022-10-28 13:42:05	Constructed Console	
2022-10-28 13:42:05	Call to undefined method App\Teamleader\TeamleaderCredentialsMapper::save()	
2022-10-28 13:42:05	#0 /Volumes/htdocs/tigron-invoicing-tool/app/Main/Module/Teamleader/Controller/Teamleader.php(63): M\DataObject\DataObject->save()
#1 [internal function]: Main\Module\Teamleader\Controller\Teamleader->access()
#2 /Volumes/htdocs/tigron-invoicing-tool/vendor/multimedium/core/src/M/Util/Callback.php(747): call_user_func_array(Array, Array)
#3 /Volumes/htdocs/tigron-invoicing-tool/vendor/multimedium/core/src/M/Controller/Dispatcher.php(881): M\Util\Callback->run()
#4 /Volumes/htdocs/tigron-invoicing-tool/public/index.php(126): M\Controller\Dispatcher->dispatch()
#5 {main}	
2022-10-28 13:42:05	Call to undefined method App\Teamleader\TeamleaderCredentialsMapper::save()	
2022-10-28 13:42:05	#0 /Volumes/htdocs/tigron-invoicing-tool/app/Main/Module/Teamleader/Controller/Teamleader.php(63): M\DataObject\DataObject->save()
#1 [internal function]: Main\Module\Teamleader\Controller\Teamleader->access()
#2 /Volumes/htdocs/tigron-invoicing-tool/vendor/multimedium/core/src/M/Util/Callback.php(747): call_user_func_array(Array, Array)
#3 /Volumes/htdocs/tigron-invoicing-tool/vendor/multimedium/core/src/M/Controller/Dispatcher.php(881): M\Util\Callback->run()
#4 /Volumes/htdocs/tigron-invoicing-tool/public/index.php(126): M\Controller\Dispatcher->dispatch()
#5 {main}	
2022-10-28 13:42:05	Destructed Console
--
	
2022-10-28 13:43:26	Constructed Console	
2022-10-28 13:43:26	Call to undefined method App\Teamleader\TeamleaderCredentialsMapper::getOne()	
2022-10-28 13:43:26	#0 [internal function]: Main\Module\Teamleader\Controller\Teamleader->access()
#1 /Volumes/htdocs/tigron-invoicing-tool/vendor/multimedium/core/src/M/Util/Callback.php(747): call_user_func_array(Array, Array)
#2 /Volumes/htdocs/tigron-invoicing-tool/vendor/multimedium/core/src/M/Controller/Dispatcher.php(881): M\Util\Callback->run()
#3 /Volumes/htdocs/tigron-invoicing-tool/public/index.php(126): M\Controller\Dispatcher->dispatch()
#4 {main}	
2022-10-28 13:43:26	Call to undefined method App\Teamleader\TeamleaderCredentialsMapper::getOne()	
2022-10-28 13:43:26	#0 [internal function]: Main\Module\Teamleader\Controller\Teamleader->access()
#1 /Volumes/htdocs/tigron-invoicing-tool/vendor/multimedium/core/src/M/Util/Callback.php(747): call_user_func_array(Array, Array)
#2 /Volumes/htdocs/tigron-invoicing-tool/vendor/multimedium/core/src/M/Controller/Dispatcher.php(881): M\Util\Callback->run()
#3 /Volumes/htdocs/tigron-invoicing-tool/public/index.php(126): M\Controller\Dispatcher->dispatch()
#4 {main}	
2022-10-28 13:43:26	Destructed Console
--
	
2022-10-28 13:50:08	Constructed Console	
2022-10-28 13:50:08	Call to undefined method App\Teamleader\TeamleaderCredentialsMapper::getOne()	
2022-10-28 13:50:08	#0 [internal function]: Main\Module\Teamleader\Controller\Teamleader->access()
#1 /Volumes/htdocs/tigron-invoicing-tool/vendor/multimedium/core/src/M/Util/Callback.php(747): call_user_func_array(Array, Array)
#2 /Volumes/htdocs/tigron-invoicing-tool/vendor/multimedium/core/src/M/Controller/Dispatcher.php(881): M\Util\Callback->run()
#3 /Volumes/htdocs/tigron-invoicing-tool/public/index.php(126): M\Controller\Dispatcher->dispatch()
#4 {main}	
2022-10-28 13:50:08	Call to undefined method App\Teamleader\TeamleaderCredentialsMapper::getOne()	
2022-10-28 13:50:08	#0 [internal function]: Main\Module\Teamleader\Controller\Teamleader->access()
#1 /Volumes/htdocs/tigron-invoicing-tool/vendor/multimedium/core/src/M/Util/Callback.php(747): call_user_func_array(Array, Array)
#2 /Volumes/htdocs/tigron-invoicing-tool/vendor/multimedium/core/src/M/Controller/Dispatcher.php(881): M\Util\Callback->run()
#3 /Volumes/htdocs/tigron-invoicing-tool/public/index.php(126): M\Controller\Dispatcher->dispatch()
#4 {main}	
2022-10-28 13:50:08	Destructed Console
--
	
2022-10-28 13:54:39	Constructed Console	
2022-10-28 13:54:39	Call to undefined method App\Teamleader\TeamleaderCredentialsMapper::getOne()	
2022-10-28 13:54:39	#0 [internal function]: Main\Module\Teamleader\Controller\Teamleader->access()
#1 /Volumes/htdocs/tigron-invoicing-tool/vendor/multimedium/core/src/M/Util/Callback.php(747): call_user_func_array(Array, Array)
#2 /Volumes/htdocs/tigron-invoicing-tool/vendor/multimedium/core/src/M/Controller/Dispatcher.php(881): M\Util\Callback->run()
#3 /Volumes/htdocs/tigron-invoicing-tool/public/index.php(126): M\Controller\Dispatcher->dispatch()
#4 {main}	
2022-10-28 13:54:39	Call to undefined method App\Teamleader\TeamleaderCredentialsMapper::getOne()	
2022-10-28 13:54:39	#0 [internal function]: Main\Module\Teamleader\Controller\Teamleader->access()
#1 /Volumes/htdocs/tigron-invoicing-tool/vendor/multimedium/core/src/M/Util/Callback.php(747): call_user_func_array(Array, Array)
#2 /Volumes/htdocs/tigron-invoicing-tool/vendor/multimedium/core/src/M/Controller/Dispatcher.php(881): M\Util\Callback->run()
#3 /Volumes/htdocs/tigron-invoicing-tool/public/index.php(126): M\Controller\Dispatcher->dispatch()
#4 {main}	
2022-10-28 13:54:39	Destructed Console
--
	
2022-10-28 13:54:53	Constructed Console	
2022-10-28 13:54:53	syntax error, unexpected ';'	
2022-10-28 13:54:53	#0 [internal function]: M\App\Autoloader->loadResource('Main\\Module\\Tea...')
#1 [internal function]: spl_autoload_call('Main\\Module\\Tea...')
#2 /Volumes/htdocs/tigron-invoicing-tool/vendor/multimedium/core/src/M/Controller/Dispatcher.php(994): ReflectionClass->__construct('\\Main\\Module\\Te...')
#3 /Volumes/htdocs/tigron-invoicing-tool/vendor/multimedium/core/src/M/Controller/Dispatcher.php(1069): M\Controller\Dispatcher->_getController('\\Main\\Module\\Te...')
#4 /Volumes/htdocs/tigron-invoicing-tool/vendor/multimedium/core/src/M/Controller/Dispatcher.php(759): M\Controller\Dispatcher->_getControllerFromPathElements(Array, NULL)
#5 /Volumes/htdocs/tigron-invoicing-tool/vendor/multimedium/core/src/M/Controller/Dispatcher.php(872): M\Controller\Dispatcher->getControllerCallback()
#6 /Volumes/htdocs/tigron-invoicing-tool/public/index.php(126): M\Controller\Dispatcher->dispatch()
#7 {main}	
2022-10-28 13:54:53	Destructed Console
--
	
2022-10-28 13:55:05	Constructed Console	
2022-10-28 13:55:05	Call to undefined method App\Teamleader\TeamleaderCredentialsMapper::setValue()	
2022-10-28 13:55:05	#0 [internal function]: Main\Module\Teamleader\Controller\Teamleader->access()
#1 /Volumes/htdocs/tigron-invoicing-tool/vendor/multimedium/core/src/M/Util/Callback.php(747): call_user_func_array(Array, Array)
#2 /Volumes/htdocs/tigron-invoicing-tool/vendor/multimedium/core/src/M/Controller/Dispatcher.php(881): M\Util\Callback->run()
#3 /Volumes/htdocs/tigron-invoicing-tool/public/index.php(126): M\Controller\Dispatcher->dispatch()
#4 {main}	
2022-10-28 13:55:05	Call to undefined method App\Teamleader\TeamleaderCredentialsMapper::setValue()	
2022-10-28 13:55:05	#0 [internal function]: Main\Module\Teamleader\Controller\Teamleader->access()
#1 /Volumes/htdocs/tigron-invoicing-tool/vendor/multimedium/core/src/M/Util/Callback.php(747): call_user_func_array(Array, Array)
#2 /Volumes/htdocs/tigron-invoicing-tool/vendor/multimedium/core/src/M/Controller/Dispatcher.php(881): M\Util\Callback->run()
#3 /Volumes/htdocs/tigron-invoicing-tool/public/index.php(126): M\Controller\Dispatcher->dispatch()
#4 {main}	
2022-10-28 13:55:05	Destructed Console
--
	
2022-10-28 13:56:16	Constructed Console	
2022-10-28 13:56:16	Call to undefined method App\Teamleader\TeamleaderCredentialsMapper::setValue()	
2022-10-28 13:56:16	#0 [internal function]: Main\Module\Teamleader\Controller\Teamleader->access()
#1 /Volumes/htdocs/tigron-invoicing-tool/vendor/multimedium/core/src/M/Util/Callback.php(747): call_user_func_array(Array, Array)
#2 /Volumes/htdocs/tigron-invoicing-tool/vendor/multimedium/core/src/M/Controller/Dispatcher.php(881): M\Util\Callback->run()
#3 /Volumes/htdocs/tigron-invoicing-tool/public/index.php(126): M\Controller\Dispatcher->dispatch()
#4 {main}	
2022-10-28 13:56:16	Call to undefined method App\Teamleader\TeamleaderCredentialsMapper::setValue()	
2022-10-28 13:56:16	#0 [internal function]: Main\Module\Teamleader\Controller\Teamleader->access()
#1 /Volumes/htdocs/tigron-invoicing-tool/vendor/multimedium/core/src/M/Util/Callback.php(747): call_user_func_array(Array, Array)
#2 /Volumes/htdocs/tigron-invoicing-tool/vendor/multimedium/core/src/M/Controller/Dispatcher.php(881): M\Util\Callback->run()
#3 /Volumes/htdocs/tigron-invoicing-tool/public/index.php(126): M\Controller\Dispatcher->dispatch()
#4 {main}	
2022-10-28 13:56:16	Destructed Console
--
	
2022-10-28 13:56:17	Constructed Console	
2022-10-28 13:56:17	Call to undefined method App\Teamleader\TeamleaderCredentialsMapper::setValue()	
2022-10-28 13:56:17	#0 [internal function]: Main\Module\Teamleader\Controller\Teamleader->access()
#1 /Volumes/htdocs/tigron-invoicing-tool/vendor/multimedium/core/src/M/Util/Callback.php(747): call_user_func_array(Array, Array)
#2 /Volumes/htdocs/tigron-invoicing-tool/vendor/multimedium/core/src/M/Controller/Dispatcher.php(881): M\Util\Callback->run()
#3 /Volumes/htdocs/tigron-invoicing-tool/public/index.php(126): M\Controller\Dispatcher->dispatch()
#4 {main}	
2022-10-28 13:56:17	Call to undefined method App\Teamleader\TeamleaderCredentialsMapper::setValue()	
2022-10-28 13:56:17	#0 [internal function]: Main\Module\Teamleader\Controller\Teamleader->access()
#1 /Volumes/htdocs/tigron-invoicing-tool/vendor/multimedium/core/src/M/Util/Callback.php(747): call_user_func_array(Array, Array)
#2 /Volumes/htdocs/tigron-invoicing-tool/vendor/multimedium/core/src/M/Controller/Dispatcher.php(881): M\Util\Callback->run()
#3 /Volumes/htdocs/tigron-invoicing-tool/public/index.php(126): M\Controller\Dispatcher->dispatch()
#4 {main}	
2022-10-28 13:56:17	Destructed Console
--
	
2022-10-28 13:56:37	Constructed Console	
2022-10-28 13:56:37	Call to undefined method App\Teamleader\TeamleaderCredentialsMapper::setValue()	
2022-10-28 13:56:37	#0 [internal function]: Main\Module\Teamleader\Controller\Teamleader->access()
#1 /Volumes/htdocs/tigron-invoicing-tool/vendor/multimedium/core/src/M/Util/Callback.php(747): call_user_func_array(Array, Array)
#2 /Volumes/htdocs/tigron-invoicing-tool/vendor/multimedium/core/src/M/Controller/Dispatcher.php(881): M\Util\Callback->run()
#3 /Volumes/htdocs/tigron-invoicing-tool/public/index.php(126): M\Controller\Dispatcher->dispatch()
#4 {main}	
2022-10-28 13:56:37	Call to undefined method App\Teamleader\TeamleaderCredentialsMapper::setValue()	
2022-10-28 13:56:37	#0 [internal function]: Main\Module\Teamleader\Controller\Teamleader->access()
#1 /Volumes/htdocs/tigron-invoicing-tool/vendor/multimedium/core/src/M/Util/Callback.php(747): call_user_func_array(Array, Array)
#2 /Volumes/htdocs/tigron-invoicing-tool/vendor/multimedium/core/src/M/Controller/Dispatcher.php(881): M\Util\Callback->run()
#3 /Volumes/htdocs/tigron-invoicing-tool/public/index.php(126): M\Controller\Dispatcher->dispatch()
#4 {main}	
2022-10-28 13:56:37	Destructed Console
--
	
2022-10-28 13:56:41	Constructed Console	
2022-10-28 13:56:41	Call to undefined method App\Teamleader\TeamleaderCredentialsMapper::setValue()	
2022-10-28 13:56:41	#0 [internal function]: Main\Module\Teamleader\Controller\Teamleader->access()
#1 /Volumes/htdocs/tigron-invoicing-tool/vendor/multimedium/core/src/M/Util/Callback.php(747): call_user_func_array(Array, Array)
#2 /Volumes/htdocs/tigron-invoicing-tool/vendor/multimedium/core/src/M/Controller/Dispatcher.php(881): M\Util\Callback->run()
#3 /Volumes/htdocs/tigron-invoicing-tool/public/index.php(126): M\Controller\Dispatcher->dispatch()
#4 {main}	
2022-10-28 13:56:41	Call to undefined method App\Teamleader\TeamleaderCredentialsMapper::setValue()	
2022-10-28 13:56:41	#0 [internal function]: Main\Module\Teamleader\Controller\Teamleader->access()
#1 /Volumes/htdocs/tigron-invoicing-tool/vendor/multimedium/core/src/M/Util/Callback.php(747): call_user_func_array(Array, Array)
#2 /Volumes/htdocs/tigron-invoicing-tool/vendor/multimedium/core/src/M/Controller/Dispatcher.php(881): M\Util\Callback->run()
#3 /Volumes/htdocs/tigron-invoicing-tool/public/index.php(126): M\Controller\Dispatcher->dispatch()
#4 {main}	
2022-10-28 13:56:41	Destructed Console
--
	
2022-10-28 13:57:20	Constructed Console	
2022-10-28 13:57:20	Call to undefined method App\Teamleader\TeamleaderCredentialsMapper::getOne()	
2022-10-28 13:57:20	#0 [internal function]: Main\Module\Teamleader\Controller\Teamleader->access()
#1 /Volumes/htdocs/tigron-invoicing-tool/vendor/multimedium/core/src/M/Util/Callback.php(747): call_user_func_array(Array, Array)
#2 /Volumes/htdocs/tigron-invoicing-tool/vendor/multimedium/core/src/M/Controller/Dispatcher.php(881): M\Util\Callback->run()
#3 /Volumes/htdocs/tigron-invoicing-tool/public/index.php(126): M\Controller\Dispatcher->dispatch()
#4 {main}	
2022-10-28 13:57:20	Call to undefined method App\Teamleader\TeamleaderCredentialsMapper::getOne()	
2022-10-28 13:57:20	#0 [internal function]: Main\Module\Teamleader\Controller\Teamleader->access()
#1 /Volumes/htdocs/tigron-invoicing-tool/vendor/multimedium/core/src/M/Util/Callback.php(747): call_user_func_array(Array, Array)
#2 /Volumes/htdocs/tigron-invoicing-tool/vendor/multimedium/core/src/M/Controller/Dispatcher.php(881): M\Util\Callback->run()
#3 /Volumes/htdocs/tigron-invoicing-tool/public/index.php(126): M\Controller\Dispatcher->dispatch()
#4 {main}	
2022-10-28 13:57:20	Destructed Console
--
	
2022-10-28 13:57:22	Constructed Console	
2022-10-28 13:57:22	Call to undefined method App\Teamleader\TeamleaderCredentialsMapper::getOne()	
2022-10-28 13:57:22	#0 [internal function]: Main\Module\Teamleader\Controller\Teamleader->access()
#1 /Volumes/htdocs/tigron-invoicing-tool/vendor/multimedium/core/src/M/Util/Callback.php(747): call_user_func_array(Array, Array)
#2 /Volumes/htdocs/tigron-invoicing-tool/vendor/multimedium/core/src/M/Controller/Dispatcher.php(881): M\Util\Callback->run()
#3 /Volumes/htdocs/tigron-invoicing-tool/public/index.php(126): M\Controller\Dispatcher->dispatch()
#4 {main}	
2022-10-28 13:57:22	Call to undefined method App\Teamleader\TeamleaderCredentialsMapper::getOne()	
2022-10-28 13:57:22	#0 [internal function]: Main\Module\Teamleader\Controller\Teamleader->access()
#1 /Volumes/htdocs/tigron-invoicing-tool/vendor/multimedium/core/src/M/Util/Callback.php(747): call_user_func_array(Array, Array)
#2 /Volumes/htdocs/tigron-invoicing-tool/vendor/multimedium/core/src/M/Controller/Dispatcher.php(881): M\Util\Callback->run()
#3 /Volumes/htdocs/tigron-invoicing-tool/public/index.php(126): M\Controller\Dispatcher->dispatch()
#4 {main}	
2022-10-28 13:57:22	Destructed Console
--
	
2022-10-28 13:57:54	Constructed Console	
2022-10-28 13:57:54	Call to undefined method App\Teamleader\TeamleaderCredentialsMapper::get()	
2022-10-28 13:57:54	#0 [internal function]: Main\Module\Teamleader\Controller\Teamleader->access()
#1 /Volumes/htdocs/tigron-invoicing-tool/vendor/multimedium/core/src/M/Util/Callback.php(747): call_user_func_array(Array, Array)
#2 /Volumes/htdocs/tigron-invoicing-tool/vendor/multimedium/core/src/M/Controller/Dispatcher.php(881): M\Util\Callback->run()
#3 /Volumes/htdocs/tigron-invoicing-tool/public/index.php(126): M\Controller\Dispatcher->dispatch()
#4 {main}	
2022-10-28 13:57:54	Call to undefined method App\Teamleader\TeamleaderCredentialsMapper::get()	
2022-10-28 13:57:54	#0 [internal function]: Main\Module\Teamleader\Controller\Teamleader->access()
#1 /Volumes/htdocs/tigron-invoicing-tool/vendor/multimedium/core/src/M/Util/Callback.php(747): call_user_func_array(Array, Array)
#2 /Volumes/htdocs/tigron-invoicing-tool/vendor/multimedium/core/src/M/Controller/Dispatcher.php(881): M\Util\Callback->run()
#3 /Volumes/htdocs/tigron-invoicing-tool/public/index.php(126): M\Controller\Dispatcher->dispatch()
#4 {main}	
2022-10-28 13:57:54	Destructed Console
--
	
2022-10-28 13:58:17	Constructed Console	
2022-10-28 13:58:17	Call to undefined method App\Teamleader\TeamleaderCredentialsMapper::getOne()	
2022-10-28 13:58:17	#0 [internal function]: Main\Module\Teamleader\Controller\Teamleader->access()
#1 /Volumes/htdocs/tigron-invoicing-tool/vendor/multimedium/core/src/M/Util/Callback.php(747): call_user_func_array(Array, Array)
#2 /Volumes/htdocs/tigron-invoicing-tool/vendor/multimedium/core/src/M/Controller/Dispatcher.php(881): M\Util\Callback->run()
#3 /Volumes/htdocs/tigron-invoicing-tool/public/index.php(126): M\Controller\Dispatcher->dispatch()
#4 {main}	
2022-10-28 13:58:17	Call to undefined method App\Teamleader\TeamleaderCredentialsMapper::getOne()	
2022-10-28 13:58:17	#0 [internal function]: Main\Module\Teamleader\Controller\Teamleader->access()
#1 /Volumes/htdocs/tigron-invoicing-tool/vendor/multimedium/core/src/M/Util/Callback.php(747): call_user_func_array(Array, Array)
#2 /Volumes/htdocs/tigron-invoicing-tool/vendor/multimedium/core/src/M/Controller/Dispatcher.php(881): M\Util\Callback->run()
#3 /Volumes/htdocs/tigron-invoicing-tool/public/index.php(126): M\Controller\Dispatcher->dispatch()
#4 {main}	
2022-10-28 13:58:17	Destructed Console
--
	
2022-10-28 13:58:36	Constructed Console	
2022-10-28 13:58:36	Call to undefined method App\Teamleader\TeamleaderCredentialsMapper::setValue()	
2022-10-28 13:58:36	#0 [internal function]: Main\Module\Teamleader\Controller\Teamleader->access()
#1 /Volumes/htdocs/tigron-invoicing-tool/vendor/multimedium/core/src/M/Util/Callback.php(747): call_user_func_array(Array, Array)
#2 /Volumes/htdocs/tigron-invoicing-tool/vendor/multimedium/core/src/M/Controller/Dispatcher.php(881): M\Util\Callback->run()
#3 /Volumes/htdocs/tigron-invoicing-tool/public/index.php(126): M\Controller\Dispatcher->dispatch()
#4 {main}	
2022-10-28 13:58:36	Call to undefined method App\Teamleader\TeamleaderCredentialsMapper::setValue()	
2022-10-28 13:58:36	#0 [internal function]: Main\Module\Teamleader\Controller\Teamleader->access()
#1 /Volumes/htdocs/tigron-invoicing-tool/vendor/multimedium/core/src/M/Util/Callback.php(747): call_user_func_array(Array, Array)
#2 /Volumes/htdocs/tigron-invoicing-tool/vendor/multimedium/core/src/M/Controller/Dispatcher.php(881): M\Util\Callback->run()
#3 /Volumes/htdocs/tigron-invoicing-tool/public/index.php(126): M\Controller\Dispatcher->dispatch()
#4 {main}	
2022-10-28 13:58:36	Destructed Console
--
	
2022-10-28 13:58:38	Constructed Console	
2022-10-28 13:58:38	Call to undefined method App\Teamleader\TeamleaderCredentialsMapper::setValue()	
2022-10-28 13:58:38	#0 [internal function]: Main\Module\Teamleader\Controller\Teamleader->access()
#1 /Volumes/htdocs/tigron-invoicing-tool/vendor/multimedium/core/src/M/Util/Callback.php(747): call_user_func_array(Array, Array)
#2 /Volumes/htdocs/tigron-invoicing-tool/vendor/multimedium/core/src/M/Controller/Dispatcher.php(881): M\Util\Callback->run()
#3 /Volumes/htdocs/tigron-invoicing-tool/public/index.php(126): M\Controller\Dispatcher->dispatch()
#4 {main}	
2022-10-28 13:58:38	Call to undefined method App\Teamleader\TeamleaderCredentialsMapper::setValue()	
2022-10-28 13:58:38	#0 [internal function]: Main\Module\Teamleader\Controller\Teamleader->access()
#1 /Volumes/htdocs/tigron-invoicing-tool/vendor/multimedium/core/src/M/Util/Callback.php(747): call_user_func_array(Array, Array)
#2 /Volumes/htdocs/tigron-invoicing-tool/vendor/multimedium/core/src/M/Controller/Dispatcher.php(881): M\Util\Callback->run()
#3 /Volumes/htdocs/tigron-invoicing-tool/public/index.php(126): M\Controller\Dispatcher->dispatch()
#4 {main}	
2022-10-28 13:58:38	Destructed Console
--
	
2022-10-28 13:59:17	Constructed Console	
2022-10-28 13:59:17	Call to undefined method App\Teamleader\TeamleaderCredentialsMapper::getOne()	
2022-10-28 13:59:17	#0 [internal function]: Main\Module\Teamleader\Controller\Teamleader->access()
#1 /Volumes/htdocs/tigron-invoicing-tool/vendor/multimedium/core/src/M/Util/Callback.php(747): call_user_func_array(Array, Array)
#2 /Volumes/htdocs/tigron-invoicing-tool/vendor/multimedium/core/src/M/Controller/Dispatcher.php(881): M\Util\Callback->run()
#3 /Volumes/htdocs/tigron-invoicing-tool/public/index.php(126): M\Controller\Dispatcher->dispatch()
#4 {main}	
2022-10-28 13:59:17	Call to undefined method App\Teamleader\TeamleaderCredentialsMapper::getOne()	
2022-10-28 13:59:17	#0 [internal function]: Main\Module\Teamleader\Controller\Teamleader->access()
#1 /Volumes/htdocs/tigron-invoicing-tool/vendor/multimedium/core/src/M/Util/Callback.php(747): call_user_func_array(Array, Array)
#2 /Volumes/htdocs/tigron-invoicing-tool/vendor/multimedium/core/src/M/Controller/Dispatcher.php(881): M\Util\Callback->run()
#3 /Volumes/htdocs/tigron-invoicing-tool/public/index.php(126): M\Controller\Dispatcher->dispatch()
#4 {main}	
2022-10-28 13:59:17	Destructed Console
--
	
2022-10-28 14:04:28	Constructed Console	
2022-10-28 14:04:28	Call to undefined method App\Teamleader\TeamleaderCredentialsMapper::setValue()	
2022-10-28 14:04:28	#0 [internal function]: Main\Module\Teamleader\Controller\Teamleader->access()
#1 /Volumes/htdocs/tigron-invoicing-tool/vendor/multimedium/core/src/M/Util/Callback.php(747): call_user_func_array(Array, Array)
#2 /Volumes/htdocs/tigron-invoicing-tool/vendor/multimedium/core/src/M/Controller/Dispatcher.php(881): M\Util\Callback->run()
#3 /Volumes/htdocs/tigron-invoicing-tool/public/index.php(126): M\Controller\Dispatcher->dispatch()
#4 {main}	
2022-10-28 14:04:28	Call to undefined method App\Teamleader\TeamleaderCredentialsMapper::setValue()	
2022-10-28 14:04:28	#0 [internal function]: Main\Module\Teamleader\Controller\Teamleader->access()
#1 /Volumes/htdocs/tigron-invoicing-tool/vendor/multimedium/core/src/M/Util/Callback.php(747): call_user_func_array(Array, Array)
#2 /Volumes/htdocs/tigron-invoicing-tool/vendor/multimedium/core/src/M/Controller/Dispatcher.php(881): M\Util\Callback->run()
#3 /Volumes/htdocs/tigron-invoicing-tool/public/index.php(126): M\Controller\Dispatcher->dispatch()
#4 {main}	
2022-10-28 14:04:28	Destructed Console
--
	
2022-10-28 14:04:43	Constructed Console	
2022-10-28 14:04:43	Call to undefined method App\Teamleader\TeamleaderCredentialsMapper::setValue()	
2022-10-28 14:04:43	#0 [internal function]: Main\Module\Teamleader\Controller\Teamleader->access()
#1 /Volumes/htdocs/tigron-invoicing-tool/vendor/multimedium/core/src/M/Util/Callback.php(747): call_user_func_array(Array, Array)
#2 /Volumes/htdocs/tigron-invoicing-tool/vendor/multimedium/core/src/M/Controller/Dispatcher.php(881): M\Util\Callback->run()
#3 /Volumes/htdocs/tigron-invoicing-tool/public/index.php(126): M\Controller\Dispatcher->dispatch()
#4 {main}	
2022-10-28 14:04:43	Call to undefined method App\Teamleader\TeamleaderCredentialsMapper::setValue()	
2022-10-28 14:04:43	#0 [internal function]: Main\Module\Teamleader\Controller\Teamleader->access()
#1 /Volumes/htdocs/tigron-invoicing-tool/vendor/multimedium/core/src/M/Util/Callback.php(747): call_user_func_array(Array, Array)
#2 /Volumes/htdocs/tigron-invoicing-tool/vendor/multimedium/core/src/M/Controller/Dispatcher.php(881): M\Util\Callback->run()
#3 /Volumes/htdocs/tigron-invoicing-tool/public/index.php(126): M\Controller\Dispatcher->dispatch()
#4 {main}	
2022-10-28 14:04:43	Destructed Console
--
	
2022-10-28 14:04:52	Constructed Console	
2022-10-28 14:04:52	Call to undefined method App\Teamleader\TeamleaderCredentialsMapper::setValue()	
2022-10-28 14:04:52	#0 [internal function]: Main\Module\Teamleader\Controller\Teamleader->access()
#1 /Volumes/htdocs/tigron-invoicing-tool/vendor/multimedium/core/src/M/Util/Callback.php(747): call_user_func_array(Array, Array)
#2 /Volumes/htdocs/tigron-invoicing-tool/vendor/multimedium/core/src/M/Controller/Dispatcher.php(881): M\Util\Callback->run()
#3 /Volumes/htdocs/tigron-invoicing-tool/public/index.php(126): M\Controller\Dispatcher->dispatch()
#4 {main}	
2022-10-28 14:04:52	Call to undefined method App\Teamleader\TeamleaderCredentialsMapper::setValue()	
2022-10-28 14:04:52	#0 [internal function]: Main\Module\Teamleader\Controller\Teamleader->access()
#1 /Volumes/htdocs/tigron-invoicing-tool/vendor/multimedium/core/src/M/Util/Callback.php(747): call_user_func_array(Array, Array)
#2 /Volumes/htdocs/tigron-invoicing-tool/vendor/multimedium/core/src/M/Controller/Dispatcher.php(881): M\Util\Callback->run()
#3 /Volumes/htdocs/tigron-invoicing-tool/public/index.php(126): M\Controller\Dispatcher->dispatch()
#4 {main}	
2022-10-28 14:04:52	Destructed Console
--
	
2022-10-28 14:04:53	Constructed Console	
2022-10-28 14:04:53	Call to undefined method App\Teamleader\TeamleaderCredentialsMapper::setValue()	
2022-10-28 14:04:53	#0 [internal function]: Main\Module\Teamleader\Controller\Teamleader->access()
#1 /Volumes/htdocs/tigron-invoicing-tool/vendor/multimedium/core/src/M/Util/Callback.php(747): call_user_func_array(Array, Array)
#2 /Volumes/htdocs/tigron-invoicing-tool/vendor/multimedium/core/src/M/Controller/Dispatcher.php(881): M\Util\Callback->run()
#3 /Volumes/htdocs/tigron-invoicing-tool/public/index.php(126): M\Controller\Dispatcher->dispatch()
#4 {main}	
2022-10-28 14:04:53	Call to undefined method App\Teamleader\TeamleaderCredentialsMapper::setValue()	
2022-10-28 14:04:53	#0 [internal function]: Main\Module\Teamleader\Controller\Teamleader->access()
#1 /Volumes/htdocs/tigron-invoicing-tool/vendor/multimedium/core/src/M/Util/Callback.php(747): call_user_func_array(Array, Array)
#2 /Volumes/htdocs/tigron-invoicing-tool/vendor/multimedium/core/src/M/Controller/Dispatcher.php(881): M\Util\Callback->run()
#3 /Volumes/htdocs/tigron-invoicing-tool/public/index.php(126): M\Controller\Dispatcher->dispatch()
#4 {main}	
2022-10-28 14:04:53	Destructed Console
--
	
2022-10-28 14:05:54	Constructed Console	
2022-10-28 14:05:54	Call to undefined method App\Teamleader\TeamleaderCredentialsMapper::setValue()	
2022-10-28 14:05:54	#0 [internal function]: Main\Module\Teamleader\Controller\Teamleader->access()
#1 /Volumes/htdocs/tigron-invoicing-tool/vendor/multimedium/core/src/M/Util/Callback.php(747): call_user_func_array(Array, Array)
#2 /Volumes/htdocs/tigron-invoicing-tool/vendor/multimedium/core/src/M/Controller/Dispatcher.php(881): M\Util\Callback->run()
#3 /Volumes/htdocs/tigron-invoicing-tool/public/index.php(126): M\Controller\Dispatcher->dispatch()
#4 {main}	
2022-10-28 14:05:54	Call to undefined method App\Teamleader\TeamleaderCredentialsMapper::setValue()	
2022-10-28 14:05:54	#0 [internal function]: Main\Module\Teamleader\Controller\Teamleader->access()
#1 /Volumes/htdocs/tigron-invoicing-tool/vendor/multimedium/core/src/M/Util/Callback.php(747): call_user_func_array(Array, Array)
#2 /Volumes/htdocs/tigron-invoicing-tool/vendor/multimedium/core/src/M/Controller/Dispatcher.php(881): M\Util\Callback->run()
#3 /Volumes/htdocs/tigron-invoicing-tool/public/index.php(126): M\Controller\Dispatcher->dispatch()
#4 {main}	
2022-10-28 14:05:54	Destructed Console
--
	
2022-10-28 14:06:40	Constructed Console	
2022-10-28 14:06:40	Call to undefined method App\Teamleader\TeamleaderCredentialsMapper::setValue()	
2022-10-28 14:06:40	#0 [internal function]: Main\Module\Teamleader\Controller\Teamleader->access()
#1 /Volumes/htdocs/tigron-invoicing-tool/vendor/multimedium/core/src/M/Util/Callback.php(747): call_user_func_array(Array, Array)
#2 /Volumes/htdocs/tigron-invoicing-tool/vendor/multimedium/core/src/M/Controller/Dispatcher.php(881): M\Util\Callback->run()
#3 /Volumes/htdocs/tigron-invoicing-tool/public/index.php(126): M\Controller\Dispatcher->dispatch()
#4 {main}	
2022-10-28 14:06:40	Call to undefined method App\Teamleader\TeamleaderCredentialsMapper::setValue()	
2022-10-28 14:06:40	#0 [internal function]: Main\Module\Teamleader\Controller\Teamleader->access()
#1 /Volumes/htdocs/tigron-invoicing-tool/vendor/multimedium/core/src/M/Util/Callback.php(747): call_user_func_array(Array, Array)
#2 /Volumes/htdocs/tigron-invoicing-tool/vendor/multimedium/core/src/M/Controller/Dispatcher.php(881): M\Util\Callback->run()
#3 /Volumes/htdocs/tigron-invoicing-tool/public/index.php(126): M\Controller\Dispatcher->dispatch()
#4 {main}	
2022-10-28 14:06:40	Destructed Console
--
	
2022-10-28 14:06:41	Constructed Console	
2022-10-28 14:06:41	Call to undefined method App\Teamleader\TeamleaderCredentialsMapper::setValue()	
2022-10-28 14:06:41	#0 [internal function]: Main\Module\Teamleader\Controller\Teamleader->access()
#1 /Volumes/htdocs/tigron-invoicing-tool/vendor/multimedium/core/src/M/Util/Callback.php(747): call_user_func_array(Array, Array)
#2 /Volumes/htdocs/tigron-invoicing-tool/vendor/multimedium/core/src/M/Controller/Dispatcher.php(881): M\Util\Callback->run()
#3 /Volumes/htdocs/tigron-invoicing-tool/public/index.php(126): M\Controller\Dispatcher->dispatch()
#4 {main}	
2022-10-28 14:06:41	Call to undefined method App\Teamleader\TeamleaderCredentialsMapper::setValue()	
2022-10-28 14:06:41	#0 [internal function]: Main\Module\Teamleader\Controller\Teamleader->access()
#1 /Volumes/htdocs/tigron-invoicing-tool/vendor/multimedium/core/src/M/Util/Callback.php(747): call_user_func_array(Array, Array)
#2 /Volumes/htdocs/tigron-invoicing-tool/vendor/multimedium/core/src/M/Controller/Dispatcher.php(881): M\Util\Callback->run()
#3 /Volumes/htdocs/tigron-invoicing-tool/public/index.php(126): M\Controller\Dispatcher->dispatch()
#4 {main}	
2022-10-28 14:06:41	Destructed Console
--
	
2022-10-28 14:06:42	Constructed Console	
2022-10-28 14:06:42	Call to undefined method App\Teamleader\TeamleaderCredentialsMapper::setValue()	
2022-10-28 14:06:42	#0 [internal function]: Main\Module\Teamleader\Controller\Teamleader->access()
#1 /Volumes/htdocs/tigron-invoicing-tool/vendor/multimedium/core/src/M/Util/Callback.php(747): call_user_func_array(Array, Array)
#2 /Volumes/htdocs/tigron-invoicing-tool/vendor/multimedium/core/src/M/Controller/Dispatcher.php(881): M\Util\Callback->run()
#3 /Volumes/htdocs/tigron-invoicing-tool/public/index.php(126): M\Controller\Dispatcher->dispatch()
#4 {main}	
2022-10-28 14:06:42	Call to undefined method App\Teamleader\TeamleaderCredentialsMapper::setValue()	
2022-10-28 14:06:42	#0 [internal function]: Main\Module\Teamleader\Controller\Teamleader->access()
#1 /Volumes/htdocs/tigron-invoicing-tool/vendor/multimedium/core/src/M/Util/Callback.php(747): call_user_func_array(Array, Array)
#2 /Volumes/htdocs/tigron-invoicing-tool/vendor/multimedium/core/src/M/Controller/Dispatcher.php(881): M\Util\Callback->run()
#3 /Volumes/htdocs/tigron-invoicing-tool/public/index.php(126): M\Controller\Dispatcher->dispatch()
#4 {main}	
2022-10-28 14:06:42	Destructed Console
--
	
2022-10-28 14:07:03	Constructed Console	
2022-10-28 14:07:03	Call to undefined method App\Teamleader\TeamleaderCredentialsMapper::setValue()	
2022-10-28 14:07:03	#0 [internal function]: Main\Module\Teamleader\Controller\Teamleader->access()
#1 /Volumes/htdocs/tigron-invoicing-tool/vendor/multimedium/core/src/M/Util/Callback.php(747): call_user_func_array(Array, Array)
#2 /Volumes/htdocs/tigron-invoicing-tool/vendor/multimedium/core/src/M/Controller/Dispatcher.php(881): M\Util\Callback->run()
#3 /Volumes/htdocs/tigron-invoicing-tool/public/index.php(126): M\Controller\Dispatcher->dispatch()
#4 {main}	
2022-10-28 14:07:03	Call to undefined method App\Teamleader\TeamleaderCredentialsMapper::setValue()	
2022-10-28 14:07:03	#0 [internal function]: Main\Module\Teamleader\Controller\Teamleader->access()
#1 /Volumes/htdocs/tigron-invoicing-tool/vendor/multimedium/core/src/M/Util/Callback.php(747): call_user_func_array(Array, Array)
#2 /Volumes/htdocs/tigron-invoicing-tool/vendor/multimedium/core/src/M/Controller/Dispatcher.php(881): M\Util\Callback->run()
#3 /Volumes/htdocs/tigron-invoicing-tool/public/index.php(126): M\Controller\Dispatcher->dispatch()
#4 {main}	
2022-10-28 14:07:03	Destructed Console
--
	
2022-10-28 14:07:04	Constructed Console	
2022-10-28 14:07:04	Call to undefined method App\Teamleader\TeamleaderCredentialsMapper::setValue()	
2022-10-28 14:07:04	#0 [internal function]: Main\Module\Teamleader\Controller\Teamleader->access()
#1 /Volumes/htdocs/tigron-invoicing-tool/vendor/multimedium/core/src/M/Util/Callback.php(747): call_user_func_array(Array, Array)
#2 /Volumes/htdocs/tigron-invoicing-tool/vendor/multimedium/core/src/M/Controller/Dispatcher.php(881): M\Util\Callback->run()
#3 /Volumes/htdocs/tigron-invoicing-tool/public/index.php(126): M\Controller\Dispatcher->dispatch()
#4 {main}	
2022-10-28 14:07:04	Call to undefined method App\Teamleader\TeamleaderCredentialsMapper::setValue()	
2022-10-28 14:07:04	#0 [internal function]: Main\Module\Teamleader\Controller\Teamleader->access()
#1 /Volumes/htdocs/tigron-invoicing-tool/vendor/multimedium/core/src/M/Util/Callback.php(747): call_user_func_array(Array, Array)
#2 /Volumes/htdocs/tigron-invoicing-tool/vendor/multimedium/core/src/M/Controller/Dispatcher.php(881): M\Util\Callback->run()
#3 /Volumes/htdocs/tigron-invoicing-tool/public/index.php(126): M\Controller\Dispatcher->dispatch()
#4 {main}	
2022-10-28 14:07:04	Destructed Console
--
	
2022-10-28 14:07:31	Constructed Console	
2022-10-28 14:07:31	Call to undefined method App\Teamleader\TeamleaderCredentialsMapper::setValue()	
2022-10-28 14:07:31	#0 [internal function]: Main\Module\Teamleader\Controller\Teamleader->access()
#1 /Volumes/htdocs/tigron-invoicing-tool/vendor/multimedium/core/src/M/Util/Callback.php(747): call_user_func_array(Array, Array)
#2 /Volumes/htdocs/tigron-invoicing-tool/vendor/multimedium/core/src/M/Controller/Dispatcher.php(881): M\Util\Callback->run()
#3 /Volumes/htdocs/tigron-invoicing-tool/public/index.php(126): M\Controller\Dispatcher->dispatch()
#4 {main}	
2022-10-28 14:07:31	Call to undefined method App\Teamleader\TeamleaderCredentialsMapper::setValue()	
2022-10-28 14:07:31	#0 [internal function]: Main\Module\Teamleader\Controller\Teamleader->access()
#1 /Volumes/htdocs/tigron-invoicing-tool/vendor/multimedium/core/src/M/Util/Callback.php(747): call_user_func_array(Array, Array)
#2 /Volumes/htdocs/tigron-invoicing-tool/vendor/multimedium/core/src/M/Controller/Dispatcher.php(881): M\Util\Callback->run()
#3 /Volumes/htdocs/tigron-invoicing-tool/public/index.php(126): M\Controller\Dispatcher->dispatch()
#4 {main}	
2022-10-28 14:07:31	Destructed Console
--
	
2022-10-28 14:07:31	Constructed Console	
2022-10-28 14:07:31	Call to undefined method App\Teamleader\TeamleaderCredentialsMapper::setValue()	
2022-10-28 14:07:31	#0 [internal function]: Main\Module\Teamleader\Controller\Teamleader->access()
#1 /Volumes/htdocs/tigron-invoicing-tool/vendor/multimedium/core/src/M/Util/Callback.php(747): call_user_func_array(Array, Array)
#2 /Volumes/htdocs/tigron-invoicing-tool/vendor/multimedium/core/src/M/Controller/Dispatcher.php(881): M\Util\Callback->run()
#3 /Volumes/htdocs/tigron-invoicing-tool/public/index.php(126): M\Controller\Dispatcher->dispatch()
#4 {main}	
2022-10-28 14:07:31	Call to undefined method App\Teamleader\TeamleaderCredentialsMapper::setValue()	
2022-10-28 14:07:31	#0 [internal function]: Main\Module\Teamleader\Controller\Teamleader->access()
#1 /Volumes/htdocs/tigron-invoicing-tool/vendor/multimedium/core/src/M/Util/Callback.php(747): call_user_func_array(Array, Array)
#2 /Volumes/htdocs/tigron-invoicing-tool/vendor/multimedium/core/src/M/Controller/Dispatcher.php(881): M\Util\Callback->run()
#3 /Volumes/htdocs/tigron-invoicing-tool/public/index.php(126): M\Controller\Dispatcher->dispatch()
#4 {main}	
2022-10-28 14:07:31	Destructed Console
--
	
2022-10-28 14:08:13	Constructed Console	
2022-10-28 14:08:13	Call to undefined method App\Teamleader\TeamleaderCredentialsMapper::setValue()	
2022-10-28 14:08:13	#0 [internal function]: Main\Module\Teamleader\Controller\Teamleader->access()
#1 /Volumes/htdocs/tigron-invoicing-tool/vendor/multimedium/core/src/M/Util/Callback.php(747): call_user_func_array(Array, Array)
#2 /Volumes/htdocs/tigron-invoicing-tool/vendor/multimedium/core/src/M/Controller/Dispatcher.php(881): M\Util\Callback->run()
#3 /Volumes/htdocs/tigron-invoicing-tool/public/index.php(126): M\Controller\Dispatcher->dispatch()
#4 {main}	
2022-10-28 14:08:13	Call to undefined method App\Teamleader\TeamleaderCredentialsMapper::setValue()	
2022-10-28 14:08:13	#0 [internal function]: Main\Module\Teamleader\Controller\Teamleader->access()
#1 /Volumes/htdocs/tigron-invoicing-tool/vendor/multimedium/core/src/M/Util/Callback.php(747): call_user_func_array(Array, Array)
#2 /Volumes/htdocs/tigron-invoicing-tool/vendor/multimedium/core/src/M/Controller/Dispatcher.php(881): M\Util\Callback->run()
#3 /Volumes/htdocs/tigron-invoicing-tool/public/index.php(126): M\Controller\Dispatcher->dispatch()
#4 {main}	
2022-10-28 14:08:14	Destructed Console
--
	
2022-10-28 14:08:14	Constructed Console	
2022-10-28 14:08:14	Call to undefined method App\Teamleader\TeamleaderCredentialsMapper::setValue()	
2022-10-28 14:08:14	#0 [internal function]: Main\Module\Teamleader\Controller\Teamleader->access()
#1 /Volumes/htdocs/tigron-invoicing-tool/vendor/multimedium/core/src/M/Util/Callback.php(747): call_user_func_array(Array, Array)
#2 /Volumes/htdocs/tigron-invoicing-tool/vendor/multimedium/core/src/M/Controller/Dispatcher.php(881): M\Util\Callback->run()
#3 /Volumes/htdocs/tigron-invoicing-tool/public/index.php(126): M\Controller\Dispatcher->dispatch()
#4 {main}	
2022-10-28 14:08:14	Call to undefined method App\Teamleader\TeamleaderCredentialsMapper::setValue()	
2022-10-28 14:08:14	#0 [internal function]: Main\Module\Teamleader\Controller\Teamleader->access()
#1 /Volumes/htdocs/tigron-invoicing-tool/vendor/multimedium/core/src/M/Util/Callback.php(747): call_user_func_array(Array, Array)
#2 /Volumes/htdocs/tigron-invoicing-tool/vendor/multimedium/core/src/M/Controller/Dispatcher.php(881): M\Util\Callback->run()
#3 /Volumes/htdocs/tigron-invoicing-tool/public/index.php(126): M\Controller\Dispatcher->dispatch()
#4 {main}	
2022-10-28 14:08:14	Destructed Console
--
	
2022-10-28 14:08:54	Constructed Console	
2022-10-28 14:08:54	Call to undefined method App\Teamleader\TeamleaderCredentialsMapper::setValue()	
2022-10-28 14:08:54	#0 [internal function]: Main\Module\Teamleader\Controller\Teamleader->access()
#1 /Volumes/htdocs/tigron-invoicing-tool/vendor/multimedium/core/src/M/Util/Callback.php(747): call_user_func_array(Array, Array)
#2 /Volumes/htdocs/tigron-invoicing-tool/vendor/multimedium/core/src/M/Controller/Dispatcher.php(881): M\Util\Callback->run()
#3 /Volumes/htdocs/tigron-invoicing-tool/public/index.php(126): M\Controller\Dispatcher->dispatch()
#4 {main}	
2022-10-28 14:08:54	Call to undefined method App\Teamleader\TeamleaderCredentialsMapper::setValue()	
2022-10-28 14:08:54	#0 [internal function]: Main\Module\Teamleader\Controller\Teamleader->access()
#1 /Volumes/htdocs/tigron-invoicing-tool/vendor/multimedium/core/src/M/Util/Callback.php(747): call_user_func_array(Array, Array)
#2 /Volumes/htdocs/tigron-invoicing-tool/vendor/multimedium/core/src/M/Controller/Dispatcher.php(881): M\Util\Callback->run()
#3 /Volumes/htdocs/tigron-invoicing-tool/public/index.php(126): M\Controller\Dispatcher->dispatch()
#4 {main}	
2022-10-28 14:08:54	Destructed Console
--
	
2022-10-28 14:09:41	Constructed Console	
2022-10-28 14:09:41	Call to undefined method App\Teamleader\TeamleaderCredentialsMapper::setValue()	
2022-10-28 14:09:41	#0 [internal function]: Main\Module\Teamleader\Controller\Teamleader->access()
#1 /Volumes/htdocs/tigron-invoicing-tool/vendor/multimedium/core/src/M/Util/Callback.php(747): call_user_func_array(Array, Array)
#2 /Volumes/htdocs/tigron-invoicing-tool/vendor/multimedium/core/src/M/Controller/Dispatcher.php(881): M\Util\Callback->run()
#3 /Volumes/htdocs/tigron-invoicing-tool/public/index.php(126): M\Controller\Dispatcher->dispatch()
#4 {main}	
2022-10-28 14:09:41	Call to undefined method App\Teamleader\TeamleaderCredentialsMapper::setValue()	
2022-10-28 14:09:41	#0 [internal function]: Main\Module\Teamleader\Controller\Teamleader->access()
#1 /Volumes/htdocs/tigron-invoicing-tool/vendor/multimedium/core/src/M/Util/Callback.php(747): call_user_func_array(Array, Array)
#2 /Volumes/htdocs/tigron-invoicing-tool/vendor/multimedium/core/src/M/Controller/Dispatcher.php(881): M\Util\Callback->run()
#3 /Volumes/htdocs/tigron-invoicing-tool/public/index.php(126): M\Controller\Dispatcher->dispatch()
#4 {main}	
2022-10-28 14:09:41	Destructed Console
--
	
2022-10-28 14:52:45	Constructed Console	
2022-10-28 14:52:45	Too few arguments to function App\Teamleader\TeamleaderCredentialsDataObject::setValue(), 0 passed in /Volumes/htdocs/tigron-invoicing-tool/app/Main/Module/Teamleader/Controller/Teamleader.php on line 64 and exactly 1 expected	
2022-10-28 14:52:45	#0 /Volumes/htdocs/tigron-invoicing-tool/app/Main/Module/Teamleader/Controller/Teamleader.php(64): App\Teamleader\TeamleaderCredentialsDataObject->setValue()
#1 [internal function]: Main\Module\Teamleader\Controller\Teamleader->access()
#2 /Volumes/htdocs/tigron-invoicing-tool/vendor/multimedium/core/src/M/Util/Callback.php(747): call_user_func_array(Array, Array)
#3 /Volumes/htdocs/tigron-invoicing-tool/vendor/multimedium/core/src/M/Controller/Dispatcher.php(881): M\Util\Callback->run()
#4 /Volumes/htdocs/tigron-invoicing-tool/public/index.php(126): M\Controller\Dispatcher->dispatch()
#5 {main}	
2022-10-28 14:52:45	Too few arguments to function App\Teamleader\TeamleaderCredentialsDataObject::setValue(), 0 passed in /Volumes/htdocs/tigron-invoicing-tool/app/Main/Module/Teamleader/Controller/Teamleader.php on line 64 and exactly 1 expected	
2022-10-28 14:52:45	#0 /Volumes/htdocs/tigron-invoicing-tool/app/Main/Module/Teamleader/Controller/Teamleader.php(64): App\Teamleader\TeamleaderCredentialsDataObject->setValue()
#1 [internal function]: Main\Module\Teamleader\Controller\Teamleader->access()
#2 /Volumes/htdocs/tigron-invoicing-tool/vendor/multimedium/core/src/M/Util/Callback.php(747): call_user_func_array(Array, Array)
#3 /Volumes/htdocs/tigron-invoicing-tool/vendor/multimedium/core/src/M/Controller/Dispatcher.php(881): M\Util\Callback->run()
#4 /Volumes/htdocs/tigron-invoicing-tool/public/index.php(126): M\Controller\Dispatcher->dispatch()
#5 {main}	
2022-10-28 14:52:45	Destructed Console
--
	
2022-10-28 14:57:17	Constructed Console	
2022-10-28 14:57:17	Object of class GuzzleHttp\Psr7\Response could not be converted to string	
2022-10-28 14:57:17	#0 /Volumes/htdocs/tigron-invoicing-tool/vendor/multimedium/core/src/M/DataObject/Mapper.php(1292): M\DataObject\DefinitionColumn->getValueForDatabase(Object(GuzzleHttp\Psr7\Response))
#1 /Volumes/htdocs/tigron-invoicing-tool/vendor/multimedium/core/src/M/DataObject/Mapper.php(202): M\DataObject\Mapper->_getObjectAssocArray(Object(App\Teamleader\TeamleaderCredentials), true)
#2 /Volumes/htdocs/tigron-invoicing-tool/lib/App/Shared/Traits/MapperTimestampFunctions.php(58): M\DataObject\Mapper->insert(Object(App\Teamleader\TeamleaderCredentials))
#3 /Volumes/htdocs/tigron-invoicing-tool/vendor/multimedium/core/src/M/DataObject/Mapper.php(177): App\Shared\DataObject\MapperWithTimestamps->insert(Object(App\Teamleader\TeamleaderCredentials))
#4 /Volumes/htdocs/tigron-invoicing-tool/vendor/multimedium/core/src/M/DataObject/DataObject.php(198): M\DataObject\Mapper->save(Object(App\Teamleader\TeamleaderCredentials))
#5 /Volumes/htdocs/tigron-invoicing-tool/app/Main/Module/Teamleader/Controller/Teamleader.php(65): M\DataObject\DataObject->save()
#6 [internal function]: Main\Module\Teamleader\Controller\Teamleader->access()
#7 /Volumes/htdocs/tigron-invoicing-tool/vendor/multimedium/core/src/M/Util/Callback.php(747): call_user_func_array(Array, Array)
#8 /Volumes/htdocs/tigron-invoicing-tool/vendor/multimedium/core/src/M/Controller/Dispatcher.php(881): M\Util\Callback->run()
#9 /Volumes/htdocs/tigron-invoicing-tool/public/index.php(126): M\Controller\Dispatcher->dispatch()
#10 {main}	
2022-10-28 14:57:17	Object of class GuzzleHttp\Psr7\Response could not be converted to string	
2022-10-28 14:57:17	#0 /Volumes/htdocs/tigron-invoicing-tool/vendor/multimedium/core/src/M/DataObject/Mapper.php(1292): M\DataObject\DefinitionColumn->getValueForDatabase(Object(GuzzleHttp\Psr7\Response))
#1 /Volumes/htdocs/tigron-invoicing-tool/vendor/multimedium/core/src/M/DataObject/Mapper.php(202): M\DataObject\Mapper->_getObjectAssocArray(Object(App\Teamleader\TeamleaderCredentials), true)
#2 /Volumes/htdocs/tigron-invoicing-tool/lib/App/Shared/Traits/MapperTimestampFunctions.php(58): M\DataObject\Mapper->insert(Object(App\Teamleader\TeamleaderCredentials))
#3 /Volumes/htdocs/tigron-invoicing-tool/vendor/multimedium/core/src/M/DataObject/Mapper.php(177): App\Shared\DataObject\MapperWithTimestamps->insert(Object(App\Teamleader\TeamleaderCredentials))
#4 /Volumes/htdocs/tigron-invoicing-tool/vendor/multimedium/core/src/M/DataObject/DataObject.php(198): M\DataObject\Mapper->save(Object(App\Teamleader\TeamleaderCredentials))
#5 /Volumes/htdocs/tigron-invoicing-tool/app/Main/Module/Teamleader/Controller/Teamleader.php(65): M\DataObject\DataObject->save()
#6 [internal function]: Main\Module\Teamleader\Controller\Teamleader->access()
#7 /Volumes/htdocs/tigron-invoicing-tool/vendor/multimedium/core/src/M/Util/Callback.php(747): call_user_func_array(Array, Array)
#8 /Volumes/htdocs/tigron-invoicing-tool/vendor/multimedium/core/src/M/Controller/Dispatcher.php(881): M\Util\Callback->run()
#9 /Volumes/htdocs/tigron-invoicing-tool/public/index.php(126): M\Controller\Dispatcher->dispatch()
#10 {main}	
2022-10-28 14:57:17	Destructed Console
--
	
2022-10-28 15:58:48	Constructed Console	
2022-10-28 15:58:48	Cannot use object of type stdClass as array	
2022-10-28 15:58:48	#0 [internal function]: Main\Module\Teamleader\Controller\Teamleader->test()
#1 /Volumes/htdocs/tigron-invoicing-tool/vendor/multimedium/core/src/M/Util/Callback.php(747): call_user_func_array(Array, Array)
#2 /Volumes/htdocs/tigron-invoicing-tool/vendor/multimedium/core/src/M/Controller/Dispatcher.php(881): M\Util\Callback->run()
#3 /Volumes/htdocs/tigron-invoicing-tool/public/index.php(126): M\Controller\Dispatcher->dispatch()
#4 {main}	
2022-10-28 15:58:48	Cannot use object of type stdClass as array	
2022-10-28 15:58:48	#0 [internal function]: Main\Module\Teamleader\Controller\Teamleader->test()
#1 /Volumes/htdocs/tigron-invoicing-tool/vendor/multimedium/core/src/M/Util/Callback.php(747): call_user_func_array(Array, Array)
#2 /Volumes/htdocs/tigron-invoicing-tool/vendor/multimedium/core/src/M/Controller/Dispatcher.php(881): M\Util\Callback->run()
#3 /Volumes/htdocs/tigron-invoicing-tool/public/index.php(126): M\Controller\Dispatcher->dispatch()
#4 {main}	
2022-10-28 15:58:48	Destructed Console
--
	
2022-10-28 16:03:15	Constructed Console	
2022-10-28 16:03:15	syntax error, unexpected '}', expecting end of file	
2022-10-28 16:03:15	#0 [internal function]: M\App\Autoloader->loadResource('Main\\Module\\Tea...')
#1 [internal function]: spl_autoload_call('Main\\Module\\Tea...')
#2 /Volumes/htdocs/tigron-invoicing-tool/vendor/multimedium/core/src/M/Controller/Dispatcher.php(994): ReflectionClass->__construct('\\Main\\Module\\Te...')
#3 /Volumes/htdocs/tigron-invoicing-tool/vendor/multimedium/core/src/M/Controller/Dispatcher.php(1069): M\Controller\Dispatcher->_getController('\\Main\\Module\\Te...')
#4 /Volumes/htdocs/tigron-invoicing-tool/vendor/multimedium/core/src/M/Controller/Dispatcher.php(759): M\Controller\Dispatcher->_getControllerFromPathElements(Array, NULL)
#5 /Volumes/htdocs/tigron-invoicing-tool/vendor/multimedium/core/src/M/Controller/Dispatcher.php(872): M\Controller\Dispatcher->getControllerCallback()
#6 /Volumes/htdocs/tigron-invoicing-tool/public/index.php(126): M\Controller\Dispatcher->dispatch()
#7 {main}	
2022-10-28 16:03:15	Destructed Console
--
	
2022-10-28 16:06:58	Constructed Console	
2022-10-28 16:06:58	Call to undefined method GuzzleHttp\Psr7\Response::getContents()	
2022-10-28 16:06:58	#0 [internal function]: Main\Module\Teamleader\Controller\Teamleader->test()
#1 /Volumes/htdocs/tigron-invoicing-tool/vendor/multimedium/core/src/M/Util/Callback.php(747): call_user_func_array(Array, Array)
#2 /Volumes/htdocs/tigron-invoicing-tool/vendor/multimedium/core/src/M/Controller/Dispatcher.php(881): M\Util\Callback->run()
#3 /Volumes/htdocs/tigron-invoicing-tool/public/index.php(126): M\Controller\Dispatcher->dispatch()
#4 {main}	
2022-10-28 16:06:58	Call to undefined method GuzzleHttp\Psr7\Response::getContents()	
2022-10-28 16:06:58	#0 [internal function]: Main\Module\Teamleader\Controller\Teamleader->test()
#1 /Volumes/htdocs/tigron-invoicing-tool/vendor/multimedium/core/src/M/Util/Callback.php(747): call_user_func_array(Array, Array)
#2 /Volumes/htdocs/tigron-invoicing-tool/vendor/multimedium/core/src/M/Controller/Dispatcher.php(881): M\Util\Callback->run()
#3 /Volumes/htdocs/tigron-invoicing-tool/public/index.php(126): M\Controller\Dispatcher->dispatch()
#4 {main}	
2022-10-28 16:06:58	Destructed Console
--
	
