2022-11-26 13:02:37	Constructed Console	
2022-11-26 13:02:37	Unable to construct Controller with path js/invoice.js	
2022-11-26 13:02:37	#0 /Volumes/htdocs/tigron-invoicing-tool/vendor/multimedium/core/src/M/Controller/Dispatcher.php(872): M\Controller\Dispatcher->getControllerCallback()
#1 /Volumes/htdocs/tigron-invoicing-tool/public/index.php(126): M\Controller\Dispatcher->dispatch()
#2 {main}	
2022-11-26 13:02:37	Destructed Console
--
	
2022-11-26 13:02:37	Constructed Console	
2022-11-26 13:02:37	Unable to construct Controller with path favicon.ico	
2022-11-26 13:02:37	#0 /Volumes/htdocs/tigron-invoicing-tool/vendor/multimedium/core/src/M/Controller/Dispatcher.php(872): M\Controller\Dispatcher->getControllerCallback()
#1 /Volumes/htdocs/tigron-invoicing-tool/public/index.php(126): M\Controller\Dispatcher->dispatch()
#2 {main}	
2022-11-26 13:02:37	Destructed Console
--
	
2022-11-26 13:02:43	Constructed Console	
2022-11-26 13:02:43	Unable to construct Controller with path favicon.ico	
2022-11-26 13:02:43	#0 /Volumes/htdocs/tigron-invoicing-tool/vendor/multimedium/core/src/M/Controller/Dispatcher.php(872): M\Controller\Dispatcher->getControllerCallback()
#1 /Volumes/htdocs/tigron-invoicing-tool/public/index.php(126): M\Controller\Dispatcher->dispatch()
#2 {main}	
2022-11-26 13:02:43	Destructed Console
--
	
2022-11-26 13:04:58	Constructed Console	
2022-11-26 13:04:58	Method authorize not compliant	
2022-11-26 13:04:58	#0 /Volumes/htdocs/tigron-invoicing-tool/vendor/multimedium/core/src/M/Controller/Dispatcher.php(872): M\Controller\Dispatcher->getControllerCallback()
#1 /Volumes/htdocs/tigron-invoicing-tool/public/index.php(126): M\Controller\Dispatcher->dispatch()
#2 {main}	
2022-11-26 13:04:58	Destructed Console
--
	
2022-11-26 13:04:58	Constructed Console	
2022-11-26 13:04:58	Unable to construct Controller with path favicon.ico	
2022-11-26 13:04:58	#0 /Volumes/htdocs/tigron-invoicing-tool/vendor/multimedium/core/src/M/Controller/Dispatcher.php(872): M\Controller\Dispatcher->getControllerCallback()
#1 /Volumes/htdocs/tigron-invoicing-tool/public/index.php(126): M\Controller\Dispatcher->dispatch()
#2 {main}	
2022-11-26 13:04:58	Destructed Console
--
	
2022-11-26 13:05:17	Constructed Console	
2022-11-26 13:05:17	Unable to construct Controller with path tigronteamleadermatch/authorize	
2022-11-26 13:05:17	#0 /Volumes/htdocs/tigron-invoicing-tool/vendor/multimedium/core/src/M/Controller/Dispatcher.php(872): M\Controller\Dispatcher->getControllerCallback()
#1 /Volumes/htdocs/tigron-invoicing-tool/public/index.php(126): M\Controller\Dispatcher->dispatch()
#2 {main}	
2022-11-26 13:05:17	Destructed Console
--
	
2022-11-26 13:05:17	Constructed Console	
2022-11-26 13:05:17	Unable to construct Controller with path favicon.ico	
2022-11-26 13:05:17	#0 /Volumes/htdocs/tigron-invoicing-tool/vendor/multimedium/core/src/M/Controller/Dispatcher.php(872): M\Controller\Dispatcher->getControllerCallback()
#1 /Volumes/htdocs/tigron-invoicing-tool/public/index.php(126): M\Controller\Dispatcher->dispatch()
#2 {main}	
2022-11-26 13:05:17	Destructed Console
--
	
2022-11-26 13:05:41	Constructed Console	
2022-11-26 13:05:41	Method authorize not compliant	
2022-11-26 13:05:41	#0 /Volumes/htdocs/tigron-invoicing-tool/vendor/multimedium/core/src/M/Controller/Dispatcher.php(872): M\Controller\Dispatcher->getControllerCallback()
#1 /Volumes/htdocs/tigron-invoicing-tool/public/index.php(126): M\Controller\Dispatcher->dispatch()
#2 {main}	
2022-11-26 13:05:41	Destructed Console
--
	
2022-11-26 13:05:42	Constructed Console	
2022-11-26 13:05:42	Unable to construct Controller with path favicon.ico	
2022-11-26 13:05:42	#0 /Volumes/htdocs/tigron-invoicing-tool/vendor/multimedium/core/src/M/Controller/Dispatcher.php(872): M\Controller\Dispatcher->getControllerCallback()
#1 /Volumes/htdocs/tigron-invoicing-tool/public/index.php(126): M\Controller\Dispatcher->dispatch()
#2 {main}	
2022-11-26 13:05:42	Destructed Console
--
	
2022-11-26 13:05:42	Constructed Console	
2022-11-26 13:05:42	Unable to construct Controller with path favicon.ico	
2022-11-26 13:05:42	#0 /Volumes/htdocs/tigron-invoicing-tool/vendor/multimedium/core/src/M/Controller/Dispatcher.php(872): M\Controller\Dispatcher->getControllerCallback()
#1 /Volumes/htdocs/tigron-invoicing-tool/public/index.php(126): M\Controller\Dispatcher->dispatch()
#2 {main}	
2022-11-26 13:05:42	Destructed Console
--
	
2022-11-26 13:09:23	Constructed Console	
2022-11-26 13:09:23	Unable to construct Controller with path favicon.ico	
2022-11-26 13:09:23	#0 /Volumes/htdocs/tigron-invoicing-tool/vendor/multimedium/core/src/M/Controller/Dispatcher.php(872): M\Controller\Dispatcher->getControllerCallback()
#1 /Volumes/htdocs/tigron-invoicing-tool/public/index.php(126): M\Controller\Dispatcher->dispatch()
#2 {main}	
2022-11-26 13:09:23	Destructed Console
--
	
2022-11-26 13:20:01	Constructed Console	
2022-11-26 13:20:01	Unable to construct Controller with path js/invoice.js	
2022-11-26 13:20:01	#0 /Volumes/htdocs/tigron-invoicing-tool/vendor/multimedium/core/src/M/Controller/Dispatcher.php(872): M\Controller\Dispatcher->getControllerCallback()
#1 /Volumes/htdocs/tigron-invoicing-tool/public/index.php(126): M\Controller\Dispatcher->dispatch()
#2 {main}	
2022-11-26 13:20:01	Destructed Console
--
	
2022-11-26 13:20:01	Constructed Console	
2022-11-26 13:20:01	Unable to construct Controller with path favicon.ico	
2022-11-26 13:20:01	#0 /Volumes/htdocs/tigron-invoicing-tool/vendor/multimedium/core/src/M/Controller/Dispatcher.php(872): M\Controller\Dispatcher->getControllerCallback()
#1 /Volumes/htdocs/tigron-invoicing-tool/public/index.php(126): M\Controller\Dispatcher->dispatch()
#2 {main}	
2022-11-26 13:20:01	Destructed Console
--
	
2022-11-26 13:20:01	Constructed Console	
2022-11-26 13:20:01	Unable to construct Controller with path js/invoice.js	
2022-11-26 13:20:01	#0 /Volumes/htdocs/tigron-invoicing-tool/vendor/multimedium/core/src/M/Controller/Dispatcher.php(872): M\Controller\Dispatcher->getControllerCallback()
#1 /Volumes/htdocs/tigron-invoicing-tool/public/index.php(126): M\Controller\Dispatcher->dispatch()
#2 {main}	
2022-11-26 13:20:02	Destructed Console
--
	
2022-11-26 13:20:02	Constructed Console	
2022-11-26 13:20:02	Unable to construct Controller with path favicon.ico	
2022-11-26 13:20:02	#0 /Volumes/htdocs/tigron-invoicing-tool/vendor/multimedium/core/src/M/Controller/Dispatcher.php(872): M\Controller\Dispatcher->getControllerCallback()
#1 /Volumes/htdocs/tigron-invoicing-tool/public/index.php(126): M\Controller\Dispatcher->dispatch()
#2 {main}	
2022-11-26 13:20:02	Destructed Console
--
	
2022-11-26 13:20:05	Constructed Console	
2022-11-26 13:20:05	Unable to construct Controller with path favicon.ico	
2022-11-26 13:20:05	#0 /Volumes/htdocs/tigron-invoicing-tool/vendor/multimedium/core/src/M/Controller/Dispatcher.php(872): M\Controller\Dispatcher->getControllerCallback()
#1 /Volumes/htdocs/tigron-invoicing-tool/public/index.php(126): M\Controller\Dispatcher->dispatch()
#2 {main}	
2022-11-26 13:20:05	Destructed Console
--
	
