2022-10-27 16:14:07	Constructed Console	
2022-10-27 16:14:07	syntax error, unexpected 'die' (T_EXIT)	
2022-10-27 16:14:07	#0 [internal function]: M\App\Autoloader->loadResource('Main\\Module\\Tea...')
#1 [internal function]: spl_autoload_call('Main\\Module\\Tea...')
#2 /Volumes/htdocs/tigron-invoicing-tool/vendor/multimedium/core/src/M/Controller/Dispatcher.php(994): ReflectionClass->__construct('\\Main\\Module\\Te...')
#3 /Volumes/htdocs/tigron-invoicing-tool/vendor/multimedium/core/src/M/Controller/Dispatcher.php(1069): M\Controller\Dispatcher->_getController('\\Main\\Module\\Te...')
#4 /Volumes/htdocs/tigron-invoicing-tool/vendor/multimedium/core/src/M/Controller/Dispatcher.php(759): M\Controller\Dispatcher->_getControllerFromPathElements(Array, NULL)
#5 /Volumes/htdocs/tigron-invoicing-tool/vendor/multimedium/core/src/M/Controller/Dispatcher.php(872): M\Controller\Dispatcher->getControllerCallback()
#6 /Volumes/htdocs/tigron-invoicing-tool/public/index.php(126): M\Controller\Dispatcher->dispatch()
#7 {main}	
2022-10-27 16:14:07	Destructed Console
--
	
2022-10-27 16:15:47	Constructed Console	
2022-10-27 16:15:47	Class 'Main\Module\Teamleader\Controller\GuzzleHttp\Client' not found	
2022-10-27 16:15:47	#0 [internal function]: Main\Module\Teamleader\Controller\Teamleader->SyncCompany()
#1 /Volumes/htdocs/tigron-invoicing-tool/vendor/multimedium/core/src/M/Util/Callback.php(747): call_user_func_array(Array, Array)
#2 /Volumes/htdocs/tigron-invoicing-tool/vendor/multimedium/core/src/M/Controller/Dispatcher.php(881): M\Util\Callback->run()
#3 /Volumes/htdocs/tigron-invoicing-tool/public/index.php(126): M\Controller\Dispatcher->dispatch()
#4 {main}	
2022-10-27 16:15:47	Class 'Main\Module\Teamleader\Controller\GuzzleHttp\Client' not found	
2022-10-27 16:15:47	#0 [internal function]: Main\Module\Teamleader\Controller\Teamleader->SyncCompany()
#1 /Volumes/htdocs/tigron-invoicing-tool/vendor/multimedium/core/src/M/Util/Callback.php(747): call_user_func_array(Array, Array)
#2 /Volumes/htdocs/tigron-invoicing-tool/vendor/multimedium/core/src/M/Controller/Dispatcher.php(881): M\Util\Callback->run()
#3 /Volumes/htdocs/tigron-invoicing-tool/public/index.php(126): M\Controller\Dispatcher->dispatch()
#4 {main}	
2022-10-27 16:15:47	Destructed Console
--
	
