2022-10-29 12:01:35	Constructed Console	
2022-10-29 12:01:35	Class 'HttpResponse' not found	
2022-10-29 12:01:35	#0 [internal function]: Main\Module\Teamleader\Controller\Teamleader->authorize()
#1 /Volumes/htdocs/tigron-invoicing-tool/vendor/multimedium/core/src/M/Util/Callback.php(747): call_user_func_array(Array, Array)
#2 /Volumes/htdocs/tigron-invoicing-tool/vendor/multimedium/core/src/M/Controller/Dispatcher.php(881): M\Util\Callback->run()
#3 /Volumes/htdocs/tigron-invoicing-tool/public/index.php(126): M\Controller\Dispatcher->dispatch()
#4 {main}	
2022-10-29 12:01:35	Class 'HttpResponse' not found	
2022-10-29 12:01:35	#0 [internal function]: Main\Module\Teamleader\Controller\Teamleader->authorize()
#1 /Volumes/htdocs/tigron-invoicing-tool/vendor/multimedium/core/src/M/Util/Callback.php(747): call_user_func_array(Array, Array)
#2 /Volumes/htdocs/tigron-invoicing-tool/vendor/multimedium/core/src/M/Controller/Dispatcher.php(881): M\Util\Callback->run()
#3 /Volumes/htdocs/tigron-invoicing-tool/public/index.php(126): M\Controller\Dispatcher->dispatch()
#4 {main}	
2022-10-29 12:01:35	Destructed Console
--
	
2022-10-29 12:04:31	Constructed Console	
2022-10-29 12:04:31	Call to a member function getValue() on null	
2022-10-29 12:04:31	#0 [internal function]: Main\Module\Teamleader\Controller\Teamleader->companies()
#1 /Volumes/htdocs/tigron-invoicing-tool/vendor/multimedium/core/src/M/Util/Callback.php(747): call_user_func_array(Array, Array)
#2 /Volumes/htdocs/tigron-invoicing-tool/vendor/multimedium/core/src/M/Controller/Dispatcher.php(881): M\Util\Callback->run()
#3 /Volumes/htdocs/tigron-invoicing-tool/public/index.php(126): M\Controller\Dispatcher->dispatch()
#4 {main}	
2022-10-29 12:04:31	Call to a member function getValue() on null	
2022-10-29 12:04:31	#0 [internal function]: Main\Module\Teamleader\Controller\Teamleader->companies()
#1 /Volumes/htdocs/tigron-invoicing-tool/vendor/multimedium/core/src/M/Util/Callback.php(747): call_user_func_array(Array, Array)
#2 /Volumes/htdocs/tigron-invoicing-tool/vendor/multimedium/core/src/M/Controller/Dispatcher.php(881): M\Util\Callback->run()
#3 /Volumes/htdocs/tigron-invoicing-tool/public/index.php(126): M\Controller\Dispatcher->dispatch()
#4 {main}	
2022-10-29 12:04:31	Destructed Console
--
	
2022-10-29 12:05:49	Constructed Console	
2022-10-29 12:05:49	Call to a member function getValue() on null	
2022-10-29 12:05:49	#0 [internal function]: Main\Module\Teamleader\Controller\Teamleader->companies()
#1 /Volumes/htdocs/tigron-invoicing-tool/vendor/multimedium/core/src/M/Util/Callback.php(747): call_user_func_array(Array, Array)
#2 /Volumes/htdocs/tigron-invoicing-tool/vendor/multimedium/core/src/M/Controller/Dispatcher.php(881): M\Util\Callback->run()
#3 /Volumes/htdocs/tigron-invoicing-tool/public/index.php(126): M\Controller\Dispatcher->dispatch()
#4 {main}	
2022-10-29 12:05:49	Call to a member function getValue() on null	
2022-10-29 12:05:49	#0 [internal function]: Main\Module\Teamleader\Controller\Teamleader->companies()
#1 /Volumes/htdocs/tigron-invoicing-tool/vendor/multimedium/core/src/M/Util/Callback.php(747): call_user_func_array(Array, Array)
#2 /Volumes/htdocs/tigron-invoicing-tool/vendor/multimedium/core/src/M/Controller/Dispatcher.php(881): M\Util\Callback->run()
#3 /Volumes/htdocs/tigron-invoicing-tool/public/index.php(126): M\Controller\Dispatcher->dispatch()
#4 {main}	
2022-10-29 12:05:49	Destructed Console
--
	
2022-10-29 12:05:50	Constructed Console	
2022-10-29 12:05:50	Call to a member function getValue() on null	
2022-10-29 12:05:50	#0 [internal function]: Main\Module\Teamleader\Controller\Teamleader->companies()
#1 /Volumes/htdocs/tigron-invoicing-tool/vendor/multimedium/core/src/M/Util/Callback.php(747): call_user_func_array(Array, Array)
#2 /Volumes/htdocs/tigron-invoicing-tool/vendor/multimedium/core/src/M/Controller/Dispatcher.php(881): M\Util\Callback->run()
#3 /Volumes/htdocs/tigron-invoicing-tool/public/index.php(126): M\Controller\Dispatcher->dispatch()
#4 {main}	
2022-10-29 12:05:50	Call to a member function getValue() on null	
2022-10-29 12:05:50	#0 [internal function]: Main\Module\Teamleader\Controller\Teamleader->companies()
#1 /Volumes/htdocs/tigron-invoicing-tool/vendor/multimedium/core/src/M/Util/Callback.php(747): call_user_func_array(Array, Array)
#2 /Volumes/htdocs/tigron-invoicing-tool/vendor/multimedium/core/src/M/Controller/Dispatcher.php(881): M\Util\Callback->run()
#3 /Volumes/htdocs/tigron-invoicing-tool/public/index.php(126): M\Controller\Dispatcher->dispatch()
#4 {main}	
2022-10-29 12:05:50	Destructed Console
--
	
2022-10-29 12:05:50	Constructed Console	
2022-10-29 12:05:50	Call to a member function getValue() on null	
2022-10-29 12:05:50	#0 [internal function]: Main\Module\Teamleader\Controller\Teamleader->companies()
#1 /Volumes/htdocs/tigron-invoicing-tool/vendor/multimedium/core/src/M/Util/Callback.php(747): call_user_func_array(Array, Array)
#2 /Volumes/htdocs/tigron-invoicing-tool/vendor/multimedium/core/src/M/Controller/Dispatcher.php(881): M\Util\Callback->run()
#3 /Volumes/htdocs/tigron-invoicing-tool/public/index.php(126): M\Controller\Dispatcher->dispatch()
#4 {main}	
2022-10-29 12:05:50	Call to a member function getValue() on null	
2022-10-29 12:05:50	#0 [internal function]: Main\Module\Teamleader\Controller\Teamleader->companies()
#1 /Volumes/htdocs/tigron-invoicing-tool/vendor/multimedium/core/src/M/Util/Callback.php(747): call_user_func_array(Array, Array)
#2 /Volumes/htdocs/tigron-invoicing-tool/vendor/multimedium/core/src/M/Controller/Dispatcher.php(881): M\Util\Callback->run()
#3 /Volumes/htdocs/tigron-invoicing-tool/public/index.php(126): M\Controller\Dispatcher->dispatch()
#4 {main}	
2022-10-29 12:05:50	Destructed Console
--
	
2022-10-29 12:05:51	Constructed Console	
2022-10-29 12:05:51	Call to a member function getValue() on null	
2022-10-29 12:05:51	#0 [internal function]: Main\Module\Teamleader\Controller\Teamleader->companies()
#1 /Volumes/htdocs/tigron-invoicing-tool/vendor/multimedium/core/src/M/Util/Callback.php(747): call_user_func_array(Array, Array)
#2 /Volumes/htdocs/tigron-invoicing-tool/vendor/multimedium/core/src/M/Controller/Dispatcher.php(881): M\Util\Callback->run()
#3 /Volumes/htdocs/tigron-invoicing-tool/public/index.php(126): M\Controller\Dispatcher->dispatch()
#4 {main}	
2022-10-29 12:05:51	Call to a member function getValue() on null	
2022-10-29 12:05:51	#0 [internal function]: Main\Module\Teamleader\Controller\Teamleader->companies()
#1 /Volumes/htdocs/tigron-invoicing-tool/vendor/multimedium/core/src/M/Util/Callback.php(747): call_user_func_array(Array, Array)
#2 /Volumes/htdocs/tigron-invoicing-tool/vendor/multimedium/core/src/M/Controller/Dispatcher.php(881): M\Util\Callback->run()
#3 /Volumes/htdocs/tigron-invoicing-tool/public/index.php(126): M\Controller\Dispatcher->dispatch()
#4 {main}	
2022-10-29 12:05:51	Destructed Console
--
	
2022-10-29 12:10:32	Constructed Console	
2022-10-29 12:10:32	Call to a member function getValue() on null	
2022-10-29 12:10:32	#0 [internal function]: Main\Module\Teamleader\Controller\Teamleader->companies()
#1 /Volumes/htdocs/tigron-invoicing-tool/vendor/multimedium/core/src/M/Util/Callback.php(747): call_user_func_array(Array, Array)
#2 /Volumes/htdocs/tigron-invoicing-tool/vendor/multimedium/core/src/M/Controller/Dispatcher.php(881): M\Util\Callback->run()
#3 /Volumes/htdocs/tigron-invoicing-tool/public/index.php(126): M\Controller\Dispatcher->dispatch()
#4 {main}	
2022-10-29 12:10:32	Call to a member function getValue() on null	
2022-10-29 12:10:32	#0 [internal function]: Main\Module\Teamleader\Controller\Teamleader->companies()
#1 /Volumes/htdocs/tigron-invoicing-tool/vendor/multimedium/core/src/M/Util/Callback.php(747): call_user_func_array(Array, Array)
#2 /Volumes/htdocs/tigron-invoicing-tool/vendor/multimedium/core/src/M/Controller/Dispatcher.php(881): M\Util\Callback->run()
#3 /Volumes/htdocs/tigron-invoicing-tool/public/index.php(126): M\Controller\Dispatcher->dispatch()
#4 {main}	
2022-10-29 12:10:32	Destructed Console
--
	
2022-10-29 12:46:59	Constructed Console	
2022-10-29 12:46:59	Call to undefined method M\DataObject\ResultSet::getValue()	
2022-10-29 12:46:59	#0 [internal function]: Main\Module\Teamleader\Controller\Teamleader->companies()
#1 /Volumes/htdocs/tigron-invoicing-tool/vendor/multimedium/core/src/M/Util/Callback.php(747): call_user_func_array(Array, Array)
#2 /Volumes/htdocs/tigron-invoicing-tool/vendor/multimedium/core/src/M/Controller/Dispatcher.php(881): M\Util\Callback->run()
#3 /Volumes/htdocs/tigron-invoicing-tool/public/index.php(126): M\Controller\Dispatcher->dispatch()
#4 {main}	
2022-10-29 12:46:59	Call to undefined method M\DataObject\ResultSet::getValue()	
2022-10-29 12:46:59	#0 [internal function]: Main\Module\Teamleader\Controller\Teamleader->companies()
#1 /Volumes/htdocs/tigron-invoicing-tool/vendor/multimedium/core/src/M/Util/Callback.php(747): call_user_func_array(Array, Array)
#2 /Volumes/htdocs/tigron-invoicing-tool/vendor/multimedium/core/src/M/Controller/Dispatcher.php(881): M\Util\Callback->run()
#3 /Volumes/htdocs/tigron-invoicing-tool/public/index.php(126): M\Controller\Dispatcher->dispatch()
#4 {main}	
2022-10-29 12:46:59	Destructed Console
--
	
2022-10-29 12:50:45	Constructed Console	
2022-10-29 12:50:45	Call to a member function getName() on null	
2022-10-29 12:50:45	#0 [internal function]: Main\Module\Teamleader\Controller\Teamleader->names()
#1 /Volumes/htdocs/tigron-invoicing-tool/vendor/multimedium/core/src/M/Util/Callback.php(747): call_user_func_array(Array, Array)
#2 /Volumes/htdocs/tigron-invoicing-tool/vendor/multimedium/core/src/M/Controller/Dispatcher.php(881): M\Util\Callback->run()
#3 /Volumes/htdocs/tigron-invoicing-tool/public/index.php(126): M\Controller\Dispatcher->dispatch()
#4 {main}	
2022-10-29 12:50:45	Call to a member function getName() on null	
2022-10-29 12:50:45	#0 [internal function]: Main\Module\Teamleader\Controller\Teamleader->names()
#1 /Volumes/htdocs/tigron-invoicing-tool/vendor/multimedium/core/src/M/Util/Callback.php(747): call_user_func_array(Array, Array)
#2 /Volumes/htdocs/tigron-invoicing-tool/vendor/multimedium/core/src/M/Controller/Dispatcher.php(881): M\Util\Callback->run()
#3 /Volumes/htdocs/tigron-invoicing-tool/public/index.php(126): M\Controller\Dispatcher->dispatch()
#4 {main}	
2022-10-29 12:50:45	Destructed Console
--
	
2022-10-29 12:51:17	Constructed Console	
2022-10-29 12:51:17	Call to a member function getName() on null	
2022-10-29 12:51:17	#0 [internal function]: Main\Module\Teamleader\Controller\Teamleader->names()
#1 /Volumes/htdocs/tigron-invoicing-tool/vendor/multimedium/core/src/M/Util/Callback.php(747): call_user_func_array(Array, Array)
#2 /Volumes/htdocs/tigron-invoicing-tool/vendor/multimedium/core/src/M/Controller/Dispatcher.php(881): M\Util\Callback->run()
#3 /Volumes/htdocs/tigron-invoicing-tool/public/index.php(126): M\Controller\Dispatcher->dispatch()
#4 {main}	
2022-10-29 12:51:17	Call to a member function getName() on null	
2022-10-29 12:51:17	#0 [internal function]: Main\Module\Teamleader\Controller\Teamleader->names()
#1 /Volumes/htdocs/tigron-invoicing-tool/vendor/multimedium/core/src/M/Util/Callback.php(747): call_user_func_array(Array, Array)
#2 /Volumes/htdocs/tigron-invoicing-tool/vendor/multimedium/core/src/M/Controller/Dispatcher.php(881): M\Util\Callback->run()
#3 /Volumes/htdocs/tigron-invoicing-tool/public/index.php(126): M\Controller\Dispatcher->dispatch()
#4 {main}	
2022-10-29 12:51:17	Destructed Console
--
	
