2022-11-16 12:21:46	Constructed Console	
2022-11-16 12:21:46	Unable to construct Controller with path favicon.ico	
2022-11-16 12:21:46	#0 /Volumes/htdocs/tigron-invoicing-tool/vendor/multimedium/core/src/M/Controller/Dispatcher.php(872): M\Controller\Dispatcher->getControllerCallback()
#1 /Volumes/htdocs/tigron-invoicing-tool/public/index.php(126): M\Controller\Dispatcher->dispatch()
#2 {main}	
2022-11-16 12:21:46	Destructed Console
--
	
2022-11-16 12:21:48	Constructed Console	
2022-11-16 12:21:48	Unable to construct Controller with path favicon.ico	
2022-11-16 12:21:48	#0 /Volumes/htdocs/tigron-invoicing-tool/vendor/multimedium/core/src/M/Controller/Dispatcher.php(872): M\Controller\Dispatcher->getControllerCallback()
#1 /Volumes/htdocs/tigron-invoicing-tool/public/index.php(126): M\Controller\Dispatcher->dispatch()
#2 {main}	
2022-11-16 12:21:48	Destructed Console
--
	
2022-11-16 12:22:02	Constructed Console	
2022-11-16 12:22:02	Unable to construct Controller with path favicon.ico	
2022-11-16 12:22:02	#0 /Volumes/htdocs/tigron-invoicing-tool/vendor/multimedium/core/src/M/Controller/Dispatcher.php(872): M\Controller\Dispatcher->getControllerCallback()
#1 /Volumes/htdocs/tigron-invoicing-tool/public/index.php(126): M\Controller\Dispatcher->dispatch()
#2 {main}	
2022-11-16 12:22:02	Destructed Console
--
	
2022-11-16 12:22:26	Constructed Console	
2022-11-16 12:22:26	Unable to construct Controller with path favicon.ico	
2022-11-16 12:22:26	#0 /Volumes/htdocs/tigron-invoicing-tool/vendor/multimedium/core/src/M/Controller/Dispatcher.php(872): M\Controller\Dispatcher->getControllerCallback()
#1 /Volumes/htdocs/tigron-invoicing-tool/public/index.php(126): M\Controller\Dispatcher->dispatch()
#2 {main}	
2022-11-16 12:22:26	Destructed Console
--
	
2022-11-16 12:22:55	Constructed Console	
2022-11-16 12:22:55	Unable to construct Controller with path favicon.ico	
2022-11-16 12:22:55	#0 /Volumes/htdocs/tigron-invoicing-tool/vendor/multimedium/core/src/M/Controller/Dispatcher.php(872): M\Controller\Dispatcher->getControllerCallback()
#1 /Volumes/htdocs/tigron-invoicing-tool/public/index.php(126): M\Controller\Dispatcher->dispatch()
#2 {main}	
2022-11-16 12:22:55	Destructed Console
--
	
2022-11-16 12:53:32	Constructed Console	
2022-11-16 12:53:32	Unable to construct Controller with path favicon.ico	
2022-11-16 12:53:32	#0 /Volumes/htdocs/tigron-invoicing-tool/vendor/multimedium/core/src/M/Controller/Dispatcher.php(872): M\Controller\Dispatcher->getControllerCallback()
#1 /Volumes/htdocs/tigron-invoicing-tool/public/index.php(126): M\Controller\Dispatcher->dispatch()
#2 {main}	
2022-11-16 12:53:32	Destructed Console
--
	
2022-11-16 12:53:56	Constructed Console	
2022-11-16 12:53:56	Unable to construct Controller with path favicon.ico	
2022-11-16 12:53:56	#0 /Volumes/htdocs/tigron-invoicing-tool/vendor/multimedium/core/src/M/Controller/Dispatcher.php(872): M\Controller\Dispatcher->getControllerCallback()
#1 /Volumes/htdocs/tigron-invoicing-tool/public/index.php(126): M\Controller\Dispatcher->dispatch()
#2 {main}	
2022-11-16 12:53:56	Destructed Console
--
	
2022-11-16 12:54:49	Constructed Console	
2022-11-16 12:54:49	Unable to construct Controller with path favicon.ico	
2022-11-16 12:54:49	#0 /Volumes/htdocs/tigron-invoicing-tool/vendor/multimedium/core/src/M/Controller/Dispatcher.php(872): M\Controller\Dispatcher->getControllerCallback()
#1 /Volumes/htdocs/tigron-invoicing-tool/public/index.php(126): M\Controller\Dispatcher->dispatch()
#2 {main}	
2022-11-16 12:54:49	Destructed Console
--
	
2022-11-16 12:55:10	Constructed Console	
2022-11-16 12:55:10	Unable to construct Controller with path favicon.ico	
2022-11-16 12:55:10	#0 /Volumes/htdocs/tigron-invoicing-tool/vendor/multimedium/core/src/M/Controller/Dispatcher.php(872): M\Controller\Dispatcher->getControllerCallback()
#1 /Volumes/htdocs/tigron-invoicing-tool/public/index.php(126): M\Controller\Dispatcher->dispatch()
#2 {main}	
2022-11-16 12:55:10	Destructed Console
--
	
2022-11-16 12:55:35	Constructed Console	
2022-11-16 12:55:35	Unable to construct Controller with path favicon.ico	
2022-11-16 12:55:35	#0 /Volumes/htdocs/tigron-invoicing-tool/vendor/multimedium/core/src/M/Controller/Dispatcher.php(872): M\Controller\Dispatcher->getControllerCallback()
#1 /Volumes/htdocs/tigron-invoicing-tool/public/index.php(126): M\Controller\Dispatcher->dispatch()
#2 {main}	
2022-11-16 12:55:35	Destructed Console
--
	
2022-11-16 12:56:26	Constructed Console	
2022-11-16 12:56:26	Unable to construct Controller with path favicon.ico	
2022-11-16 12:56:26	#0 /Volumes/htdocs/tigron-invoicing-tool/vendor/multimedium/core/src/M/Controller/Dispatcher.php(872): M\Controller\Dispatcher->getControllerCallback()
#1 /Volumes/htdocs/tigron-invoicing-tool/public/index.php(126): M\Controller\Dispatcher->dispatch()
#2 {main}	
2022-11-16 12:56:26	Destructed Console
--
	
2022-11-16 12:57:45	Constructed Console	
2022-11-16 12:57:45	Unable to construct Controller with path favicon.ico	
2022-11-16 12:57:45	#0 /Volumes/htdocs/tigron-invoicing-tool/vendor/multimedium/core/src/M/Controller/Dispatcher.php(872): M\Controller\Dispatcher->getControllerCallback()
#1 /Volumes/htdocs/tigron-invoicing-tool/public/index.php(126): M\Controller\Dispatcher->dispatch()
#2 {main}	
2022-11-16 12:57:45	Destructed Console
--
	
2022-11-16 12:58:38	Constructed Console	
2022-11-16 12:58:38	Unable to construct Controller with path favicon.ico	
2022-11-16 12:58:38	#0 /Volumes/htdocs/tigron-invoicing-tool/vendor/multimedium/core/src/M/Controller/Dispatcher.php(872): M\Controller\Dispatcher->getControllerCallback()
#1 /Volumes/htdocs/tigron-invoicing-tool/public/index.php(126): M\Controller\Dispatcher->dispatch()
#2 {main}	
2022-11-16 12:58:38	Destructed Console
--
	
2022-11-16 12:59:01	Constructed Console	
2022-11-16 12:59:01	Unable to construct Controller with path favicon.ico	
2022-11-16 12:59:01	#0 /Volumes/htdocs/tigron-invoicing-tool/vendor/multimedium/core/src/M/Controller/Dispatcher.php(872): M\Controller\Dispatcher->getControllerCallback()
#1 /Volumes/htdocs/tigron-invoicing-tool/public/index.php(126): M\Controller\Dispatcher->dispatch()
#2 {main}	
2022-11-16 12:59:01	Destructed Console
--
	
2022-11-16 13:56:46	Constructed Console	
2022-11-16 13:56:46	Unable to construct Controller with path favicon.ico	
2022-11-16 13:56:46	#0 /Volumes/htdocs/tigron-invoicing-tool/vendor/multimedium/core/src/M/Controller/Dispatcher.php(872): M\Controller\Dispatcher->getControllerCallback()
#1 /Volumes/htdocs/tigron-invoicing-tool/public/index.php(126): M\Controller\Dispatcher->dispatch()
#2 {main}	
2022-11-16 13:56:46	Destructed Console
--
	
2022-11-16 13:57:56	Constructed Console	
2022-11-16 13:57:56	Unable to construct Controller with path favicon.ico	
2022-11-16 13:57:56	#0 /Volumes/htdocs/tigron-invoicing-tool/vendor/multimedium/core/src/M/Controller/Dispatcher.php(872): M\Controller\Dispatcher->getControllerCallback()
#1 /Volumes/htdocs/tigron-invoicing-tool/public/index.php(126): M\Controller\Dispatcher->dispatch()
#2 {main}	
2022-11-16 13:57:56	Destructed Console
--
	
2022-11-16 15:38:29	Constructed Console	
2022-11-16 15:38:29	Unable to construct Controller with path favicon.ico	
2022-11-16 15:38:29	#0 /Volumes/htdocs/tigron-invoicing-tool/vendor/multimedium/core/src/M/Controller/Dispatcher.php(872): M\Controller\Dispatcher->getControllerCallback()
#1 /Volumes/htdocs/tigron-invoicing-tool/public/index.php(126): M\Controller\Dispatcher->dispatch()
#2 {main}	
2022-11-16 15:38:29	Destructed Console
--
	
2022-11-16 15:38:53	Constructed Console	
2022-11-16 15:38:53	Unable to construct Controller with path favicon.ico	
2022-11-16 15:38:53	#0 /Volumes/htdocs/tigron-invoicing-tool/vendor/multimedium/core/src/M/Controller/Dispatcher.php(872): M\Controller\Dispatcher->getControllerCallback()
#1 /Volumes/htdocs/tigron-invoicing-tool/public/index.php(126): M\Controller\Dispatcher->dispatch()
#2 {main}	
2022-11-16 15:38:53	Destructed Console
--
	
2022-11-16 15:39:25	Constructed Console	
2022-11-16 15:39:25	Unable to construct Controller with path favicon.ico	
2022-11-16 15:39:25	#0 /Volumes/htdocs/tigron-invoicing-tool/vendor/multimedium/core/src/M/Controller/Dispatcher.php(872): M\Controller\Dispatcher->getControllerCallback()
#1 /Volumes/htdocs/tigron-invoicing-tool/public/index.php(126): M\Controller\Dispatcher->dispatch()
#2 {main}	
2022-11-16 15:39:25	Destructed Console
--
	
2022-11-16 15:41:03	Constructed Console	
2022-11-16 15:41:03	Unable to construct Controller with path favicon.ico	
2022-11-16 15:41:03	#0 /Volumes/htdocs/tigron-invoicing-tool/vendor/multimedium/core/src/M/Controller/Dispatcher.php(872): M\Controller\Dispatcher->getControllerCallback()
#1 /Volumes/htdocs/tigron-invoicing-tool/public/index.php(126): M\Controller\Dispatcher->dispatch()
#2 {main}	
2022-11-16 15:41:03	Destructed Console
--
	
2022-11-16 15:41:19	Constructed Console	
2022-11-16 15:41:19	Unable to construct Controller with path favicon.ico	
2022-11-16 15:41:19	#0 /Volumes/htdocs/tigron-invoicing-tool/vendor/multimedium/core/src/M/Controller/Dispatcher.php(872): M\Controller\Dispatcher->getControllerCallback()
#1 /Volumes/htdocs/tigron-invoicing-tool/public/index.php(126): M\Controller\Dispatcher->dispatch()
#2 {main}	
2022-11-16 15:41:19	Destructed Console
--
	
2022-11-16 15:41:59	Constructed Console	
2022-11-16 15:41:59	Unable to construct Controller with path favicon.ico	
2022-11-16 15:41:59	#0 /Volumes/htdocs/tigron-invoicing-tool/vendor/multimedium/core/src/M/Controller/Dispatcher.php(872): M\Controller\Dispatcher->getControllerCallback()
#1 /Volumes/htdocs/tigron-invoicing-tool/public/index.php(126): M\Controller\Dispatcher->dispatch()
#2 {main}	
2022-11-16 15:41:59	Destructed Console
--
	
2022-11-16 15:53:56	Constructed Console	
2022-11-16 15:53:56	Unable to construct Controller with path favicon.ico	
2022-11-16 15:53:56	#0 /Volumes/htdocs/tigron-invoicing-tool/vendor/multimedium/core/src/M/Controller/Dispatcher.php(872): M\Controller\Dispatcher->getControllerCallback()
#1 /Volumes/htdocs/tigron-invoicing-tool/public/index.php(126): M\Controller\Dispatcher->dispatch()
#2 {main}	
2022-11-16 15:53:56	Destructed Console
--
	
2022-11-16 15:55:13	Constructed Console	
2022-11-16 15:55:13	Unable to construct Controller with path favicon.ico	
2022-11-16 15:55:13	#0 /Volumes/htdocs/tigron-invoicing-tool/vendor/multimedium/core/src/M/Controller/Dispatcher.php(872): M\Controller\Dispatcher->getControllerCallback()
#1 /Volumes/htdocs/tigron-invoicing-tool/public/index.php(126): M\Controller\Dispatcher->dispatch()
#2 {main}	
2022-11-16 15:55:13	Destructed Console
--
	
2022-11-16 15:56:04	Constructed Console	
2022-11-16 15:56:04	Unable to construct Controller with path favicon.ico	
2022-11-16 15:56:04	#0 /Volumes/htdocs/tigron-invoicing-tool/vendor/multimedium/core/src/M/Controller/Dispatcher.php(872): M\Controller\Dispatcher->getControllerCallback()
#1 /Volumes/htdocs/tigron-invoicing-tool/public/index.php(126): M\Controller\Dispatcher->dispatch()
#2 {main}	
2022-11-16 15:56:04	Destructed Console
--
	
2022-11-16 15:56:28	Constructed Console	
2022-11-16 15:56:28	Unable to construct Controller with path favicon.ico	
2022-11-16 15:56:28	#0 /Volumes/htdocs/tigron-invoicing-tool/vendor/multimedium/core/src/M/Controller/Dispatcher.php(872): M\Controller\Dispatcher->getControllerCallback()
#1 /Volumes/htdocs/tigron-invoicing-tool/public/index.php(126): M\Controller\Dispatcher->dispatch()
#2 {main}	
2022-11-16 15:56:28	Destructed Console
--
	
