2022-11-27 15:30:19	Constructed Console	
2022-11-27 15:30:19	Unable to construct Controller with path favicon.ico	
2022-11-27 15:30:19	#0 /Volumes/htdocs/tigron-invoicing-tool/vendor/multimedium/core/src/M/Controller/Dispatcher.php(872): M\Controller\Dispatcher->getControllerCallback()
#1 /Volumes/htdocs/tigron-invoicing-tool/public/index.php(126): M\Controller\Dispatcher->dispatch()
#2 {main}	
2022-11-27 15:30:19	Destructed Console
--
	
2022-11-27 15:30:28	Constructed Console	
2022-11-27 15:30:28	Unable to construct Controller with path js/invoice.js	
2022-11-27 15:30:28	#0 /Volumes/htdocs/tigron-invoicing-tool/vendor/multimedium/core/src/M/Controller/Dispatcher.php(872): M\Controller\Dispatcher->getControllerCallback()
#1 /Volumes/htdocs/tigron-invoicing-tool/public/index.php(126): M\Controller\Dispatcher->dispatch()
#2 {main}	
2022-11-27 15:30:28	Destructed Console
--
	
2022-11-27 15:30:28	Constructed Console	
2022-11-27 15:30:28	Unable to construct Controller with path favicon.ico	
2022-11-27 15:30:28	#0 /Volumes/htdocs/tigron-invoicing-tool/vendor/multimedium/core/src/M/Controller/Dispatcher.php(872): M\Controller\Dispatcher->getControllerCallback()
#1 /Volumes/htdocs/tigron-invoicing-tool/public/index.php(126): M\Controller\Dispatcher->dispatch()
#2 {main}	
2022-11-27 15:30:28	Destructed Console
--
	
2022-11-27 15:30:31	Constructed Console	
2022-11-27 15:30:31	Unable to construct Controller with path favicon.ico	
2022-11-27 15:30:31	#0 /Volumes/htdocs/tigron-invoicing-tool/vendor/multimedium/core/src/M/Controller/Dispatcher.php(872): M\Controller\Dispatcher->getControllerCallback()
#1 /Volumes/htdocs/tigron-invoicing-tool/public/index.php(126): M\Controller\Dispatcher->dispatch()
#2 {main}	
2022-11-27 15:30:31	Destructed Console
--
	
2022-11-27 15:31:46	Constructed Console	
2022-11-27 15:31:46	Unable to construct Controller with path js/invoice.js	
2022-11-27 15:31:46	#0 /Volumes/htdocs/tigron-invoicing-tool/vendor/multimedium/core/src/M/Controller/Dispatcher.php(872): M\Controller\Dispatcher->getControllerCallback()
#1 /Volumes/htdocs/tigron-invoicing-tool/public/index.php(126): M\Controller\Dispatcher->dispatch()
#2 {main}	
2022-11-27 15:31:46	Destructed Console
--
	
2022-11-27 15:31:46	Constructed Console	
2022-11-27 15:31:46	Unable to construct Controller with path favicon.ico	
2022-11-27 15:31:46	#0 /Volumes/htdocs/tigron-invoicing-tool/vendor/multimedium/core/src/M/Controller/Dispatcher.php(872): M\Controller\Dispatcher->getControllerCallback()
#1 /Volumes/htdocs/tigron-invoicing-tool/public/index.php(126): M\Controller\Dispatcher->dispatch()
#2 {main}	
2022-11-27 15:31:46	Destructed Console
--
	
