2022-11-17 12:03:46	Constructed Console	
2022-11-17 12:03:46	Class 'Tigronold\Cp\Reseller' not found	
2022-11-17 12:03:46	#0 [internal function]: Main\Module\Tigron\Controller\Tigron->index()
#1 /Volumes/htdocs/tigron-invoicing-tool/vendor/multimedium/core/src/M/Util/Callback.php(747): call_user_func_array(Array, Array)
#2 /Volumes/htdocs/tigron-invoicing-tool/vendor/multimedium/core/src/M/Controller/Dispatcher.php(881): M\Util\Callback->run()
#3 /Volumes/htdocs/tigron-invoicing-tool/public/index.php(126): M\Controller\Dispatcher->dispatch()
#4 {main}	
2022-11-17 12:03:46	Class 'Tigronold\Cp\Reseller' not found	
2022-11-17 12:03:46	#0 [internal function]: Main\Module\Tigron\Controller\Tigron->index()
#1 /Volumes/htdocs/tigron-invoicing-tool/vendor/multimedium/core/src/M/Util/Callback.php(747): call_user_func_array(Array, Array)
#2 /Volumes/htdocs/tigron-invoicing-tool/vendor/multimedium/core/src/M/Controller/Dispatcher.php(881): M\Util\Callback->run()
#3 /Volumes/htdocs/tigron-invoicing-tool/public/index.php(126): M\Controller\Dispatcher->dispatch()
#4 {main}	
2022-11-17 12:03:46	Destructed Console
--
	
2022-11-17 12:03:54	Constructed Console	
2022-11-17 12:03:54	Class 'Tigronold\Cp\Reseller' not found	
2022-11-17 12:03:54	#0 [internal function]: Main\Module\Tigron\Controller\Tigron->index()
#1 /Volumes/htdocs/tigron-invoicing-tool/vendor/multimedium/core/src/M/Util/Callback.php(747): call_user_func_array(Array, Array)
#2 /Volumes/htdocs/tigron-invoicing-tool/vendor/multimedium/core/src/M/Controller/Dispatcher.php(881): M\Util\Callback->run()
#3 /Volumes/htdocs/tigron-invoicing-tool/public/index.php(126): M\Controller\Dispatcher->dispatch()
#4 {main}	
2022-11-17 12:03:54	Class 'Tigronold\Cp\Reseller' not found	
2022-11-17 12:03:54	#0 [internal function]: Main\Module\Tigron\Controller\Tigron->index()
#1 /Volumes/htdocs/tigron-invoicing-tool/vendor/multimedium/core/src/M/Util/Callback.php(747): call_user_func_array(Array, Array)
#2 /Volumes/htdocs/tigron-invoicing-tool/vendor/multimedium/core/src/M/Controller/Dispatcher.php(881): M\Util\Callback->run()
#3 /Volumes/htdocs/tigron-invoicing-tool/public/index.php(126): M\Controller\Dispatcher->dispatch()
#4 {main}	
2022-11-17 12:03:54	Destructed Console
--
	
2022-11-17 12:04:19	Constructed Console	
2022-11-17 12:04:19	Class 'Tigronold\Cp\Reseller' not found	
2022-11-17 12:04:19	#0 [internal function]: Main\Module\Tigron\Controller\Tigron->index()
#1 /Volumes/htdocs/tigron-invoicing-tool/vendor/multimedium/core/src/M/Util/Callback.php(747): call_user_func_array(Array, Array)
#2 /Volumes/htdocs/tigron-invoicing-tool/vendor/multimedium/core/src/M/Controller/Dispatcher.php(881): M\Util\Callback->run()
#3 /Volumes/htdocs/tigron-invoicing-tool/public/index.php(126): M\Controller\Dispatcher->dispatch()
#4 {main}	
2022-11-17 12:04:19	Class 'Tigronold\Cp\Reseller' not found	
2022-11-17 12:04:19	#0 [internal function]: Main\Module\Tigron\Controller\Tigron->index()
#1 /Volumes/htdocs/tigron-invoicing-tool/vendor/multimedium/core/src/M/Util/Callback.php(747): call_user_func_array(Array, Array)
#2 /Volumes/htdocs/tigron-invoicing-tool/vendor/multimedium/core/src/M/Controller/Dispatcher.php(881): M\Util\Callback->run()
#3 /Volumes/htdocs/tigron-invoicing-tool/public/index.php(126): M\Controller\Dispatcher->dispatch()
#4 {main}	
2022-11-17 12:04:19	Destructed Console
--
	
2022-11-17 12:15:01	Constructed Console	
2022-11-17 12:15:01	Class 'Tigronold\Cp\Reseller' not found	
2022-11-17 12:15:01	#0 [internal function]: Main\Module\Tigron\Controller\Tigron->index()
#1 /Volumes/htdocs/tigron-invoicing-tool/vendor/multimedium/core/src/M/Util/Callback.php(747): call_user_func_array(Array, Array)
#2 /Volumes/htdocs/tigron-invoicing-tool/vendor/multimedium/core/src/M/Controller/Dispatcher.php(881): M\Util\Callback->run()
#3 /Volumes/htdocs/tigron-invoicing-tool/public/index.php(126): M\Controller\Dispatcher->dispatch()
#4 {main}	
2022-11-17 12:15:01	Class 'Tigronold\Cp\Reseller' not found	
2022-11-17 12:15:01	#0 [internal function]: Main\Module\Tigron\Controller\Tigron->index()
#1 /Volumes/htdocs/tigron-invoicing-tool/vendor/multimedium/core/src/M/Util/Callback.php(747): call_user_func_array(Array, Array)
#2 /Volumes/htdocs/tigron-invoicing-tool/vendor/multimedium/core/src/M/Controller/Dispatcher.php(881): M\Util\Callback->run()
#3 /Volumes/htdocs/tigron-invoicing-tool/public/index.php(126): M\Controller\Dispatcher->dispatch()
#4 {main}	
2022-11-17 12:15:01	Destructed Console
--
	
2022-11-17 12:15:13	Constructed Console	
2022-11-17 12:15:13	Class 'Tigronold\Cp\Reseller' not found	
2022-11-17 12:15:13	#0 [internal function]: Main\Module\Tigron\Controller\Tigron->index()
#1 /Volumes/htdocs/tigron-invoicing-tool/vendor/multimedium/core/src/M/Util/Callback.php(747): call_user_func_array(Array, Array)
#2 /Volumes/htdocs/tigron-invoicing-tool/vendor/multimedium/core/src/M/Controller/Dispatcher.php(881): M\Util\Callback->run()
#3 /Volumes/htdocs/tigron-invoicing-tool/public/index.php(126): M\Controller\Dispatcher->dispatch()
#4 {main}	
2022-11-17 12:15:13	Class 'Tigronold\Cp\Reseller' not found	
2022-11-17 12:15:13	#0 [internal function]: Main\Module\Tigron\Controller\Tigron->index()
#1 /Volumes/htdocs/tigron-invoicing-tool/vendor/multimedium/core/src/M/Util/Callback.php(747): call_user_func_array(Array, Array)
#2 /Volumes/htdocs/tigron-invoicing-tool/vendor/multimedium/core/src/M/Controller/Dispatcher.php(881): M\Util\Callback->run()
#3 /Volumes/htdocs/tigron-invoicing-tool/public/index.php(126): M\Controller\Dispatcher->dispatch()
#4 {main}	
2022-11-17 12:15:13	Destructed Console
--
	
2022-11-17 12:15:37	Constructed Console	
2022-11-17 12:15:37	Return value of Main\Module\Tigron\Controller\Tigron::index() must be of the type array, object returned	
2022-11-17 12:15:37	#0 [internal function]: Main\Module\Tigron\Controller\Tigron->index()
#1 /Volumes/htdocs/tigron-invoicing-tool/vendor/multimedium/core/src/M/Util/Callback.php(747): call_user_func_array(Array, Array)
#2 /Volumes/htdocs/tigron-invoicing-tool/vendor/multimedium/core/src/M/Controller/Dispatcher.php(881): M\Util\Callback->run()
#3 /Volumes/htdocs/tigron-invoicing-tool/public/index.php(126): M\Controller\Dispatcher->dispatch()
#4 {main}	
2022-11-17 12:15:37	Return value of Main\Module\Tigron\Controller\Tigron::index() must be of the type array, object returned	
2022-11-17 12:15:37	#0 [internal function]: Main\Module\Tigron\Controller\Tigron->index()
#1 /Volumes/htdocs/tigron-invoicing-tool/vendor/multimedium/core/src/M/Util/Callback.php(747): call_user_func_array(Array, Array)
#2 /Volumes/htdocs/tigron-invoicing-tool/vendor/multimedium/core/src/M/Controller/Dispatcher.php(881): M\Util\Callback->run()
#3 /Volumes/htdocs/tigron-invoicing-tool/public/index.php(126): M\Controller\Dispatcher->dispatch()
#4 {main}	
2022-11-17 12:15:37	Destructed Console
--
	
2022-11-17 12:17:15	Constructed Console	
2022-11-17 12:17:15	Too few arguments to function Tigron\Cp\Invoice::get_by_user(), 0 passed in /Volumes/htdocs/tigron-invoicing-tool/app/Main/Module/Tigron/Controller/Tigron.php on line 27 and exactly 1 expected	
2022-11-17 12:17:15	#0 /Volumes/htdocs/tigron-invoicing-tool/app/Main/Module/Tigron/Controller/Tigron.php(27): Tigron\Cp\Invoice::get_by_user()
#1 [internal function]: Main\Module\Tigron\Controller\Tigron->index()
#2 /Volumes/htdocs/tigron-invoicing-tool/vendor/multimedium/core/src/M/Util/Callback.php(747): call_user_func_array(Array, Array)
#3 /Volumes/htdocs/tigron-invoicing-tool/vendor/multimedium/core/src/M/Controller/Dispatcher.php(881): M\Util\Callback->run()
#4 /Volumes/htdocs/tigron-invoicing-tool/public/index.php(126): M\Controller\Dispatcher->dispatch()
#5 {main}	
2022-11-17 12:17:15	Too few arguments to function Tigron\Cp\Invoice::get_by_user(), 0 passed in /Volumes/htdocs/tigron-invoicing-tool/app/Main/Module/Tigron/Controller/Tigron.php on line 27 and exactly 1 expected	
2022-11-17 12:17:15	#0 /Volumes/htdocs/tigron-invoicing-tool/app/Main/Module/Tigron/Controller/Tigron.php(27): Tigron\Cp\Invoice::get_by_user()
#1 [internal function]: Main\Module\Tigron\Controller\Tigron->index()
#2 /Volumes/htdocs/tigron-invoicing-tool/vendor/multimedium/core/src/M/Util/Callback.php(747): call_user_func_array(Array, Array)
#3 /Volumes/htdocs/tigron-invoicing-tool/vendor/multimedium/core/src/M/Controller/Dispatcher.php(881): M\Util\Callback->run()
#4 /Volumes/htdocs/tigron-invoicing-tool/public/index.php(126): M\Controller\Dispatcher->dispatch()
#5 {main}	
2022-11-17 12:17:15	Destructed Console
--
	
2022-11-17 12:17:34	Constructed Console	
2022-11-17 12:17:34	Argument 1 passed to Tigron\Cp\Invoice::get_by_user() must be an instance of Tigron\User, instance of Tigron\Cp\User given, called in /Volumes/htdocs/tigron-invoicing-tool/app/Main/Module/Tigron/Controller/Tigron.php on line 27	
2022-11-17 12:17:34	#0 /Volumes/htdocs/tigron-invoicing-tool/app/Main/Module/Tigron/Controller/Tigron.php(27): Tigron\Cp\Invoice::get_by_user(Object(Tigron\Cp\User))
#1 [internal function]: Main\Module\Tigron\Controller\Tigron->index()
#2 /Volumes/htdocs/tigron-invoicing-tool/vendor/multimedium/core/src/M/Util/Callback.php(747): call_user_func_array(Array, Array)
#3 /Volumes/htdocs/tigron-invoicing-tool/vendor/multimedium/core/src/M/Controller/Dispatcher.php(881): M\Util\Callback->run()
#4 /Volumes/htdocs/tigron-invoicing-tool/public/index.php(126): M\Controller\Dispatcher->dispatch()
#5 {main}	
2022-11-17 12:17:34	Argument 1 passed to Tigron\Cp\Invoice::get_by_user() must be an instance of Tigron\User, instance of Tigron\Cp\User given, called in /Volumes/htdocs/tigron-invoicing-tool/app/Main/Module/Tigron/Controller/Tigron.php on line 27	
2022-11-17 12:17:34	#0 /Volumes/htdocs/tigron-invoicing-tool/app/Main/Module/Tigron/Controller/Tigron.php(27): Tigron\Cp\Invoice::get_by_user(Object(Tigron\Cp\User))
#1 [internal function]: Main\Module\Tigron\Controller\Tigron->index()
#2 /Volumes/htdocs/tigron-invoicing-tool/vendor/multimedium/core/src/M/Util/Callback.php(747): call_user_func_array(Array, Array)
#3 /Volumes/htdocs/tigron-invoicing-tool/vendor/multimedium/core/src/M/Controller/Dispatcher.php(881): M\Util\Callback->run()
#4 /Volumes/htdocs/tigron-invoicing-tool/public/index.php(126): M\Controller\Dispatcher->dispatch()
#5 {main}	
2022-11-17 12:17:34	Destructed Console
--
	
2022-11-17 16:28:57	Constructed Console	
2022-11-17 16:28:57	Argument 1 passed to Main\Module\Tigron\Controller\Tigron::invoice() must be of the type int, string given	
2022-11-17 16:28:57	#0 [internal function]: Main\Module\Tigron\Controller\Tigron->invoice('[object%20HTMLI...')
#1 /Volumes/htdocs/tigron-invoicing-tool/vendor/multimedium/core/src/M/Util/Callback.php(747): call_user_func_array(Array, Array)
#2 /Volumes/htdocs/tigron-invoicing-tool/vendor/multimedium/core/src/M/Controller/Dispatcher.php(881): M\Util\Callback->run()
#3 /Volumes/htdocs/tigron-invoicing-tool/public/index.php(126): M\Controller\Dispatcher->dispatch()
#4 {main}	
2022-11-17 16:28:57	Argument 1 passed to Main\Module\Tigron\Controller\Tigron::invoice() must be of the type int, string given	
2022-11-17 16:28:57	#0 [internal function]: Main\Module\Tigron\Controller\Tigron->invoice('[object%20HTMLI...')
#1 /Volumes/htdocs/tigron-invoicing-tool/vendor/multimedium/core/src/M/Util/Callback.php(747): call_user_func_array(Array, Array)
#2 /Volumes/htdocs/tigron-invoicing-tool/vendor/multimedium/core/src/M/Controller/Dispatcher.php(881): M\Util\Callback->run()
#3 /Volumes/htdocs/tigron-invoicing-tool/public/index.php(126): M\Controller\Dispatcher->dispatch()
#4 {main}	
2022-11-17 16:28:57	Destructed Console
--
	
2022-11-17 16:29:16	Constructed Console	
2022-11-17 16:29:16	Argument 1 passed to Main\Module\Tigron\Controller\Tigron::invoice() must be of the type int, string given	
2022-11-17 16:29:16	#0 [internal function]: Main\Module\Tigron\Controller\Tigron->invoice('[object%20HTMLI...')
#1 /Volumes/htdocs/tigron-invoicing-tool/vendor/multimedium/core/src/M/Util/Callback.php(747): call_user_func_array(Array, Array)
#2 /Volumes/htdocs/tigron-invoicing-tool/vendor/multimedium/core/src/M/Controller/Dispatcher.php(881): M\Util\Callback->run()
#3 /Volumes/htdocs/tigron-invoicing-tool/public/index.php(126): M\Controller\Dispatcher->dispatch()
#4 {main}	
2022-11-17 16:29:16	Argument 1 passed to Main\Module\Tigron\Controller\Tigron::invoice() must be of the type int, string given	
2022-11-17 16:29:16	#0 [internal function]: Main\Module\Tigron\Controller\Tigron->invoice('[object%20HTMLI...')
#1 /Volumes/htdocs/tigron-invoicing-tool/vendor/multimedium/core/src/M/Util/Callback.php(747): call_user_func_array(Array, Array)
#2 /Volumes/htdocs/tigron-invoicing-tool/vendor/multimedium/core/src/M/Controller/Dispatcher.php(881): M\Util\Callback->run()
#3 /Volumes/htdocs/tigron-invoicing-tool/public/index.php(126): M\Controller\Dispatcher->dispatch()
#4 {main}	
2022-11-17 16:29:16	Destructed Console
--
	
2022-11-17 16:29:34	Constructed Console	
2022-11-17 16:29:34	Argument 1 passed to Main\Module\Tigron\Controller\Tigron::invoice() must be of the type int, string given	
2022-11-17 16:29:34	#0 [internal function]: Main\Module\Tigron\Controller\Tigron->invoice('[object%20HTMLI...')
#1 /Volumes/htdocs/tigron-invoicing-tool/vendor/multimedium/core/src/M/Util/Callback.php(747): call_user_func_array(Array, Array)
#2 /Volumes/htdocs/tigron-invoicing-tool/vendor/multimedium/core/src/M/Controller/Dispatcher.php(881): M\Util\Callback->run()
#3 /Volumes/htdocs/tigron-invoicing-tool/public/index.php(126): M\Controller\Dispatcher->dispatch()
#4 {main}	
2022-11-17 16:29:34	Argument 1 passed to Main\Module\Tigron\Controller\Tigron::invoice() must be of the type int, string given	
2022-11-17 16:29:34	#0 [internal function]: Main\Module\Tigron\Controller\Tigron->invoice('[object%20HTMLI...')
#1 /Volumes/htdocs/tigron-invoicing-tool/vendor/multimedium/core/src/M/Util/Callback.php(747): call_user_func_array(Array, Array)
#2 /Volumes/htdocs/tigron-invoicing-tool/vendor/multimedium/core/src/M/Controller/Dispatcher.php(881): M\Util\Callback->run()
#3 /Volumes/htdocs/tigron-invoicing-tool/public/index.php(126): M\Controller\Dispatcher->dispatch()
#4 {main}	
2022-11-17 16:29:34	Destructed Console
--
	
2022-11-17 16:29:37	Constructed Console	
2022-11-17 16:29:37	Argument 1 passed to Main\Module\Tigron\Controller\Tigron::invoice() must be of the type int, string given	
2022-11-17 16:29:37	#0 [internal function]: Main\Module\Tigron\Controller\Tigron->invoice('[object%20HTMLI...')
#1 /Volumes/htdocs/tigron-invoicing-tool/vendor/multimedium/core/src/M/Util/Callback.php(747): call_user_func_array(Array, Array)
#2 /Volumes/htdocs/tigron-invoicing-tool/vendor/multimedium/core/src/M/Controller/Dispatcher.php(881): M\Util\Callback->run()
#3 /Volumes/htdocs/tigron-invoicing-tool/public/index.php(126): M\Controller\Dispatcher->dispatch()
#4 {main}	
2022-11-17 16:29:37	Argument 1 passed to Main\Module\Tigron\Controller\Tigron::invoice() must be of the type int, string given	
2022-11-17 16:29:37	#0 [internal function]: Main\Module\Tigron\Controller\Tigron->invoice('[object%20HTMLI...')
#1 /Volumes/htdocs/tigron-invoicing-tool/vendor/multimedium/core/src/M/Util/Callback.php(747): call_user_func_array(Array, Array)
#2 /Volumes/htdocs/tigron-invoicing-tool/vendor/multimedium/core/src/M/Controller/Dispatcher.php(881): M\Util\Callback->run()
#3 /Volumes/htdocs/tigron-invoicing-tool/public/index.php(126): M\Controller\Dispatcher->dispatch()
#4 {main}	
2022-11-17 16:29:37	Destructed Console
--
	
2022-11-17 16:29:44	Constructed Console	
2022-11-17 16:29:44	Argument 1 passed to Main\Module\Tigron\Controller\Tigron::invoice() must be of the type int, string given	
2022-11-17 16:29:44	#0 [internal function]: Main\Module\Tigron\Controller\Tigron->invoice('[object%20HTMLI...')
#1 /Volumes/htdocs/tigron-invoicing-tool/vendor/multimedium/core/src/M/Util/Callback.php(747): call_user_func_array(Array, Array)
#2 /Volumes/htdocs/tigron-invoicing-tool/vendor/multimedium/core/src/M/Controller/Dispatcher.php(881): M\Util\Callback->run()
#3 /Volumes/htdocs/tigron-invoicing-tool/public/index.php(126): M\Controller\Dispatcher->dispatch()
#4 {main}	
2022-11-17 16:29:44	Argument 1 passed to Main\Module\Tigron\Controller\Tigron::invoice() must be of the type int, string given	
2022-11-17 16:29:44	#0 [internal function]: Main\Module\Tigron\Controller\Tigron->invoice('[object%20HTMLI...')
#1 /Volumes/htdocs/tigron-invoicing-tool/vendor/multimedium/core/src/M/Util/Callback.php(747): call_user_func_array(Array, Array)
#2 /Volumes/htdocs/tigron-invoicing-tool/vendor/multimedium/core/src/M/Controller/Dispatcher.php(881): M\Util\Callback->run()
#3 /Volumes/htdocs/tigron-invoicing-tool/public/index.php(126): M\Controller\Dispatcher->dispatch()
#4 {main}	
2022-11-17 16:29:44	Destructed Console
--
	
2022-11-17 16:29:56	Constructed Console	
2022-11-17 16:29:56	Argument 1 passed to Main\Module\Tigron\Controller\Tigron::invoice() must be of the type int, string given	
2022-11-17 16:29:56	#0 [internal function]: Main\Module\Tigron\Controller\Tigron->invoice('[object%20HTMLI...')
#1 /Volumes/htdocs/tigron-invoicing-tool/vendor/multimedium/core/src/M/Util/Callback.php(747): call_user_func_array(Array, Array)
#2 /Volumes/htdocs/tigron-invoicing-tool/vendor/multimedium/core/src/M/Controller/Dispatcher.php(881): M\Util\Callback->run()
#3 /Volumes/htdocs/tigron-invoicing-tool/public/index.php(126): M\Controller\Dispatcher->dispatch()
#4 {main}	
2022-11-17 16:29:56	Argument 1 passed to Main\Module\Tigron\Controller\Tigron::invoice() must be of the type int, string given	
2022-11-17 16:29:56	#0 [internal function]: Main\Module\Tigron\Controller\Tigron->invoice('[object%20HTMLI...')
#1 /Volumes/htdocs/tigron-invoicing-tool/vendor/multimedium/core/src/M/Util/Callback.php(747): call_user_func_array(Array, Array)
#2 /Volumes/htdocs/tigron-invoicing-tool/vendor/multimedium/core/src/M/Controller/Dispatcher.php(881): M\Util\Callback->run()
#3 /Volumes/htdocs/tigron-invoicing-tool/public/index.php(126): M\Controller\Dispatcher->dispatch()
#4 {main}	
2022-11-17 16:29:56	Destructed Console
--
	
2022-11-17 16:30:03	Constructed Console	
2022-11-17 16:30:03	Argument 1 passed to Main\Module\Tigron\Controller\Tigron::invoice() must be of the type int, string given	
2022-11-17 16:30:03	#0 [internal function]: Main\Module\Tigron\Controller\Tigron->invoice('[object%20HTMLI...')
#1 /Volumes/htdocs/tigron-invoicing-tool/vendor/multimedium/core/src/M/Util/Callback.php(747): call_user_func_array(Array, Array)
#2 /Volumes/htdocs/tigron-invoicing-tool/vendor/multimedium/core/src/M/Controller/Dispatcher.php(881): M\Util\Callback->run()
#3 /Volumes/htdocs/tigron-invoicing-tool/public/index.php(126): M\Controller\Dispatcher->dispatch()
#4 {main}	
2022-11-17 16:30:03	Argument 1 passed to Main\Module\Tigron\Controller\Tigron::invoice() must be of the type int, string given	
2022-11-17 16:30:03	#0 [internal function]: Main\Module\Tigron\Controller\Tigron->invoice('[object%20HTMLI...')
#1 /Volumes/htdocs/tigron-invoicing-tool/vendor/multimedium/core/src/M/Util/Callback.php(747): call_user_func_array(Array, Array)
#2 /Volumes/htdocs/tigron-invoicing-tool/vendor/multimedium/core/src/M/Controller/Dispatcher.php(881): M\Util\Callback->run()
#3 /Volumes/htdocs/tigron-invoicing-tool/public/index.php(126): M\Controller\Dispatcher->dispatch()
#4 {main}	
2022-11-17 16:30:03	Destructed Console
--
	
2022-11-17 16:30:08	Constructed Console	
2022-11-17 16:30:08	Class 'App\Main\Module\Tigron\Model\TigronInvoice' not found	
2022-11-17 16:30:08	#0 [internal function]: Main\Module\Tigron\Controller\Tigron->invoice(12)
#1 /Volumes/htdocs/tigron-invoicing-tool/vendor/multimedium/core/src/M/Util/Callback.php(747): call_user_func_array(Array, Array)
#2 /Volumes/htdocs/tigron-invoicing-tool/vendor/multimedium/core/src/M/Controller/Dispatcher.php(881): M\Util\Callback->run()
#3 /Volumes/htdocs/tigron-invoicing-tool/public/index.php(126): M\Controller\Dispatcher->dispatch()
#4 {main}	
2022-11-17 16:30:08	Class 'App\Main\Module\Tigron\Model\TigronInvoice' not found	
2022-11-17 16:30:08	#0 [internal function]: Main\Module\Tigron\Controller\Tigron->invoice(12)
#1 /Volumes/htdocs/tigron-invoicing-tool/vendor/multimedium/core/src/M/Util/Callback.php(747): call_user_func_array(Array, Array)
#2 /Volumes/htdocs/tigron-invoicing-tool/vendor/multimedium/core/src/M/Controller/Dispatcher.php(881): M\Util\Callback->run()
#3 /Volumes/htdocs/tigron-invoicing-tool/public/index.php(126): M\Controller\Dispatcher->dispatch()
#4 {main}	
2022-11-17 16:30:08	Destructed Console
--
	
2022-11-17 16:31:51	Constructed Console	
2022-11-17 16:31:51	Class 'App\Main\Module\Tigron\Model\TigronInvoice' not found	
2022-11-17 16:31:51	#0 [internal function]: Main\Module\Tigron\Controller\Tigron->invoice(25592)
#1 /Volumes/htdocs/tigron-invoicing-tool/vendor/multimedium/core/src/M/Util/Callback.php(747): call_user_func_array(Array, Array)
#2 /Volumes/htdocs/tigron-invoicing-tool/vendor/multimedium/core/src/M/Controller/Dispatcher.php(881): M\Util\Callback->run()
#3 /Volumes/htdocs/tigron-invoicing-tool/public/index.php(126): M\Controller\Dispatcher->dispatch()
#4 {main}	
2022-11-17 16:31:51	Class 'App\Main\Module\Tigron\Model\TigronInvoice' not found	
2022-11-17 16:31:51	#0 [internal function]: Main\Module\Tigron\Controller\Tigron->invoice(25592)
#1 /Volumes/htdocs/tigron-invoicing-tool/vendor/multimedium/core/src/M/Util/Callback.php(747): call_user_func_array(Array, Array)
#2 /Volumes/htdocs/tigron-invoicing-tool/vendor/multimedium/core/src/M/Controller/Dispatcher.php(881): M\Util\Callback->run()
#3 /Volumes/htdocs/tigron-invoicing-tool/public/index.php(126): M\Controller\Dispatcher->dispatch()
#4 {main}	
2022-11-17 16:31:51	Destructed Console
--
	
2022-11-17 16:55:44	Constructed Console	
2022-11-17 16:55:44	Class 'App\Main\Module\Tigron\Model\TigronInvoice' not found	
2022-11-17 16:55:44	#0 [internal function]: Main\Module\Tigron\Controller\Tigron->invoice(25592)
#1 /Volumes/htdocs/tigron-invoicing-tool/vendor/multimedium/core/src/M/Util/Callback.php(747): call_user_func_array(Array, Array)
#2 /Volumes/htdocs/tigron-invoicing-tool/vendor/multimedium/core/src/M/Controller/Dispatcher.php(881): M\Util\Callback->run()
#3 /Volumes/htdocs/tigron-invoicing-tool/public/index.php(126): M\Controller\Dispatcher->dispatch()
#4 {main}	
2022-11-17 16:55:44	Class 'App\Main\Module\Tigron\Model\TigronInvoice' not found	
2022-11-17 16:55:44	#0 [internal function]: Main\Module\Tigron\Controller\Tigron->invoice(25592)
#1 /Volumes/htdocs/tigron-invoicing-tool/vendor/multimedium/core/src/M/Util/Callback.php(747): call_user_func_array(Array, Array)
#2 /Volumes/htdocs/tigron-invoicing-tool/vendor/multimedium/core/src/M/Controller/Dispatcher.php(881): M\Util\Callback->run()
#3 /Volumes/htdocs/tigron-invoicing-tool/public/index.php(126): M\Controller\Dispatcher->dispatch()
#4 {main}	
2022-11-17 16:55:44	Destructed Console
--
	
2022-11-17 16:55:45	Constructed Console	
2022-11-17 16:55:45	Class 'App\Main\Module\Tigron\Model\TigronInvoice' not found	
2022-11-17 16:55:45	#0 [internal function]: Main\Module\Tigron\Controller\Tigron->invoice(25592)
#1 /Volumes/htdocs/tigron-invoicing-tool/vendor/multimedium/core/src/M/Util/Callback.php(747): call_user_func_array(Array, Array)
#2 /Volumes/htdocs/tigron-invoicing-tool/vendor/multimedium/core/src/M/Controller/Dispatcher.php(881): M\Util\Callback->run()
#3 /Volumes/htdocs/tigron-invoicing-tool/public/index.php(126): M\Controller\Dispatcher->dispatch()
#4 {main}	
2022-11-17 16:55:45	Class 'App\Main\Module\Tigron\Model\TigronInvoice' not found	
2022-11-17 16:55:45	#0 [internal function]: Main\Module\Tigron\Controller\Tigron->invoice(25592)
#1 /Volumes/htdocs/tigron-invoicing-tool/vendor/multimedium/core/src/M/Util/Callback.php(747): call_user_func_array(Array, Array)
#2 /Volumes/htdocs/tigron-invoicing-tool/vendor/multimedium/core/src/M/Controller/Dispatcher.php(881): M\Util\Callback->run()
#3 /Volumes/htdocs/tigron-invoicing-tool/public/index.php(126): M\Controller\Dispatcher->dispatch()
#4 {main}	
2022-11-17 16:55:45	Destructed Console
--
	
2022-11-17 16:55:49	Constructed Console	
2022-11-17 16:55:49	Class 'App\Main\Module\Tigron\Model\TigronInvoice' not found	
2022-11-17 16:55:49	#0 [internal function]: Main\Module\Tigron\Controller\Tigron->invoice(25592)
#1 /Volumes/htdocs/tigron-invoicing-tool/vendor/multimedium/core/src/M/Util/Callback.php(747): call_user_func_array(Array, Array)
#2 /Volumes/htdocs/tigron-invoicing-tool/vendor/multimedium/core/src/M/Controller/Dispatcher.php(881): M\Util\Callback->run()
#3 /Volumes/htdocs/tigron-invoicing-tool/public/index.php(126): M\Controller\Dispatcher->dispatch()
#4 {main}	
2022-11-17 16:55:49	Class 'App\Main\Module\Tigron\Model\TigronInvoice' not found	
2022-11-17 16:55:49	#0 [internal function]: Main\Module\Tigron\Controller\Tigron->invoice(25592)
#1 /Volumes/htdocs/tigron-invoicing-tool/vendor/multimedium/core/src/M/Util/Callback.php(747): call_user_func_array(Array, Array)
#2 /Volumes/htdocs/tigron-invoicing-tool/vendor/multimedium/core/src/M/Controller/Dispatcher.php(881): M\Util\Callback->run()
#3 /Volumes/htdocs/tigron-invoicing-tool/public/index.php(126): M\Controller\Dispatcher->dispatch()
#4 {main}	
2022-11-17 16:55:49	Destructed Console
--
	
2022-11-17 16:57:04	Constructed Console	
2022-11-17 16:57:04	Class 'App\Main\Module\Tigron\Model\TigronInvoice' not found	
2022-11-17 16:57:04	#0 [internal function]: Main\Module\Tigron\Controller\Tigron->invoice(25592)
#1 /Volumes/htdocs/tigron-invoicing-tool/vendor/multimedium/core/src/M/Util/Callback.php(747): call_user_func_array(Array, Array)
#2 /Volumes/htdocs/tigron-invoicing-tool/vendor/multimedium/core/src/M/Controller/Dispatcher.php(881): M\Util\Callback->run()
#3 /Volumes/htdocs/tigron-invoicing-tool/public/index.php(126): M\Controller\Dispatcher->dispatch()
#4 {main}	
2022-11-17 16:57:04	Class 'App\Main\Module\Tigron\Model\TigronInvoice' not found	
2022-11-17 16:57:04	#0 [internal function]: Main\Module\Tigron\Controller\Tigron->invoice(25592)
#1 /Volumes/htdocs/tigron-invoicing-tool/vendor/multimedium/core/src/M/Util/Callback.php(747): call_user_func_array(Array, Array)
#2 /Volumes/htdocs/tigron-invoicing-tool/vendor/multimedium/core/src/M/Controller/Dispatcher.php(881): M\Util\Callback->run()
#3 /Volumes/htdocs/tigron-invoicing-tool/public/index.php(126): M\Controller\Dispatcher->dispatch()
#4 {main}	
2022-11-17 16:57:04	Destructed Console
--
	
2022-11-17 16:57:06	Constructed Console	
2022-11-17 16:57:06	Class 'App\Main\Module\Tigron\Model\TigronInvoice' not found	
2022-11-17 16:57:06	#0 [internal function]: Main\Module\Tigron\Controller\Tigron->invoice(25592)
#1 /Volumes/htdocs/tigron-invoicing-tool/vendor/multimedium/core/src/M/Util/Callback.php(747): call_user_func_array(Array, Array)
#2 /Volumes/htdocs/tigron-invoicing-tool/vendor/multimedium/core/src/M/Controller/Dispatcher.php(881): M\Util\Callback->run()
#3 /Volumes/htdocs/tigron-invoicing-tool/public/index.php(126): M\Controller\Dispatcher->dispatch()
#4 {main}	
2022-11-17 16:57:06	Class 'App\Main\Module\Tigron\Model\TigronInvoice' not found	
2022-11-17 16:57:06	#0 [internal function]: Main\Module\Tigron\Controller\Tigron->invoice(25592)
#1 /Volumes/htdocs/tigron-invoicing-tool/vendor/multimedium/core/src/M/Util/Callback.php(747): call_user_func_array(Array, Array)
#2 /Volumes/htdocs/tigron-invoicing-tool/vendor/multimedium/core/src/M/Controller/Dispatcher.php(881): M\Util\Callback->run()
#3 /Volumes/htdocs/tigron-invoicing-tool/public/index.php(126): M\Controller\Dispatcher->dispatch()
#4 {main}	
2022-11-17 16:57:06	Destructed Console
--
	
2022-11-17 17:01:30	Constructed Console	
2022-11-17 17:01:30	Class 'App\Main\Module\Tigron\Model\TigronInvoice' not found	
2022-11-17 17:01:30	#0 [internal function]: Main\Module\Tigron\Controller\Tigron->invoice(25592)
#1 /Volumes/htdocs/tigron-invoicing-tool/vendor/multimedium/core/src/M/Util/Callback.php(747): call_user_func_array(Array, Array)
#2 /Volumes/htdocs/tigron-invoicing-tool/vendor/multimedium/core/src/M/Controller/Dispatcher.php(881): M\Util\Callback->run()
#3 /Volumes/htdocs/tigron-invoicing-tool/public/index.php(126): M\Controller\Dispatcher->dispatch()
#4 {main}	
2022-11-17 17:01:30	Class 'App\Main\Module\Tigron\Model\TigronInvoice' not found	
2022-11-17 17:01:30	#0 [internal function]: Main\Module\Tigron\Controller\Tigron->invoice(25592)
#1 /Volumes/htdocs/tigron-invoicing-tool/vendor/multimedium/core/src/M/Util/Callback.php(747): call_user_func_array(Array, Array)
#2 /Volumes/htdocs/tigron-invoicing-tool/vendor/multimedium/core/src/M/Controller/Dispatcher.php(881): M\Util\Callback->run()
#3 /Volumes/htdocs/tigron-invoicing-tool/public/index.php(126): M\Controller\Dispatcher->dispatch()
#4 {main}	
2022-11-17 17:01:30	Destructed Console
--
	
2022-11-17 17:04:21	Constructed Console	
2022-11-17 17:04:21	Class 'App\Main\Module\Tigron\Model\TigronInvoice' not found	
2022-11-17 17:04:21	#0 [internal function]: Main\Module\Tigron\Controller\Tigron->invoice(25592)
#1 /Volumes/htdocs/tigron-invoicing-tool/vendor/multimedium/core/src/M/Util/Callback.php(747): call_user_func_array(Array, Array)
#2 /Volumes/htdocs/tigron-invoicing-tool/vendor/multimedium/core/src/M/Controller/Dispatcher.php(881): M\Util\Callback->run()
#3 /Volumes/htdocs/tigron-invoicing-tool/public/index.php(126): M\Controller\Dispatcher->dispatch()
#4 {main}	
2022-11-17 17:04:21	Class 'App\Main\Module\Tigron\Model\TigronInvoice' not found	
2022-11-17 17:04:21	#0 [internal function]: Main\Module\Tigron\Controller\Tigron->invoice(25592)
#1 /Volumes/htdocs/tigron-invoicing-tool/vendor/multimedium/core/src/M/Util/Callback.php(747): call_user_func_array(Array, Array)
#2 /Volumes/htdocs/tigron-invoicing-tool/vendor/multimedium/core/src/M/Controller/Dispatcher.php(881): M\Util\Callback->run()
#3 /Volumes/htdocs/tigron-invoicing-tool/public/index.php(126): M\Controller\Dispatcher->dispatch()
#4 {main}	
2022-11-17 17:04:21	Destructed Console
--
	
2022-11-17 17:04:23	Constructed Console	
2022-11-17 17:04:23	Class 'App\Main\Module\Tigron\Model\TigronInvoice' not found	
2022-11-17 17:04:23	#0 [internal function]: Main\Module\Tigron\Controller\Tigron->invoice(25592)
#1 /Volumes/htdocs/tigron-invoicing-tool/vendor/multimedium/core/src/M/Util/Callback.php(747): call_user_func_array(Array, Array)
#2 /Volumes/htdocs/tigron-invoicing-tool/vendor/multimedium/core/src/M/Controller/Dispatcher.php(881): M\Util\Callback->run()
#3 /Volumes/htdocs/tigron-invoicing-tool/public/index.php(126): M\Controller\Dispatcher->dispatch()
#4 {main}	
2022-11-17 17:04:23	Class 'App\Main\Module\Tigron\Model\TigronInvoice' not found	
2022-11-17 17:04:23	#0 [internal function]: Main\Module\Tigron\Controller\Tigron->invoice(25592)
#1 /Volumes/htdocs/tigron-invoicing-tool/vendor/multimedium/core/src/M/Util/Callback.php(747): call_user_func_array(Array, Array)
#2 /Volumes/htdocs/tigron-invoicing-tool/vendor/multimedium/core/src/M/Controller/Dispatcher.php(881): M\Util\Callback->run()
#3 /Volumes/htdocs/tigron-invoicing-tool/public/index.php(126): M\Controller\Dispatcher->dispatch()
#4 {main}	
2022-11-17 17:04:23	Destructed Console
--
	
2022-11-17 17:05:47	Constructed Console	
2022-11-17 17:05:47	Class 'App\Main\Module\Tigron\Model\TigronInvoice' not found	
2022-11-17 17:05:47	#0 [internal function]: Main\Module\Tigron\Controller\Tigron->invoice(25592)
#1 /Volumes/htdocs/tigron-invoicing-tool/vendor/multimedium/core/src/M/Util/Callback.php(747): call_user_func_array(Array, Array)
#2 /Volumes/htdocs/tigron-invoicing-tool/vendor/multimedium/core/src/M/Controller/Dispatcher.php(881): M\Util\Callback->run()
#3 /Volumes/htdocs/tigron-invoicing-tool/public/index.php(126): M\Controller\Dispatcher->dispatch()
#4 {main}	
2022-11-17 17:05:47	Class 'App\Main\Module\Tigron\Model\TigronInvoice' not found	
2022-11-17 17:05:47	#0 [internal function]: Main\Module\Tigron\Controller\Tigron->invoice(25592)
#1 /Volumes/htdocs/tigron-invoicing-tool/vendor/multimedium/core/src/M/Util/Callback.php(747): call_user_func_array(Array, Array)
#2 /Volumes/htdocs/tigron-invoicing-tool/vendor/multimedium/core/src/M/Controller/Dispatcher.php(881): M\Util\Callback->run()
#3 /Volumes/htdocs/tigron-invoicing-tool/public/index.php(126): M\Controller\Dispatcher->dispatch()
#4 {main}	
2022-11-17 17:05:47	Destructed Console
--
	
2022-11-17 17:06:42	Constructed Console	
2022-11-17 17:06:42	Class 'App\Main\Module\Tigron\Model\TigronInvoice' not found	
2022-11-17 17:06:42	#0 [internal function]: Main\Module\Tigron\Controller\Tigron->invoice(25592)
#1 /Volumes/htdocs/tigron-invoicing-tool/vendor/multimedium/core/src/M/Util/Callback.php(747): call_user_func_array(Array, Array)
#2 /Volumes/htdocs/tigron-invoicing-tool/vendor/multimedium/core/src/M/Controller/Dispatcher.php(881): M\Util\Callback->run()
#3 /Volumes/htdocs/tigron-invoicing-tool/public/index.php(126): M\Controller\Dispatcher->dispatch()
#4 {main}	
2022-11-17 17:06:42	Class 'App\Main\Module\Tigron\Model\TigronInvoice' not found	
2022-11-17 17:06:42	#0 [internal function]: Main\Module\Tigron\Controller\Tigron->invoice(25592)
#1 /Volumes/htdocs/tigron-invoicing-tool/vendor/multimedium/core/src/M/Util/Callback.php(747): call_user_func_array(Array, Array)
#2 /Volumes/htdocs/tigron-invoicing-tool/vendor/multimedium/core/src/M/Controller/Dispatcher.php(881): M\Util\Callback->run()
#3 /Volumes/htdocs/tigron-invoicing-tool/public/index.php(126): M\Controller\Dispatcher->dispatch()
#4 {main}	
2022-11-17 17:06:42	Destructed Console
--
	
2022-11-17 17:08:02	Constructed Console	
2022-11-17 17:08:02	Class 'App\Main\Module\Tigron\Model\TigronInvoice' not found	
2022-11-17 17:08:02	#0 [internal function]: Main\Module\Tigron\Controller\Tigron->invoice(25592)
#1 /Volumes/htdocs/tigron-invoicing-tool/vendor/multimedium/core/src/M/Util/Callback.php(747): call_user_func_array(Array, Array)
#2 /Volumes/htdocs/tigron-invoicing-tool/vendor/multimedium/core/src/M/Controller/Dispatcher.php(881): M\Util\Callback->run()
#3 /Volumes/htdocs/tigron-invoicing-tool/public/index.php(126): M\Controller\Dispatcher->dispatch()
#4 {main}	
2022-11-17 17:08:02	Class 'App\Main\Module\Tigron\Model\TigronInvoice' not found	
2022-11-17 17:08:02	#0 [internal function]: Main\Module\Tigron\Controller\Tigron->invoice(25592)
#1 /Volumes/htdocs/tigron-invoicing-tool/vendor/multimedium/core/src/M/Util/Callback.php(747): call_user_func_array(Array, Array)
#2 /Volumes/htdocs/tigron-invoicing-tool/vendor/multimedium/core/src/M/Controller/Dispatcher.php(881): M\Util\Callback->run()
#3 /Volumes/htdocs/tigron-invoicing-tool/public/index.php(126): M\Controller\Dispatcher->dispatch()
#4 {main}	
2022-11-17 17:08:02	Destructed Console
--
	
2022-11-17 17:08:36	Constructed Console	
2022-11-17 17:08:36	Class 'App\Main\Module\Tigron\Model\TigronInvoice' not found	
2022-11-17 17:08:36	#0 [internal function]: Main\Module\Tigron\Controller\Tigron->invoice(25592)
#1 /Volumes/htdocs/tigron-invoicing-tool/vendor/multimedium/core/src/M/Util/Callback.php(747): call_user_func_array(Array, Array)
#2 /Volumes/htdocs/tigron-invoicing-tool/vendor/multimedium/core/src/M/Controller/Dispatcher.php(881): M\Util\Callback->run()
#3 /Volumes/htdocs/tigron-invoicing-tool/public/index.php(126): M\Controller\Dispatcher->dispatch()
#4 {main}	
2022-11-17 17:08:36	Class 'App\Main\Module\Tigron\Model\TigronInvoice' not found	
2022-11-17 17:08:36	#0 [internal function]: Main\Module\Tigron\Controller\Tigron->invoice(25592)
#1 /Volumes/htdocs/tigron-invoicing-tool/vendor/multimedium/core/src/M/Util/Callback.php(747): call_user_func_array(Array, Array)
#2 /Volumes/htdocs/tigron-invoicing-tool/vendor/multimedium/core/src/M/Controller/Dispatcher.php(881): M\Util\Callback->run()
#3 /Volumes/htdocs/tigron-invoicing-tool/public/index.php(126): M\Controller\Dispatcher->dispatch()
#4 {main}	
2022-11-17 17:08:36	Destructed Console
--
	
2022-11-17 17:09:22	Constructed Console	
2022-11-17 17:09:22	Class 'App\Main\Module\Tigron\Model\TigronInvoice' not found	
2022-11-17 17:09:22	#0 [internal function]: Main\Module\Tigron\Controller\Tigron->invoice(25592)
#1 /Volumes/htdocs/tigron-invoicing-tool/vendor/multimedium/core/src/M/Util/Callback.php(747): call_user_func_array(Array, Array)
#2 /Volumes/htdocs/tigron-invoicing-tool/vendor/multimedium/core/src/M/Controller/Dispatcher.php(881): M\Util\Callback->run()
#3 /Volumes/htdocs/tigron-invoicing-tool/public/index.php(126): M\Controller\Dispatcher->dispatch()
#4 {main}	
2022-11-17 17:09:22	Class 'App\Main\Module\Tigron\Model\TigronInvoice' not found	
2022-11-17 17:09:22	#0 [internal function]: Main\Module\Tigron\Controller\Tigron->invoice(25592)
#1 /Volumes/htdocs/tigron-invoicing-tool/vendor/multimedium/core/src/M/Util/Callback.php(747): call_user_func_array(Array, Array)
#2 /Volumes/htdocs/tigron-invoicing-tool/vendor/multimedium/core/src/M/Controller/Dispatcher.php(881): M\Util\Callback->run()
#3 /Volumes/htdocs/tigron-invoicing-tool/public/index.php(126): M\Controller\Dispatcher->dispatch()
#4 {main}	
2022-11-17 17:09:22	Destructed Console
--
	
2022-11-17 17:12:58	Constructed Console	
2022-11-17 17:12:58	Class 'App\Main\Module\Tigron\Model\TigronInvoice' not found	
2022-11-17 17:12:58	#0 [internal function]: Main\Module\Tigron\Controller\Tigron->invoice(25592)
#1 /Volumes/htdocs/tigron-invoicing-tool/vendor/multimedium/core/src/M/Util/Callback.php(747): call_user_func_array(Array, Array)
#2 /Volumes/htdocs/tigron-invoicing-tool/vendor/multimedium/core/src/M/Controller/Dispatcher.php(881): M\Util\Callback->run()
#3 /Volumes/htdocs/tigron-invoicing-tool/public/index.php(126): M\Controller\Dispatcher->dispatch()
#4 {main}	
2022-11-17 17:12:58	Class 'App\Main\Module\Tigron\Model\TigronInvoice' not found	
2022-11-17 17:12:58	#0 [internal function]: Main\Module\Tigron\Controller\Tigron->invoice(25592)
#1 /Volumes/htdocs/tigron-invoicing-tool/vendor/multimedium/core/src/M/Util/Callback.php(747): call_user_func_array(Array, Array)
#2 /Volumes/htdocs/tigron-invoicing-tool/vendor/multimedium/core/src/M/Controller/Dispatcher.php(881): M\Util\Callback->run()
#3 /Volumes/htdocs/tigron-invoicing-tool/public/index.php(126): M\Controller\Dispatcher->dispatch()
#4 {main}	
2022-11-17 17:12:58	Destructed Console
--
	
2022-11-17 17:14:02	Constructed Console	
2022-11-17 17:14:02	Class 'App\Main\Module\Tigron\Model\TigronInvoice' not found	
2022-11-17 17:14:02	#0 [internal function]: Main\Module\Tigron\Controller\Tigron->invoice(25592)
#1 /Volumes/htdocs/tigron-invoicing-tool/vendor/multimedium/core/src/M/Util/Callback.php(747): call_user_func_array(Array, Array)
#2 /Volumes/htdocs/tigron-invoicing-tool/vendor/multimedium/core/src/M/Controller/Dispatcher.php(881): M\Util\Callback->run()
#3 /Volumes/htdocs/tigron-invoicing-tool/public/index.php(126): M\Controller\Dispatcher->dispatch()
#4 {main}	
2022-11-17 17:14:02	Class 'App\Main\Module\Tigron\Model\TigronInvoice' not found	
2022-11-17 17:14:02	#0 [internal function]: Main\Module\Tigron\Controller\Tigron->invoice(25592)
#1 /Volumes/htdocs/tigron-invoicing-tool/vendor/multimedium/core/src/M/Util/Callback.php(747): call_user_func_array(Array, Array)
#2 /Volumes/htdocs/tigron-invoicing-tool/vendor/multimedium/core/src/M/Controller/Dispatcher.php(881): M\Util\Callback->run()
#3 /Volumes/htdocs/tigron-invoicing-tool/public/index.php(126): M\Controller\Dispatcher->dispatch()
#4 {main}	
2022-11-17 17:14:02	Destructed Console
--
	
2022-11-17 17:14:35	Constructed Console	
2022-11-17 17:14:35	Class 'App\Main\Module\Tigron\Model\TigronInvoice' not found	
2022-11-17 17:14:35	#0 [internal function]: Main\Module\Tigron\Controller\Tigron->invoice(25592)
#1 /Volumes/htdocs/tigron-invoicing-tool/vendor/multimedium/core/src/M/Util/Callback.php(747): call_user_func_array(Array, Array)
#2 /Volumes/htdocs/tigron-invoicing-tool/vendor/multimedium/core/src/M/Controller/Dispatcher.php(881): M\Util\Callback->run()
#3 /Volumes/htdocs/tigron-invoicing-tool/public/index.php(126): M\Controller\Dispatcher->dispatch()
#4 {main}	
2022-11-17 17:14:35	Class 'App\Main\Module\Tigron\Model\TigronInvoice' not found	
2022-11-17 17:14:35	#0 [internal function]: Main\Module\Tigron\Controller\Tigron->invoice(25592)
#1 /Volumes/htdocs/tigron-invoicing-tool/vendor/multimedium/core/src/M/Util/Callback.php(747): call_user_func_array(Array, Array)
#2 /Volumes/htdocs/tigron-invoicing-tool/vendor/multimedium/core/src/M/Controller/Dispatcher.php(881): M\Util\Callback->run()
#3 /Volumes/htdocs/tigron-invoicing-tool/public/index.php(126): M\Controller\Dispatcher->dispatch()
#4 {main}	
2022-11-17 17:14:35	Destructed Console
--
	
2022-11-17 17:14:38	Constructed Console	
2022-11-17 17:14:38	Class 'App\Main\Module\Tigron\Model\TigronInvoice' not found	
2022-11-17 17:14:38	#0 [internal function]: Main\Module\Tigron\Controller\Tigron->invoice(25592)
#1 /Volumes/htdocs/tigron-invoicing-tool/vendor/multimedium/core/src/M/Util/Callback.php(747): call_user_func_array(Array, Array)
#2 /Volumes/htdocs/tigron-invoicing-tool/vendor/multimedium/core/src/M/Controller/Dispatcher.php(881): M\Util\Callback->run()
#3 /Volumes/htdocs/tigron-invoicing-tool/public/index.php(126): M\Controller\Dispatcher->dispatch()
#4 {main}	
2022-11-17 17:14:38	Class 'App\Main\Module\Tigron\Model\TigronInvoice' not found	
2022-11-17 17:14:38	#0 [internal function]: Main\Module\Tigron\Controller\Tigron->invoice(25592)
#1 /Volumes/htdocs/tigron-invoicing-tool/vendor/multimedium/core/src/M/Util/Callback.php(747): call_user_func_array(Array, Array)
#2 /Volumes/htdocs/tigron-invoicing-tool/vendor/multimedium/core/src/M/Controller/Dispatcher.php(881): M\Util\Callback->run()
#3 /Volumes/htdocs/tigron-invoicing-tool/public/index.php(126): M\Controller\Dispatcher->dispatch()
#4 {main}	
2022-11-17 17:14:38	Destructed Console
--
	
2022-11-17 17:14:40	Constructed Console	
2022-11-17 17:14:40	Class 'App\Main\Module\Tigron\Model\TigronInvoice' not found	
2022-11-17 17:14:40	#0 [internal function]: Main\Module\Tigron\Controller\Tigron->invoice(25592)
#1 /Volumes/htdocs/tigron-invoicing-tool/vendor/multimedium/core/src/M/Util/Callback.php(747): call_user_func_array(Array, Array)
#2 /Volumes/htdocs/tigron-invoicing-tool/vendor/multimedium/core/src/M/Controller/Dispatcher.php(881): M\Util\Callback->run()
#3 /Volumes/htdocs/tigron-invoicing-tool/public/index.php(126): M\Controller\Dispatcher->dispatch()
#4 {main}	
2022-11-17 17:14:40	Class 'App\Main\Module\Tigron\Model\TigronInvoice' not found	
2022-11-17 17:14:40	#0 [internal function]: Main\Module\Tigron\Controller\Tigron->invoice(25592)
#1 /Volumes/htdocs/tigron-invoicing-tool/vendor/multimedium/core/src/M/Util/Callback.php(747): call_user_func_array(Array, Array)
#2 /Volumes/htdocs/tigron-invoicing-tool/vendor/multimedium/core/src/M/Controller/Dispatcher.php(881): M\Util\Callback->run()
#3 /Volumes/htdocs/tigron-invoicing-tool/public/index.php(126): M\Controller\Dispatcher->dispatch()
#4 {main}	
2022-11-17 17:14:40	Destructed Console
--
	
2022-11-17 17:17:15	Constructed Console	
2022-11-17 17:17:15	Class 'App\Main\Module\Tigron\Model\TigronInvoice' not found	
2022-11-17 17:17:15	#0 [internal function]: Main\Module\Tigron\Controller\Tigron->invoice(77552)
#1 /Volumes/htdocs/tigron-invoicing-tool/vendor/multimedium/core/src/M/Util/Callback.php(747): call_user_func_array(Array, Array)
#2 /Volumes/htdocs/tigron-invoicing-tool/vendor/multimedium/core/src/M/Controller/Dispatcher.php(881): M\Util\Callback->run()
#3 /Volumes/htdocs/tigron-invoicing-tool/public/index.php(126): M\Controller\Dispatcher->dispatch()
#4 {main}	
2022-11-17 17:17:15	Class 'App\Main\Module\Tigron\Model\TigronInvoice' not found	
2022-11-17 17:17:15	#0 [internal function]: Main\Module\Tigron\Controller\Tigron->invoice(77552)
#1 /Volumes/htdocs/tigron-invoicing-tool/vendor/multimedium/core/src/M/Util/Callback.php(747): call_user_func_array(Array, Array)
#2 /Volumes/htdocs/tigron-invoicing-tool/vendor/multimedium/core/src/M/Controller/Dispatcher.php(881): M\Util\Callback->run()
#3 /Volumes/htdocs/tigron-invoicing-tool/public/index.php(126): M\Controller\Dispatcher->dispatch()
#4 {main}	
2022-11-17 17:17:15	Destructed Console
--
	
2022-11-17 17:17:44	Constructed Console	
2022-11-17 17:17:44	Class 'App\Main\Module\Tigron\Model\TigronInvoice' not found	
2022-11-17 17:17:44	#0 [internal function]: Main\Module\Tigron\Controller\Tigron->invoice(77552)
#1 /Volumes/htdocs/tigron-invoicing-tool/vendor/multimedium/core/src/M/Util/Callback.php(747): call_user_func_array(Array, Array)
#2 /Volumes/htdocs/tigron-invoicing-tool/vendor/multimedium/core/src/M/Controller/Dispatcher.php(881): M\Util\Callback->run()
#3 /Volumes/htdocs/tigron-invoicing-tool/public/index.php(126): M\Controller\Dispatcher->dispatch()
#4 {main}	
2022-11-17 17:17:44	Class 'App\Main\Module\Tigron\Model\TigronInvoice' not found	
2022-11-17 17:17:44	#0 [internal function]: Main\Module\Tigron\Controller\Tigron->invoice(77552)
#1 /Volumes/htdocs/tigron-invoicing-tool/vendor/multimedium/core/src/M/Util/Callback.php(747): call_user_func_array(Array, Array)
#2 /Volumes/htdocs/tigron-invoicing-tool/vendor/multimedium/core/src/M/Controller/Dispatcher.php(881): M\Util\Callback->run()
#3 /Volumes/htdocs/tigron-invoicing-tool/public/index.php(126): M\Controller\Dispatcher->dispatch()
#4 {main}	
2022-11-17 17:17:44	Destructed Console
--
	
2022-11-17 17:18:34	Constructed Console	
2022-11-17 17:18:34	Class 'App\Main\Module\Tigron\Model\TigronInvoice' not found	
2022-11-17 17:18:34	#0 [internal function]: Main\Module\Tigron\Controller\Tigron->invoice(77552, 'getlines')
#1 /Volumes/htdocs/tigron-invoicing-tool/vendor/multimedium/core/src/M/Util/Callback.php(747): call_user_func_array(Array, Array)
#2 /Volumes/htdocs/tigron-invoicing-tool/vendor/multimedium/core/src/M/Controller/Dispatcher.php(881): M\Util\Callback->run()
#3 /Volumes/htdocs/tigron-invoicing-tool/public/index.php(126): M\Controller\Dispatcher->dispatch()
#4 {main}	
2022-11-17 17:18:34	Class 'App\Main\Module\Tigron\Model\TigronInvoice' not found	
2022-11-17 17:18:34	#0 [internal function]: Main\Module\Tigron\Controller\Tigron->invoice(77552, 'getlines')
#1 /Volumes/htdocs/tigron-invoicing-tool/vendor/multimedium/core/src/M/Util/Callback.php(747): call_user_func_array(Array, Array)
#2 /Volumes/htdocs/tigron-invoicing-tool/vendor/multimedium/core/src/M/Controller/Dispatcher.php(881): M\Util\Callback->run()
#3 /Volumes/htdocs/tigron-invoicing-tool/public/index.php(126): M\Controller\Dispatcher->dispatch()
#4 {main}	
2022-11-17 17:18:34	Destructed Console
--
	
2022-11-17 17:18:40	Constructed Console	
2022-11-17 17:18:40	Class 'App\Main\Module\Tigron\Model\TigronInvoice' not found	
2022-11-17 17:18:40	#0 [internal function]: Main\Module\Tigron\Controller\Tigron->invoice(77552)
#1 /Volumes/htdocs/tigron-invoicing-tool/vendor/multimedium/core/src/M/Util/Callback.php(747): call_user_func_array(Array, Array)
#2 /Volumes/htdocs/tigron-invoicing-tool/vendor/multimedium/core/src/M/Controller/Dispatcher.php(881): M\Util\Callback->run()
#3 /Volumes/htdocs/tigron-invoicing-tool/public/index.php(126): M\Controller\Dispatcher->dispatch()
#4 {main}	
2022-11-17 17:18:40	Class 'App\Main\Module\Tigron\Model\TigronInvoice' not found	
2022-11-17 17:18:40	#0 [internal function]: Main\Module\Tigron\Controller\Tigron->invoice(77552)
#1 /Volumes/htdocs/tigron-invoicing-tool/vendor/multimedium/core/src/M/Util/Callback.php(747): call_user_func_array(Array, Array)
#2 /Volumes/htdocs/tigron-invoicing-tool/vendor/multimedium/core/src/M/Controller/Dispatcher.php(881): M\Util\Callback->run()
#3 /Volumes/htdocs/tigron-invoicing-tool/public/index.php(126): M\Controller\Dispatcher->dispatch()
#4 {main}	
2022-11-17 17:18:40	Destructed Console
--
	
2022-11-17 17:18:42	Constructed Console	
2022-11-17 17:18:42	Class 'App\Main\Module\Tigron\Model\TigronInvoice' not found	
2022-11-17 17:18:42	#0 [internal function]: Main\Module\Tigron\Controller\Tigron->invoice(77552)
#1 /Volumes/htdocs/tigron-invoicing-tool/vendor/multimedium/core/src/M/Util/Callback.php(747): call_user_func_array(Array, Array)
#2 /Volumes/htdocs/tigron-invoicing-tool/vendor/multimedium/core/src/M/Controller/Dispatcher.php(881): M\Util\Callback->run()
#3 /Volumes/htdocs/tigron-invoicing-tool/public/index.php(126): M\Controller\Dispatcher->dispatch()
#4 {main}	
2022-11-17 17:18:42	Class 'App\Main\Module\Tigron\Model\TigronInvoice' not found	
2022-11-17 17:18:42	#0 [internal function]: Main\Module\Tigron\Controller\Tigron->invoice(77552)
#1 /Volumes/htdocs/tigron-invoicing-tool/vendor/multimedium/core/src/M/Util/Callback.php(747): call_user_func_array(Array, Array)
#2 /Volumes/htdocs/tigron-invoicing-tool/vendor/multimedium/core/src/M/Controller/Dispatcher.php(881): M\Util\Callback->run()
#3 /Volumes/htdocs/tigron-invoicing-tool/public/index.php(126): M\Controller\Dispatcher->dispatch()
#4 {main}	
2022-11-17 17:18:42	Destructed Console
--
	
2022-11-17 17:20:12	Constructed Console	
2022-11-17 17:20:12	Class 'App\Main\Module\Tigron\Model\TigronInvoice' not found	
2022-11-17 17:20:12	#0 [internal function]: Main\Module\Tigron\Controller\Tigron->invoice(77552)
#1 /Volumes/htdocs/tigron-invoicing-tool/vendor/multimedium/core/src/M/Util/Callback.php(747): call_user_func_array(Array, Array)
#2 /Volumes/htdocs/tigron-invoicing-tool/vendor/multimedium/core/src/M/Controller/Dispatcher.php(881): M\Util\Callback->run()
#3 /Volumes/htdocs/tigron-invoicing-tool/public/index.php(126): M\Controller\Dispatcher->dispatch()
#4 {main}	
2022-11-17 17:20:12	Class 'App\Main\Module\Tigron\Model\TigronInvoice' not found	
2022-11-17 17:20:12	#0 [internal function]: Main\Module\Tigron\Controller\Tigron->invoice(77552)
#1 /Volumes/htdocs/tigron-invoicing-tool/vendor/multimedium/core/src/M/Util/Callback.php(747): call_user_func_array(Array, Array)
#2 /Volumes/htdocs/tigron-invoicing-tool/vendor/multimedium/core/src/M/Controller/Dispatcher.php(881): M\Util\Callback->run()
#3 /Volumes/htdocs/tigron-invoicing-tool/public/index.php(126): M\Controller\Dispatcher->dispatch()
#4 {main}	
2022-11-17 17:20:12	Destructed Console
--
	
2022-11-17 17:21:16	Constructed Console	
2022-11-17 17:21:16	Class 'App\Main\Module\Tigron\Model\TigronInvoice' not found	
2022-11-17 17:21:16	#0 [internal function]: Main\Module\Tigron\Controller\Tigron->invoice(77552)
#1 /Volumes/htdocs/tigron-invoicing-tool/vendor/multimedium/core/src/M/Util/Callback.php(747): call_user_func_array(Array, Array)
#2 /Volumes/htdocs/tigron-invoicing-tool/vendor/multimedium/core/src/M/Controller/Dispatcher.php(881): M\Util\Callback->run()
#3 /Volumes/htdocs/tigron-invoicing-tool/public/index.php(126): M\Controller\Dispatcher->dispatch()
#4 {main}	
2022-11-17 17:21:16	Class 'App\Main\Module\Tigron\Model\TigronInvoice' not found	
2022-11-17 17:21:16	#0 [internal function]: Main\Module\Tigron\Controller\Tigron->invoice(77552)
#1 /Volumes/htdocs/tigron-invoicing-tool/vendor/multimedium/core/src/M/Util/Callback.php(747): call_user_func_array(Array, Array)
#2 /Volumes/htdocs/tigron-invoicing-tool/vendor/multimedium/core/src/M/Controller/Dispatcher.php(881): M\Util\Callback->run()
#3 /Volumes/htdocs/tigron-invoicing-tool/public/index.php(126): M\Controller\Dispatcher->dispatch()
#4 {main}	
2022-11-17 17:21:16	Destructed Console
--
	
