2022-10-29 11:27:27	Constructed Console	
2022-10-29 11:27:27	Unable to construct Controller with path favicon.ico	
2022-10-29 11:27:27	#0 /Volumes/htdocs/tigron-invoicing-tool/vendor/multimedium/core/src/M/Controller/Dispatcher.php(872): M\Controller\Dispatcher->getControllerCallback()
#1 /Volumes/htdocs/tigron-invoicing-tool/public/index.php(126): M\Controller\Dispatcher->dispatch()
#2 {main}	
2022-10-29 11:27:27	Destructed Console
--
	
2022-10-29 11:28:26	Constructed Console	
2022-10-29 11:28:26	Unable to construct Controller with path favicon.ico	
2022-10-29 11:28:26	#0 /Volumes/htdocs/tigron-invoicing-tool/vendor/multimedium/core/src/M/Controller/Dispatcher.php(872): M\Controller\Dispatcher->getControllerCallback()
#1 /Volumes/htdocs/tigron-invoicing-tool/public/index.php(126): M\Controller\Dispatcher->dispatch()
#2 {main}	
2022-10-29 11:28:26	Destructed Console
--
	
2022-10-29 11:29:43	Constructed Console	
2022-10-29 11:29:43	Unable to construct Controller with path favicon.ico	
2022-10-29 11:29:43	#0 /Volumes/htdocs/tigron-invoicing-tool/vendor/multimedium/core/src/M/Controller/Dispatcher.php(872): M\Controller\Dispatcher->getControllerCallback()
#1 /Volumes/htdocs/tigron-invoicing-tool/public/index.php(126): M\Controller\Dispatcher->dispatch()
#2 {main}	
2022-10-29 11:29:43	Destructed Console
--
	
2022-10-29 11:29:50	Constructed Console	
2022-10-29 11:29:50	Method comapnies not compliant	
2022-10-29 11:29:50	#0 /Volumes/htdocs/tigron-invoicing-tool/vendor/multimedium/core/src/M/Controller/Dispatcher.php(872): M\Controller\Dispatcher->getControllerCallback()
#1 /Volumes/htdocs/tigron-invoicing-tool/public/index.php(126): M\Controller\Dispatcher->dispatch()
#2 {main}	
2022-10-29 11:29:50	Destructed Console
--
	
2022-10-29 11:29:50	Constructed Console	
2022-10-29 11:29:50	Unable to construct Controller with path favicon.ico	
2022-10-29 11:29:50	#0 /Volumes/htdocs/tigron-invoicing-tool/vendor/multimedium/core/src/M/Controller/Dispatcher.php(872): M\Controller\Dispatcher->getControllerCallback()
#1 /Volumes/htdocs/tigron-invoicing-tool/public/index.php(126): M\Controller\Dispatcher->dispatch()
#2 {main}	
2022-10-29 11:29:50	Destructed Console
--
	
2022-10-29 11:29:55	Constructed Console	
2022-10-29 11:29:55	Unable to construct Controller with path favicon.ico	
2022-10-29 11:29:55	#0 /Volumes/htdocs/tigron-invoicing-tool/vendor/multimedium/core/src/M/Controller/Dispatcher.php(872): M\Controller\Dispatcher->getControllerCallback()
#1 /Volumes/htdocs/tigron-invoicing-tool/public/index.php(126): M\Controller\Dispatcher->dispatch()
#2 {main}	
2022-10-29 11:29:55	Destructed Console
--
	
2022-10-29 11:30:20	Constructed Console	
2022-10-29 11:30:20	Unable to construct Controller with path favicon.ico	
2022-10-29 11:30:20	#0 /Volumes/htdocs/tigron-invoicing-tool/vendor/multimedium/core/src/M/Controller/Dispatcher.php(872): M\Controller\Dispatcher->getControllerCallback()
#1 /Volumes/htdocs/tigron-invoicing-tool/public/index.php(126): M\Controller\Dispatcher->dispatch()
#2 {main}	
2022-10-29 11:30:20	Destructed Console
--
	
2022-10-29 11:30:33	Constructed Console	
2022-10-29 11:30:33	Unable to construct Controller with path favicon.ico	
2022-10-29 11:30:33	#0 /Volumes/htdocs/tigron-invoicing-tool/vendor/multimedium/core/src/M/Controller/Dispatcher.php(872): M\Controller\Dispatcher->getControllerCallback()
#1 /Volumes/htdocs/tigron-invoicing-tool/public/index.php(126): M\Controller\Dispatcher->dispatch()
#2 {main}	
2022-10-29 11:30:33	Destructed Console
--
	
2022-10-29 11:31:21	Constructed Console	
2022-10-29 11:31:21	Unable to construct Controller with path favicon.ico	
2022-10-29 11:31:21	#0 /Volumes/htdocs/tigron-invoicing-tool/vendor/multimedium/core/src/M/Controller/Dispatcher.php(872): M\Controller\Dispatcher->getControllerCallback()
#1 /Volumes/htdocs/tigron-invoicing-tool/public/index.php(126): M\Controller\Dispatcher->dispatch()
#2 {main}	
2022-10-29 11:31:21	Destructed Console
--
	
2022-10-29 11:31:37	Constructed Console	
2022-10-29 11:31:37	Unable to construct Controller with path favicon.ico	
2022-10-29 11:31:37	#0 /Volumes/htdocs/tigron-invoicing-tool/vendor/multimedium/core/src/M/Controller/Dispatcher.php(872): M\Controller\Dispatcher->getControllerCallback()
#1 /Volumes/htdocs/tigron-invoicing-tool/public/index.php(126): M\Controller\Dispatcher->dispatch()
#2 {main}	
2022-10-29 11:31:37	Destructed Console
--
	
2022-10-29 11:33:43	Constructed Console	
2022-10-29 11:33:43	Unable to construct Controller with path favicon.ico	
2022-10-29 11:33:43	#0 /Volumes/htdocs/tigron-invoicing-tool/vendor/multimedium/core/src/M/Controller/Dispatcher.php(872): M\Controller\Dispatcher->getControllerCallback()
#1 /Volumes/htdocs/tigron-invoicing-tool/public/index.php(126): M\Controller\Dispatcher->dispatch()
#2 {main}	
2022-10-29 11:33:43	Destructed Console
--
	
2022-10-29 11:34:28	Constructed Console	
2022-10-29 11:34:28	Unable to construct Controller with path favicon.ico	
2022-10-29 11:34:28	#0 /Volumes/htdocs/tigron-invoicing-tool/vendor/multimedium/core/src/M/Controller/Dispatcher.php(872): M\Controller\Dispatcher->getControllerCallback()
#1 /Volumes/htdocs/tigron-invoicing-tool/public/index.php(126): M\Controller\Dispatcher->dispatch()
#2 {main}	
2022-10-29 11:34:28	Destructed Console
--
	
2022-10-29 11:34:53	Constructed Console	
2022-10-29 11:34:53	Unable to construct Controller with path favicon.ico	
2022-10-29 11:34:53	#0 /Volumes/htdocs/tigron-invoicing-tool/vendor/multimedium/core/src/M/Controller/Dispatcher.php(872): M\Controller\Dispatcher->getControllerCallback()
#1 /Volumes/htdocs/tigron-invoicing-tool/public/index.php(126): M\Controller\Dispatcher->dispatch()
#2 {main}	
2022-10-29 11:34:53	Destructed Console
--
	
2022-10-29 11:35:57	Constructed Console	
2022-10-29 11:35:57	Unable to construct Controller with path favicon.ico	
2022-10-29 11:35:57	#0 /Volumes/htdocs/tigron-invoicing-tool/vendor/multimedium/core/src/M/Controller/Dispatcher.php(872): M\Controller\Dispatcher->getControllerCallback()
#1 /Volumes/htdocs/tigron-invoicing-tool/public/index.php(126): M\Controller\Dispatcher->dispatch()
#2 {main}	
2022-10-29 11:35:57	Destructed Console
--
	
2022-10-29 11:35:58	Constructed Console	
2022-10-29 11:35:58	Unable to construct Controller with path favicon.ico	
2022-10-29 11:35:58	#0 /Volumes/htdocs/tigron-invoicing-tool/vendor/multimedium/core/src/M/Controller/Dispatcher.php(872): M\Controller\Dispatcher->getControllerCallback()
#1 /Volumes/htdocs/tigron-invoicing-tool/public/index.php(126): M\Controller\Dispatcher->dispatch()
#2 {main}	
2022-10-29 11:35:58	Destructed Console
--
	
2022-10-29 11:35:58	Constructed Console	
2022-10-29 11:35:58	Unable to construct Controller with path favicon.ico	
2022-10-29 11:35:58	#0 /Volumes/htdocs/tigron-invoicing-tool/vendor/multimedium/core/src/M/Controller/Dispatcher.php(872): M\Controller\Dispatcher->getControllerCallback()
#1 /Volumes/htdocs/tigron-invoicing-tool/public/index.php(126): M\Controller\Dispatcher->dispatch()
#2 {main}	
2022-10-29 11:35:59	Destructed Console
--
	
2022-10-29 11:36:57	Constructed Console	
2022-10-29 11:36:57	Unable to construct Controller with path favicon.ico	
2022-10-29 11:36:57	#0 /Volumes/htdocs/tigron-invoicing-tool/vendor/multimedium/core/src/M/Controller/Dispatcher.php(872): M\Controller\Dispatcher->getControllerCallback()
#1 /Volumes/htdocs/tigron-invoicing-tool/public/index.php(126): M\Controller\Dispatcher->dispatch()
#2 {main}	
2022-10-29 11:36:57	Destructed Console
--
	
2022-10-29 11:38:20	Constructed Console	
2022-10-29 11:38:20	Unable to construct Controller with path favicon.ico	
2022-10-29 11:38:20	#0 /Volumes/htdocs/tigron-invoicing-tool/vendor/multimedium/core/src/M/Controller/Dispatcher.php(872): M\Controller\Dispatcher->getControllerCallback()
#1 /Volumes/htdocs/tigron-invoicing-tool/public/index.php(126): M\Controller\Dispatcher->dispatch()
#2 {main}	
2022-10-29 11:38:20	Destructed Console
--
	
2022-10-29 11:38:24	Constructed Console	
2022-10-29 11:38:24	Unable to construct Controller with path favicon.ico	
2022-10-29 11:38:24	#0 /Volumes/htdocs/tigron-invoicing-tool/vendor/multimedium/core/src/M/Controller/Dispatcher.php(872): M\Controller\Dispatcher->getControllerCallback()
#1 /Volumes/htdocs/tigron-invoicing-tool/public/index.php(126): M\Controller\Dispatcher->dispatch()
#2 {main}	
2022-10-29 11:38:24	Destructed Console
--
	
2022-10-29 11:38:37	Constructed Console	
2022-10-29 11:38:37	Unable to construct Controller with path favicon.ico	
2022-10-29 11:38:37	#0 /Volumes/htdocs/tigron-invoicing-tool/vendor/multimedium/core/src/M/Controller/Dispatcher.php(872): M\Controller\Dispatcher->getControllerCallback()
#1 /Volumes/htdocs/tigron-invoicing-tool/public/index.php(126): M\Controller\Dispatcher->dispatch()
#2 {main}	
2022-10-29 11:38:37	Destructed Console
--
	
2022-10-29 11:40:41	Constructed Console	
2022-10-29 11:40:41	Unable to construct Controller with path favicon.ico	
2022-10-29 11:40:41	#0 /Volumes/htdocs/tigron-invoicing-tool/vendor/multimedium/core/src/M/Controller/Dispatcher.php(872): M\Controller\Dispatcher->getControllerCallback()
#1 /Volumes/htdocs/tigron-invoicing-tool/public/index.php(126): M\Controller\Dispatcher->dispatch()
#2 {main}	
2022-10-29 11:40:41	Destructed Console
--
	
2022-10-29 11:41:07	Constructed Console	
2022-10-29 11:41:07	Unable to construct Controller with path favicon.ico	
2022-10-29 11:41:07	#0 /Volumes/htdocs/tigron-invoicing-tool/vendor/multimedium/core/src/M/Controller/Dispatcher.php(872): M\Controller\Dispatcher->getControllerCallback()
#1 /Volumes/htdocs/tigron-invoicing-tool/public/index.php(126): M\Controller\Dispatcher->dispatch()
#2 {main}	
2022-10-29 11:41:07	Destructed Console
--
	
2022-10-29 11:41:09	Constructed Console	
2022-10-29 11:41:09	Unable to construct Controller with path favicon.ico	
2022-10-29 11:41:09	#0 /Volumes/htdocs/tigron-invoicing-tool/vendor/multimedium/core/src/M/Controller/Dispatcher.php(872): M\Controller\Dispatcher->getControllerCallback()
#1 /Volumes/htdocs/tigron-invoicing-tool/public/index.php(126): M\Controller\Dispatcher->dispatch()
#2 {main}	
2022-10-29 11:41:09	Destructed Console
--
	
2022-10-29 11:41:09	Constructed Console	
2022-10-29 11:41:09	Unable to construct Controller with path favicon.ico	
2022-10-29 11:41:09	#0 /Volumes/htdocs/tigron-invoicing-tool/vendor/multimedium/core/src/M/Controller/Dispatcher.php(872): M\Controller\Dispatcher->getControllerCallback()
#1 /Volumes/htdocs/tigron-invoicing-tool/public/index.php(126): M\Controller\Dispatcher->dispatch()
#2 {main}	
2022-10-29 11:41:09	Destructed Console
--
	
2022-10-29 11:42:47	Constructed Console	
2022-10-29 11:42:47	Unable to construct Controller with path favicon.ico	
2022-10-29 11:42:47	#0 /Volumes/htdocs/tigron-invoicing-tool/vendor/multimedium/core/src/M/Controller/Dispatcher.php(872): M\Controller\Dispatcher->getControllerCallback()
#1 /Volumes/htdocs/tigron-invoicing-tool/public/index.php(126): M\Controller\Dispatcher->dispatch()
#2 {main}	
2022-10-29 11:42:47	Destructed Console
--
	
2022-10-29 11:44:00	Constructed Console	
2022-10-29 11:44:00	Unable to construct Controller with path favicon.ico	
2022-10-29 11:44:00	#0 /Volumes/htdocs/tigron-invoicing-tool/vendor/multimedium/core/src/M/Controller/Dispatcher.php(872): M\Controller\Dispatcher->getControllerCallback()
#1 /Volumes/htdocs/tigron-invoicing-tool/public/index.php(126): M\Controller\Dispatcher->dispatch()
#2 {main}	
2022-10-29 11:44:00	Destructed Console
--
	
2022-10-29 11:44:21	Constructed Console	
2022-10-29 11:44:21	Unable to construct Controller with path favicon.ico	
2022-10-29 11:44:21	#0 /Volumes/htdocs/tigron-invoicing-tool/vendor/multimedium/core/src/M/Controller/Dispatcher.php(872): M\Controller\Dispatcher->getControllerCallback()
#1 /Volumes/htdocs/tigron-invoicing-tool/public/index.php(126): M\Controller\Dispatcher->dispatch()
#2 {main}	
2022-10-29 11:44:21	Destructed Console
--
	
2022-10-29 11:48:38	Constructed Console	
2022-10-29 11:48:38	Unable to construct Controller with path favicon.ico	
2022-10-29 11:48:38	#0 /Volumes/htdocs/tigron-invoicing-tool/vendor/multimedium/core/src/M/Controller/Dispatcher.php(872): M\Controller\Dispatcher->getControllerCallback()
#1 /Volumes/htdocs/tigron-invoicing-tool/public/index.php(126): M\Controller\Dispatcher->dispatch()
#2 {main}	
2022-10-29 11:48:38	Destructed Console
--
	
2022-10-29 11:49:16	Constructed Console	
2022-10-29 11:49:16	Unable to construct Controller with path favicon.ico	
2022-10-29 11:49:16	#0 /Volumes/htdocs/tigron-invoicing-tool/vendor/multimedium/core/src/M/Controller/Dispatcher.php(872): M\Controller\Dispatcher->getControllerCallback()
#1 /Volumes/htdocs/tigron-invoicing-tool/public/index.php(126): M\Controller\Dispatcher->dispatch()
#2 {main}	
2022-10-29 11:49:16	Destructed Console
--
	
2022-10-29 11:50:13	Constructed Console	
2022-10-29 11:50:13	Unable to construct Controller with path favicon.ico	
2022-10-29 11:50:13	#0 /Volumes/htdocs/tigron-invoicing-tool/vendor/multimedium/core/src/M/Controller/Dispatcher.php(872): M\Controller\Dispatcher->getControllerCallback()
#1 /Volumes/htdocs/tigron-invoicing-tool/public/index.php(126): M\Controller\Dispatcher->dispatch()
#2 {main}	
2022-10-29 11:50:13	Destructed Console
--
	
2022-10-29 11:51:31	Constructed Console	
2022-10-29 11:51:31	Unable to construct Controller with path favicon.ico	
2022-10-29 11:51:31	#0 /Volumes/htdocs/tigron-invoicing-tool/vendor/multimedium/core/src/M/Controller/Dispatcher.php(872): M\Controller\Dispatcher->getControllerCallback()
#1 /Volumes/htdocs/tigron-invoicing-tool/public/index.php(126): M\Controller\Dispatcher->dispatch()
#2 {main}	
2022-10-29 11:51:31	Destructed Console
--
	
2022-10-29 11:53:17	Constructed Console	
2022-10-29 11:53:17	Unable to construct Controller with path favicon.ico	
2022-10-29 11:53:17	#0 /Volumes/htdocs/tigron-invoicing-tool/vendor/multimedium/core/src/M/Controller/Dispatcher.php(872): M\Controller\Dispatcher->getControllerCallback()
#1 /Volumes/htdocs/tigron-invoicing-tool/public/index.php(126): M\Controller\Dispatcher->dispatch()
#2 {main}	
2022-10-29 11:53:17	Destructed Console
--
	
2022-10-29 11:53:36	Constructed Console	
2022-10-29 11:53:36	Unable to construct Controller with path favicon.ico	
2022-10-29 11:53:36	#0 /Volumes/htdocs/tigron-invoicing-tool/vendor/multimedium/core/src/M/Controller/Dispatcher.php(872): M\Controller\Dispatcher->getControllerCallback()
#1 /Volumes/htdocs/tigron-invoicing-tool/public/index.php(126): M\Controller\Dispatcher->dispatch()
#2 {main}	
2022-10-29 11:53:36	Destructed Console
--
	
2022-10-29 11:58:11	Constructed Console	
2022-10-29 11:58:11	Unable to construct Controller with path favicon.ico	
2022-10-29 11:58:11	#0 /Volumes/htdocs/tigron-invoicing-tool/vendor/multimedium/core/src/M/Controller/Dispatcher.php(872): M\Controller\Dispatcher->getControllerCallback()
#1 /Volumes/htdocs/tigron-invoicing-tool/public/index.php(126): M\Controller\Dispatcher->dispatch()
#2 {main}	
2022-10-29 11:58:11	Destructed Console
--
	
2022-10-29 11:58:16	Constructed Console	
2022-10-29 11:58:16	Method index not compliant	
2022-10-29 11:58:16	#0 /Volumes/htdocs/tigron-invoicing-tool/vendor/multimedium/core/src/M/Controller/Dispatcher.php(872): M\Controller\Dispatcher->getControllerCallback()
#1 /Volumes/htdocs/tigron-invoicing-tool/public/index.php(126): M\Controller\Dispatcher->dispatch()
#2 {main}	
2022-10-29 11:58:16	Destructed Console
--
	
2022-10-29 11:58:16	Constructed Console	
2022-10-29 11:58:16	Unable to construct Controller with path favicon.ico	
2022-10-29 11:58:16	#0 /Volumes/htdocs/tigron-invoicing-tool/vendor/multimedium/core/src/M/Controller/Dispatcher.php(872): M\Controller\Dispatcher->getControllerCallback()
#1 /Volumes/htdocs/tigron-invoicing-tool/public/index.php(126): M\Controller\Dispatcher->dispatch()
#2 {main}	
2022-10-29 11:58:16	Destructed Console
--
	
2022-10-29 11:58:23	Constructed Console	
2022-10-29 11:58:23	Unable to construct Controller with path favicon.ico	
2022-10-29 11:58:23	#0 /Volumes/htdocs/tigron-invoicing-tool/vendor/multimedium/core/src/M/Controller/Dispatcher.php(872): M\Controller\Dispatcher->getControllerCallback()
#1 /Volumes/htdocs/tigron-invoicing-tool/public/index.php(126): M\Controller\Dispatcher->dispatch()
#2 {main}	
2022-10-29 11:58:23	Destructed Console
--
	
2022-10-29 12:01:29	Constructed Console	
2022-10-29 12:01:29	Method index not compliant	
2022-10-29 12:01:29	#0 /Volumes/htdocs/tigron-invoicing-tool/vendor/multimedium/core/src/M/Controller/Dispatcher.php(872): M\Controller\Dispatcher->getControllerCallback()
#1 /Volumes/htdocs/tigron-invoicing-tool/public/index.php(126): M\Controller\Dispatcher->dispatch()
#2 {main}	
2022-10-29 12:01:29	Destructed Console
--
	
2022-10-29 12:01:29	Constructed Console	
2022-10-29 12:01:29	Unable to construct Controller with path favicon.ico	
2022-10-29 12:01:29	#0 /Volumes/htdocs/tigron-invoicing-tool/vendor/multimedium/core/src/M/Controller/Dispatcher.php(872): M\Controller\Dispatcher->getControllerCallback()
#1 /Volumes/htdocs/tigron-invoicing-tool/public/index.php(126): M\Controller\Dispatcher->dispatch()
#2 {main}	
2022-10-29 12:01:29	Destructed Console
--
	
2022-10-29 12:01:35	Constructed Console	
2022-10-29 12:01:35	Unable to construct Controller with path favicon.ico	
2022-10-29 12:01:35	#0 /Volumes/htdocs/tigron-invoicing-tool/vendor/multimedium/core/src/M/Controller/Dispatcher.php(872): M\Controller\Dispatcher->getControllerCallback()
#1 /Volumes/htdocs/tigron-invoicing-tool/public/index.php(126): M\Controller\Dispatcher->dispatch()
#2 {main}	
2022-10-29 12:01:35	Destructed Console
--
	
2022-10-29 12:02:42	Constructed Console	
2022-10-29 12:02:42	Unable to construct Controller with path favicon.ico	
2022-10-29 12:02:42	#0 /Volumes/htdocs/tigron-invoicing-tool/vendor/multimedium/core/src/M/Controller/Dispatcher.php(872): M\Controller\Dispatcher->getControllerCallback()
#1 /Volumes/htdocs/tigron-invoicing-tool/public/index.php(126): M\Controller\Dispatcher->dispatch()
#2 {main}	
2022-10-29 12:02:42	Destructed Console
--
	
2022-10-29 12:04:31	Constructed Console	
2022-10-29 12:04:31	Unable to construct Controller with path favicon.ico	
2022-10-29 12:04:31	#0 /Volumes/htdocs/tigron-invoicing-tool/vendor/multimedium/core/src/M/Controller/Dispatcher.php(872): M\Controller\Dispatcher->getControllerCallback()
#1 /Volumes/htdocs/tigron-invoicing-tool/public/index.php(126): M\Controller\Dispatcher->dispatch()
#2 {main}	
2022-10-29 12:04:31	Destructed Console
--
	
2022-10-29 12:05:49	Constructed Console	
2022-10-29 12:05:49	Unable to construct Controller with path favicon.ico	
2022-10-29 12:05:49	#0 /Volumes/htdocs/tigron-invoicing-tool/vendor/multimedium/core/src/M/Controller/Dispatcher.php(872): M\Controller\Dispatcher->getControllerCallback()
#1 /Volumes/htdocs/tigron-invoicing-tool/public/index.php(126): M\Controller\Dispatcher->dispatch()
#2 {main}	
2022-10-29 12:05:49	Destructed Console
--
	
2022-10-29 12:05:51	Constructed Console	
2022-10-29 12:05:51	Unable to construct Controller with path favicon.ico	
2022-10-29 12:05:51	#0 /Volumes/htdocs/tigron-invoicing-tool/vendor/multimedium/core/src/M/Controller/Dispatcher.php(872): M\Controller\Dispatcher->getControllerCallback()
#1 /Volumes/htdocs/tigron-invoicing-tool/public/index.php(126): M\Controller\Dispatcher->dispatch()
#2 {main}	
2022-10-29 12:05:51	Destructed Console
--
	
2022-10-29 12:05:51	Constructed Console	
2022-10-29 12:05:51	Unable to construct Controller with path favicon.ico	
2022-10-29 12:05:51	#0 /Volumes/htdocs/tigron-invoicing-tool/vendor/multimedium/core/src/M/Controller/Dispatcher.php(872): M\Controller\Dispatcher->getControllerCallback()
#1 /Volumes/htdocs/tigron-invoicing-tool/public/index.php(126): M\Controller\Dispatcher->dispatch()
#2 {main}	
2022-10-29 12:05:51	Destructed Console
--
	
2022-10-29 12:05:53	Constructed Console	
2022-10-29 12:05:53	Method index not compliant	
2022-10-29 12:05:53	#0 /Volumes/htdocs/tigron-invoicing-tool/vendor/multimedium/core/src/M/Controller/Dispatcher.php(872): M\Controller\Dispatcher->getControllerCallback()
#1 /Volumes/htdocs/tigron-invoicing-tool/public/index.php(126): M\Controller\Dispatcher->dispatch()
#2 {main}	
2022-10-29 12:05:53	Destructed Console
--
	
2022-10-29 12:05:53	Constructed Console	
2022-10-29 12:05:53	Unable to construct Controller with path favicon.ico	
2022-10-29 12:05:53	#0 /Volumes/htdocs/tigron-invoicing-tool/vendor/multimedium/core/src/M/Controller/Dispatcher.php(872): M\Controller\Dispatcher->getControllerCallback()
#1 /Volumes/htdocs/tigron-invoicing-tool/public/index.php(126): M\Controller\Dispatcher->dispatch()
#2 {main}	
2022-10-29 12:05:53	Destructed Console
--
	
2022-10-29 12:05:53	Constructed Console	
2022-10-29 12:05:53	Unable to construct Controller with path favicon.ico	
2022-10-29 12:05:53	#0 /Volumes/htdocs/tigron-invoicing-tool/vendor/multimedium/core/src/M/Controller/Dispatcher.php(872): M\Controller\Dispatcher->getControllerCallback()
#1 /Volumes/htdocs/tigron-invoicing-tool/public/index.php(126): M\Controller\Dispatcher->dispatch()
#2 {main}	
2022-10-29 12:05:53	Destructed Console
--
	
2022-10-29 12:06:02	Constructed Console	
2022-10-29 12:06:02	Unable to construct Controller with path favicon.ico	
2022-10-29 12:06:02	#0 /Volumes/htdocs/tigron-invoicing-tool/vendor/multimedium/core/src/M/Controller/Dispatcher.php(872): M\Controller\Dispatcher->getControllerCallback()
#1 /Volumes/htdocs/tigron-invoicing-tool/public/index.php(126): M\Controller\Dispatcher->dispatch()
#2 {main}	
2022-10-29 12:06:02	Destructed Console
--
	
2022-10-29 12:06:32	Constructed Console	
2022-10-29 12:06:32	Unable to construct Controller with path favicon.ico	
2022-10-29 12:06:32	#0 /Volumes/htdocs/tigron-invoicing-tool/vendor/multimedium/core/src/M/Controller/Dispatcher.php(872): M\Controller\Dispatcher->getControllerCallback()
#1 /Volumes/htdocs/tigron-invoicing-tool/public/index.php(126): M\Controller\Dispatcher->dispatch()
#2 {main}	
2022-10-29 12:06:32	Destructed Console
--
	
2022-10-29 12:06:42	Constructed Console	
2022-10-29 12:06:42	Unable to construct Controller with path favicon.ico	
2022-10-29 12:06:42	#0 /Volumes/htdocs/tigron-invoicing-tool/vendor/multimedium/core/src/M/Controller/Dispatcher.php(872): M\Controller\Dispatcher->getControllerCallback()
#1 /Volumes/htdocs/tigron-invoicing-tool/public/index.php(126): M\Controller\Dispatcher->dispatch()
#2 {main}	
2022-10-29 12:06:42	Destructed Console
--
	
2022-10-29 12:06:47	Constructed Console	
2022-10-29 12:06:47	Unable to construct Controller with path favicon.ico	
2022-10-29 12:06:47	#0 /Volumes/htdocs/tigron-invoicing-tool/vendor/multimedium/core/src/M/Controller/Dispatcher.php(872): M\Controller\Dispatcher->getControllerCallback()
#1 /Volumes/htdocs/tigron-invoicing-tool/public/index.php(126): M\Controller\Dispatcher->dispatch()
#2 {main}	
2022-10-29 12:06:47	Destructed Console
--
	
2022-10-29 12:08:27	Constructed Console	
2022-10-29 12:08:27	Unable to construct Controller with path favicon.ico	
2022-10-29 12:08:27	#0 /Volumes/htdocs/tigron-invoicing-tool/vendor/multimedium/core/src/M/Controller/Dispatcher.php(872): M\Controller\Dispatcher->getControllerCallback()
#1 /Volumes/htdocs/tigron-invoicing-tool/public/index.php(126): M\Controller\Dispatcher->dispatch()
#2 {main}	
2022-10-29 12:08:27	Destructed Console
--
	
2022-10-29 12:08:46	Constructed Console	
2022-10-29 12:08:46	Unable to construct Controller with path favicon.ico	
2022-10-29 12:08:46	#0 /Volumes/htdocs/tigron-invoicing-tool/vendor/multimedium/core/src/M/Controller/Dispatcher.php(872): M\Controller\Dispatcher->getControllerCallback()
#1 /Volumes/htdocs/tigron-invoicing-tool/public/index.php(126): M\Controller\Dispatcher->dispatch()
#2 {main}	
2022-10-29 12:08:46	Destructed Console
--
	
2022-10-29 12:09:24	Constructed Console	
2022-10-29 12:09:24	Unable to construct Controller with path favicon.ico	
2022-10-29 12:09:24	#0 /Volumes/htdocs/tigron-invoicing-tool/vendor/multimedium/core/src/M/Controller/Dispatcher.php(872): M\Controller\Dispatcher->getControllerCallback()
#1 /Volumes/htdocs/tigron-invoicing-tool/public/index.php(126): M\Controller\Dispatcher->dispatch()
#2 {main}	
2022-10-29 12:09:24	Destructed Console
--
	
2022-10-29 12:10:06	Constructed Console	
2022-10-29 12:10:06	Unable to construct Controller with path favicon.ico	
2022-10-29 12:10:06	#0 /Volumes/htdocs/tigron-invoicing-tool/vendor/multimedium/core/src/M/Controller/Dispatcher.php(872): M\Controller\Dispatcher->getControllerCallback()
#1 /Volumes/htdocs/tigron-invoicing-tool/public/index.php(126): M\Controller\Dispatcher->dispatch()
#2 {main}	
2022-10-29 12:10:06	Destructed Console
--
	
2022-10-29 12:10:25	Constructed Console	
2022-10-29 12:10:25	Unable to construct Controller with path favicon.ico	
2022-10-29 12:10:25	#0 /Volumes/htdocs/tigron-invoicing-tool/vendor/multimedium/core/src/M/Controller/Dispatcher.php(872): M\Controller\Dispatcher->getControllerCallback()
#1 /Volumes/htdocs/tigron-invoicing-tool/public/index.php(126): M\Controller\Dispatcher->dispatch()
#2 {main}	
2022-10-29 12:10:25	Destructed Console
--
	
2022-10-29 12:10:32	Constructed Console	
2022-10-29 12:10:32	Unable to construct Controller with path favicon.ico	
2022-10-29 12:10:32	#0 /Volumes/htdocs/tigron-invoicing-tool/vendor/multimedium/core/src/M/Controller/Dispatcher.php(872): M\Controller\Dispatcher->getControllerCallback()
#1 /Volumes/htdocs/tigron-invoicing-tool/public/index.php(126): M\Controller\Dispatcher->dispatch()
#2 {main}	
2022-10-29 12:10:32	Destructed Console
--
	
2022-10-29 12:10:54	Constructed Console	
2022-10-29 12:10:54	Unable to construct Controller with path favicon.ico	
2022-10-29 12:10:54	#0 /Volumes/htdocs/tigron-invoicing-tool/vendor/multimedium/core/src/M/Controller/Dispatcher.php(872): M\Controller\Dispatcher->getControllerCallback()
#1 /Volumes/htdocs/tigron-invoicing-tool/public/index.php(126): M\Controller\Dispatcher->dispatch()
#2 {main}	
2022-10-29 12:10:54	Destructed Console
--
	
2022-10-29 12:13:05	Constructed Console	
2022-10-29 12:13:05	Unable to construct Controller with path favicon.ico	
2022-10-29 12:13:05	#0 /Volumes/htdocs/tigron-invoicing-tool/vendor/multimedium/core/src/M/Controller/Dispatcher.php(872): M\Controller\Dispatcher->getControllerCallback()
#1 /Volumes/htdocs/tigron-invoicing-tool/public/index.php(126): M\Controller\Dispatcher->dispatch()
#2 {main}	
2022-10-29 12:13:05	Destructed Console
--
	
2022-10-29 12:13:31	Constructed Console	
2022-10-29 12:13:31	Unable to construct Controller with path favicon.ico	
2022-10-29 12:13:31	#0 /Volumes/htdocs/tigron-invoicing-tool/vendor/multimedium/core/src/M/Controller/Dispatcher.php(872): M\Controller\Dispatcher->getControllerCallback()
#1 /Volumes/htdocs/tigron-invoicing-tool/public/index.php(126): M\Controller\Dispatcher->dispatch()
#2 {main}	
2022-10-29 12:13:31	Destructed Console
--
	
2022-10-29 12:20:42	Constructed Console	
2022-10-29 12:20:42	Unable to construct Controller with path favicon.ico	
2022-10-29 12:20:42	#0 /Volumes/htdocs/tigron-invoicing-tool/vendor/multimedium/core/src/M/Controller/Dispatcher.php(872): M\Controller\Dispatcher->getControllerCallback()
#1 /Volumes/htdocs/tigron-invoicing-tool/public/index.php(126): M\Controller\Dispatcher->dispatch()
#2 {main}	
2022-10-29 12:20:43	Destructed Console
--
	
2022-10-29 12:23:58	Constructed Console	
2022-10-29 12:23:58	Unable to construct Controller with path favicon.ico	
2022-10-29 12:23:58	#0 /Volumes/htdocs/tigron-invoicing-tool/vendor/multimedium/core/src/M/Controller/Dispatcher.php(872): M\Controller\Dispatcher->getControllerCallback()
#1 /Volumes/htdocs/tigron-invoicing-tool/public/index.php(126): M\Controller\Dispatcher->dispatch()
#2 {main}	
2022-10-29 12:23:58	Destructed Console
--
	
2022-10-29 12:24:23	Constructed Console	
2022-10-29 12:24:23	Unable to construct Controller with path favicon.ico	
2022-10-29 12:24:23	#0 /Volumes/htdocs/tigron-invoicing-tool/vendor/multimedium/core/src/M/Controller/Dispatcher.php(872): M\Controller\Dispatcher->getControllerCallback()
#1 /Volumes/htdocs/tigron-invoicing-tool/public/index.php(126): M\Controller\Dispatcher->dispatch()
#2 {main}	
2022-10-29 12:24:23	Destructed Console
--
	
2022-10-29 12:25:10	Constructed Console	
2022-10-29 12:25:10	Unable to construct Controller with path favicon.ico	
2022-10-29 12:25:10	#0 /Volumes/htdocs/tigron-invoicing-tool/vendor/multimedium/core/src/M/Controller/Dispatcher.php(872): M\Controller\Dispatcher->getControllerCallback()
#1 /Volumes/htdocs/tigron-invoicing-tool/public/index.php(126): M\Controller\Dispatcher->dispatch()
#2 {main}	
2022-10-29 12:25:10	Destructed Console
--
	
2022-10-29 12:25:18	Constructed Console	
2022-10-29 12:25:18	Unable to construct Controller with path favicon.ico	
2022-10-29 12:25:18	#0 /Volumes/htdocs/tigron-invoicing-tool/vendor/multimedium/core/src/M/Controller/Dispatcher.php(872): M\Controller\Dispatcher->getControllerCallback()
#1 /Volumes/htdocs/tigron-invoicing-tool/public/index.php(126): M\Controller\Dispatcher->dispatch()
#2 {main}	
2022-10-29 12:25:18	Destructed Console
--
	
2022-10-29 12:25:53	Constructed Console	
2022-10-29 12:25:53	Unable to construct Controller with path favicon.ico	
2022-10-29 12:25:53	#0 /Volumes/htdocs/tigron-invoicing-tool/vendor/multimedium/core/src/M/Controller/Dispatcher.php(872): M\Controller\Dispatcher->getControllerCallback()
#1 /Volumes/htdocs/tigron-invoicing-tool/public/index.php(126): M\Controller\Dispatcher->dispatch()
#2 {main}	
2022-10-29 12:25:53	Destructed Console
--
	
2022-10-29 12:27:44	Constructed Console	
2022-10-29 12:27:44	Unable to construct Controller with path favicon.ico	
2022-10-29 12:27:44	#0 /Volumes/htdocs/tigron-invoicing-tool/vendor/multimedium/core/src/M/Controller/Dispatcher.php(872): M\Controller\Dispatcher->getControllerCallback()
#1 /Volumes/htdocs/tigron-invoicing-tool/public/index.php(126): M\Controller\Dispatcher->dispatch()
#2 {main}	
2022-10-29 12:27:44	Destructed Console
--
	
2022-10-29 12:27:46	Constructed Console	
2022-10-29 12:27:46	Unable to construct Controller with path favicon.ico	
2022-10-29 12:27:46	#0 /Volumes/htdocs/tigron-invoicing-tool/vendor/multimedium/core/src/M/Controller/Dispatcher.php(872): M\Controller\Dispatcher->getControllerCallback()
#1 /Volumes/htdocs/tigron-invoicing-tool/public/index.php(126): M\Controller\Dispatcher->dispatch()
#2 {main}	
2022-10-29 12:27:46	Destructed Console
--
	
2022-10-29 12:27:46	Constructed Console	
2022-10-29 12:27:46	Unable to construct Controller with path favicon.ico	
2022-10-29 12:27:46	#0 /Volumes/htdocs/tigron-invoicing-tool/vendor/multimedium/core/src/M/Controller/Dispatcher.php(872): M\Controller\Dispatcher->getControllerCallback()
#1 /Volumes/htdocs/tigron-invoicing-tool/public/index.php(126): M\Controller\Dispatcher->dispatch()
#2 {main}	
2022-10-29 12:27:46	Destructed Console
--
	
2022-10-29 12:27:50	Constructed Console	
2022-10-29 12:27:50	Unable to construct Controller with path favicon.ico	
2022-10-29 12:27:50	#0 /Volumes/htdocs/tigron-invoicing-tool/vendor/multimedium/core/src/M/Controller/Dispatcher.php(872): M\Controller\Dispatcher->getControllerCallback()
#1 /Volumes/htdocs/tigron-invoicing-tool/public/index.php(126): M\Controller\Dispatcher->dispatch()
#2 {main}	
2022-10-29 12:27:50	Destructed Console
--
	
2022-10-29 12:27:55	Constructed Console	
2022-10-29 12:27:55	Unable to construct Controller with path favicon.ico	
2022-10-29 12:27:55	#0 /Volumes/htdocs/tigron-invoicing-tool/vendor/multimedium/core/src/M/Controller/Dispatcher.php(872): M\Controller\Dispatcher->getControllerCallback()
#1 /Volumes/htdocs/tigron-invoicing-tool/public/index.php(126): M\Controller\Dispatcher->dispatch()
#2 {main}	
2022-10-29 12:27:55	Destructed Console
--
	
2022-10-29 12:28:38	Constructed Console	
2022-10-29 12:28:38	Unable to construct Controller with path favicon.ico	
2022-10-29 12:28:38	#0 /Volumes/htdocs/tigron-invoicing-tool/vendor/multimedium/core/src/M/Controller/Dispatcher.php(872): M\Controller\Dispatcher->getControllerCallback()
#1 /Volumes/htdocs/tigron-invoicing-tool/public/index.php(126): M\Controller\Dispatcher->dispatch()
#2 {main}	
2022-10-29 12:28:38	Destructed Console
--
	
2022-10-29 12:30:23	Constructed Console	
2022-10-29 12:30:23	Unable to construct Controller with path favicon.ico	
2022-10-29 12:30:23	#0 /Volumes/htdocs/tigron-invoicing-tool/vendor/multimedium/core/src/M/Controller/Dispatcher.php(872): M\Controller\Dispatcher->getControllerCallback()
#1 /Volumes/htdocs/tigron-invoicing-tool/public/index.php(126): M\Controller\Dispatcher->dispatch()
#2 {main}	
2022-10-29 12:30:23	Destructed Console
--
	
2022-10-29 12:30:42	Constructed Console	
2022-10-29 12:30:42	Unable to construct Controller with path favicon.ico	
2022-10-29 12:30:42	#0 /Volumes/htdocs/tigron-invoicing-tool/vendor/multimedium/core/src/M/Controller/Dispatcher.php(872): M\Controller\Dispatcher->getControllerCallback()
#1 /Volumes/htdocs/tigron-invoicing-tool/public/index.php(126): M\Controller\Dispatcher->dispatch()
#2 {main}	
2022-10-29 12:30:42	Destructed Console
--
	
2022-10-29 12:31:19	Constructed Console	
2022-10-29 12:31:19	Method companies not compliant	
2022-10-29 12:31:19	#0 /Volumes/htdocs/tigron-invoicing-tool/vendor/multimedium/core/src/M/Controller/Dispatcher.php(872): M\Controller\Dispatcher->getControllerCallback()
#1 /Volumes/htdocs/tigron-invoicing-tool/public/index.php(126): M\Controller\Dispatcher->dispatch()
#2 {main}	
2022-10-29 12:31:19	Destructed Console
--
	
2022-10-29 12:31:19	Constructed Console	
2022-10-29 12:31:19	Unable to construct Controller with path favicon.ico	
2022-10-29 12:31:19	#0 /Volumes/htdocs/tigron-invoicing-tool/vendor/multimedium/core/src/M/Controller/Dispatcher.php(872): M\Controller\Dispatcher->getControllerCallback()
#1 /Volumes/htdocs/tigron-invoicing-tool/public/index.php(126): M\Controller\Dispatcher->dispatch()
#2 {main}	
2022-10-29 12:31:19	Destructed Console
--
	
2022-10-29 12:32:04	Constructed Console	
2022-10-29 12:32:04	Unable to construct Controller with path favicon.ico	
2022-10-29 12:32:04	#0 /Volumes/htdocs/tigron-invoicing-tool/vendor/multimedium/core/src/M/Controller/Dispatcher.php(872): M\Controller\Dispatcher->getControllerCallback()
#1 /Volumes/htdocs/tigron-invoicing-tool/public/index.php(126): M\Controller\Dispatcher->dispatch()
#2 {main}	
2022-10-29 12:32:04	Destructed Console
--
	
2022-10-29 12:46:59	Constructed Console	
2022-10-29 12:46:59	Unable to construct Controller with path favicon.ico	
2022-10-29 12:46:59	#0 /Volumes/htdocs/tigron-invoicing-tool/vendor/multimedium/core/src/M/Controller/Dispatcher.php(872): M\Controller\Dispatcher->getControllerCallback()
#1 /Volumes/htdocs/tigron-invoicing-tool/public/index.php(126): M\Controller\Dispatcher->dispatch()
#2 {main}	
2022-10-29 12:46:59	Destructed Console
--
	
2022-10-29 12:50:45	Constructed Console	
2022-10-29 12:50:45	Unable to construct Controller with path favicon.ico	
2022-10-29 12:50:45	#0 /Volumes/htdocs/tigron-invoicing-tool/vendor/multimedium/core/src/M/Controller/Dispatcher.php(872): M\Controller\Dispatcher->getControllerCallback()
#1 /Volumes/htdocs/tigron-invoicing-tool/public/index.php(126): M\Controller\Dispatcher->dispatch()
#2 {main}	
2022-10-29 12:50:45	Destructed Console
--
	
2022-10-29 12:51:13	Constructed Console	
2022-10-29 12:51:13	Unable to construct Controller with path favicon.ico	
2022-10-29 12:51:13	#0 /Volumes/htdocs/tigron-invoicing-tool/vendor/multimedium/core/src/M/Controller/Dispatcher.php(872): M\Controller\Dispatcher->getControllerCallback()
#1 /Volumes/htdocs/tigron-invoicing-tool/public/index.php(126): M\Controller\Dispatcher->dispatch()
#2 {main}	
2022-10-29 12:51:13	Destructed Console
--
	
2022-10-29 12:51:17	Constructed Console	
2022-10-29 12:51:17	Unable to construct Controller with path favicon.ico	
2022-10-29 12:51:17	#0 /Volumes/htdocs/tigron-invoicing-tool/vendor/multimedium/core/src/M/Controller/Dispatcher.php(872): M\Controller\Dispatcher->getControllerCallback()
#1 /Volumes/htdocs/tigron-invoicing-tool/public/index.php(126): M\Controller\Dispatcher->dispatch()
#2 {main}	
2022-10-29 12:51:17	Destructed Console
--
	
2022-10-29 12:52:50	Constructed Console	
2022-10-29 12:52:50	Unable to construct Controller with path favicon.ico	
2022-10-29 12:52:50	#0 /Volumes/htdocs/tigron-invoicing-tool/vendor/multimedium/core/src/M/Controller/Dispatcher.php(872): M\Controller\Dispatcher->getControllerCallback()
#1 /Volumes/htdocs/tigron-invoicing-tool/public/index.php(126): M\Controller\Dispatcher->dispatch()
#2 {main}	
2022-10-29 12:52:50	Destructed Console
--
	
2022-10-29 12:53:05	Constructed Console	
2022-10-29 12:53:05	Unable to construct Controller with path favicon.ico	
2022-10-29 12:53:05	#0 /Volumes/htdocs/tigron-invoicing-tool/vendor/multimedium/core/src/M/Controller/Dispatcher.php(872): M\Controller\Dispatcher->getControllerCallback()
#1 /Volumes/htdocs/tigron-invoicing-tool/public/index.php(126): M\Controller\Dispatcher->dispatch()
#2 {main}	
2022-10-29 12:53:05	Destructed Console
--
	
2022-10-29 12:53:31	Constructed Console	
2022-10-29 12:53:31	Unable to construct Controller with path favicon.ico	
2022-10-29 12:53:31	#0 /Volumes/htdocs/tigron-invoicing-tool/vendor/multimedium/core/src/M/Controller/Dispatcher.php(872): M\Controller\Dispatcher->getControllerCallback()
#1 /Volumes/htdocs/tigron-invoicing-tool/public/index.php(126): M\Controller\Dispatcher->dispatch()
#2 {main}	
2022-10-29 12:53:31	Destructed Console
--
	
2022-10-29 12:53:42	Constructed Console	
2022-10-29 12:53:42	Unable to construct Controller with path favicon.ico	
2022-10-29 12:53:42	#0 /Volumes/htdocs/tigron-invoicing-tool/vendor/multimedium/core/src/M/Controller/Dispatcher.php(872): M\Controller\Dispatcher->getControllerCallback()
#1 /Volumes/htdocs/tigron-invoicing-tool/public/index.php(126): M\Controller\Dispatcher->dispatch()
#2 {main}	
2022-10-29 12:53:42	Destructed Console
--
	
2022-10-29 12:54:20	Constructed Console	
2022-10-29 12:54:20	Unable to construct Controller with path favicon.ico	
2022-10-29 12:54:20	#0 /Volumes/htdocs/tigron-invoicing-tool/vendor/multimedium/core/src/M/Controller/Dispatcher.php(872): M\Controller\Dispatcher->getControllerCallback()
#1 /Volumes/htdocs/tigron-invoicing-tool/public/index.php(126): M\Controller\Dispatcher->dispatch()
#2 {main}	
2022-10-29 12:54:20	Destructed Console
--
	
2022-10-29 12:54:25	Constructed Console	
2022-10-29 12:54:25	Unable to construct Controller with path favicon.ico	
2022-10-29 12:54:25	#0 /Volumes/htdocs/tigron-invoicing-tool/vendor/multimedium/core/src/M/Controller/Dispatcher.php(872): M\Controller\Dispatcher->getControllerCallback()
#1 /Volumes/htdocs/tigron-invoicing-tool/public/index.php(126): M\Controller\Dispatcher->dispatch()
#2 {main}	
2022-10-29 12:54:25	Destructed Console
--
	
2022-10-29 12:54:31	Constructed Console	
2022-10-29 12:54:31	Unable to construct Controller with path favicon.ico	
2022-10-29 12:54:31	#0 /Volumes/htdocs/tigron-invoicing-tool/vendor/multimedium/core/src/M/Controller/Dispatcher.php(872): M\Controller\Dispatcher->getControllerCallback()
#1 /Volumes/htdocs/tigron-invoicing-tool/public/index.php(126): M\Controller\Dispatcher->dispatch()
#2 {main}	
2022-10-29 12:54:31	Destructed Console
--
	
2022-10-29 12:55:01	Constructed Console	
2022-10-29 12:55:01	Unable to construct Controller with path favicon.ico	
2022-10-29 12:55:01	#0 /Volumes/htdocs/tigron-invoicing-tool/vendor/multimedium/core/src/M/Controller/Dispatcher.php(872): M\Controller\Dispatcher->getControllerCallback()
#1 /Volumes/htdocs/tigron-invoicing-tool/public/index.php(126): M\Controller\Dispatcher->dispatch()
#2 {main}	
2022-10-29 12:55:01	Destructed Console
--
	
2022-10-29 12:55:10	Constructed Console	
2022-10-29 12:55:10	Unable to construct Controller with path favicon.ico	
2022-10-29 12:55:10	#0 /Volumes/htdocs/tigron-invoicing-tool/vendor/multimedium/core/src/M/Controller/Dispatcher.php(872): M\Controller\Dispatcher->getControllerCallback()
#1 /Volumes/htdocs/tigron-invoicing-tool/public/index.php(126): M\Controller\Dispatcher->dispatch()
#2 {main}	
2022-10-29 12:55:10	Destructed Console
--
	
2022-10-29 12:56:14	Constructed Console	
2022-10-29 12:56:14	Unable to construct Controller with path favicon.ico	
2022-10-29 12:56:14	#0 /Volumes/htdocs/tigron-invoicing-tool/vendor/multimedium/core/src/M/Controller/Dispatcher.php(872): M\Controller\Dispatcher->getControllerCallback()
#1 /Volumes/htdocs/tigron-invoicing-tool/public/index.php(126): M\Controller\Dispatcher->dispatch()
#2 {main}	
2022-10-29 12:56:14	Destructed Console
--
	
2022-10-29 12:56:27	Constructed Console	
2022-10-29 12:56:27	Method acces not compliant	
2022-10-29 12:56:27	#0 /Volumes/htdocs/tigron-invoicing-tool/vendor/multimedium/core/src/M/Controller/Dispatcher.php(872): M\Controller\Dispatcher->getControllerCallback()
#1 /Volumes/htdocs/tigron-invoicing-tool/public/index.php(126): M\Controller\Dispatcher->dispatch()
#2 {main}	
2022-10-29 12:56:27	Destructed Console
--
	
2022-10-29 12:56:27	Constructed Console	
2022-10-29 12:56:27	Unable to construct Controller with path favicon.ico	
2022-10-29 12:56:27	#0 /Volumes/htdocs/tigron-invoicing-tool/vendor/multimedium/core/src/M/Controller/Dispatcher.php(872): M\Controller\Dispatcher->getControllerCallback()
#1 /Volumes/htdocs/tigron-invoicing-tool/public/index.php(126): M\Controller\Dispatcher->dispatch()
#2 {main}	
2022-10-29 12:56:27	Destructed Console
--
	
2022-10-29 12:56:33	Constructed Console	
2022-10-29 12:56:33	Unable to construct Controller with path favicon.ico	
2022-10-29 12:56:33	#0 /Volumes/htdocs/tigron-invoicing-tool/vendor/multimedium/core/src/M/Controller/Dispatcher.php(872): M\Controller\Dispatcher->getControllerCallback()
#1 /Volumes/htdocs/tigron-invoicing-tool/public/index.php(126): M\Controller\Dispatcher->dispatch()
#2 {main}	
2022-10-29 12:56:33	Destructed Console
--
	
