2022-11-19 11:12:13	Constructed Console	
2022-11-19 11:12:13	Argument 1 passed to Main\Module\Starwars\View\Starwars::setChars() must be an instance of App\Starwars\Starwars, instance of M\DataObject\ResultSet given, called in /Volumes/htdocs/tigron-invoicing-tool/app/Main/Module/Starwars/Controller/Starwars.php on line 21	
2022-11-19 11:12:13	#0 /Volumes/htdocs/tigron-invoicing-tool/app/Main/Module/Starwars/Controller/Starwars.php(21): Main\Module\Starwars\View\Starwars->setChars(Object(M\DataObject\ResultSet))
#1 [internal function]: Main\Module\Starwars\Controller\Starwars->index()
#2 /Volumes/htdocs/tigron-invoicing-tool/vendor/multimedium/core/src/M/Util/Callback.php(747): call_user_func_array(Array, Array)
#3 /Volumes/htdocs/tigron-invoicing-tool/vendor/multimedium/core/src/M/Controller/Dispatcher.php(881): M\Util\Callback->run()
#4 /Volumes/htdocs/tigron-invoicing-tool/public/index.php(126): M\Controller\Dispatcher->dispatch()
#5 {main}	
2022-11-19 11:12:13	Argument 1 passed to Main\Module\Starwars\View\Starwars::setChars() must be an instance of App\Starwars\Starwars, instance of M\DataObject\ResultSet given, called in /Volumes/htdocs/tigron-invoicing-tool/app/Main/Module/Starwars/Controller/Starwars.php on line 21	
2022-11-19 11:12:13	#0 /Volumes/htdocs/tigron-invoicing-tool/app/Main/Module/Starwars/Controller/Starwars.php(21): Main\Module\Starwars\View\Starwars->setChars(Object(M\DataObject\ResultSet))
#1 [internal function]: Main\Module\Starwars\Controller\Starwars->index()
#2 /Volumes/htdocs/tigron-invoicing-tool/vendor/multimedium/core/src/M/Util/Callback.php(747): call_user_func_array(Array, Array)
#3 /Volumes/htdocs/tigron-invoicing-tool/vendor/multimedium/core/src/M/Controller/Dispatcher.php(881): M\Util\Callback->run()
#4 /Volumes/htdocs/tigron-invoicing-tool/public/index.php(126): M\Controller\Dispatcher->dispatch()
#5 {main}	
2022-11-19 11:12:13	Destructed Console
--
	
2022-11-19 11:12:33	Constructed Console	
2022-11-19 11:12:33	Argument 1 passed to Main\Module\Starwars\View\Starwars::setChars() must be an instance of App\Starwars\Starwars, instance of M\DataObject\ResultSet given, called in /Volumes/htdocs/tigron-invoicing-tool/app/Main/Module/Starwars/Controller/Starwars.php on line 21	
2022-11-19 11:12:33	#0 /Volumes/htdocs/tigron-invoicing-tool/app/Main/Module/Starwars/Controller/Starwars.php(21): Main\Module\Starwars\View\Starwars->setChars(Object(M\DataObject\ResultSet))
#1 [internal function]: Main\Module\Starwars\Controller\Starwars->index()
#2 /Volumes/htdocs/tigron-invoicing-tool/vendor/multimedium/core/src/M/Util/Callback.php(747): call_user_func_array(Array, Array)
#3 /Volumes/htdocs/tigron-invoicing-tool/vendor/multimedium/core/src/M/Controller/Dispatcher.php(881): M\Util\Callback->run()
#4 /Volumes/htdocs/tigron-invoicing-tool/public/index.php(126): M\Controller\Dispatcher->dispatch()
#5 {main}	
2022-11-19 11:12:33	Argument 1 passed to Main\Module\Starwars\View\Starwars::setChars() must be an instance of App\Starwars\Starwars, instance of M\DataObject\ResultSet given, called in /Volumes/htdocs/tigron-invoicing-tool/app/Main/Module/Starwars/Controller/Starwars.php on line 21	
2022-11-19 11:12:33	#0 /Volumes/htdocs/tigron-invoicing-tool/app/Main/Module/Starwars/Controller/Starwars.php(21): Main\Module\Starwars\View\Starwars->setChars(Object(M\DataObject\ResultSet))
#1 [internal function]: Main\Module\Starwars\Controller\Starwars->index()
#2 /Volumes/htdocs/tigron-invoicing-tool/vendor/multimedium/core/src/M/Util/Callback.php(747): call_user_func_array(Array, Array)
#3 /Volumes/htdocs/tigron-invoicing-tool/vendor/multimedium/core/src/M/Controller/Dispatcher.php(881): M\Util\Callback->run()
#4 /Volumes/htdocs/tigron-invoicing-tool/public/index.php(126): M\Controller\Dispatcher->dispatch()
#5 {main}	
2022-11-19 11:12:33	Destructed Console
--
	
2022-11-19 11:12:38	Constructed Console	
2022-11-19 11:12:38	Argument 1 passed to Main\Module\Starwars\View\Starwars::setChars() must be an instance of App\Starwars\Starwars, instance of M\DataObject\ResultSet given, called in /Volumes/htdocs/tigron-invoicing-tool/app/Main/Module/Starwars/Controller/Starwars.php on line 21	
2022-11-19 11:12:38	#0 /Volumes/htdocs/tigron-invoicing-tool/app/Main/Module/Starwars/Controller/Starwars.php(21): Main\Module\Starwars\View\Starwars->setChars(Object(M\DataObject\ResultSet))
#1 [internal function]: Main\Module\Starwars\Controller\Starwars->index()
#2 /Volumes/htdocs/tigron-invoicing-tool/vendor/multimedium/core/src/M/Util/Callback.php(747): call_user_func_array(Array, Array)
#3 /Volumes/htdocs/tigron-invoicing-tool/vendor/multimedium/core/src/M/Controller/Dispatcher.php(881): M\Util\Callback->run()
#4 /Volumes/htdocs/tigron-invoicing-tool/public/index.php(126): M\Controller\Dispatcher->dispatch()
#5 {main}	
2022-11-19 11:12:38	Argument 1 passed to Main\Module\Starwars\View\Starwars::setChars() must be an instance of App\Starwars\Starwars, instance of M\DataObject\ResultSet given, called in /Volumes/htdocs/tigron-invoicing-tool/app/Main/Module/Starwars/Controller/Starwars.php on line 21	
2022-11-19 11:12:38	#0 /Volumes/htdocs/tigron-invoicing-tool/app/Main/Module/Starwars/Controller/Starwars.php(21): Main\Module\Starwars\View\Starwars->setChars(Object(M\DataObject\ResultSet))
#1 [internal function]: Main\Module\Starwars\Controller\Starwars->index()
#2 /Volumes/htdocs/tigron-invoicing-tool/vendor/multimedium/core/src/M/Util/Callback.php(747): call_user_func_array(Array, Array)
#3 /Volumes/htdocs/tigron-invoicing-tool/vendor/multimedium/core/src/M/Controller/Dispatcher.php(881): M\Util\Callback->run()
#4 /Volumes/htdocs/tigron-invoicing-tool/public/index.php(126): M\Controller\Dispatcher->dispatch()
#5 {main}	
2022-11-19 11:12:38	Destructed Console
--
	
