2022-11-04 09:17:40	Constructed Console	
2022-11-04 09:17:40	Unable to construct Controller with path favicon.ico	
2022-11-04 09:17:40	#0 /Volumes/htdocs/tigron-invoicing-tool/vendor/multimedium/core/src/M/Controller/Dispatcher.php(872): M\Controller\Dispatcher->getControllerCallback()
#1 /Volumes/htdocs/tigron-invoicing-tool/public/index.php(126): M\Controller\Dispatcher->dispatch()
#2 {main}	
2022-11-04 09:17:40	Destructed Console
--
	
2022-11-04 09:17:40	Constructed Console	
2022-11-04 09:17:40	Unable to construct Controller with path favicon.ico	
2022-11-04 09:17:40	#0 /Volumes/htdocs/tigron-invoicing-tool/vendor/multimedium/core/src/M/Controller/Dispatcher.php(872): M\Controller\Dispatcher->getControllerCallback()
#1 /Volumes/htdocs/tigron-invoicing-tool/public/index.php(126): M\Controller\Dispatcher->dispatch()
#2 {main}	
2022-11-04 09:17:40	Destructed Console
--
	
2022-11-04 09:42:23	Constructed Console	
2022-11-04 09:42:23	Unable to construct Controller with path favicon.ico	
2022-11-04 09:42:23	#0 /Volumes/htdocs/tigron-invoicing-tool/vendor/multimedium/core/src/M/Controller/Dispatcher.php(872): M\Controller\Dispatcher->getControllerCallback()
#1 /Volumes/htdocs/tigron-invoicing-tool/public/index.php(126): M\Controller\Dispatcher->dispatch()
#2 {main}	
2022-11-04 09:42:23	Destructed Console
--
	
2022-11-04 09:45:05	Constructed Console	
2022-11-04 09:45:05	Unable to construct Controller with path favicon.ico	
2022-11-04 09:45:05	#0 /Volumes/htdocs/tigron-invoicing-tool/vendor/multimedium/core/src/M/Controller/Dispatcher.php(872): M\Controller\Dispatcher->getControllerCallback()
#1 /Volumes/htdocs/tigron-invoicing-tool/public/index.php(126): M\Controller\Dispatcher->dispatch()
#2 {main}	
2022-11-04 09:45:05	Destructed Console
--
	
2022-11-04 09:46:28	Constructed Console	
2022-11-04 09:46:28	Unable to construct Controller with path favicon.ico	
2022-11-04 09:46:28	#0 /Volumes/htdocs/tigron-invoicing-tool/vendor/multimedium/core/src/M/Controller/Dispatcher.php(872): M\Controller\Dispatcher->getControllerCallback()
#1 /Volumes/htdocs/tigron-invoicing-tool/public/index.php(126): M\Controller\Dispatcher->dispatch()
#2 {main}	
2022-11-04 09:46:28	Destructed Console
--
	
2022-11-04 09:47:49	Constructed Console	
2022-11-04 09:47:49	Unable to construct Controller with path favicon.ico	
2022-11-04 09:47:49	#0 /Volumes/htdocs/tigron-invoicing-tool/vendor/multimedium/core/src/M/Controller/Dispatcher.php(872): M\Controller\Dispatcher->getControllerCallback()
#1 /Volumes/htdocs/tigron-invoicing-tool/public/index.php(126): M\Controller\Dispatcher->dispatch()
#2 {main}	
2022-11-04 09:47:49	Destructed Console
--
	
2022-11-04 09:48:21	Constructed Console	
2022-11-04 09:48:21	Unable to construct Controller with path favicon.ico	
2022-11-04 09:48:21	#0 /Volumes/htdocs/tigron-invoicing-tool/vendor/multimedium/core/src/M/Controller/Dispatcher.php(872): M\Controller\Dispatcher->getControllerCallback()
#1 /Volumes/htdocs/tigron-invoicing-tool/public/index.php(126): M\Controller\Dispatcher->dispatch()
#2 {main}	
2022-11-04 09:48:21	Destructed Console
--
	
2022-11-04 09:48:41	Constructed Console	
2022-11-04 09:48:41	Unable to construct Controller with path favicon.ico	
2022-11-04 09:48:41	#0 /Volumes/htdocs/tigron-invoicing-tool/vendor/multimedium/core/src/M/Controller/Dispatcher.php(872): M\Controller\Dispatcher->getControllerCallback()
#1 /Volumes/htdocs/tigron-invoicing-tool/public/index.php(126): M\Controller\Dispatcher->dispatch()
#2 {main}	
2022-11-04 09:48:41	Destructed Console
--
	
2022-11-04 09:51:53	Constructed Console	
2022-11-04 09:51:53	Unable to construct Controller with path favicon.ico	
2022-11-04 09:51:53	#0 /Volumes/htdocs/tigron-invoicing-tool/vendor/multimedium/core/src/M/Controller/Dispatcher.php(872): M\Controller\Dispatcher->getControllerCallback()
#1 /Volumes/htdocs/tigron-invoicing-tool/public/index.php(126): M\Controller\Dispatcher->dispatch()
#2 {main}	
2022-11-04 09:51:53	Destructed Console
--
	
2022-11-04 09:53:54	Constructed Console	
2022-11-04 09:53:54	Unable to construct Controller with path favicon.ico	
2022-11-04 09:53:54	#0 /Volumes/htdocs/tigron-invoicing-tool/vendor/multimedium/core/src/M/Controller/Dispatcher.php(872): M\Controller\Dispatcher->getControllerCallback()
#1 /Volumes/htdocs/tigron-invoicing-tool/public/index.php(126): M\Controller\Dispatcher->dispatch()
#2 {main}	
2022-11-04 09:53:54	Destructed Console
--
	
2022-11-04 09:56:48	Constructed Console	
2022-11-04 09:56:48	Unable to construct Controller with path favicon.ico	
2022-11-04 09:56:48	#0 /Volumes/htdocs/tigron-invoicing-tool/vendor/multimedium/core/src/M/Controller/Dispatcher.php(872): M\Controller\Dispatcher->getControllerCallback()
#1 /Volumes/htdocs/tigron-invoicing-tool/public/index.php(126): M\Controller\Dispatcher->dispatch()
#2 {main}	
2022-11-04 09:56:48	Destructed Console
--
	
2022-11-04 09:57:16	Constructed Console	
2022-11-04 09:57:16	Unable to construct Controller with path favicon.ico	
2022-11-04 09:57:16	#0 /Volumes/htdocs/tigron-invoicing-tool/vendor/multimedium/core/src/M/Controller/Dispatcher.php(872): M\Controller\Dispatcher->getControllerCallback()
#1 /Volumes/htdocs/tigron-invoicing-tool/public/index.php(126): M\Controller\Dispatcher->dispatch()
#2 {main}	
2022-11-04 09:57:16	Destructed Console
--
	
2022-11-04 10:01:38	Constructed Console	
2022-11-04 10:01:38	Unable to construct Controller with path favicon.ico	
2022-11-04 10:01:38	#0 /Volumes/htdocs/tigron-invoicing-tool/vendor/multimedium/core/src/M/Controller/Dispatcher.php(872): M\Controller\Dispatcher->getControllerCallback()
#1 /Volumes/htdocs/tigron-invoicing-tool/public/index.php(126): M\Controller\Dispatcher->dispatch()
#2 {main}	
2022-11-04 10:01:38	Destructed Console
--
	
2022-11-04 10:01:42	Constructed Console	
2022-11-04 10:01:42	Unable to construct Controller with path favicon.ico	
2022-11-04 10:01:42	#0 /Volumes/htdocs/tigron-invoicing-tool/vendor/multimedium/core/src/M/Controller/Dispatcher.php(872): M\Controller\Dispatcher->getControllerCallback()
#1 /Volumes/htdocs/tigron-invoicing-tool/public/index.php(126): M\Controller\Dispatcher->dispatch()
#2 {main}	
2022-11-04 10:01:42	Destructed Console
--
	
2022-11-04 10:07:13	Constructed Console	
2022-11-04 10:07:13	Unable to construct Controller with path favicon.ico	
2022-11-04 10:07:13	#0 /Volumes/htdocs/tigron-invoicing-tool/vendor/multimedium/core/src/M/Controller/Dispatcher.php(872): M\Controller\Dispatcher->getControllerCallback()
#1 /Volumes/htdocs/tigron-invoicing-tool/public/index.php(126): M\Controller\Dispatcher->dispatch()
#2 {main}	
2022-11-04 10:07:13	Destructed Console
--
	
2022-11-04 10:07:32	Constructed Console	
2022-11-04 10:07:32	Unable to construct Controller with path favicon.ico	
2022-11-04 10:07:32	#0 /Volumes/htdocs/tigron-invoicing-tool/vendor/multimedium/core/src/M/Controller/Dispatcher.php(872): M\Controller\Dispatcher->getControllerCallback()
#1 /Volumes/htdocs/tigron-invoicing-tool/public/index.php(126): M\Controller\Dispatcher->dispatch()
#2 {main}	
2022-11-04 10:07:32	Destructed Console
--
	
2022-11-04 10:08:09	Constructed Console	
2022-11-04 10:08:09	Unable to construct Controller with path favicon.ico	
2022-11-04 10:08:09	#0 /Volumes/htdocs/tigron-invoicing-tool/vendor/multimedium/core/src/M/Controller/Dispatcher.php(872): M\Controller\Dispatcher->getControllerCallback()
#1 /Volumes/htdocs/tigron-invoicing-tool/public/index.php(126): M\Controller\Dispatcher->dispatch()
#2 {main}	
2022-11-04 10:08:09	Destructed Console
--
	
2022-11-04 10:08:09	Constructed Console	
2022-11-04 10:08:09	Unable to construct Controller with path favicon.ico	
2022-11-04 10:08:09	#0 /Volumes/htdocs/tigron-invoicing-tool/vendor/multimedium/core/src/M/Controller/Dispatcher.php(872): M\Controller\Dispatcher->getControllerCallback()
#1 /Volumes/htdocs/tigron-invoicing-tool/public/index.php(126): M\Controller\Dispatcher->dispatch()
#2 {main}	
2022-11-04 10:08:09	Destructed Console
--
	
2022-11-04 10:08:11	Constructed Console	
2022-11-04 10:08:11	Unable to construct Controller with path favicon.ico	
2022-11-04 10:08:11	#0 /Volumes/htdocs/tigron-invoicing-tool/vendor/multimedium/core/src/M/Controller/Dispatcher.php(872): M\Controller\Dispatcher->getControllerCallback()
#1 /Volumes/htdocs/tigron-invoicing-tool/public/index.php(126): M\Controller\Dispatcher->dispatch()
#2 {main}	
2022-11-04 10:08:11	Destructed Console
--
	
2022-11-04 10:08:11	Constructed Console	
2022-11-04 10:08:11	Unable to construct Controller with path favicon.ico	
2022-11-04 10:08:11	#0 /Volumes/htdocs/tigron-invoicing-tool/vendor/multimedium/core/src/M/Controller/Dispatcher.php(872): M\Controller\Dispatcher->getControllerCallback()
#1 /Volumes/htdocs/tigron-invoicing-tool/public/index.php(126): M\Controller\Dispatcher->dispatch()
#2 {main}	
2022-11-04 10:08:11	Destructed Console
--
	
2022-11-04 10:08:11	Constructed Console	
2022-11-04 10:08:11	Unable to construct Controller with path favicon.ico	
2022-11-04 10:08:11	#0 /Volumes/htdocs/tigron-invoicing-tool/vendor/multimedium/core/src/M/Controller/Dispatcher.php(872): M\Controller\Dispatcher->getControllerCallback()
#1 /Volumes/htdocs/tigron-invoicing-tool/public/index.php(126): M\Controller\Dispatcher->dispatch()
#2 {main}	
2022-11-04 10:08:11	Destructed Console
--
	
2022-11-04 10:08:23	Constructed Console	
2022-11-04 10:08:23	Unable to construct Controller with path favicon.ico	
2022-11-04 10:08:23	#0 /Volumes/htdocs/tigron-invoicing-tool/vendor/multimedium/core/src/M/Controller/Dispatcher.php(872): M\Controller\Dispatcher->getControllerCallback()
#1 /Volumes/htdocs/tigron-invoicing-tool/public/index.php(126): M\Controller\Dispatcher->dispatch()
#2 {main}	
2022-11-04 10:08:23	Destructed Console
--
	
2022-11-04 10:08:31	Constructed Console	
2022-11-04 10:08:31	Unable to construct Controller with path tigron	
2022-11-04 10:08:31	#0 /Volumes/htdocs/tigron-invoicing-tool/vendor/multimedium/core/src/M/Controller/Dispatcher.php(872): M\Controller\Dispatcher->getControllerCallback()
#1 /Volumes/htdocs/tigron-invoicing-tool/public/index.php(126): M\Controller\Dispatcher->dispatch()
#2 {main}	
2022-11-04 10:08:31	Destructed Console
--
	
2022-11-04 10:08:31	Constructed Console	
2022-11-04 10:08:31	Unable to construct Controller with path favicon.ico	
2022-11-04 10:08:31	#0 /Volumes/htdocs/tigron-invoicing-tool/vendor/multimedium/core/src/M/Controller/Dispatcher.php(872): M\Controller\Dispatcher->getControllerCallback()
#1 /Volumes/htdocs/tigron-invoicing-tool/public/index.php(126): M\Controller\Dispatcher->dispatch()
#2 {main}	
2022-11-04 10:08:31	Destructed Console
--
	
2022-11-04 10:08:54	Constructed Console	
2022-11-04 10:08:54	Unable to construct Controller with path tigron	
2022-11-04 10:08:54	#0 /Volumes/htdocs/tigron-invoicing-tool/vendor/multimedium/core/src/M/Controller/Dispatcher.php(872): M\Controller\Dispatcher->getControllerCallback()
#1 /Volumes/htdocs/tigron-invoicing-tool/public/index.php(126): M\Controller\Dispatcher->dispatch()
#2 {main}	
2022-11-04 10:08:54	Destructed Console
--
	
2022-11-04 10:08:54	Constructed Console	
2022-11-04 10:08:54	Unable to construct Controller with path favicon.ico	
2022-11-04 10:08:54	#0 /Volumes/htdocs/tigron-invoicing-tool/vendor/multimedium/core/src/M/Controller/Dispatcher.php(872): M\Controller\Dispatcher->getControllerCallback()
#1 /Volumes/htdocs/tigron-invoicing-tool/public/index.php(126): M\Controller\Dispatcher->dispatch()
#2 {main}	
2022-11-04 10:08:54	Destructed Console
--
	
2022-11-04 10:08:55	Constructed Console	
2022-11-04 10:08:55	Unable to construct Controller with path tigron	
2022-11-04 10:08:55	#0 /Volumes/htdocs/tigron-invoicing-tool/vendor/multimedium/core/src/M/Controller/Dispatcher.php(872): M\Controller\Dispatcher->getControllerCallback()
#1 /Volumes/htdocs/tigron-invoicing-tool/public/index.php(126): M\Controller\Dispatcher->dispatch()
#2 {main}	
2022-11-04 10:08:55	Destructed Console
--
	
2022-11-04 10:08:55	Constructed Console	
2022-11-04 10:08:55	Unable to construct Controller with path tigron	
2022-11-04 10:08:55	#0 /Volumes/htdocs/tigron-invoicing-tool/vendor/multimedium/core/src/M/Controller/Dispatcher.php(872): M\Controller\Dispatcher->getControllerCallback()
#1 /Volumes/htdocs/tigron-invoicing-tool/public/index.php(126): M\Controller\Dispatcher->dispatch()
#2 {main}	
2022-11-04 10:08:55	Destructed Console
--
	
2022-11-04 10:08:55	Constructed Console	
2022-11-04 10:08:55	Unable to construct Controller with path favicon.ico	
2022-11-04 10:08:55	#0 /Volumes/htdocs/tigron-invoicing-tool/vendor/multimedium/core/src/M/Controller/Dispatcher.php(872): M\Controller\Dispatcher->getControllerCallback()
#1 /Volumes/htdocs/tigron-invoicing-tool/public/index.php(126): M\Controller\Dispatcher->dispatch()
#2 {main}	
2022-11-04 10:08:55	Destructed Console
--
	
2022-11-04 10:08:55	Constructed Console	
2022-11-04 10:08:55	Unable to construct Controller with path tigron	
2022-11-04 10:08:55	#0 /Volumes/htdocs/tigron-invoicing-tool/vendor/multimedium/core/src/M/Controller/Dispatcher.php(872): M\Controller\Dispatcher->getControllerCallback()
#1 /Volumes/htdocs/tigron-invoicing-tool/public/index.php(126): M\Controller\Dispatcher->dispatch()
#2 {main}	
2022-11-04 10:08:55	Destructed Console
--
	
2022-11-04 10:08:55	Constructed Console	
2022-11-04 10:08:55	Unable to construct Controller with path favicon.ico	
2022-11-04 10:08:55	#0 /Volumes/htdocs/tigron-invoicing-tool/vendor/multimedium/core/src/M/Controller/Dispatcher.php(872): M\Controller\Dispatcher->getControllerCallback()
#1 /Volumes/htdocs/tigron-invoicing-tool/public/index.php(126): M\Controller\Dispatcher->dispatch()
#2 {main}	
2022-11-04 10:08:55	Destructed Console
--
	
2022-11-04 10:08:55	Constructed Console	
2022-11-04 10:08:55	Unable to construct Controller with path favicon.ico	
2022-11-04 10:08:55	#0 /Volumes/htdocs/tigron-invoicing-tool/vendor/multimedium/core/src/M/Controller/Dispatcher.php(872): M\Controller\Dispatcher->getControllerCallback()
#1 /Volumes/htdocs/tigron-invoicing-tool/public/index.php(126): M\Controller\Dispatcher->dispatch()
#2 {main}	
2022-11-04 10:08:55	Destructed Console
--
	
2022-11-04 10:14:02	Constructed Console	
2022-11-04 10:14:02	Unable to construct Controller with path tigrontest	
2022-11-04 10:14:02	#0 /Volumes/htdocs/tigron-invoicing-tool/vendor/multimedium/core/src/M/Controller/Dispatcher.php(872): M\Controller\Dispatcher->getControllerCallback()
#1 /Volumes/htdocs/tigron-invoicing-tool/public/index.php(126): M\Controller\Dispatcher->dispatch()
#2 {main}	
2022-11-04 10:14:02	Destructed Console
--
	
2022-11-04 10:14:02	Constructed Console	
2022-11-04 10:14:02	Unable to construct Controller with path favicon.ico	
2022-11-04 10:14:02	#0 /Volumes/htdocs/tigron-invoicing-tool/vendor/multimedium/core/src/M/Controller/Dispatcher.php(872): M\Controller\Dispatcher->getControllerCallback()
#1 /Volumes/htdocs/tigron-invoicing-tool/public/index.php(126): M\Controller\Dispatcher->dispatch()
#2 {main}	
2022-11-04 10:14:02	Destructed Console
--
	
2022-11-04 10:14:35	Constructed Console	
2022-11-04 10:14:35	Unable to construct Controller with path favicon.ico	
2022-11-04 10:14:35	#0 /Volumes/htdocs/tigron-invoicing-tool/vendor/multimedium/core/src/M/Controller/Dispatcher.php(872): M\Controller\Dispatcher->getControllerCallback()
#1 /Volumes/htdocs/tigron-invoicing-tool/public/index.php(126): M\Controller\Dispatcher->dispatch()
#2 {main}	
2022-11-04 10:14:35	Destructed Console
--
	
2022-11-04 10:14:38	Constructed Console	
2022-11-04 10:14:38	Unable to construct Controller with path tigrontest	
2022-11-04 10:14:38	#0 /Volumes/htdocs/tigron-invoicing-tool/vendor/multimedium/core/src/M/Controller/Dispatcher.php(872): M\Controller\Dispatcher->getControllerCallback()
#1 /Volumes/htdocs/tigron-invoicing-tool/public/index.php(126): M\Controller\Dispatcher->dispatch()
#2 {main}	
2022-11-04 10:14:38	Destructed Console
--
	
2022-11-04 10:14:38	Constructed Console	
2022-11-04 10:14:38	Unable to construct Controller with path favicon.ico	
2022-11-04 10:14:38	#0 /Volumes/htdocs/tigron-invoicing-tool/vendor/multimedium/core/src/M/Controller/Dispatcher.php(872): M\Controller\Dispatcher->getControllerCallback()
#1 /Volumes/htdocs/tigron-invoicing-tool/public/index.php(126): M\Controller\Dispatcher->dispatch()
#2 {main}	
2022-11-04 10:14:38	Destructed Console
--
	
2022-11-04 10:14:43	Constructed Console	
2022-11-04 10:14:43	Unable to construct Controller with path tigron	
2022-11-04 10:14:43	#0 /Volumes/htdocs/tigron-invoicing-tool/vendor/multimedium/core/src/M/Controller/Dispatcher.php(872): M\Controller\Dispatcher->getControllerCallback()
#1 /Volumes/htdocs/tigron-invoicing-tool/public/index.php(126): M\Controller\Dispatcher->dispatch()
#2 {main}	
2022-11-04 10:14:43	Destructed Console
--
	
2022-11-04 10:14:46	Constructed Console	
2022-11-04 10:14:46	Unable to construct Controller with path tigrontest/index	
2022-11-04 10:14:46	#0 /Volumes/htdocs/tigron-invoicing-tool/vendor/multimedium/core/src/M/Controller/Dispatcher.php(872): M\Controller\Dispatcher->getControllerCallback()
#1 /Volumes/htdocs/tigron-invoicing-tool/public/index.php(126): M\Controller\Dispatcher->dispatch()
#2 {main}	
2022-11-04 10:14:46	Destructed Console
--
	
2022-11-04 10:14:46	Constructed Console	
2022-11-04 10:14:46	Unable to construct Controller with path favicon.ico	
2022-11-04 10:14:46	#0 /Volumes/htdocs/tigron-invoicing-tool/vendor/multimedium/core/src/M/Controller/Dispatcher.php(872): M\Controller\Dispatcher->getControllerCallback()
#1 /Volumes/htdocs/tigron-invoicing-tool/public/index.php(126): M\Controller\Dispatcher->dispatch()
#2 {main}	
2022-11-04 10:14:46	Destructed Console
--
	
2022-11-04 10:15:37	Constructed Console	
2022-11-04 10:15:37	Unable to construct Controller with path tigrontest/index	
2022-11-04 10:15:37	#0 /Volumes/htdocs/tigron-invoicing-tool/vendor/multimedium/core/src/M/Controller/Dispatcher.php(872): M\Controller\Dispatcher->getControllerCallback()
#1 /Volumes/htdocs/tigron-invoicing-tool/public/index.php(126): M\Controller\Dispatcher->dispatch()
#2 {main}	
2022-11-04 10:15:37	Destructed Console
--
	
2022-11-04 10:15:37	Constructed Console	
2022-11-04 10:15:37	Unable to construct Controller with path favicon.ico	
2022-11-04 10:15:37	#0 /Volumes/htdocs/tigron-invoicing-tool/vendor/multimedium/core/src/M/Controller/Dispatcher.php(872): M\Controller\Dispatcher->getControllerCallback()
#1 /Volumes/htdocs/tigron-invoicing-tool/public/index.php(126): M\Controller\Dispatcher->dispatch()
#2 {main}	
2022-11-04 10:15:37	Destructed Console
--
	
2022-11-04 10:15:37	Constructed Console	
2022-11-04 10:15:37	Unable to construct Controller with path tigrontest/index	
2022-11-04 10:15:37	#0 /Volumes/htdocs/tigron-invoicing-tool/vendor/multimedium/core/src/M/Controller/Dispatcher.php(872): M\Controller\Dispatcher->getControllerCallback()
#1 /Volumes/htdocs/tigron-invoicing-tool/public/index.php(126): M\Controller\Dispatcher->dispatch()
#2 {main}	
2022-11-04 10:15:37	Destructed Console
--
	
2022-11-04 10:15:37	Constructed Console	
2022-11-04 10:15:37	Unable to construct Controller with path favicon.ico	
2022-11-04 10:15:37	#0 /Volumes/htdocs/tigron-invoicing-tool/vendor/multimedium/core/src/M/Controller/Dispatcher.php(872): M\Controller\Dispatcher->getControllerCallback()
#1 /Volumes/htdocs/tigron-invoicing-tool/public/index.php(126): M\Controller\Dispatcher->dispatch()
#2 {main}	
2022-11-04 10:15:37	Destructed Console
--
	
2022-11-04 10:15:37	Constructed Console	
2022-11-04 10:15:37	Unable to construct Controller with path tigrontest/index	
2022-11-04 10:15:37	#0 /Volumes/htdocs/tigron-invoicing-tool/vendor/multimedium/core/src/M/Controller/Dispatcher.php(872): M\Controller\Dispatcher->getControllerCallback()
#1 /Volumes/htdocs/tigron-invoicing-tool/public/index.php(126): M\Controller\Dispatcher->dispatch()
#2 {main}	
2022-11-04 10:15:37	Destructed Console
--
	
2022-11-04 10:15:38	Constructed Console	
2022-11-04 10:15:38	Unable to construct Controller with path favicon.ico	
2022-11-04 10:15:38	#0 /Volumes/htdocs/tigron-invoicing-tool/vendor/multimedium/core/src/M/Controller/Dispatcher.php(872): M\Controller\Dispatcher->getControllerCallback()
#1 /Volumes/htdocs/tigron-invoicing-tool/public/index.php(126): M\Controller\Dispatcher->dispatch()
#2 {main}	
2022-11-04 10:15:38	Destructed Console
--
	
2022-11-04 10:15:41	Constructed Console	
2022-11-04 10:15:41	Unable to construct Controller with path tigrontest/index	
2022-11-04 10:15:41	#0 /Volumes/htdocs/tigron-invoicing-tool/vendor/multimedium/core/src/M/Controller/Dispatcher.php(872): M\Controller\Dispatcher->getControllerCallback()
#1 /Volumes/htdocs/tigron-invoicing-tool/public/index.php(126): M\Controller\Dispatcher->dispatch()
#2 {main}	
2022-11-04 10:15:41	Destructed Console
--
	
2022-11-04 10:15:41	Constructed Console	
2022-11-04 10:15:41	Unable to construct Controller with path tigrontest/index	
2022-11-04 10:15:41	#0 /Volumes/htdocs/tigron-invoicing-tool/vendor/multimedium/core/src/M/Controller/Dispatcher.php(872): M\Controller\Dispatcher->getControllerCallback()
#1 /Volumes/htdocs/tigron-invoicing-tool/public/index.php(126): M\Controller\Dispatcher->dispatch()
#2 {main}	
2022-11-04 10:15:41	Destructed Console
--
	
2022-11-04 10:15:41	Constructed Console	
2022-11-04 10:15:41	Unable to construct Controller with path favicon.ico	
2022-11-04 10:15:41	#0 /Volumes/htdocs/tigron-invoicing-tool/vendor/multimedium/core/src/M/Controller/Dispatcher.php(872): M\Controller\Dispatcher->getControllerCallback()
#1 /Volumes/htdocs/tigron-invoicing-tool/public/index.php(126): M\Controller\Dispatcher->dispatch()
#2 {main}	
2022-11-04 10:15:41	Destructed Console
--
	
2022-11-04 10:15:41	Constructed Console	
2022-11-04 10:15:41	Unable to construct Controller with path tigrontest/index	
2022-11-04 10:15:41	#0 /Volumes/htdocs/tigron-invoicing-tool/vendor/multimedium/core/src/M/Controller/Dispatcher.php(872): M\Controller\Dispatcher->getControllerCallback()
#1 /Volumes/htdocs/tigron-invoicing-tool/public/index.php(126): M\Controller\Dispatcher->dispatch()
#2 {main}	
2022-11-04 10:15:41	Destructed Console
--
	
2022-11-04 10:15:41	Constructed Console	
2022-11-04 10:15:41	Unable to construct Controller with path favicon.ico	
2022-11-04 10:15:41	#0 /Volumes/htdocs/tigron-invoicing-tool/vendor/multimedium/core/src/M/Controller/Dispatcher.php(872): M\Controller\Dispatcher->getControllerCallback()
#1 /Volumes/htdocs/tigron-invoicing-tool/public/index.php(126): M\Controller\Dispatcher->dispatch()
#2 {main}	
2022-11-04 10:15:41	Destructed Console
--
	
2022-11-04 10:15:41	Constructed Console	
2022-11-04 10:15:41	Unable to construct Controller with path favicon.ico	
2022-11-04 10:15:41	#0 /Volumes/htdocs/tigron-invoicing-tool/vendor/multimedium/core/src/M/Controller/Dispatcher.php(872): M\Controller\Dispatcher->getControllerCallback()
#1 /Volumes/htdocs/tigron-invoicing-tool/public/index.php(126): M\Controller\Dispatcher->dispatch()
#2 {main}	
2022-11-04 10:15:41	Destructed Console
--
	
2022-11-04 10:16:19	Constructed Console	
2022-11-04 10:16:19	Unable to construct Controller with path tigrontest/index	
2022-11-04 10:16:19	#0 /Volumes/htdocs/tigron-invoicing-tool/vendor/multimedium/core/src/M/Controller/Dispatcher.php(872): M\Controller\Dispatcher->getControllerCallback()
#1 /Volumes/htdocs/tigron-invoicing-tool/public/index.php(126): M\Controller\Dispatcher->dispatch()
#2 {main}	
2022-11-04 10:16:19	Destructed Console
--
	
2022-11-04 10:16:19	Constructed Console	
2022-11-04 10:16:19	Unable to construct Controller with path favicon.ico	
2022-11-04 10:16:19	#0 /Volumes/htdocs/tigron-invoicing-tool/vendor/multimedium/core/src/M/Controller/Dispatcher.php(872): M\Controller\Dispatcher->getControllerCallback()
#1 /Volumes/htdocs/tigron-invoicing-tool/public/index.php(126): M\Controller\Dispatcher->dispatch()
#2 {main}	
2022-11-04 10:16:19	Destructed Console
--
	
2022-11-04 10:16:24	Constructed Console	
2022-11-04 10:16:24	Unable to construct Controller with path tigrontest	
2022-11-04 10:16:24	#0 /Volumes/htdocs/tigron-invoicing-tool/vendor/multimedium/core/src/M/Controller/Dispatcher.php(872): M\Controller\Dispatcher->getControllerCallback()
#1 /Volumes/htdocs/tigron-invoicing-tool/public/index.php(126): M\Controller\Dispatcher->dispatch()
#2 {main}	
2022-11-04 10:16:24	Destructed Console
--
	
2022-11-04 10:16:24	Constructed Console	
2022-11-04 10:16:24	Unable to construct Controller with path favicon.ico	
2022-11-04 10:16:24	#0 /Volumes/htdocs/tigron-invoicing-tool/vendor/multimedium/core/src/M/Controller/Dispatcher.php(872): M\Controller\Dispatcher->getControllerCallback()
#1 /Volumes/htdocs/tigron-invoicing-tool/public/index.php(126): M\Controller\Dispatcher->dispatch()
#2 {main}	
2022-11-04 10:16:24	Destructed Console
--
	
2022-11-04 10:18:33	Constructed Console	
2022-11-04 10:18:33	Unable to construct Controller with path favicon.ico	
2022-11-04 10:18:33	#0 /Volumes/htdocs/tigron-invoicing-tool/vendor/multimedium/core/src/M/Controller/Dispatcher.php(872): M\Controller\Dispatcher->getControllerCallback()
#1 /Volumes/htdocs/tigron-invoicing-tool/public/index.php(126): M\Controller\Dispatcher->dispatch()
#2 {main}	
2022-11-04 10:18:33	Destructed Console
--
	
2022-11-04 10:19:35	Constructed Console	
2022-11-04 10:19:35	Unable to construct Controller with path favicon.ico	
2022-11-04 10:19:35	#0 /Volumes/htdocs/tigron-invoicing-tool/vendor/multimedium/core/src/M/Controller/Dispatcher.php(872): M\Controller\Dispatcher->getControllerCallback()
#1 /Volumes/htdocs/tigron-invoicing-tool/public/index.php(126): M\Controller\Dispatcher->dispatch()
#2 {main}	
2022-11-04 10:19:35	Destructed Console
--
	
2022-11-04 10:19:36	Constructed Console	
2022-11-04 10:19:36	Unable to construct Controller with path favicon.ico	
2022-11-04 10:19:36	#0 /Volumes/htdocs/tigron-invoicing-tool/vendor/multimedium/core/src/M/Controller/Dispatcher.php(872): M\Controller\Dispatcher->getControllerCallback()
#1 /Volumes/htdocs/tigron-invoicing-tool/public/index.php(126): M\Controller\Dispatcher->dispatch()
#2 {main}	
2022-11-04 10:19:36	Destructed Console
--
	
2022-11-04 10:19:36	Constructed Console	
2022-11-04 10:19:36	Unable to construct Controller with path favicon.ico	
2022-11-04 10:19:36	#0 /Volumes/htdocs/tigron-invoicing-tool/vendor/multimedium/core/src/M/Controller/Dispatcher.php(872): M\Controller\Dispatcher->getControllerCallback()
#1 /Volumes/htdocs/tigron-invoicing-tool/public/index.php(126): M\Controller\Dispatcher->dispatch()
#2 {main}	
2022-11-04 10:19:36	Destructed Console
--
	
2022-11-04 10:19:37	Constructed Console	
2022-11-04 10:19:37	Unable to construct Controller with path favicon.ico	
2022-11-04 10:19:37	#0 /Volumes/htdocs/tigron-invoicing-tool/vendor/multimedium/core/src/M/Controller/Dispatcher.php(872): M\Controller\Dispatcher->getControllerCallback()
#1 /Volumes/htdocs/tigron-invoicing-tool/public/index.php(126): M\Controller\Dispatcher->dispatch()
#2 {main}	
2022-11-04 10:19:37	Destructed Console
--
	
2022-11-04 10:19:37	Constructed Console	
2022-11-04 10:19:37	Unable to construct Controller with path favicon.ico	
2022-11-04 10:19:37	#0 /Volumes/htdocs/tigron-invoicing-tool/vendor/multimedium/core/src/M/Controller/Dispatcher.php(872): M\Controller\Dispatcher->getControllerCallback()
#1 /Volumes/htdocs/tigron-invoicing-tool/public/index.php(126): M\Controller\Dispatcher->dispatch()
#2 {main}	
2022-11-04 10:19:37	Destructed Console
--
	
2022-11-04 10:20:45	Constructed Console	
2022-11-04 10:20:45	Unable to construct Controller with path favicon.ico	
2022-11-04 10:20:45	#0 /Volumes/htdocs/tigron-invoicing-tool/vendor/multimedium/core/src/M/Controller/Dispatcher.php(872): M\Controller\Dispatcher->getControllerCallback()
#1 /Volumes/htdocs/tigron-invoicing-tool/public/index.php(126): M\Controller\Dispatcher->dispatch()
#2 {main}	
2022-11-04 10:20:45	Destructed Console
--
	
2022-11-04 10:21:01	Constructed Console	
2022-11-04 10:21:01	Unable to construct Controller with path favicon.ico	
2022-11-04 10:21:01	#0 /Volumes/htdocs/tigron-invoicing-tool/vendor/multimedium/core/src/M/Controller/Dispatcher.php(872): M\Controller\Dispatcher->getControllerCallback()
#1 /Volumes/htdocs/tigron-invoicing-tool/public/index.php(126): M\Controller\Dispatcher->dispatch()
#2 {main}	
2022-11-04 10:21:01	Destructed Console
--
	
2022-11-04 10:23:03	Constructed Console	
2022-11-04 10:23:03	Unable to construct Controller with path tigron	
2022-11-04 10:23:03	#0 /Volumes/htdocs/tigron-invoicing-tool/vendor/multimedium/core/src/M/Controller/Dispatcher.php(872): M\Controller\Dispatcher->getControllerCallback()
#1 /Volumes/htdocs/tigron-invoicing-tool/public/index.php(126): M\Controller\Dispatcher->dispatch()
#2 {main}	
2022-11-04 10:23:03	Destructed Console
--
	
2022-11-04 10:23:03	Constructed Console	
2022-11-04 10:23:03	Unable to construct Controller with path tigron	
2022-11-04 10:23:03	#0 /Volumes/htdocs/tigron-invoicing-tool/vendor/multimedium/core/src/M/Controller/Dispatcher.php(872): M\Controller\Dispatcher->getControllerCallback()
#1 /Volumes/htdocs/tigron-invoicing-tool/public/index.php(126): M\Controller\Dispatcher->dispatch()
#2 {main}	
2022-11-04 10:23:03	Destructed Console
--
	
2022-11-04 10:23:03	Constructed Console	
2022-11-04 10:23:03	Unable to construct Controller with path favicon.ico	
2022-11-04 10:23:03	#0 /Volumes/htdocs/tigron-invoicing-tool/vendor/multimedium/core/src/M/Controller/Dispatcher.php(872): M\Controller\Dispatcher->getControllerCallback()
#1 /Volumes/htdocs/tigron-invoicing-tool/public/index.php(126): M\Controller\Dispatcher->dispatch()
#2 {main}	
2022-11-04 10:23:03	Destructed Console
--
	
2022-11-04 10:24:08	Constructed Console	
2022-11-04 10:24:08	Unable to construct Controller with path tigron	
2022-11-04 10:24:08	#0 /Volumes/htdocs/tigron-invoicing-tool/vendor/multimedium/core/src/M/Controller/Dispatcher.php(872): M\Controller\Dispatcher->getControllerCallback()
#1 /Volumes/htdocs/tigron-invoicing-tool/public/index.php(126): M\Controller\Dispatcher->dispatch()
#2 {main}	
2022-11-04 10:24:08	Destructed Console
--
	
2022-11-04 10:24:09	Constructed Console	
2022-11-04 10:24:09	Unable to construct Controller with path favicon.ico	
2022-11-04 10:24:09	#0 /Volumes/htdocs/tigron-invoicing-tool/vendor/multimedium/core/src/M/Controller/Dispatcher.php(872): M\Controller\Dispatcher->getControllerCallback()
#1 /Volumes/htdocs/tigron-invoicing-tool/public/index.php(126): M\Controller\Dispatcher->dispatch()
#2 {main}	
2022-11-04 10:24:09	Destructed Console
--
	
2022-11-04 10:24:09	Constructed Console	
2022-11-04 10:24:09	Unable to construct Controller with path tigron	
2022-11-04 10:24:09	#0 /Volumes/htdocs/tigron-invoicing-tool/vendor/multimedium/core/src/M/Controller/Dispatcher.php(872): M\Controller\Dispatcher->getControllerCallback()
#1 /Volumes/htdocs/tigron-invoicing-tool/public/index.php(126): M\Controller\Dispatcher->dispatch()
#2 {main}	
2022-11-04 10:24:09	Destructed Console
--
	
2022-11-04 10:24:09	Constructed Console	
2022-11-04 10:24:09	Unable to construct Controller with path tigron	
2022-11-04 10:24:09	#0 /Volumes/htdocs/tigron-invoicing-tool/vendor/multimedium/core/src/M/Controller/Dispatcher.php(872): M\Controller\Dispatcher->getControllerCallback()
#1 /Volumes/htdocs/tigron-invoicing-tool/public/index.php(126): M\Controller\Dispatcher->dispatch()
#2 {main}	
2022-11-04 10:24:09	Destructed Console
--
	
2022-11-04 10:24:09	Constructed Console	
2022-11-04 10:24:09	Unable to construct Controller with path favicon.ico	
2022-11-04 10:24:09	#0 /Volumes/htdocs/tigron-invoicing-tool/vendor/multimedium/core/src/M/Controller/Dispatcher.php(872): M\Controller\Dispatcher->getControllerCallback()
#1 /Volumes/htdocs/tigron-invoicing-tool/public/index.php(126): M\Controller\Dispatcher->dispatch()
#2 {main}	
2022-11-04 10:24:09	Destructed Console
--
	
2022-11-04 10:24:09	Constructed Console	
2022-11-04 10:24:09	Unable to construct Controller with path favicon.ico	
2022-11-04 10:24:09	#0 /Volumes/htdocs/tigron-invoicing-tool/vendor/multimedium/core/src/M/Controller/Dispatcher.php(872): M\Controller\Dispatcher->getControllerCallback()
#1 /Volumes/htdocs/tigron-invoicing-tool/public/index.php(126): M\Controller\Dispatcher->dispatch()
#2 {main}	
2022-11-04 10:24:09	Destructed Console
--
	
2022-11-04 10:24:09	Constructed Console	
2022-11-04 10:24:09	Unable to construct Controller with path tigron	
2022-11-04 10:24:09	#0 /Volumes/htdocs/tigron-invoicing-tool/vendor/multimedium/core/src/M/Controller/Dispatcher.php(872): M\Controller\Dispatcher->getControllerCallback()
#1 /Volumes/htdocs/tigron-invoicing-tool/public/index.php(126): M\Controller\Dispatcher->dispatch()
#2 {main}	
2022-11-04 10:24:09	Destructed Console
--
	
2022-11-04 10:24:09	Constructed Console	
2022-11-04 10:24:09	Unable to construct Controller with path tigron	
2022-11-04 10:24:09	#0 /Volumes/htdocs/tigron-invoicing-tool/vendor/multimedium/core/src/M/Controller/Dispatcher.php(872): M\Controller\Dispatcher->getControllerCallback()
#1 /Volumes/htdocs/tigron-invoicing-tool/public/index.php(126): M\Controller\Dispatcher->dispatch()
#2 {main}	
2022-11-04 10:24:09	Destructed Console
--
	
2022-11-04 10:24:10	Constructed Console	
2022-11-04 10:24:10	Unable to construct Controller with path favicon.ico	
2022-11-04 10:24:10	#0 /Volumes/htdocs/tigron-invoicing-tool/vendor/multimedium/core/src/M/Controller/Dispatcher.php(872): M\Controller\Dispatcher->getControllerCallback()
#1 /Volumes/htdocs/tigron-invoicing-tool/public/index.php(126): M\Controller\Dispatcher->dispatch()
#2 {main}	
2022-11-04 10:24:10	Destructed Console
--
	
2022-11-04 10:24:10	Constructed Console	
2022-11-04 10:24:10	Unable to construct Controller with path tigron	
2022-11-04 10:24:10	#0 /Volumes/htdocs/tigron-invoicing-tool/vendor/multimedium/core/src/M/Controller/Dispatcher.php(872): M\Controller\Dispatcher->getControllerCallback()
#1 /Volumes/htdocs/tigron-invoicing-tool/public/index.php(126): M\Controller\Dispatcher->dispatch()
#2 {main}	
2022-11-04 10:24:10	Destructed Console
--
	
2022-11-04 10:24:10	Constructed Console	
2022-11-04 10:24:10	Unable to construct Controller with path favicon.ico	
2022-11-04 10:24:10	#0 /Volumes/htdocs/tigron-invoicing-tool/vendor/multimedium/core/src/M/Controller/Dispatcher.php(872): M\Controller\Dispatcher->getControllerCallback()
#1 /Volumes/htdocs/tigron-invoicing-tool/public/index.php(126): M\Controller\Dispatcher->dispatch()
#2 {main}	
2022-11-04 10:24:10	Destructed Console
--
	
2022-11-04 10:24:10	Constructed Console	
2022-11-04 10:24:10	Unable to construct Controller with path favicon.ico	
2022-11-04 10:24:10	#0 /Volumes/htdocs/tigron-invoicing-tool/vendor/multimedium/core/src/M/Controller/Dispatcher.php(872): M\Controller\Dispatcher->getControllerCallback()
#1 /Volumes/htdocs/tigron-invoicing-tool/public/index.php(126): M\Controller\Dispatcher->dispatch()
#2 {main}	
2022-11-04 10:24:10	Destructed Console
--
	
2022-11-04 10:24:10	Constructed Console	
2022-11-04 10:24:10	Unable to construct Controller with path tigron	
2022-11-04 10:24:10	#0 /Volumes/htdocs/tigron-invoicing-tool/vendor/multimedium/core/src/M/Controller/Dispatcher.php(872): M\Controller\Dispatcher->getControllerCallback()
#1 /Volumes/htdocs/tigron-invoicing-tool/public/index.php(126): M\Controller\Dispatcher->dispatch()
#2 {main}	
2022-11-04 10:24:10	Destructed Console
--
	
2022-11-04 10:24:10	Constructed Console	
2022-11-04 10:24:10	Unable to construct Controller with path favicon.ico	
2022-11-04 10:24:10	#0 /Volumes/htdocs/tigron-invoicing-tool/vendor/multimedium/core/src/M/Controller/Dispatcher.php(872): M\Controller\Dispatcher->getControllerCallback()
#1 /Volumes/htdocs/tigron-invoicing-tool/public/index.php(126): M\Controller\Dispatcher->dispatch()
#2 {main}	
2022-11-04 10:24:10	Destructed Console
--
	
2022-11-04 10:24:21	Constructed Console	
2022-11-04 10:24:21	Unable to construct Controller with path tigron	
2022-11-04 10:24:21	#0 /Volumes/htdocs/tigron-invoicing-tool/vendor/multimedium/core/src/M/Controller/Dispatcher.php(872): M\Controller\Dispatcher->getControllerCallback()
#1 /Volumes/htdocs/tigron-invoicing-tool/public/index.php(126): M\Controller\Dispatcher->dispatch()
#2 {main}	
2022-11-04 10:24:21	Destructed Console
--
	
2022-11-04 10:24:21	Constructed Console	
2022-11-04 10:24:21	Unable to construct Controller with path favicon.ico	
2022-11-04 10:24:21	#0 /Volumes/htdocs/tigron-invoicing-tool/vendor/multimedium/core/src/M/Controller/Dispatcher.php(872): M\Controller\Dispatcher->getControllerCallback()
#1 /Volumes/htdocs/tigron-invoicing-tool/public/index.php(126): M\Controller\Dispatcher->dispatch()
#2 {main}	
2022-11-04 10:24:21	Destructed Console
--
	
2022-11-04 10:24:22	Constructed Console	
2022-11-04 10:24:22	Unable to construct Controller with path tigron	
2022-11-04 10:24:22	#0 /Volumes/htdocs/tigron-invoicing-tool/vendor/multimedium/core/src/M/Controller/Dispatcher.php(872): M\Controller\Dispatcher->getControllerCallback()
#1 /Volumes/htdocs/tigron-invoicing-tool/public/index.php(126): M\Controller\Dispatcher->dispatch()
#2 {main}	
2022-11-04 10:24:22	Destructed Console
--
	
2022-11-04 10:24:22	Constructed Console	
2022-11-04 10:24:22	Unable to construct Controller with path favicon.ico	
2022-11-04 10:24:22	#0 /Volumes/htdocs/tigron-invoicing-tool/vendor/multimedium/core/src/M/Controller/Dispatcher.php(872): M\Controller\Dispatcher->getControllerCallback()
#1 /Volumes/htdocs/tigron-invoicing-tool/public/index.php(126): M\Controller\Dispatcher->dispatch()
#2 {main}	
2022-11-04 10:24:22	Destructed Console
--
	
2022-11-04 10:24:22	Constructed Console	
2022-11-04 10:24:22	Unable to construct Controller with path tigron	
2022-11-04 10:24:22	#0 /Volumes/htdocs/tigron-invoicing-tool/vendor/multimedium/core/src/M/Controller/Dispatcher.php(872): M\Controller\Dispatcher->getControllerCallback()
#1 /Volumes/htdocs/tigron-invoicing-tool/public/index.php(126): M\Controller\Dispatcher->dispatch()
#2 {main}	
2022-11-04 10:24:22	Destructed Console
--
	
2022-11-04 10:24:22	Constructed Console	
2022-11-04 10:24:22	Unable to construct Controller with path tigron	
2022-11-04 10:24:22	#0 /Volumes/htdocs/tigron-invoicing-tool/vendor/multimedium/core/src/M/Controller/Dispatcher.php(872): M\Controller\Dispatcher->getControllerCallback()
#1 /Volumes/htdocs/tigron-invoicing-tool/public/index.php(126): M\Controller\Dispatcher->dispatch()
#2 {main}	
2022-11-04 10:24:22	Destructed Console
--
	
2022-11-04 10:24:22	Constructed Console	
2022-11-04 10:24:22	Unable to construct Controller with path tigron	
2022-11-04 10:24:22	#0 /Volumes/htdocs/tigron-invoicing-tool/vendor/multimedium/core/src/M/Controller/Dispatcher.php(872): M\Controller\Dispatcher->getControllerCallback()
#1 /Volumes/htdocs/tigron-invoicing-tool/public/index.php(126): M\Controller\Dispatcher->dispatch()
#2 {main}	
2022-11-04 10:24:22	Destructed Console
--
	
2022-11-04 10:24:23	Constructed Console	
2022-11-04 10:24:23	Unable to construct Controller with path favicon.ico	
2022-11-04 10:24:23	#0 /Volumes/htdocs/tigron-invoicing-tool/vendor/multimedium/core/src/M/Controller/Dispatcher.php(872): M\Controller\Dispatcher->getControllerCallback()
#1 /Volumes/htdocs/tigron-invoicing-tool/public/index.php(126): M\Controller\Dispatcher->dispatch()
#2 {main}	
2022-11-04 10:24:23	Destructed Console
--
	
2022-11-04 10:24:23	Constructed Console	
2022-11-04 10:24:23	Unable to construct Controller with path favicon.ico	
2022-11-04 10:24:23	#0 /Volumes/htdocs/tigron-invoicing-tool/vendor/multimedium/core/src/M/Controller/Dispatcher.php(872): M\Controller\Dispatcher->getControllerCallback()
#1 /Volumes/htdocs/tigron-invoicing-tool/public/index.php(126): M\Controller\Dispatcher->dispatch()
#2 {main}	
2022-11-04 10:24:23	Destructed Console
--
	
2022-11-04 10:25:52	Constructed Console	
2022-11-04 10:25:52	Unable to construct Controller with path favicon.ico	
2022-11-04 10:25:52	#0 /Volumes/htdocs/tigron-invoicing-tool/vendor/multimedium/core/src/M/Controller/Dispatcher.php(872): M\Controller\Dispatcher->getControllerCallback()
#1 /Volumes/htdocs/tigron-invoicing-tool/public/index.php(126): M\Controller\Dispatcher->dispatch()
#2 {main}	
2022-11-04 10:25:52	Destructed Console
--
	
2022-11-04 10:26:08	Constructed Console	
2022-11-04 10:26:08	Unable to construct Controller with path favicon.ico	
2022-11-04 10:26:08	#0 /Volumes/htdocs/tigron-invoicing-tool/vendor/multimedium/core/src/M/Controller/Dispatcher.php(872): M\Controller\Dispatcher->getControllerCallback()
#1 /Volumes/htdocs/tigron-invoicing-tool/public/index.php(126): M\Controller\Dispatcher->dispatch()
#2 {main}	
2022-11-04 10:26:08	Destructed Console
--
	
2022-11-04 10:26:38	Constructed Console	
2022-11-04 10:26:38	Unable to construct Controller with path tigron	
2022-11-04 10:26:38	#0 /Volumes/htdocs/tigron-invoicing-tool/vendor/multimedium/core/src/M/Controller/Dispatcher.php(872): M\Controller\Dispatcher->getControllerCallback()
#1 /Volumes/htdocs/tigron-invoicing-tool/public/index.php(126): M\Controller\Dispatcher->dispatch()
#2 {main}	
2022-11-04 10:26:38	Destructed Console
--
	
2022-11-04 10:26:38	Constructed Console	
2022-11-04 10:26:38	Unable to construct Controller with path favicon.ico	
2022-11-04 10:26:38	#0 /Volumes/htdocs/tigron-invoicing-tool/vendor/multimedium/core/src/M/Controller/Dispatcher.php(872): M\Controller\Dispatcher->getControllerCallback()
#1 /Volumes/htdocs/tigron-invoicing-tool/public/index.php(126): M\Controller\Dispatcher->dispatch()
#2 {main}	
2022-11-04 10:26:38	Destructed Console
--
	
2022-11-04 10:26:51	Constructed Console	
2022-11-04 10:26:51	Unable to construct Controller with path favicon.ico	
2022-11-04 10:26:51	#0 /Volumes/htdocs/tigron-invoicing-tool/vendor/multimedium/core/src/M/Controller/Dispatcher.php(872): M\Controller\Dispatcher->getControllerCallback()
#1 /Volumes/htdocs/tigron-invoicing-tool/public/index.php(126): M\Controller\Dispatcher->dispatch()
#2 {main}	
2022-11-04 10:26:51	Destructed Console
--
	
2022-11-04 10:28:45	Constructed Console	
2022-11-04 10:28:45	Unable to construct Controller with path favicon.ico	
2022-11-04 10:28:45	#0 /Volumes/htdocs/tigron-invoicing-tool/vendor/multimedium/core/src/M/Controller/Dispatcher.php(872): M\Controller\Dispatcher->getControllerCallback()
#1 /Volumes/htdocs/tigron-invoicing-tool/public/index.php(126): M\Controller\Dispatcher->dispatch()
#2 {main}	
2022-11-04 10:28:45	Destructed Console
--
	
2022-11-04 10:37:16	Constructed Console	
2022-11-04 10:37:16	Unable to construct Controller with path favicon.ico	
2022-11-04 10:37:16	#0 /Volumes/htdocs/tigron-invoicing-tool/vendor/multimedium/core/src/M/Controller/Dispatcher.php(872): M\Controller\Dispatcher->getControllerCallback()
#1 /Volumes/htdocs/tigron-invoicing-tool/public/index.php(126): M\Controller\Dispatcher->dispatch()
#2 {main}	
2022-11-04 10:37:16	Destructed Console
--
	
2022-11-04 10:37:40	Constructed Console	
2022-11-04 10:37:40	Unable to construct Controller with path favicon.ico	
2022-11-04 10:37:40	#0 /Volumes/htdocs/tigron-invoicing-tool/vendor/multimedium/core/src/M/Controller/Dispatcher.php(872): M\Controller\Dispatcher->getControllerCallback()
#1 /Volumes/htdocs/tigron-invoicing-tool/public/index.php(126): M\Controller\Dispatcher->dispatch()
#2 {main}	
2022-11-04 10:37:40	Destructed Console
--
	
2022-11-04 10:43:49	Constructed Console	
2022-11-04 10:43:49	Unable to construct Controller with path favicon.ico	
2022-11-04 10:43:49	#0 /Volumes/htdocs/tigron-invoicing-tool/vendor/multimedium/core/src/M/Controller/Dispatcher.php(872): M\Controller\Dispatcher->getControllerCallback()
#1 /Volumes/htdocs/tigron-invoicing-tool/public/index.php(126): M\Controller\Dispatcher->dispatch()
#2 {main}	
2022-11-04 10:43:49	Destructed Console
--
	
2022-11-04 10:44:51	Constructed Console	
2022-11-04 10:44:51	Unable to construct Controller with path favicon.ico	
2022-11-04 10:44:51	#0 /Volumes/htdocs/tigron-invoicing-tool/vendor/multimedium/core/src/M/Controller/Dispatcher.php(872): M\Controller\Dispatcher->getControllerCallback()
#1 /Volumes/htdocs/tigron-invoicing-tool/public/index.php(126): M\Controller\Dispatcher->dispatch()
#2 {main}	
2022-11-04 10:44:51	Destructed Console
--
	
2022-11-04 10:52:59	Constructed Console	
2022-11-04 10:52:59	Unable to construct Controller with path favicon.ico	
2022-11-04 10:52:59	#0 /Volumes/htdocs/tigron-invoicing-tool/vendor/multimedium/core/src/M/Controller/Dispatcher.php(872): M\Controller\Dispatcher->getControllerCallback()
#1 /Volumes/htdocs/tigron-invoicing-tool/public/index.php(126): M\Controller\Dispatcher->dispatch()
#2 {main}	
2022-11-04 10:52:59	Destructed Console
--
	
2022-11-04 10:53:09	Constructed Console	
2022-11-04 10:53:09	Unable to construct Controller with path favicon.ico	
2022-11-04 10:53:09	#0 /Volumes/htdocs/tigron-invoicing-tool/vendor/multimedium/core/src/M/Controller/Dispatcher.php(872): M\Controller\Dispatcher->getControllerCallback()
#1 /Volumes/htdocs/tigron-invoicing-tool/public/index.php(126): M\Controller\Dispatcher->dispatch()
#2 {main}	
2022-11-04 10:53:09	Destructed Console
--
	
2022-11-04 10:53:10	Constructed Console	
2022-11-04 10:53:10	Unable to construct Controller with path favicon.ico	
2022-11-04 10:53:10	#0 /Volumes/htdocs/tigron-invoicing-tool/vendor/multimedium/core/src/M/Controller/Dispatcher.php(872): M\Controller\Dispatcher->getControllerCallback()
#1 /Volumes/htdocs/tigron-invoicing-tool/public/index.php(126): M\Controller\Dispatcher->dispatch()
#2 {main}	
2022-11-04 10:53:10	Destructed Console
--
	
2022-11-04 10:55:13	Constructed Console	
2022-11-04 10:55:13	Unable to construct Controller with path favicon.ico	
2022-11-04 10:55:13	#0 /Volumes/htdocs/tigron-invoicing-tool/vendor/multimedium/core/src/M/Controller/Dispatcher.php(872): M\Controller\Dispatcher->getControllerCallback()
#1 /Volumes/htdocs/tigron-invoicing-tool/public/index.php(126): M\Controller\Dispatcher->dispatch()
#2 {main}	
2022-11-04 10:55:13	Destructed Console
--
	
2022-11-04 10:55:30	Constructed Console	
2022-11-04 10:55:30	Unable to construct Controller with path favicon.ico	
2022-11-04 10:55:30	#0 /Volumes/htdocs/tigron-invoicing-tool/vendor/multimedium/core/src/M/Controller/Dispatcher.php(872): M\Controller\Dispatcher->getControllerCallback()
#1 /Volumes/htdocs/tigron-invoicing-tool/public/index.php(126): M\Controller\Dispatcher->dispatch()
#2 {main}	
2022-11-04 10:55:30	Destructed Console
--
	
2022-11-04 10:55:30	Constructed Console	
2022-11-04 10:55:30	Unable to construct Controller with path favicon.ico	
2022-11-04 10:55:30	#0 /Volumes/htdocs/tigron-invoicing-tool/vendor/multimedium/core/src/M/Controller/Dispatcher.php(872): M\Controller\Dispatcher->getControllerCallback()
#1 /Volumes/htdocs/tigron-invoicing-tool/public/index.php(126): M\Controller\Dispatcher->dispatch()
#2 {main}	
2022-11-04 10:55:30	Destructed Console
--
	
2022-11-04 10:56:05	Constructed Console	
2022-11-04 10:56:05	Unable to construct Controller with path favicon.ico	
2022-11-04 10:56:05	#0 /Volumes/htdocs/tigron-invoicing-tool/vendor/multimedium/core/src/M/Controller/Dispatcher.php(872): M\Controller\Dispatcher->getControllerCallback()
#1 /Volumes/htdocs/tigron-invoicing-tool/public/index.php(126): M\Controller\Dispatcher->dispatch()
#2 {main}	
2022-11-04 10:56:05	Destructed Console
--
	
2022-11-04 10:56:13	Constructed Console	
2022-11-04 10:56:13	Unable to construct Controller with path favicon.ico	
2022-11-04 10:56:13	#0 /Volumes/htdocs/tigron-invoicing-tool/vendor/multimedium/core/src/M/Controller/Dispatcher.php(872): M\Controller\Dispatcher->getControllerCallback()
#1 /Volumes/htdocs/tigron-invoicing-tool/public/index.php(126): M\Controller\Dispatcher->dispatch()
#2 {main}	
2022-11-04 10:56:13	Destructed Console
--
	
2022-11-04 10:56:13	Constructed Console	
2022-11-04 10:56:13	Unable to construct Controller with path favicon.ico	
2022-11-04 10:56:13	#0 /Volumes/htdocs/tigron-invoicing-tool/vendor/multimedium/core/src/M/Controller/Dispatcher.php(872): M\Controller\Dispatcher->getControllerCallback()
#1 /Volumes/htdocs/tigron-invoicing-tool/public/index.php(126): M\Controller\Dispatcher->dispatch()
#2 {main}	
2022-11-04 10:56:14	Destructed Console
--
	
2022-11-04 10:56:24	Constructed Console	
2022-11-04 10:56:24	Unable to construct Controller with path favicon.ico	
2022-11-04 10:56:24	#0 /Volumes/htdocs/tigron-invoicing-tool/vendor/multimedium/core/src/M/Controller/Dispatcher.php(872): M\Controller\Dispatcher->getControllerCallback()
#1 /Volumes/htdocs/tigron-invoicing-tool/public/index.php(126): M\Controller\Dispatcher->dispatch()
#2 {main}	
2022-11-04 10:56:24	Destructed Console
--
	
2022-11-04 10:56:24	Constructed Console	
2022-11-04 10:56:24	Unable to construct Controller with path favicon.ico	
2022-11-04 10:56:24	#0 /Volumes/htdocs/tigron-invoicing-tool/vendor/multimedium/core/src/M/Controller/Dispatcher.php(872): M\Controller\Dispatcher->getControllerCallback()
#1 /Volumes/htdocs/tigron-invoicing-tool/public/index.php(126): M\Controller\Dispatcher->dispatch()
#2 {main}	
2022-11-04 10:56:24	Destructed Console
--
	
2022-11-04 11:01:59	Constructed Console	
2022-11-04 11:01:59	Unable to construct Controller with path favicon.ico	
2022-11-04 11:01:59	#0 /Volumes/htdocs/tigron-invoicing-tool/vendor/multimedium/core/src/M/Controller/Dispatcher.php(872): M\Controller\Dispatcher->getControllerCallback()
#1 /Volumes/htdocs/tigron-invoicing-tool/public/index.php(126): M\Controller\Dispatcher->dispatch()
#2 {main}	
2022-11-04 11:01:59	Destructed Console
--
	
2022-11-04 11:02:00	Constructed Console	
2022-11-04 11:02:00	Unable to construct Controller with path favicon.ico	
2022-11-04 11:02:00	#0 /Volumes/htdocs/tigron-invoicing-tool/vendor/multimedium/core/src/M/Controller/Dispatcher.php(872): M\Controller\Dispatcher->getControllerCallback()
#1 /Volumes/htdocs/tigron-invoicing-tool/public/index.php(126): M\Controller\Dispatcher->dispatch()
#2 {main}	
2022-11-04 11:02:00	Destructed Console
--
	
2022-11-04 11:02:01	Constructed Console	
2022-11-04 11:02:01	Unable to construct Controller with path favicon.ico	
2022-11-04 11:02:01	#0 /Volumes/htdocs/tigron-invoicing-tool/vendor/multimedium/core/src/M/Controller/Dispatcher.php(872): M\Controller\Dispatcher->getControllerCallback()
#1 /Volumes/htdocs/tigron-invoicing-tool/public/index.php(126): M\Controller\Dispatcher->dispatch()
#2 {main}	
2022-11-04 11:02:01	Destructed Console
--
	
2022-11-04 11:03:45	Constructed Console	
2022-11-04 11:03:45	Unable to construct Controller with path favicon.ico	
2022-11-04 11:03:45	#0 /Volumes/htdocs/tigron-invoicing-tool/vendor/multimedium/core/src/M/Controller/Dispatcher.php(872): M\Controller\Dispatcher->getControllerCallback()
#1 /Volumes/htdocs/tigron-invoicing-tool/public/index.php(126): M\Controller\Dispatcher->dispatch()
#2 {main}	
2022-11-04 11:03:45	Destructed Console
--
	
2022-11-04 11:04:37	Constructed Console	
2022-11-04 11:04:37	Unable to construct Controller with path favicon.ico	
2022-11-04 11:04:37	#0 /Volumes/htdocs/tigron-invoicing-tool/vendor/multimedium/core/src/M/Controller/Dispatcher.php(872): M\Controller\Dispatcher->getControllerCallback()
#1 /Volumes/htdocs/tigron-invoicing-tool/public/index.php(126): M\Controller\Dispatcher->dispatch()
#2 {main}	
2022-11-04 11:04:37	Destructed Console
--
	
2022-11-04 11:04:56	Constructed Console	
2022-11-04 11:04:56	Unable to construct Controller with path favicon.ico	
2022-11-04 11:04:56	#0 /Volumes/htdocs/tigron-invoicing-tool/vendor/multimedium/core/src/M/Controller/Dispatcher.php(872): M\Controller\Dispatcher->getControllerCallback()
#1 /Volumes/htdocs/tigron-invoicing-tool/public/index.php(126): M\Controller\Dispatcher->dispatch()
#2 {main}	
2022-11-04 11:04:56	Destructed Console
--
	
2022-11-04 11:05:15	Constructed Console	
2022-11-04 11:05:15	Unable to construct Controller with path favicon.ico	
2022-11-04 11:05:15	#0 /Volumes/htdocs/tigron-invoicing-tool/vendor/multimedium/core/src/M/Controller/Dispatcher.php(872): M\Controller\Dispatcher->getControllerCallback()
#1 /Volumes/htdocs/tigron-invoicing-tool/public/index.php(126): M\Controller\Dispatcher->dispatch()
#2 {main}	
2022-11-04 11:05:15	Destructed Console
--
	
2022-11-04 11:06:05	Constructed Console	
2022-11-04 11:06:05	Unable to construct Controller with path favicon.ico	
2022-11-04 11:06:05	#0 /Volumes/htdocs/tigron-invoicing-tool/vendor/multimedium/core/src/M/Controller/Dispatcher.php(872): M\Controller\Dispatcher->getControllerCallback()
#1 /Volumes/htdocs/tigron-invoicing-tool/public/index.php(126): M\Controller\Dispatcher->dispatch()
#2 {main}	
2022-11-04 11:06:05	Destructed Console
--
	
2022-11-04 11:06:05	Constructed Console	
2022-11-04 11:06:05	Unable to construct Controller with path favicon.ico	
2022-11-04 11:06:05	#0 /Volumes/htdocs/tigron-invoicing-tool/vendor/multimedium/core/src/M/Controller/Dispatcher.php(872): M\Controller\Dispatcher->getControllerCallback()
#1 /Volumes/htdocs/tigron-invoicing-tool/public/index.php(126): M\Controller\Dispatcher->dispatch()
#2 {main}	
2022-11-04 11:06:05	Destructed Console
--
	
2022-11-04 11:06:21	Constructed Console	
2022-11-04 11:06:21	Unable to construct Controller with path favicon.ico	
2022-11-04 11:06:21	#0 /Volumes/htdocs/tigron-invoicing-tool/vendor/multimedium/core/src/M/Controller/Dispatcher.php(872): M\Controller\Dispatcher->getControllerCallback()
#1 /Volumes/htdocs/tigron-invoicing-tool/public/index.php(126): M\Controller\Dispatcher->dispatch()
#2 {main}	
2022-11-04 11:06:21	Destructed Console
--
	
2022-11-04 11:07:31	Constructed Console	
2022-11-04 11:07:31	Unable to construct Controller with path favicon.ico	
2022-11-04 11:07:31	#0 /Volumes/htdocs/tigron-invoicing-tool/vendor/multimedium/core/src/M/Controller/Dispatcher.php(872): M\Controller\Dispatcher->getControllerCallback()
#1 /Volumes/htdocs/tigron-invoicing-tool/public/index.php(126): M\Controller\Dispatcher->dispatch()
#2 {main}	
2022-11-04 11:07:31	Destructed Console
--
	
2022-11-04 11:08:05	Constructed Console	
2022-11-04 11:08:05	Unable to construct Controller with path favicon.ico	
2022-11-04 11:08:05	#0 /Volumes/htdocs/tigron-invoicing-tool/vendor/multimedium/core/src/M/Controller/Dispatcher.php(872): M\Controller\Dispatcher->getControllerCallback()
#1 /Volumes/htdocs/tigron-invoicing-tool/public/index.php(126): M\Controller\Dispatcher->dispatch()
#2 {main}	
2022-11-04 11:08:05	Destructed Console
--
	
2022-11-04 11:08:13	Constructed Console	
2022-11-04 11:08:13	Unable to construct Controller with path favicon.ico	
2022-11-04 11:08:13	#0 /Volumes/htdocs/tigron-invoicing-tool/vendor/multimedium/core/src/M/Controller/Dispatcher.php(872): M\Controller\Dispatcher->getControllerCallback()
#1 /Volumes/htdocs/tigron-invoicing-tool/public/index.php(126): M\Controller\Dispatcher->dispatch()
#2 {main}	
2022-11-04 11:08:13	Destructed Console
--
	
2022-11-04 11:08:19	Constructed Console	
2022-11-04 11:08:19	Unable to construct Controller with path favicon.ico	
2022-11-04 11:08:19	#0 /Volumes/htdocs/tigron-invoicing-tool/vendor/multimedium/core/src/M/Controller/Dispatcher.php(872): M\Controller\Dispatcher->getControllerCallback()
#1 /Volumes/htdocs/tigron-invoicing-tool/public/index.php(126): M\Controller\Dispatcher->dispatch()
#2 {main}	
2022-11-04 11:08:19	Destructed Console
--
	
2022-11-04 11:08:21	Constructed Console	
2022-11-04 11:08:21	Unable to construct Controller with path favicon.ico	
2022-11-04 11:08:21	#0 /Volumes/htdocs/tigron-invoicing-tool/vendor/multimedium/core/src/M/Controller/Dispatcher.php(872): M\Controller\Dispatcher->getControllerCallback()
#1 /Volumes/htdocs/tigron-invoicing-tool/public/index.php(126): M\Controller\Dispatcher->dispatch()
#2 {main}	
2022-11-04 11:08:21	Destructed Console
--
	
2022-11-04 11:08:38	Constructed Console	
2022-11-04 11:08:38	Unable to construct Controller with path favicon.ico	
2022-11-04 11:08:38	#0 /Volumes/htdocs/tigron-invoicing-tool/vendor/multimedium/core/src/M/Controller/Dispatcher.php(872): M\Controller\Dispatcher->getControllerCallback()
#1 /Volumes/htdocs/tigron-invoicing-tool/public/index.php(126): M\Controller\Dispatcher->dispatch()
#2 {main}	
2022-11-04 11:08:38	Destructed Console
--
	
2022-11-04 11:09:54	Constructed Console	
2022-11-04 11:09:54	Unable to construct Controller with path favicon.ico	
2022-11-04 11:09:54	#0 /Volumes/htdocs/tigron-invoicing-tool/vendor/multimedium/core/src/M/Controller/Dispatcher.php(872): M\Controller\Dispatcher->getControllerCallback()
#1 /Volumes/htdocs/tigron-invoicing-tool/public/index.php(126): M\Controller\Dispatcher->dispatch()
#2 {main}	
2022-11-04 11:09:54	Destructed Console
--
	
2022-11-04 11:09:55	Constructed Console	
2022-11-04 11:09:55	Unable to construct Controller with path favicon.ico	
2022-11-04 11:09:55	#0 /Volumes/htdocs/tigron-invoicing-tool/vendor/multimedium/core/src/M/Controller/Dispatcher.php(872): M\Controller\Dispatcher->getControllerCallback()
#1 /Volumes/htdocs/tigron-invoicing-tool/public/index.php(126): M\Controller\Dispatcher->dispatch()
#2 {main}	
2022-11-04 11:09:55	Destructed Console
--
	
2022-11-04 11:11:13	Constructed Console	
2022-11-04 11:11:13	Unable to construct Controller with path favicon.ico	
2022-11-04 11:11:13	#0 /Volumes/htdocs/tigron-invoicing-tool/vendor/multimedium/core/src/M/Controller/Dispatcher.php(872): M\Controller\Dispatcher->getControllerCallback()
#1 /Volumes/htdocs/tigron-invoicing-tool/public/index.php(126): M\Controller\Dispatcher->dispatch()
#2 {main}	
2022-11-04 11:11:13	Destructed Console
--
	
2022-11-04 11:11:15	Constructed Console	
2022-11-04 11:11:15	Unable to construct Controller with path favicon.ico	
2022-11-04 11:11:15	#0 /Volumes/htdocs/tigron-invoicing-tool/vendor/multimedium/core/src/M/Controller/Dispatcher.php(872): M\Controller\Dispatcher->getControllerCallback()
#1 /Volumes/htdocs/tigron-invoicing-tool/public/index.php(126): M\Controller\Dispatcher->dispatch()
#2 {main}	
2022-11-04 11:11:15	Destructed Console
--
	
2022-11-04 11:11:38	Constructed Console	
2022-11-04 11:11:38	Unable to construct Controller with path favicon.ico	
2022-11-04 11:11:38	#0 /Volumes/htdocs/tigron-invoicing-tool/vendor/multimedium/core/src/M/Controller/Dispatcher.php(872): M\Controller\Dispatcher->getControllerCallback()
#1 /Volumes/htdocs/tigron-invoicing-tool/public/index.php(126): M\Controller\Dispatcher->dispatch()
#2 {main}	
2022-11-04 11:11:38	Destructed Console
--
	
2022-11-04 11:11:48	Constructed Console	
2022-11-04 11:11:48	Unable to construct Controller with path favicon.ico	
2022-11-04 11:11:48	#0 /Volumes/htdocs/tigron-invoicing-tool/vendor/multimedium/core/src/M/Controller/Dispatcher.php(872): M\Controller\Dispatcher->getControllerCallback()
#1 /Volumes/htdocs/tigron-invoicing-tool/public/index.php(126): M\Controller\Dispatcher->dispatch()
#2 {main}	
2022-11-04 11:11:48	Destructed Console
--
	
2022-11-04 11:11:49	Constructed Console	
2022-11-04 11:11:49	Unable to construct Controller with path favicon.ico	
2022-11-04 11:11:49	#0 /Volumes/htdocs/tigron-invoicing-tool/vendor/multimedium/core/src/M/Controller/Dispatcher.php(872): M\Controller\Dispatcher->getControllerCallback()
#1 /Volumes/htdocs/tigron-invoicing-tool/public/index.php(126): M\Controller\Dispatcher->dispatch()
#2 {main}	
2022-11-04 11:11:49	Destructed Console
--
	
2022-11-04 11:11:50	Constructed Console	
2022-11-04 11:11:50	Unable to construct Controller with path favicon.ico	
2022-11-04 11:11:50	#0 /Volumes/htdocs/tigron-invoicing-tool/vendor/multimedium/core/src/M/Controller/Dispatcher.php(872): M\Controller\Dispatcher->getControllerCallback()
#1 /Volumes/htdocs/tigron-invoicing-tool/public/index.php(126): M\Controller\Dispatcher->dispatch()
#2 {main}	
2022-11-04 11:11:50	Destructed Console
--
	
2022-11-04 11:15:23	Constructed Console	
2022-11-04 11:15:23	Unable to construct Controller with path favicon.ico	
2022-11-04 11:15:23	#0 /Volumes/htdocs/tigron-invoicing-tool/vendor/multimedium/core/src/M/Controller/Dispatcher.php(872): M\Controller\Dispatcher->getControllerCallback()
#1 /Volumes/htdocs/tigron-invoicing-tool/public/index.php(126): M\Controller\Dispatcher->dispatch()
#2 {main}	
2022-11-04 11:15:23	Destructed Console
--
	
2022-11-04 11:15:38	Constructed Console	
2022-11-04 11:15:38	Unable to construct Controller with path favicon.ico	
2022-11-04 11:15:38	#0 /Volumes/htdocs/tigron-invoicing-tool/vendor/multimedium/core/src/M/Controller/Dispatcher.php(872): M\Controller\Dispatcher->getControllerCallback()
#1 /Volumes/htdocs/tigron-invoicing-tool/public/index.php(126): M\Controller\Dispatcher->dispatch()
#2 {main}	
2022-11-04 11:15:38	Destructed Console
--
	
2022-11-04 11:15:39	Constructed Console	
2022-11-04 11:15:39	Unable to construct Controller with path favicon.ico	
2022-11-04 11:15:39	#0 /Volumes/htdocs/tigron-invoicing-tool/vendor/multimedium/core/src/M/Controller/Dispatcher.php(872): M\Controller\Dispatcher->getControllerCallback()
#1 /Volumes/htdocs/tigron-invoicing-tool/public/index.php(126): M\Controller\Dispatcher->dispatch()
#2 {main}	
2022-11-04 11:15:39	Destructed Console
--
	
2022-11-04 11:17:19	Constructed Console	
2022-11-04 11:17:19	Unable to construct Controller with path favicon.ico	
2022-11-04 11:17:19	#0 /Volumes/htdocs/tigron-invoicing-tool/vendor/multimedium/core/src/M/Controller/Dispatcher.php(872): M\Controller\Dispatcher->getControllerCallback()
#1 /Volumes/htdocs/tigron-invoicing-tool/public/index.php(126): M\Controller\Dispatcher->dispatch()
#2 {main}	
2022-11-04 11:17:19	Destructed Console
--
	
2022-11-04 11:17:28	Constructed Console	
2022-11-04 11:17:28	Unable to construct Controller with path favicon.ico	
2022-11-04 11:17:28	#0 /Volumes/htdocs/tigron-invoicing-tool/vendor/multimedium/core/src/M/Controller/Dispatcher.php(872): M\Controller\Dispatcher->getControllerCallback()
#1 /Volumes/htdocs/tigron-invoicing-tool/public/index.php(126): M\Controller\Dispatcher->dispatch()
#2 {main}	
2022-11-04 11:17:28	Destructed Console
--
	
2022-11-04 11:17:43	Constructed Console	
2022-11-04 11:17:43	Unable to construct Controller with path favicon.ico	
2022-11-04 11:17:43	#0 /Volumes/htdocs/tigron-invoicing-tool/vendor/multimedium/core/src/M/Controller/Dispatcher.php(872): M\Controller\Dispatcher->getControllerCallback()
#1 /Volumes/htdocs/tigron-invoicing-tool/public/index.php(126): M\Controller\Dispatcher->dispatch()
#2 {main}	
2022-11-04 11:17:43	Destructed Console
--
	
2022-11-04 11:17:58	Constructed Console	
2022-11-04 11:17:58	Unable to construct Controller with path favicon.ico	
2022-11-04 11:17:58	#0 /Volumes/htdocs/tigron-invoicing-tool/vendor/multimedium/core/src/M/Controller/Dispatcher.php(872): M\Controller\Dispatcher->getControllerCallback()
#1 /Volumes/htdocs/tigron-invoicing-tool/public/index.php(126): M\Controller\Dispatcher->dispatch()
#2 {main}	
2022-11-04 11:17:58	Destructed Console
--
	
2022-11-04 11:19:20	Constructed Console	
2022-11-04 11:19:20	Unable to construct Controller with path favicon.ico	
2022-11-04 11:19:20	#0 /Volumes/htdocs/tigron-invoicing-tool/vendor/multimedium/core/src/M/Controller/Dispatcher.php(872): M\Controller\Dispatcher->getControllerCallback()
#1 /Volumes/htdocs/tigron-invoicing-tool/public/index.php(126): M\Controller\Dispatcher->dispatch()
#2 {main}	
2022-11-04 11:19:20	Destructed Console
--
	
2022-11-04 11:21:45	Constructed Console	
2022-11-04 11:21:45	Unable to construct Controller with path favicon.ico	
2022-11-04 11:21:45	#0 /Volumes/htdocs/tigron-invoicing-tool/vendor/multimedium/core/src/M/Controller/Dispatcher.php(872): M\Controller\Dispatcher->getControllerCallback()
#1 /Volumes/htdocs/tigron-invoicing-tool/public/index.php(126): M\Controller\Dispatcher->dispatch()
#2 {main}	
2022-11-04 11:21:45	Destructed Console
--
	
2022-11-04 11:21:53	Constructed Console	
2022-11-04 11:21:53	Unable to construct Controller with path favicon.ico	
2022-11-04 11:21:53	#0 /Volumes/htdocs/tigron-invoicing-tool/vendor/multimedium/core/src/M/Controller/Dispatcher.php(872): M\Controller\Dispatcher->getControllerCallback()
#1 /Volumes/htdocs/tigron-invoicing-tool/public/index.php(126): M\Controller\Dispatcher->dispatch()
#2 {main}	
2022-11-04 11:21:53	Destructed Console
--
	
2022-11-04 11:22:03	Constructed Console	
2022-11-04 11:22:03	Unable to construct Controller with path favicon.ico	
2022-11-04 11:22:03	#0 /Volumes/htdocs/tigron-invoicing-tool/vendor/multimedium/core/src/M/Controller/Dispatcher.php(872): M\Controller\Dispatcher->getControllerCallback()
#1 /Volumes/htdocs/tigron-invoicing-tool/public/index.php(126): M\Controller\Dispatcher->dispatch()
#2 {main}	
2022-11-04 11:22:03	Destructed Console
--
	
2022-11-04 11:22:15	Constructed Console	
2022-11-04 11:22:15	Unable to construct Controller with path favicon.ico	
2022-11-04 11:22:15	#0 /Volumes/htdocs/tigron-invoicing-tool/vendor/multimedium/core/src/M/Controller/Dispatcher.php(872): M\Controller\Dispatcher->getControllerCallback()
#1 /Volumes/htdocs/tigron-invoicing-tool/public/index.php(126): M\Controller\Dispatcher->dispatch()
#2 {main}	
2022-11-04 11:22:15	Destructed Console
--
	
2022-11-04 11:22:22	Constructed Console	
2022-11-04 11:22:22	Unable to construct Controller with path favicon.ico	
2022-11-04 11:22:22	#0 /Volumes/htdocs/tigron-invoicing-tool/vendor/multimedium/core/src/M/Controller/Dispatcher.php(872): M\Controller\Dispatcher->getControllerCallback()
#1 /Volumes/htdocs/tigron-invoicing-tool/public/index.php(126): M\Controller\Dispatcher->dispatch()
#2 {main}	
2022-11-04 11:22:22	Destructed Console
--
	
2022-11-04 11:27:20	Constructed Console	
2022-11-04 11:27:20	Unable to construct Controller with path favicon.ico	
2022-11-04 11:27:20	#0 /Volumes/htdocs/tigron-invoicing-tool/vendor/multimedium/core/src/M/Controller/Dispatcher.php(872): M\Controller\Dispatcher->getControllerCallback()
#1 /Volumes/htdocs/tigron-invoicing-tool/public/index.php(126): M\Controller\Dispatcher->dispatch()
#2 {main}	
2022-11-04 11:27:20	Destructed Console
--
	
2022-11-04 11:28:09	Constructed Console	
2022-11-04 11:28:09	Unable to construct Controller with path favicon.ico	
2022-11-04 11:28:09	#0 /Volumes/htdocs/tigron-invoicing-tool/vendor/multimedium/core/src/M/Controller/Dispatcher.php(872): M\Controller\Dispatcher->getControllerCallback()
#1 /Volumes/htdocs/tigron-invoicing-tool/public/index.php(126): M\Controller\Dispatcher->dispatch()
#2 {main}	
2022-11-04 11:28:09	Destructed Console
--
	
2022-11-04 11:28:28	Constructed Console	
2022-11-04 11:28:28	Unable to construct Controller with path favicon.ico	
2022-11-04 11:28:28	#0 /Volumes/htdocs/tigron-invoicing-tool/vendor/multimedium/core/src/M/Controller/Dispatcher.php(872): M\Controller\Dispatcher->getControllerCallback()
#1 /Volumes/htdocs/tigron-invoicing-tool/public/index.php(126): M\Controller\Dispatcher->dispatch()
#2 {main}	
2022-11-04 11:28:28	Destructed Console
--
	
2022-11-04 11:28:41	Constructed Console	
2022-11-04 11:28:41	Unable to construct Controller with path favicon.ico	
2022-11-04 11:28:41	#0 /Volumes/htdocs/tigron-invoicing-tool/vendor/multimedium/core/src/M/Controller/Dispatcher.php(872): M\Controller\Dispatcher->getControllerCallback()
#1 /Volumes/htdocs/tigron-invoicing-tool/public/index.php(126): M\Controller\Dispatcher->dispatch()
#2 {main}	
2022-11-04 11:28:41	Destructed Console
--
	
2022-11-04 11:34:43	Constructed Console	
2022-11-04 11:34:43	Unable to construct Controller with path favicon.ico	
2022-11-04 11:34:43	#0 /Volumes/htdocs/tigron-invoicing-tool/vendor/multimedium/core/src/M/Controller/Dispatcher.php(872): M\Controller\Dispatcher->getControllerCallback()
#1 /Volumes/htdocs/tigron-invoicing-tool/public/index.php(126): M\Controller\Dispatcher->dispatch()
#2 {main}	
2022-11-04 11:34:43	Destructed Console
--
	
2022-11-04 11:34:59	Constructed Console	
2022-11-04 11:34:59	Unable to construct Controller with path favicon.ico	
2022-11-04 11:34:59	#0 /Volumes/htdocs/tigron-invoicing-tool/vendor/multimedium/core/src/M/Controller/Dispatcher.php(872): M\Controller\Dispatcher->getControllerCallback()
#1 /Volumes/htdocs/tigron-invoicing-tool/public/index.php(126): M\Controller\Dispatcher->dispatch()
#2 {main}	
2022-11-04 11:34:59	Destructed Console
--
	
2022-11-04 11:35:59	Constructed Console	
2022-11-04 11:35:59	Unable to construct Controller with path favicon.ico	
2022-11-04 11:35:59	#0 /Volumes/htdocs/tigron-invoicing-tool/vendor/multimedium/core/src/M/Controller/Dispatcher.php(872): M\Controller\Dispatcher->getControllerCallback()
#1 /Volumes/htdocs/tigron-invoicing-tool/public/index.php(126): M\Controller\Dispatcher->dispatch()
#2 {main}	
2022-11-04 11:35:59	Destructed Console
--
	
2022-11-04 11:36:35	Constructed Console	
2022-11-04 11:36:35	Unable to construct Controller with path favicon.ico	
2022-11-04 11:36:35	#0 /Volumes/htdocs/tigron-invoicing-tool/vendor/multimedium/core/src/M/Controller/Dispatcher.php(872): M\Controller\Dispatcher->getControllerCallback()
#1 /Volumes/htdocs/tigron-invoicing-tool/public/index.php(126): M\Controller\Dispatcher->dispatch()
#2 {main}	
2022-11-04 11:36:35	Destructed Console
--
	
2022-11-04 11:36:41	Constructed Console	
2022-11-04 11:36:41	Unable to construct Controller with path favicon.ico	
2022-11-04 11:36:41	#0 /Volumes/htdocs/tigron-invoicing-tool/vendor/multimedium/core/src/M/Controller/Dispatcher.php(872): M\Controller\Dispatcher->getControllerCallback()
#1 /Volumes/htdocs/tigron-invoicing-tool/public/index.php(126): M\Controller\Dispatcher->dispatch()
#2 {main}	
2022-11-04 11:36:41	Destructed Console
--
	
2022-11-04 11:38:50	Constructed Console	
2022-11-04 11:38:50	Unable to construct Controller with path favicon.ico	
2022-11-04 11:38:50	#0 /Volumes/htdocs/tigron-invoicing-tool/vendor/multimedium/core/src/M/Controller/Dispatcher.php(872): M\Controller\Dispatcher->getControllerCallback()
#1 /Volumes/htdocs/tigron-invoicing-tool/public/index.php(126): M\Controller\Dispatcher->dispatch()
#2 {main}	
2022-11-04 11:38:50	Destructed Console
--
	
2022-11-04 11:39:52	Constructed Console	
2022-11-04 11:39:52	Unable to construct Controller with path favicon.ico	
2022-11-04 11:39:52	#0 /Volumes/htdocs/tigron-invoicing-tool/vendor/multimedium/core/src/M/Controller/Dispatcher.php(872): M\Controller\Dispatcher->getControllerCallback()
#1 /Volumes/htdocs/tigron-invoicing-tool/public/index.php(126): M\Controller\Dispatcher->dispatch()
#2 {main}	
2022-11-04 11:39:52	Destructed Console
--
	
2022-11-04 11:47:28	Constructed Console	
2022-11-04 11:47:28	Unable to construct Controller with path favicon.ico	
2022-11-04 11:47:28	#0 /Volumes/htdocs/tigron-invoicing-tool/vendor/multimedium/core/src/M/Controller/Dispatcher.php(872): M\Controller\Dispatcher->getControllerCallback()
#1 /Volumes/htdocs/tigron-invoicing-tool/public/index.php(126): M\Controller\Dispatcher->dispatch()
#2 {main}	
2022-11-04 11:47:28	Destructed Console
--
	
2022-11-04 11:48:15	Constructed Console	
2022-11-04 11:48:15	Unable to construct Controller with path favicon.ico	
2022-11-04 11:48:15	#0 /Volumes/htdocs/tigron-invoicing-tool/vendor/multimedium/core/src/M/Controller/Dispatcher.php(872): M\Controller\Dispatcher->getControllerCallback()
#1 /Volumes/htdocs/tigron-invoicing-tool/public/index.php(126): M\Controller\Dispatcher->dispatch()
#2 {main}	
2022-11-04 11:48:15	Destructed Console
--
	
2022-11-04 11:48:17	Constructed Console	
2022-11-04 11:48:17	Unable to construct Controller with path favicon.ico	
2022-11-04 11:48:17	#0 /Volumes/htdocs/tigron-invoicing-tool/vendor/multimedium/core/src/M/Controller/Dispatcher.php(872): M\Controller\Dispatcher->getControllerCallback()
#1 /Volumes/htdocs/tigron-invoicing-tool/public/index.php(126): M\Controller\Dispatcher->dispatch()
#2 {main}	
2022-11-04 11:48:17	Destructed Console
--
	
2022-11-04 11:49:41	Constructed Console	
2022-11-04 11:49:41	Unable to construct Controller with path favicon.ico	
2022-11-04 11:49:41	#0 /Volumes/htdocs/tigron-invoicing-tool/vendor/multimedium/core/src/M/Controller/Dispatcher.php(872): M\Controller\Dispatcher->getControllerCallback()
#1 /Volumes/htdocs/tigron-invoicing-tool/public/index.php(126): M\Controller\Dispatcher->dispatch()
#2 {main}	
2022-11-04 11:49:41	Destructed Console
--
	
2022-11-04 11:51:32	Constructed Console	
2022-11-04 11:51:32	Unable to construct Controller with path favicon.ico	
2022-11-04 11:51:32	#0 /Volumes/htdocs/tigron-invoicing-tool/vendor/multimedium/core/src/M/Controller/Dispatcher.php(872): M\Controller\Dispatcher->getControllerCallback()
#1 /Volumes/htdocs/tigron-invoicing-tool/public/index.php(126): M\Controller\Dispatcher->dispatch()
#2 {main}	
2022-11-04 11:51:32	Destructed Console
--
	
2022-11-04 11:51:41	Constructed Console	
2022-11-04 11:51:41	Unable to construct Controller with path favicon.ico	
2022-11-04 11:51:41	#0 /Volumes/htdocs/tigron-invoicing-tool/vendor/multimedium/core/src/M/Controller/Dispatcher.php(872): M\Controller\Dispatcher->getControllerCallback()
#1 /Volumes/htdocs/tigron-invoicing-tool/public/index.php(126): M\Controller\Dispatcher->dispatch()
#2 {main}	
2022-11-04 11:51:41	Destructed Console
--
	
2022-11-04 11:51:50	Constructed Console	
2022-11-04 11:51:50	Unable to construct Controller with path favicon.ico	
2022-11-04 11:51:50	#0 /Volumes/htdocs/tigron-invoicing-tool/vendor/multimedium/core/src/M/Controller/Dispatcher.php(872): M\Controller\Dispatcher->getControllerCallback()
#1 /Volumes/htdocs/tigron-invoicing-tool/public/index.php(126): M\Controller\Dispatcher->dispatch()
#2 {main}	
2022-11-04 11:51:50	Destructed Console
--
	
2022-11-04 11:52:17	Constructed Console	
2022-11-04 11:52:17	Unable to construct Controller with path favicon.ico	
2022-11-04 11:52:17	#0 /Volumes/htdocs/tigron-invoicing-tool/vendor/multimedium/core/src/M/Controller/Dispatcher.php(872): M\Controller\Dispatcher->getControllerCallback()
#1 /Volumes/htdocs/tigron-invoicing-tool/public/index.php(126): M\Controller\Dispatcher->dispatch()
#2 {main}	
2022-11-04 11:52:17	Destructed Console
--
	
2022-11-04 11:53:11	Constructed Console	
2022-11-04 11:53:11	Unable to construct Controller with path favicon.ico	
2022-11-04 11:53:11	#0 /Volumes/htdocs/tigron-invoicing-tool/vendor/multimedium/core/src/M/Controller/Dispatcher.php(872): M\Controller\Dispatcher->getControllerCallback()
#1 /Volumes/htdocs/tigron-invoicing-tool/public/index.php(126): M\Controller\Dispatcher->dispatch()
#2 {main}	
2022-11-04 11:53:11	Destructed Console
--
	
2022-11-04 11:54:21	Constructed Console	
2022-11-04 11:54:21	Unable to construct Controller with path favicon.ico	
2022-11-04 11:54:21	#0 /Volumes/htdocs/tigron-invoicing-tool/vendor/multimedium/core/src/M/Controller/Dispatcher.php(872): M\Controller\Dispatcher->getControllerCallback()
#1 /Volumes/htdocs/tigron-invoicing-tool/public/index.php(126): M\Controller\Dispatcher->dispatch()
#2 {main}	
2022-11-04 11:54:21	Destructed Console
--
	
2022-11-04 11:55:26	Constructed Console	
2022-11-04 11:55:26	Unable to construct Controller with path favicon.ico	
2022-11-04 11:55:26	#0 /Volumes/htdocs/tigron-invoicing-tool/vendor/multimedium/core/src/M/Controller/Dispatcher.php(872): M\Controller\Dispatcher->getControllerCallback()
#1 /Volumes/htdocs/tigron-invoicing-tool/public/index.php(126): M\Controller\Dispatcher->dispatch()
#2 {main}	
2022-11-04 11:55:26	Destructed Console
--
	
2022-11-04 11:56:42	Constructed Console	
2022-11-04 11:56:42	Unable to construct Controller with path favicon.ico	
2022-11-04 11:56:42	#0 /Volumes/htdocs/tigron-invoicing-tool/vendor/multimedium/core/src/M/Controller/Dispatcher.php(872): M\Controller\Dispatcher->getControllerCallback()
#1 /Volumes/htdocs/tigron-invoicing-tool/public/index.php(126): M\Controller\Dispatcher->dispatch()
#2 {main}	
2022-11-04 11:56:42	Destructed Console
--
	
2022-11-04 12:46:27	Constructed Console	
2022-11-04 12:46:27	Unable to construct Controller with path favicon.ico	
2022-11-04 12:46:27	#0 /Volumes/htdocs/tigron-invoicing-tool/vendor/multimedium/core/src/M/Controller/Dispatcher.php(872): M\Controller\Dispatcher->getControllerCallback()
#1 /Volumes/htdocs/tigron-invoicing-tool/public/index.php(126): M\Controller\Dispatcher->dispatch()
#2 {main}	
2022-11-04 12:46:27	Destructed Console
--
	
2022-11-04 12:58:08	Constructed Console	
2022-11-04 12:58:08	Unable to construct Controller with path favicon.ico	
2022-11-04 12:58:08	#0 /Volumes/htdocs/tigron-invoicing-tool/vendor/multimedium/core/src/M/Controller/Dispatcher.php(872): M\Controller\Dispatcher->getControllerCallback()
#1 /Volumes/htdocs/tigron-invoicing-tool/public/index.php(126): M\Controller\Dispatcher->dispatch()
#2 {main}	
2022-11-04 12:58:08	Destructed Console
--
	
2022-11-04 14:16:18	Constructed Console	
2022-11-04 14:16:18	Unable to construct Controller with path favicon.ico	
2022-11-04 14:16:18	#0 /Volumes/htdocs/tigron-invoicing-tool/vendor/multimedium/core/src/M/Controller/Dispatcher.php(872): M\Controller\Dispatcher->getControllerCallback()
#1 /Volumes/htdocs/tigron-invoicing-tool/public/index.php(126): M\Controller\Dispatcher->dispatch()
#2 {main}	
2022-11-04 14:16:18	Destructed Console
--
	
