2022-11-04 09:17:40	Constructed Console	
2022-11-04 09:17:40	Argument 1 passed to Tigron\Cp\Invoice::get_by_user() must be an instance of Tigron\User, string given, called in /Volumes/htdocs/tigron-invoicing-tool/app/Main/Module/Tigron/Controller/Tigron.php on line 32	
2022-11-04 09:17:40	#0 /Volumes/htdocs/tigron-invoicing-tool/app/Main/Module/Tigron/Controller/Tigron.php(32): Tigron\Cp\Invoice::get_by_user('Aertsen')
#1 [internal function]: Main\Module\Tigron\Controller\Tigron->index()
#2 /Volumes/htdocs/tigron-invoicing-tool/vendor/multimedium/core/src/M/Util/Callback.php(747): call_user_func_array(Array, Array)
#3 /Volumes/htdocs/tigron-invoicing-tool/vendor/multimedium/core/src/M/Controller/Dispatcher.php(881): M\Util\Callback->run()
#4 /Volumes/htdocs/tigron-invoicing-tool/public/index.php(126): M\Controller\Dispatcher->dispatch()
#5 {main}	
2022-11-04 09:17:40	Argument 1 passed to Tigron\Cp\Invoice::get_by_user() must be an instance of Tigron\User, string given, called in /Volumes/htdocs/tigron-invoicing-tool/app/Main/Module/Tigron/Controller/Tigron.php on line 32	
2022-11-04 09:17:40	#0 /Volumes/htdocs/tigron-invoicing-tool/app/Main/Module/Tigron/Controller/Tigron.php(32): Tigron\Cp\Invoice::get_by_user('Aertsen')
#1 [internal function]: Main\Module\Tigron\Controller\Tigron->index()
#2 /Volumes/htdocs/tigron-invoicing-tool/vendor/multimedium/core/src/M/Util/Callback.php(747): call_user_func_array(Array, Array)
#3 /Volumes/htdocs/tigron-invoicing-tool/vendor/multimedium/core/src/M/Controller/Dispatcher.php(881): M\Util\Callback->run()
#4 /Volumes/htdocs/tigron-invoicing-tool/public/index.php(126): M\Controller\Dispatcher->dispatch()
#5 {main}	
2022-11-04 09:17:40	Destructed Console
--
	
2022-11-04 09:42:23	Constructed Console	
2022-11-04 09:42:23	Argument 1 passed to Tigron\Cp\Invoice::get_by_user() must be an instance of Tigron\User, string given, called in /Volumes/htdocs/tigron-invoicing-tool/app/Main/Module/Tigron/Controller/Tigron.php on line 32	
2022-11-04 09:42:23	#0 /Volumes/htdocs/tigron-invoicing-tool/app/Main/Module/Tigron/Controller/Tigron.php(32): Tigron\Cp\Invoice::get_by_user('Aertsen')
#1 [internal function]: Main\Module\Tigron\Controller\Tigron->index()
#2 /Volumes/htdocs/tigron-invoicing-tool/vendor/multimedium/core/src/M/Util/Callback.php(747): call_user_func_array(Array, Array)
#3 /Volumes/htdocs/tigron-invoicing-tool/vendor/multimedium/core/src/M/Controller/Dispatcher.php(881): M\Util\Callback->run()
#4 /Volumes/htdocs/tigron-invoicing-tool/public/index.php(126): M\Controller\Dispatcher->dispatch()
#5 {main}	
2022-11-04 09:42:23	Argument 1 passed to Tigron\Cp\Invoice::get_by_user() must be an instance of Tigron\User, string given, called in /Volumes/htdocs/tigron-invoicing-tool/app/Main/Module/Tigron/Controller/Tigron.php on line 32	
2022-11-04 09:42:23	#0 /Volumes/htdocs/tigron-invoicing-tool/app/Main/Module/Tigron/Controller/Tigron.php(32): Tigron\Cp\Invoice::get_by_user('Aertsen')
#1 [internal function]: Main\Module\Tigron\Controller\Tigron->index()
#2 /Volumes/htdocs/tigron-invoicing-tool/vendor/multimedium/core/src/M/Util/Callback.php(747): call_user_func_array(Array, Array)
#3 /Volumes/htdocs/tigron-invoicing-tool/vendor/multimedium/core/src/M/Controller/Dispatcher.php(881): M\Util\Callback->run()
#4 /Volumes/htdocs/tigron-invoicing-tool/public/index.php(126): M\Controller\Dispatcher->dispatch()
#5 {main}	
2022-11-04 09:42:23	Destructed Console
--
	
2022-11-04 09:46:28	Constructed Console	
2022-11-04 09:46:28	Argument 1 passed to Tigron\Cp\Invoice::get_by_user() must be an instance of Tigron\User, int given, called in /Volumes/htdocs/tigron-invoicing-tool/app/Main/Module/Tigron/Controller/Tigron.php on line 32	
2022-11-04 09:46:28	#0 /Volumes/htdocs/tigron-invoicing-tool/app/Main/Module/Tigron/Controller/Tigron.php(32): Tigron\Cp\Invoice::get_by_user(0)
#1 [internal function]: Main\Module\Tigron\Controller\Tigron->index()
#2 /Volumes/htdocs/tigron-invoicing-tool/vendor/multimedium/core/src/M/Util/Callback.php(747): call_user_func_array(Array, Array)
#3 /Volumes/htdocs/tigron-invoicing-tool/vendor/multimedium/core/src/M/Controller/Dispatcher.php(881): M\Util\Callback->run()
#4 /Volumes/htdocs/tigron-invoicing-tool/public/index.php(126): M\Controller\Dispatcher->dispatch()
#5 {main}	
2022-11-04 09:46:28	Argument 1 passed to Tigron\Cp\Invoice::get_by_user() must be an instance of Tigron\User, int given, called in /Volumes/htdocs/tigron-invoicing-tool/app/Main/Module/Tigron/Controller/Tigron.php on line 32	
2022-11-04 09:46:28	#0 /Volumes/htdocs/tigron-invoicing-tool/app/Main/Module/Tigron/Controller/Tigron.php(32): Tigron\Cp\Invoice::get_by_user(0)
#1 [internal function]: Main\Module\Tigron\Controller\Tigron->index()
#2 /Volumes/htdocs/tigron-invoicing-tool/vendor/multimedium/core/src/M/Util/Callback.php(747): call_user_func_array(Array, Array)
#3 /Volumes/htdocs/tigron-invoicing-tool/vendor/multimedium/core/src/M/Controller/Dispatcher.php(881): M\Util\Callback->run()
#4 /Volumes/htdocs/tigron-invoicing-tool/public/index.php(126): M\Controller\Dispatcher->dispatch()
#5 {main}	
2022-11-04 09:46:28	Destructed Console
--
	
2022-11-04 09:47:49	Constructed Console	
2022-11-04 09:47:49	Argument 1 passed to Tigron\Cp\Invoice::get_by_user() must be an instance of Tigron\User, string given, called in /Volumes/htdocs/tigron-invoicing-tool/app/Main/Module/Tigron/Controller/Tigron.php on line 32	
2022-11-04 09:47:49	#0 /Volumes/htdocs/tigron-invoicing-tool/app/Main/Module/Tigron/Controller/Tigron.php(32): Tigron\Cp\Invoice::get_by_user('censius')
#1 [internal function]: Main\Module\Tigron\Controller\Tigron->index()
#2 /Volumes/htdocs/tigron-invoicing-tool/vendor/multimedium/core/src/M/Util/Callback.php(747): call_user_func_array(Array, Array)
#3 /Volumes/htdocs/tigron-invoicing-tool/vendor/multimedium/core/src/M/Controller/Dispatcher.php(881): M\Util\Callback->run()
#4 /Volumes/htdocs/tigron-invoicing-tool/public/index.php(126): M\Controller\Dispatcher->dispatch()
#5 {main}	
2022-11-04 09:47:49	Argument 1 passed to Tigron\Cp\Invoice::get_by_user() must be an instance of Tigron\User, string given, called in /Volumes/htdocs/tigron-invoicing-tool/app/Main/Module/Tigron/Controller/Tigron.php on line 32	
2022-11-04 09:47:49	#0 /Volumes/htdocs/tigron-invoicing-tool/app/Main/Module/Tigron/Controller/Tigron.php(32): Tigron\Cp\Invoice::get_by_user('censius')
#1 [internal function]: Main\Module\Tigron\Controller\Tigron->index()
#2 /Volumes/htdocs/tigron-invoicing-tool/vendor/multimedium/core/src/M/Util/Callback.php(747): call_user_func_array(Array, Array)
#3 /Volumes/htdocs/tigron-invoicing-tool/vendor/multimedium/core/src/M/Controller/Dispatcher.php(881): M\Util\Callback->run()
#4 /Volumes/htdocs/tigron-invoicing-tool/public/index.php(126): M\Controller\Dispatcher->dispatch()
#5 {main}	
2022-11-04 09:47:49	Destructed Console
--
	
2022-11-04 09:48:41	Constructed Console	
2022-11-04 09:48:41	Argument 1 passed to Tigron\Cp\Invoice::get_by_user() must be an instance of Tigron\User, string given, called in /Volumes/htdocs/tigron-invoicing-tool/app/Main/Module/Tigron/Controller/Tigron.php on line 32	
2022-11-04 09:48:41	#0 /Volumes/htdocs/tigron-invoicing-tool/app/Main/Module/Tigron/Controller/Tigron.php(32): Tigron\Cp\Invoice::get_by_user('censius')
#1 [internal function]: Main\Module\Tigron\Controller\Tigron->index()
#2 /Volumes/htdocs/tigron-invoicing-tool/vendor/multimedium/core/src/M/Util/Callback.php(747): call_user_func_array(Array, Array)
#3 /Volumes/htdocs/tigron-invoicing-tool/vendor/multimedium/core/src/M/Controller/Dispatcher.php(881): M\Util\Callback->run()
#4 /Volumes/htdocs/tigron-invoicing-tool/public/index.php(126): M\Controller\Dispatcher->dispatch()
#5 {main}	
2022-11-04 09:48:41	Argument 1 passed to Tigron\Cp\Invoice::get_by_user() must be an instance of Tigron\User, string given, called in /Volumes/htdocs/tigron-invoicing-tool/app/Main/Module/Tigron/Controller/Tigron.php on line 32	
2022-11-04 09:48:41	#0 /Volumes/htdocs/tigron-invoicing-tool/app/Main/Module/Tigron/Controller/Tigron.php(32): Tigron\Cp\Invoice::get_by_user('censius')
#1 [internal function]: Main\Module\Tigron\Controller\Tigron->index()
#2 /Volumes/htdocs/tigron-invoicing-tool/vendor/multimedium/core/src/M/Util/Callback.php(747): call_user_func_array(Array, Array)
#3 /Volumes/htdocs/tigron-invoicing-tool/vendor/multimedium/core/src/M/Controller/Dispatcher.php(881): M\Util\Callback->run()
#4 /Volumes/htdocs/tigron-invoicing-tool/public/index.php(126): M\Controller\Dispatcher->dispatch()
#5 {main}	
2022-11-04 09:48:41	Destructed Console
--
	
2022-11-04 10:01:41	Constructed Console	
2022-11-04 10:01:41	Argument 1 passed to Tigron\Cp\Invoice::get_by_user() must be an instance of Tigron\User, string given, called in /Volumes/htdocs/tigron-invoicing-tool/app/Main/Module/Tigron/Controller/Tigron.php on line 33	
2022-11-04 10:01:41	#0 /Volumes/htdocs/tigron-invoicing-tool/app/Main/Module/Tigron/Controller/Tigron.php(33): Tigron\Cp\Invoice::get_by_user('censius')
#1 [internal function]: Main\Module\Tigron\Controller\Tigron->index()
#2 /Volumes/htdocs/tigron-invoicing-tool/vendor/multimedium/core/src/M/Util/Callback.php(747): call_user_func_array(Array, Array)
#3 /Volumes/htdocs/tigron-invoicing-tool/vendor/multimedium/core/src/M/Controller/Dispatcher.php(881): M\Util\Callback->run()
#4 /Volumes/htdocs/tigron-invoicing-tool/public/index.php(126): M\Controller\Dispatcher->dispatch()
#5 {main}	
2022-11-04 10:01:41	Argument 1 passed to Tigron\Cp\Invoice::get_by_user() must be an instance of Tigron\User, string given, called in /Volumes/htdocs/tigron-invoicing-tool/app/Main/Module/Tigron/Controller/Tigron.php on line 33	
2022-11-04 10:01:41	#0 /Volumes/htdocs/tigron-invoicing-tool/app/Main/Module/Tigron/Controller/Tigron.php(33): Tigron\Cp\Invoice::get_by_user('censius')
#1 [internal function]: Main\Module\Tigron\Controller\Tigron->index()
#2 /Volumes/htdocs/tigron-invoicing-tool/vendor/multimedium/core/src/M/Util/Callback.php(747): call_user_func_array(Array, Array)
#3 /Volumes/htdocs/tigron-invoicing-tool/vendor/multimedium/core/src/M/Controller/Dispatcher.php(881): M\Util\Callback->run()
#4 /Volumes/htdocs/tigron-invoicing-tool/public/index.php(126): M\Controller\Dispatcher->dispatch()
#5 {main}	
2022-11-04 10:01:41	Destructed Console
--
	
2022-11-04 10:01:41	Constructed Console	
2022-11-04 10:01:41	Argument 1 passed to Tigron\Cp\Invoice::get_by_user() must be an instance of Tigron\User, string given, called in /Volumes/htdocs/tigron-invoicing-tool/app/Main/Module/Tigron/Controller/Tigron.php on line 33	
2022-11-04 10:01:41	#0 /Volumes/htdocs/tigron-invoicing-tool/app/Main/Module/Tigron/Controller/Tigron.php(33): Tigron\Cp\Invoice::get_by_user('censius')
#1 [internal function]: Main\Module\Tigron\Controller\Tigron->index()
#2 /Volumes/htdocs/tigron-invoicing-tool/vendor/multimedium/core/src/M/Util/Callback.php(747): call_user_func_array(Array, Array)
#3 /Volumes/htdocs/tigron-invoicing-tool/vendor/multimedium/core/src/M/Controller/Dispatcher.php(881): M\Util\Callback->run()
#4 /Volumes/htdocs/tigron-invoicing-tool/public/index.php(126): M\Controller\Dispatcher->dispatch()
#5 {main}	
2022-11-04 10:01:41	Argument 1 passed to Tigron\Cp\Invoice::get_by_user() must be an instance of Tigron\User, string given, called in /Volumes/htdocs/tigron-invoicing-tool/app/Main/Module/Tigron/Controller/Tigron.php on line 33	
2022-11-04 10:01:41	#0 /Volumes/htdocs/tigron-invoicing-tool/app/Main/Module/Tigron/Controller/Tigron.php(33): Tigron\Cp\Invoice::get_by_user('censius')
#1 [internal function]: Main\Module\Tigron\Controller\Tigron->index()
#2 /Volumes/htdocs/tigron-invoicing-tool/vendor/multimedium/core/src/M/Util/Callback.php(747): call_user_func_array(Array, Array)
#3 /Volumes/htdocs/tigron-invoicing-tool/vendor/multimedium/core/src/M/Controller/Dispatcher.php(881): M\Util\Callback->run()
#4 /Volumes/htdocs/tigron-invoicing-tool/public/index.php(126): M\Controller\Dispatcher->dispatch()
#5 {main}	
2022-11-04 10:01:41	Destructed Console
--
	
2022-11-04 10:07:13	Constructed Console	
2022-11-04 10:07:13	syntax error, unexpected end of file, expecting function (T_FUNCTION) or const (T_CONST)	
2022-11-04 10:07:13	#0 [internal function]: M\App\Autoloader->loadResource('Main\\Module\\Tig...')
#1 [internal function]: spl_autoload_call('Main\\Module\\Tig...')
#2 /Volumes/htdocs/tigron-invoicing-tool/vendor/multimedium/core/src/M/Controller/Dispatcher.php(994): ReflectionClass->__construct('\\Main\\Module\\Ti...')
#3 /Volumes/htdocs/tigron-invoicing-tool/vendor/multimedium/core/src/M/Controller/Dispatcher.php(1079): M\Controller\Dispatcher->_getController('\\Main\\Module\\Ti...')
#4 /Volumes/htdocs/tigron-invoicing-tool/vendor/multimedium/core/src/M/Controller/Dispatcher.php(759): M\Controller\Dispatcher->_getControllerFromPathElements(Array, NULL)
#5 /Volumes/htdocs/tigron-invoicing-tool/vendor/multimedium/core/src/M/Controller/Dispatcher.php(872): M\Controller\Dispatcher->getControllerCallback()
#6 /Volumes/htdocs/tigron-invoicing-tool/public/index.php(126): M\Controller\Dispatcher->dispatch()
#7 {main}	
2022-11-04 10:07:13	Destructed Console
--
	
2022-11-04 10:25:52	Constructed Console	
2022-11-04 10:25:52	syntax error, unexpected 'echo' (T_ECHO)	
2022-11-04 10:25:52	#0 [internal function]: M\App\Autoloader->loadResource('Main\\Module\\Tig...')
#1 [internal function]: spl_autoload_call('Main\\Module\\Tig...')
#2 /Volumes/htdocs/tigron-invoicing-tool/vendor/multimedium/core/src/M/Controller/Dispatcher.php(994): ReflectionClass->__construct('\\Main\\Module\\Ti...')
#3 /Volumes/htdocs/tigron-invoicing-tool/vendor/multimedium/core/src/M/Controller/Dispatcher.php(1079): M\Controller\Dispatcher->_getController('\\Main\\Module\\Ti...')
#4 /Volumes/htdocs/tigron-invoicing-tool/vendor/multimedium/core/src/M/Controller/Dispatcher.php(759): M\Controller\Dispatcher->_getControllerFromPathElements(Array, NULL)
#5 /Volumes/htdocs/tigron-invoicing-tool/vendor/multimedium/core/src/M/Controller/Dispatcher.php(872): M\Controller\Dispatcher->getControllerCallback()
#6 /Volumes/htdocs/tigron-invoicing-tool/public/index.php(126): M\Controller\Dispatcher->dispatch()
#7 {main}	
2022-11-04 10:25:52	Destructed Console
--
	
2022-11-04 10:26:50	Constructed Console	
2022-11-04 10:26:50	Too few arguments to function Tigron\Cp\Invoice::get_by_id(), 0 passed in /Volumes/htdocs/tigron-invoicing-tool/app/Main/Module/Tigron/Controller/Tigron.php on line 14 and exactly 1 expected	
2022-11-04 10:26:50	#0 /Volumes/htdocs/tigron-invoicing-tool/app/Main/Module/Tigron/Controller/Tigron.php(14): Tigron\Cp\Invoice::get_by_id()
#1 [internal function]: Main\Module\Tigron\Controller\Tigron->index()
#2 /Volumes/htdocs/tigron-invoicing-tool/vendor/multimedium/core/src/M/Util/Callback.php(747): call_user_func_array(Array, Array)
#3 /Volumes/htdocs/tigron-invoicing-tool/vendor/multimedium/core/src/M/Controller/Dispatcher.php(881): M\Util\Callback->run()
#4 /Volumes/htdocs/tigron-invoicing-tool/public/index.php(126): M\Controller\Dispatcher->dispatch()
#5 {main}	
2022-11-04 10:26:50	Too few arguments to function Tigron\Cp\Invoice::get_by_id(), 0 passed in /Volumes/htdocs/tigron-invoicing-tool/app/Main/Module/Tigron/Controller/Tigron.php on line 14 and exactly 1 expected	
2022-11-04 10:26:50	#0 /Volumes/htdocs/tigron-invoicing-tool/app/Main/Module/Tigron/Controller/Tigron.php(14): Tigron\Cp\Invoice::get_by_id()
#1 [internal function]: Main\Module\Tigron\Controller\Tigron->index()
#2 /Volumes/htdocs/tigron-invoicing-tool/vendor/multimedium/core/src/M/Util/Callback.php(747): call_user_func_array(Array, Array)
#3 /Volumes/htdocs/tigron-invoicing-tool/vendor/multimedium/core/src/M/Controller/Dispatcher.php(881): M\Util\Callback->run()
#4 /Volumes/htdocs/tigron-invoicing-tool/public/index.php(126): M\Controller\Dispatcher->dispatch()
#5 {main}	
2022-11-04 10:26:50	Destructed Console
--
	
2022-11-04 10:55:13	Constructed Console	
2022-11-04 10:55:13	Argument 1 passed to Tigron\Cp\Invoice::get_by_user() must be an instance of Tigron\User, int given, called in /Volumes/htdocs/tigron-invoicing-tool/app/Main/Module/Tigron/Controller/Tigron.php on line 19	
2022-11-04 10:55:13	#0 /Volumes/htdocs/tigron-invoicing-tool/app/Main/Module/Tigron/Controller/Tigron.php(19): Tigron\Cp\Invoice::get_by_user(0)
#1 [internal function]: Main\Module\Tigron\Controller\Tigron->index()
#2 /Volumes/htdocs/tigron-invoicing-tool/vendor/multimedium/core/src/M/Util/Callback.php(747): call_user_func_array(Array, Array)
#3 /Volumes/htdocs/tigron-invoicing-tool/vendor/multimedium/core/src/M/Controller/Dispatcher.php(881): M\Util\Callback->run()
#4 /Volumes/htdocs/tigron-invoicing-tool/public/index.php(126): M\Controller\Dispatcher->dispatch()
#5 {main}	
2022-11-04 10:55:13	Argument 1 passed to Tigron\Cp\Invoice::get_by_user() must be an instance of Tigron\User, int given, called in /Volumes/htdocs/tigron-invoicing-tool/app/Main/Module/Tigron/Controller/Tigron.php on line 19	
2022-11-04 10:55:13	#0 /Volumes/htdocs/tigron-invoicing-tool/app/Main/Module/Tigron/Controller/Tigron.php(19): Tigron\Cp\Invoice::get_by_user(0)
#1 [internal function]: Main\Module\Tigron\Controller\Tigron->index()
#2 /Volumes/htdocs/tigron-invoicing-tool/vendor/multimedium/core/src/M/Util/Callback.php(747): call_user_func_array(Array, Array)
#3 /Volumes/htdocs/tigron-invoicing-tool/vendor/multimedium/core/src/M/Controller/Dispatcher.php(881): M\Util\Callback->run()
#4 /Volumes/htdocs/tigron-invoicing-tool/public/index.php(126): M\Controller\Dispatcher->dispatch()
#5 {main}	
2022-11-04 10:55:13	Destructed Console
--
	
2022-11-04 10:55:29	Constructed Console	
2022-11-04 10:55:29	Argument 1 passed to Tigron\Cp\Invoice::get_by_user() must be an instance of Tigron\User, int given, called in /Volumes/htdocs/tigron-invoicing-tool/app/Main/Module/Tigron/Controller/Tigron.php on line 19	
2022-11-04 10:55:29	#0 /Volumes/htdocs/tigron-invoicing-tool/app/Main/Module/Tigron/Controller/Tigron.php(19): Tigron\Cp\Invoice::get_by_user(0, 1)
#1 [internal function]: Main\Module\Tigron\Controller\Tigron->index()
#2 /Volumes/htdocs/tigron-invoicing-tool/vendor/multimedium/core/src/M/Util/Callback.php(747): call_user_func_array(Array, Array)
#3 /Volumes/htdocs/tigron-invoicing-tool/vendor/multimedium/core/src/M/Controller/Dispatcher.php(881): M\Util\Callback->run()
#4 /Volumes/htdocs/tigron-invoicing-tool/public/index.php(126): M\Controller\Dispatcher->dispatch()
#5 {main}	
2022-11-04 10:55:29	Argument 1 passed to Tigron\Cp\Invoice::get_by_user() must be an instance of Tigron\User, int given, called in /Volumes/htdocs/tigron-invoicing-tool/app/Main/Module/Tigron/Controller/Tigron.php on line 19	
2022-11-04 10:55:29	#0 /Volumes/htdocs/tigron-invoicing-tool/app/Main/Module/Tigron/Controller/Tigron.php(19): Tigron\Cp\Invoice::get_by_user(0, 1)
#1 [internal function]: Main\Module\Tigron\Controller\Tigron->index()
#2 /Volumes/htdocs/tigron-invoicing-tool/vendor/multimedium/core/src/M/Util/Callback.php(747): call_user_func_array(Array, Array)
#3 /Volumes/htdocs/tigron-invoicing-tool/vendor/multimedium/core/src/M/Controller/Dispatcher.php(881): M\Util\Callback->run()
#4 /Volumes/htdocs/tigron-invoicing-tool/public/index.php(126): M\Controller\Dispatcher->dispatch()
#5 {main}	
2022-11-04 10:55:29	Destructed Console
--
	
2022-11-04 10:55:30	Constructed Console	
2022-11-04 10:55:30	Argument 1 passed to Tigron\Cp\Invoice::get_by_user() must be an instance of Tigron\User, int given, called in /Volumes/htdocs/tigron-invoicing-tool/app/Main/Module/Tigron/Controller/Tigron.php on line 19	
2022-11-04 10:55:30	#0 /Volumes/htdocs/tigron-invoicing-tool/app/Main/Module/Tigron/Controller/Tigron.php(19): Tigron\Cp\Invoice::get_by_user(0, 1)
#1 [internal function]: Main\Module\Tigron\Controller\Tigron->index()
#2 /Volumes/htdocs/tigron-invoicing-tool/vendor/multimedium/core/src/M/Util/Callback.php(747): call_user_func_array(Array, Array)
#3 /Volumes/htdocs/tigron-invoicing-tool/vendor/multimedium/core/src/M/Controller/Dispatcher.php(881): M\Util\Callback->run()
#4 /Volumes/htdocs/tigron-invoicing-tool/public/index.php(126): M\Controller\Dispatcher->dispatch()
#5 {main}	
2022-11-04 10:55:30	Argument 1 passed to Tigron\Cp\Invoice::get_by_user() must be an instance of Tigron\User, int given, called in /Volumes/htdocs/tigron-invoicing-tool/app/Main/Module/Tigron/Controller/Tigron.php on line 19	
2022-11-04 10:55:30	#0 /Volumes/htdocs/tigron-invoicing-tool/app/Main/Module/Tigron/Controller/Tigron.php(19): Tigron\Cp\Invoice::get_by_user(0, 1)
#1 [internal function]: Main\Module\Tigron\Controller\Tigron->index()
#2 /Volumes/htdocs/tigron-invoicing-tool/vendor/multimedium/core/src/M/Util/Callback.php(747): call_user_func_array(Array, Array)
#3 /Volumes/htdocs/tigron-invoicing-tool/vendor/multimedium/core/src/M/Controller/Dispatcher.php(881): M\Util\Callback->run()
#4 /Volumes/htdocs/tigron-invoicing-tool/public/index.php(126): M\Controller\Dispatcher->dispatch()
#5 {main}	
2022-11-04 10:55:30	Destructed Console
--
	
2022-11-04 10:56:05	Constructed Console	
2022-11-04 10:56:05	Argument 1 passed to Tigron\Cp\Invoice::get_by_user() must be an instance of Tigron\User, instance of Tigron\Cp\User given, called in /Volumes/htdocs/tigron-invoicing-tool/app/Main/Module/Tigron/Controller/Tigron.php on line 19	
2022-11-04 10:56:05	#0 /Volumes/htdocs/tigron-invoicing-tool/app/Main/Module/Tigron/Controller/Tigron.php(19): Tigron\Cp\Invoice::get_by_user(Object(Tigron\Cp\User))
#1 [internal function]: Main\Module\Tigron\Controller\Tigron->index()
#2 /Volumes/htdocs/tigron-invoicing-tool/vendor/multimedium/core/src/M/Util/Callback.php(747): call_user_func_array(Array, Array)
#3 /Volumes/htdocs/tigron-invoicing-tool/vendor/multimedium/core/src/M/Controller/Dispatcher.php(881): M\Util\Callback->run()
#4 /Volumes/htdocs/tigron-invoicing-tool/public/index.php(126): M\Controller\Dispatcher->dispatch()
#5 {main}	
2022-11-04 10:56:05	Argument 1 passed to Tigron\Cp\Invoice::get_by_user() must be an instance of Tigron\User, instance of Tigron\Cp\User given, called in /Volumes/htdocs/tigron-invoicing-tool/app/Main/Module/Tigron/Controller/Tigron.php on line 19	
2022-11-04 10:56:05	#0 /Volumes/htdocs/tigron-invoicing-tool/app/Main/Module/Tigron/Controller/Tigron.php(19): Tigron\Cp\Invoice::get_by_user(Object(Tigron\Cp\User))
#1 [internal function]: Main\Module\Tigron\Controller\Tigron->index()
#2 /Volumes/htdocs/tigron-invoicing-tool/vendor/multimedium/core/src/M/Util/Callback.php(747): call_user_func_array(Array, Array)
#3 /Volumes/htdocs/tigron-invoicing-tool/vendor/multimedium/core/src/M/Controller/Dispatcher.php(881): M\Util\Callback->run()
#4 /Volumes/htdocs/tigron-invoicing-tool/public/index.php(126): M\Controller\Dispatcher->dispatch()
#5 {main}	
2022-11-04 10:56:05	Destructed Console
--
	
2022-11-04 10:56:13	Constructed Console	
2022-11-04 10:56:13	Argument 1 passed to Tigron\Cp\Invoice::get_by_user() must be an instance of Tigron\User, string given, called in /Volumes/htdocs/tigron-invoicing-tool/app/Main/Module/Tigron/Controller/Tigron.php on line 19	
2022-11-04 10:56:13	#0 /Volumes/htdocs/tigron-invoicing-tool/app/Main/Module/Tigron/Controller/Tigron.php(19): Tigron\Cp\Invoice::get_by_user('teamleader-dev')
#1 [internal function]: Main\Module\Tigron\Controller\Tigron->index()
#2 /Volumes/htdocs/tigron-invoicing-tool/vendor/multimedium/core/src/M/Util/Callback.php(747): call_user_func_array(Array, Array)
#3 /Volumes/htdocs/tigron-invoicing-tool/vendor/multimedium/core/src/M/Controller/Dispatcher.php(881): M\Util\Callback->run()
#4 /Volumes/htdocs/tigron-invoicing-tool/public/index.php(126): M\Controller\Dispatcher->dispatch()
#5 {main}	
2022-11-04 10:56:13	Argument 1 passed to Tigron\Cp\Invoice::get_by_user() must be an instance of Tigron\User, string given, called in /Volumes/htdocs/tigron-invoicing-tool/app/Main/Module/Tigron/Controller/Tigron.php on line 19	
2022-11-04 10:56:13	#0 /Volumes/htdocs/tigron-invoicing-tool/app/Main/Module/Tigron/Controller/Tigron.php(19): Tigron\Cp\Invoice::get_by_user('teamleader-dev')
#1 [internal function]: Main\Module\Tigron\Controller\Tigron->index()
#2 /Volumes/htdocs/tigron-invoicing-tool/vendor/multimedium/core/src/M/Util/Callback.php(747): call_user_func_array(Array, Array)
#3 /Volumes/htdocs/tigron-invoicing-tool/vendor/multimedium/core/src/M/Controller/Dispatcher.php(881): M\Util\Callback->run()
#4 /Volumes/htdocs/tigron-invoicing-tool/public/index.php(126): M\Controller\Dispatcher->dispatch()
#5 {main}	
2022-11-04 10:56:13	Destructed Console
--
	
2022-11-04 10:56:13	Constructed Console	
2022-11-04 10:56:13	Argument 1 passed to Tigron\Cp\Invoice::get_by_user() must be an instance of Tigron\User, string given, called in /Volumes/htdocs/tigron-invoicing-tool/app/Main/Module/Tigron/Controller/Tigron.php on line 19	
2022-11-04 10:56:13	#0 /Volumes/htdocs/tigron-invoicing-tool/app/Main/Module/Tigron/Controller/Tigron.php(19): Tigron\Cp\Invoice::get_by_user('teamleader-dev')
#1 [internal function]: Main\Module\Tigron\Controller\Tigron->index()
#2 /Volumes/htdocs/tigron-invoicing-tool/vendor/multimedium/core/src/M/Util/Callback.php(747): call_user_func_array(Array, Array)
#3 /Volumes/htdocs/tigron-invoicing-tool/vendor/multimedium/core/src/M/Controller/Dispatcher.php(881): M\Util\Callback->run()
#4 /Volumes/htdocs/tigron-invoicing-tool/public/index.php(126): M\Controller\Dispatcher->dispatch()
#5 {main}	
2022-11-04 10:56:13	Argument 1 passed to Tigron\Cp\Invoice::get_by_user() must be an instance of Tigron\User, string given, called in /Volumes/htdocs/tigron-invoicing-tool/app/Main/Module/Tigron/Controller/Tigron.php on line 19	
2022-11-04 10:56:13	#0 /Volumes/htdocs/tigron-invoicing-tool/app/Main/Module/Tigron/Controller/Tigron.php(19): Tigron\Cp\Invoice::get_by_user('teamleader-dev')
#1 [internal function]: Main\Module\Tigron\Controller\Tigron->index()
#2 /Volumes/htdocs/tigron-invoicing-tool/vendor/multimedium/core/src/M/Util/Callback.php(747): call_user_func_array(Array, Array)
#3 /Volumes/htdocs/tigron-invoicing-tool/vendor/multimedium/core/src/M/Controller/Dispatcher.php(881): M\Util\Callback->run()
#4 /Volumes/htdocs/tigron-invoicing-tool/public/index.php(126): M\Controller\Dispatcher->dispatch()
#5 {main}	
2022-11-04 10:56:13	Destructed Console
--
	
2022-11-04 10:56:23	Constructed Console	
2022-11-04 10:56:23	Argument 1 passed to Tigron\Cp\Invoice::get_by_user() must be an instance of Tigron\User, string given, called in /Volumes/htdocs/tigron-invoicing-tool/app/Main/Module/Tigron/Controller/Tigron.php on line 19	
2022-11-04 10:56:23	#0 /Volumes/htdocs/tigron-invoicing-tool/app/Main/Module/Tigron/Controller/Tigron.php(19): Tigron\Cp\Invoice::get_by_user('teamleader-dev')
#1 [internal function]: Main\Module\Tigron\Controller\Tigron->index()
#2 /Volumes/htdocs/tigron-invoicing-tool/vendor/multimedium/core/src/M/Util/Callback.php(747): call_user_func_array(Array, Array)
#3 /Volumes/htdocs/tigron-invoicing-tool/vendor/multimedium/core/src/M/Controller/Dispatcher.php(881): M\Util\Callback->run()
#4 /Volumes/htdocs/tigron-invoicing-tool/public/index.php(126): M\Controller\Dispatcher->dispatch()
#5 {main}	
2022-11-04 10:56:23	Argument 1 passed to Tigron\Cp\Invoice::get_by_user() must be an instance of Tigron\User, string given, called in /Volumes/htdocs/tigron-invoicing-tool/app/Main/Module/Tigron/Controller/Tigron.php on line 19	
2022-11-04 10:56:23	#0 /Volumes/htdocs/tigron-invoicing-tool/app/Main/Module/Tigron/Controller/Tigron.php(19): Tigron\Cp\Invoice::get_by_user('teamleader-dev')
#1 [internal function]: Main\Module\Tigron\Controller\Tigron->index()
#2 /Volumes/htdocs/tigron-invoicing-tool/vendor/multimedium/core/src/M/Util/Callback.php(747): call_user_func_array(Array, Array)
#3 /Volumes/htdocs/tigron-invoicing-tool/vendor/multimedium/core/src/M/Controller/Dispatcher.php(881): M\Util\Callback->run()
#4 /Volumes/htdocs/tigron-invoicing-tool/public/index.php(126): M\Controller\Dispatcher->dispatch()
#5 {main}	
2022-11-04 10:56:23	Destructed Console
--
	
2022-11-04 10:56:24	Constructed Console	
2022-11-04 10:56:24	Argument 1 passed to Tigron\Cp\Invoice::get_by_user() must be an instance of Tigron\User, string given, called in /Volumes/htdocs/tigron-invoicing-tool/app/Main/Module/Tigron/Controller/Tigron.php on line 19	
2022-11-04 10:56:24	#0 /Volumes/htdocs/tigron-invoicing-tool/app/Main/Module/Tigron/Controller/Tigron.php(19): Tigron\Cp\Invoice::get_by_user('teamleader-dev')
#1 [internal function]: Main\Module\Tigron\Controller\Tigron->index()
#2 /Volumes/htdocs/tigron-invoicing-tool/vendor/multimedium/core/src/M/Util/Callback.php(747): call_user_func_array(Array, Array)
#3 /Volumes/htdocs/tigron-invoicing-tool/vendor/multimedium/core/src/M/Controller/Dispatcher.php(881): M\Util\Callback->run()
#4 /Volumes/htdocs/tigron-invoicing-tool/public/index.php(126): M\Controller\Dispatcher->dispatch()
#5 {main}	
2022-11-04 10:56:24	Argument 1 passed to Tigron\Cp\Invoice::get_by_user() must be an instance of Tigron\User, string given, called in /Volumes/htdocs/tigron-invoicing-tool/app/Main/Module/Tigron/Controller/Tigron.php on line 19	
2022-11-04 10:56:24	#0 /Volumes/htdocs/tigron-invoicing-tool/app/Main/Module/Tigron/Controller/Tigron.php(19): Tigron\Cp\Invoice::get_by_user('teamleader-dev')
#1 [internal function]: Main\Module\Tigron\Controller\Tigron->index()
#2 /Volumes/htdocs/tigron-invoicing-tool/vendor/multimedium/core/src/M/Util/Callback.php(747): call_user_func_array(Array, Array)
#3 /Volumes/htdocs/tigron-invoicing-tool/vendor/multimedium/core/src/M/Controller/Dispatcher.php(881): M\Util\Callback->run()
#4 /Volumes/htdocs/tigron-invoicing-tool/public/index.php(126): M\Controller\Dispatcher->dispatch()
#5 {main}	
2022-11-04 10:56:24	Destructed Console
--
	
2022-11-04 11:01:59	Constructed Console	
2022-11-04 11:01:59	Argument 1 passed to Tigron\Cp\Invoice::get_by_user() must be an instance of Tigron\User, string given, called in /Volumes/htdocs/tigron-invoicing-tool/app/Main/Module/Tigron/Controller/Tigron.php on line 19	
2022-11-04 11:01:59	#0 /Volumes/htdocs/tigron-invoicing-tool/app/Main/Module/Tigron/Controller/Tigron.php(19): Tigron\Cp\Invoice::get_by_user('ccmtomcoreynen')
#1 [internal function]: Main\Module\Tigron\Controller\Tigron->index()
#2 /Volumes/htdocs/tigron-invoicing-tool/vendor/multimedium/core/src/M/Util/Callback.php(747): call_user_func_array(Array, Array)
#3 /Volumes/htdocs/tigron-invoicing-tool/vendor/multimedium/core/src/M/Controller/Dispatcher.php(881): M\Util\Callback->run()
#4 /Volumes/htdocs/tigron-invoicing-tool/public/index.php(126): M\Controller\Dispatcher->dispatch()
#5 {main}	
2022-11-04 11:01:59	Argument 1 passed to Tigron\Cp\Invoice::get_by_user() must be an instance of Tigron\User, string given, called in /Volumes/htdocs/tigron-invoicing-tool/app/Main/Module/Tigron/Controller/Tigron.php on line 19	
2022-11-04 11:01:59	#0 /Volumes/htdocs/tigron-invoicing-tool/app/Main/Module/Tigron/Controller/Tigron.php(19): Tigron\Cp\Invoice::get_by_user('ccmtomcoreynen')
#1 [internal function]: Main\Module\Tigron\Controller\Tigron->index()
#2 /Volumes/htdocs/tigron-invoicing-tool/vendor/multimedium/core/src/M/Util/Callback.php(747): call_user_func_array(Array, Array)
#3 /Volumes/htdocs/tigron-invoicing-tool/vendor/multimedium/core/src/M/Controller/Dispatcher.php(881): M\Util\Callback->run()
#4 /Volumes/htdocs/tigron-invoicing-tool/public/index.php(126): M\Controller\Dispatcher->dispatch()
#5 {main}	
2022-11-04 11:01:59	Destructed Console
--
	
2022-11-04 11:02:00	Constructed Console	
2022-11-04 11:02:00	Argument 1 passed to Tigron\Cp\Invoice::get_by_user() must be an instance of Tigron\User, string given, called in /Volumes/htdocs/tigron-invoicing-tool/app/Main/Module/Tigron/Controller/Tigron.php on line 19	
2022-11-04 11:02:00	#0 /Volumes/htdocs/tigron-invoicing-tool/app/Main/Module/Tigron/Controller/Tigron.php(19): Tigron\Cp\Invoice::get_by_user('ccmtomcoreynen')
#1 [internal function]: Main\Module\Tigron\Controller\Tigron->index()
#2 /Volumes/htdocs/tigron-invoicing-tool/vendor/multimedium/core/src/M/Util/Callback.php(747): call_user_func_array(Array, Array)
#3 /Volumes/htdocs/tigron-invoicing-tool/vendor/multimedium/core/src/M/Controller/Dispatcher.php(881): M\Util\Callback->run()
#4 /Volumes/htdocs/tigron-invoicing-tool/public/index.php(126): M\Controller\Dispatcher->dispatch()
#5 {main}	
2022-11-04 11:02:00	Argument 1 passed to Tigron\Cp\Invoice::get_by_user() must be an instance of Tigron\User, string given, called in /Volumes/htdocs/tigron-invoicing-tool/app/Main/Module/Tigron/Controller/Tigron.php on line 19	
2022-11-04 11:02:00	#0 /Volumes/htdocs/tigron-invoicing-tool/app/Main/Module/Tigron/Controller/Tigron.php(19): Tigron\Cp\Invoice::get_by_user('ccmtomcoreynen')
#1 [internal function]: Main\Module\Tigron\Controller\Tigron->index()
#2 /Volumes/htdocs/tigron-invoicing-tool/vendor/multimedium/core/src/M/Util/Callback.php(747): call_user_func_array(Array, Array)
#3 /Volumes/htdocs/tigron-invoicing-tool/vendor/multimedium/core/src/M/Controller/Dispatcher.php(881): M\Util\Callback->run()
#4 /Volumes/htdocs/tigron-invoicing-tool/public/index.php(126): M\Controller\Dispatcher->dispatch()
#5 {main}	
2022-11-04 11:02:00	Destructed Console
--
	
2022-11-04 11:02:01	Constructed Console	
2022-11-04 11:02:01	Argument 1 passed to Tigron\Cp\Invoice::get_by_user() must be an instance of Tigron\User, string given, called in /Volumes/htdocs/tigron-invoicing-tool/app/Main/Module/Tigron/Controller/Tigron.php on line 19	
2022-11-04 11:02:01	#0 /Volumes/htdocs/tigron-invoicing-tool/app/Main/Module/Tigron/Controller/Tigron.php(19): Tigron\Cp\Invoice::get_by_user('ccmtomcoreynen')
#1 [internal function]: Main\Module\Tigron\Controller\Tigron->index()
#2 /Volumes/htdocs/tigron-invoicing-tool/vendor/multimedium/core/src/M/Util/Callback.php(747): call_user_func_array(Array, Array)
#3 /Volumes/htdocs/tigron-invoicing-tool/vendor/multimedium/core/src/M/Controller/Dispatcher.php(881): M\Util\Callback->run()
#4 /Volumes/htdocs/tigron-invoicing-tool/public/index.php(126): M\Controller\Dispatcher->dispatch()
#5 {main}	
2022-11-04 11:02:01	Argument 1 passed to Tigron\Cp\Invoice::get_by_user() must be an instance of Tigron\User, string given, called in /Volumes/htdocs/tigron-invoicing-tool/app/Main/Module/Tigron/Controller/Tigron.php on line 19	
2022-11-04 11:02:01	#0 /Volumes/htdocs/tigron-invoicing-tool/app/Main/Module/Tigron/Controller/Tigron.php(19): Tigron\Cp\Invoice::get_by_user('ccmtomcoreynen')
#1 [internal function]: Main\Module\Tigron\Controller\Tigron->index()
#2 /Volumes/htdocs/tigron-invoicing-tool/vendor/multimedium/core/src/M/Util/Callback.php(747): call_user_func_array(Array, Array)
#3 /Volumes/htdocs/tigron-invoicing-tool/vendor/multimedium/core/src/M/Controller/Dispatcher.php(881): M\Util\Callback->run()
#4 /Volumes/htdocs/tigron-invoicing-tool/public/index.php(126): M\Controller\Dispatcher->dispatch()
#5 {main}	
2022-11-04 11:02:01	Destructed Console
--
	
2022-11-04 11:05:15	Constructed Console	
2022-11-04 11:05:15	Argument 1 passed to Tigron\Cp\Invoice::get_by_user() must be an instance of Tigron\User, int given, called in /Volumes/htdocs/tigron-invoicing-tool/app/Main/Module/Tigron/Controller/Tigron.php on line 19	
2022-11-04 11:05:15	#0 /Volumes/htdocs/tigron-invoicing-tool/app/Main/Module/Tigron/Controller/Tigron.php(19): Tigron\Cp\Invoice::get_by_user(0)
#1 [internal function]: Main\Module\Tigron\Controller\Tigron->index()
#2 /Volumes/htdocs/tigron-invoicing-tool/vendor/multimedium/core/src/M/Util/Callback.php(747): call_user_func_array(Array, Array)
#3 /Volumes/htdocs/tigron-invoicing-tool/vendor/multimedium/core/src/M/Controller/Dispatcher.php(881): M\Util\Callback->run()
#4 /Volumes/htdocs/tigron-invoicing-tool/public/index.php(126): M\Controller\Dispatcher->dispatch()
#5 {main}	
2022-11-04 11:05:15	Argument 1 passed to Tigron\Cp\Invoice::get_by_user() must be an instance of Tigron\User, int given, called in /Volumes/htdocs/tigron-invoicing-tool/app/Main/Module/Tigron/Controller/Tigron.php on line 19	
2022-11-04 11:05:15	#0 /Volumes/htdocs/tigron-invoicing-tool/app/Main/Module/Tigron/Controller/Tigron.php(19): Tigron\Cp\Invoice::get_by_user(0)
#1 [internal function]: Main\Module\Tigron\Controller\Tigron->index()
#2 /Volumes/htdocs/tigron-invoicing-tool/vendor/multimedium/core/src/M/Util/Callback.php(747): call_user_func_array(Array, Array)
#3 /Volumes/htdocs/tigron-invoicing-tool/vendor/multimedium/core/src/M/Controller/Dispatcher.php(881): M\Util\Callback->run()
#4 /Volumes/htdocs/tigron-invoicing-tool/public/index.php(126): M\Controller\Dispatcher->dispatch()
#5 {main}	
2022-11-04 11:05:15	Destructed Console
--
	
2022-11-04 11:06:04	Constructed Console	
2022-11-04 11:06:04	Argument 1 passed to Tigron\Cp\Invoice::get_by_user() must be an instance of Tigron\User, int given, called in /Volumes/htdocs/tigron-invoicing-tool/app/Main/Module/Tigron/Controller/Tigron.php on line 20	
2022-11-04 11:06:04	#0 /Volumes/htdocs/tigron-invoicing-tool/app/Main/Module/Tigron/Controller/Tigron.php(20): Tigron\Cp\Invoice::get_by_user(0)
#1 [internal function]: Main\Module\Tigron\Controller\Tigron->index()
#2 /Volumes/htdocs/tigron-invoicing-tool/vendor/multimedium/core/src/M/Util/Callback.php(747): call_user_func_array(Array, Array)
#3 /Volumes/htdocs/tigron-invoicing-tool/vendor/multimedium/core/src/M/Controller/Dispatcher.php(881): M\Util\Callback->run()
#4 /Volumes/htdocs/tigron-invoicing-tool/public/index.php(126): M\Controller\Dispatcher->dispatch()
#5 {main}	
2022-11-04 11:06:04	Argument 1 passed to Tigron\Cp\Invoice::get_by_user() must be an instance of Tigron\User, int given, called in /Volumes/htdocs/tigron-invoicing-tool/app/Main/Module/Tigron/Controller/Tigron.php on line 20	
2022-11-04 11:06:04	#0 /Volumes/htdocs/tigron-invoicing-tool/app/Main/Module/Tigron/Controller/Tigron.php(20): Tigron\Cp\Invoice::get_by_user(0)
#1 [internal function]: Main\Module\Tigron\Controller\Tigron->index()
#2 /Volumes/htdocs/tigron-invoicing-tool/vendor/multimedium/core/src/M/Util/Callback.php(747): call_user_func_array(Array, Array)
#3 /Volumes/htdocs/tigron-invoicing-tool/vendor/multimedium/core/src/M/Controller/Dispatcher.php(881): M\Util\Callback->run()
#4 /Volumes/htdocs/tigron-invoicing-tool/public/index.php(126): M\Controller\Dispatcher->dispatch()
#5 {main}	
2022-11-04 11:06:04	Destructed Console
--
	
2022-11-04 11:06:05	Constructed Console	
2022-11-04 11:06:05	Argument 1 passed to Tigron\Cp\Invoice::get_by_user() must be an instance of Tigron\User, int given, called in /Volumes/htdocs/tigron-invoicing-tool/app/Main/Module/Tigron/Controller/Tigron.php on line 20	
2022-11-04 11:06:05	#0 /Volumes/htdocs/tigron-invoicing-tool/app/Main/Module/Tigron/Controller/Tigron.php(20): Tigron\Cp\Invoice::get_by_user(0)
#1 [internal function]: Main\Module\Tigron\Controller\Tigron->index()
#2 /Volumes/htdocs/tigron-invoicing-tool/vendor/multimedium/core/src/M/Util/Callback.php(747): call_user_func_array(Array, Array)
#3 /Volumes/htdocs/tigron-invoicing-tool/vendor/multimedium/core/src/M/Controller/Dispatcher.php(881): M\Util\Callback->run()
#4 /Volumes/htdocs/tigron-invoicing-tool/public/index.php(126): M\Controller\Dispatcher->dispatch()
#5 {main}	
2022-11-04 11:06:05	Argument 1 passed to Tigron\Cp\Invoice::get_by_user() must be an instance of Tigron\User, int given, called in /Volumes/htdocs/tigron-invoicing-tool/app/Main/Module/Tigron/Controller/Tigron.php on line 20	
2022-11-04 11:06:05	#0 /Volumes/htdocs/tigron-invoicing-tool/app/Main/Module/Tigron/Controller/Tigron.php(20): Tigron\Cp\Invoice::get_by_user(0)
#1 [internal function]: Main\Module\Tigron\Controller\Tigron->index()
#2 /Volumes/htdocs/tigron-invoicing-tool/vendor/multimedium/core/src/M/Util/Callback.php(747): call_user_func_array(Array, Array)
#3 /Volumes/htdocs/tigron-invoicing-tool/vendor/multimedium/core/src/M/Controller/Dispatcher.php(881): M\Util\Callback->run()
#4 /Volumes/htdocs/tigron-invoicing-tool/public/index.php(126): M\Controller\Dispatcher->dispatch()
#5 {main}	
2022-11-04 11:06:05	Destructed Console
--
	
2022-11-04 11:06:21	Constructed Console	
2022-11-04 11:06:21	Argument 1 passed to Tigron\Cp\Invoice::get_by_user() must be an instance of Tigron\User, int given, called in /Volumes/htdocs/tigron-invoicing-tool/app/Main/Module/Tigron/Controller/Tigron.php on line 20	
2022-11-04 11:06:21	#0 /Volumes/htdocs/tigron-invoicing-tool/app/Main/Module/Tigron/Controller/Tigron.php(20): Tigron\Cp\Invoice::get_by_user(0)
#1 [internal function]: Main\Module\Tigron\Controller\Tigron->index()
#2 /Volumes/htdocs/tigron-invoicing-tool/vendor/multimedium/core/src/M/Util/Callback.php(747): call_user_func_array(Array, Array)
#3 /Volumes/htdocs/tigron-invoicing-tool/vendor/multimedium/core/src/M/Controller/Dispatcher.php(881): M\Util\Callback->run()
#4 /Volumes/htdocs/tigron-invoicing-tool/public/index.php(126): M\Controller\Dispatcher->dispatch()
#5 {main}	
2022-11-04 11:06:21	Argument 1 passed to Tigron\Cp\Invoice::get_by_user() must be an instance of Tigron\User, int given, called in /Volumes/htdocs/tigron-invoicing-tool/app/Main/Module/Tigron/Controller/Tigron.php on line 20	
2022-11-04 11:06:21	#0 /Volumes/htdocs/tigron-invoicing-tool/app/Main/Module/Tigron/Controller/Tigron.php(20): Tigron\Cp\Invoice::get_by_user(0)
#1 [internal function]: Main\Module\Tigron\Controller\Tigron->index()
#2 /Volumes/htdocs/tigron-invoicing-tool/vendor/multimedium/core/src/M/Util/Callback.php(747): call_user_func_array(Array, Array)
#3 /Volumes/htdocs/tigron-invoicing-tool/vendor/multimedium/core/src/M/Controller/Dispatcher.php(881): M\Util\Callback->run()
#4 /Volumes/htdocs/tigron-invoicing-tool/public/index.php(126): M\Controller\Dispatcher->dispatch()
#5 {main}	
2022-11-04 11:06:21	Destructed Console
--
	
2022-11-04 11:08:37	Constructed Console	
2022-11-04 11:08:37	Argument 1 passed to Tigron\Cp\Invoice::get_by_user() must be an instance of Tigron\User, int given, called in /Volumes/htdocs/tigron-invoicing-tool/app/Main/Module/Tigron/Controller/Tigron.php on line 20	
2022-11-04 11:08:37	#0 /Volumes/htdocs/tigron-invoicing-tool/app/Main/Module/Tigron/Controller/Tigron.php(20): Tigron\Cp\Invoice::get_by_user(0)
#1 [internal function]: Main\Module\Tigron\Controller\Tigron->index()
#2 /Volumes/htdocs/tigron-invoicing-tool/vendor/multimedium/core/src/M/Util/Callback.php(747): call_user_func_array(Array, Array)
#3 /Volumes/htdocs/tigron-invoicing-tool/vendor/multimedium/core/src/M/Controller/Dispatcher.php(881): M\Util\Callback->run()
#4 /Volumes/htdocs/tigron-invoicing-tool/public/index.php(126): M\Controller\Dispatcher->dispatch()
#5 {main}	
2022-11-04 11:08:37	Argument 1 passed to Tigron\Cp\Invoice::get_by_user() must be an instance of Tigron\User, int given, called in /Volumes/htdocs/tigron-invoicing-tool/app/Main/Module/Tigron/Controller/Tigron.php on line 20	
2022-11-04 11:08:37	#0 /Volumes/htdocs/tigron-invoicing-tool/app/Main/Module/Tigron/Controller/Tigron.php(20): Tigron\Cp\Invoice::get_by_user(0)
#1 [internal function]: Main\Module\Tigron\Controller\Tigron->index()
#2 /Volumes/htdocs/tigron-invoicing-tool/vendor/multimedium/core/src/M/Util/Callback.php(747): call_user_func_array(Array, Array)
#3 /Volumes/htdocs/tigron-invoicing-tool/vendor/multimedium/core/src/M/Controller/Dispatcher.php(881): M\Util\Callback->run()
#4 /Volumes/htdocs/tigron-invoicing-tool/public/index.php(126): M\Controller\Dispatcher->dispatch()
#5 {main}	
2022-11-04 11:08:37	Destructed Console
--
	
2022-11-04 11:09:54	Constructed Console	
2022-11-04 11:09:54	Argument 1 passed to Tigron\Cp\Invoice::get_by_user() must be an instance of Tigron\User, int given, called in /Volumes/htdocs/tigron-invoicing-tool/app/Main/Module/Tigron/Controller/Tigron.php on line 20	
2022-11-04 11:09:54	#0 /Volumes/htdocs/tigron-invoicing-tool/app/Main/Module/Tigron/Controller/Tigron.php(20): Tigron\Cp\Invoice::get_by_user(0)
#1 [internal function]: Main\Module\Tigron\Controller\Tigron->index()
#2 /Volumes/htdocs/tigron-invoicing-tool/vendor/multimedium/core/src/M/Util/Callback.php(747): call_user_func_array(Array, Array)
#3 /Volumes/htdocs/tigron-invoicing-tool/vendor/multimedium/core/src/M/Controller/Dispatcher.php(881): M\Util\Callback->run()
#4 /Volumes/htdocs/tigron-invoicing-tool/public/index.php(126): M\Controller\Dispatcher->dispatch()
#5 {main}	
2022-11-04 11:09:54	Argument 1 passed to Tigron\Cp\Invoice::get_by_user() must be an instance of Tigron\User, int given, called in /Volumes/htdocs/tigron-invoicing-tool/app/Main/Module/Tigron/Controller/Tigron.php on line 20	
2022-11-04 11:09:54	#0 /Volumes/htdocs/tigron-invoicing-tool/app/Main/Module/Tigron/Controller/Tigron.php(20): Tigron\Cp\Invoice::get_by_user(0)
#1 [internal function]: Main\Module\Tigron\Controller\Tigron->index()
#2 /Volumes/htdocs/tigron-invoicing-tool/vendor/multimedium/core/src/M/Util/Callback.php(747): call_user_func_array(Array, Array)
#3 /Volumes/htdocs/tigron-invoicing-tool/vendor/multimedium/core/src/M/Controller/Dispatcher.php(881): M\Util\Callback->run()
#4 /Volumes/htdocs/tigron-invoicing-tool/public/index.php(126): M\Controller\Dispatcher->dispatch()
#5 {main}	
2022-11-04 11:09:54	Destructed Console
--
	
2022-11-04 11:09:55	Constructed Console	
2022-11-04 11:09:55	Argument 1 passed to Tigron\Cp\Invoice::get_by_user() must be an instance of Tigron\User, int given, called in /Volumes/htdocs/tigron-invoicing-tool/app/Main/Module/Tigron/Controller/Tigron.php on line 20	
2022-11-04 11:09:55	#0 /Volumes/htdocs/tigron-invoicing-tool/app/Main/Module/Tigron/Controller/Tigron.php(20): Tigron\Cp\Invoice::get_by_user(0)
#1 [internal function]: Main\Module\Tigron\Controller\Tigron->index()
#2 /Volumes/htdocs/tigron-invoicing-tool/vendor/multimedium/core/src/M/Util/Callback.php(747): call_user_func_array(Array, Array)
#3 /Volumes/htdocs/tigron-invoicing-tool/vendor/multimedium/core/src/M/Controller/Dispatcher.php(881): M\Util\Callback->run()
#4 /Volumes/htdocs/tigron-invoicing-tool/public/index.php(126): M\Controller\Dispatcher->dispatch()
#5 {main}	
2022-11-04 11:09:55	Argument 1 passed to Tigron\Cp\Invoice::get_by_user() must be an instance of Tigron\User, int given, called in /Volumes/htdocs/tigron-invoicing-tool/app/Main/Module/Tigron/Controller/Tigron.php on line 20	
2022-11-04 11:09:55	#0 /Volumes/htdocs/tigron-invoicing-tool/app/Main/Module/Tigron/Controller/Tigron.php(20): Tigron\Cp\Invoice::get_by_user(0)
#1 [internal function]: Main\Module\Tigron\Controller\Tigron->index()
#2 /Volumes/htdocs/tigron-invoicing-tool/vendor/multimedium/core/src/M/Util/Callback.php(747): call_user_func_array(Array, Array)
#3 /Volumes/htdocs/tigron-invoicing-tool/vendor/multimedium/core/src/M/Controller/Dispatcher.php(881): M\Util\Callback->run()
#4 /Volumes/htdocs/tigron-invoicing-tool/public/index.php(126): M\Controller\Dispatcher->dispatch()
#5 {main}	
2022-11-04 11:09:55	Destructed Console
--
	
2022-11-04 11:11:13	Constructed Console	
2022-11-04 11:11:13	Argument 1 passed to Tigron\Cp\Invoice::get_by_user() must be an instance of Tigron\User, int given, called in /Volumes/htdocs/tigron-invoicing-tool/app/Main/Module/Tigron/Controller/Tigron.php on line 20	
2022-11-04 11:11:13	#0 /Volumes/htdocs/tigron-invoicing-tool/app/Main/Module/Tigron/Controller/Tigron.php(20): Tigron\Cp\Invoice::get_by_user(0, Object(Tigron\Cp\User))
#1 [internal function]: Main\Module\Tigron\Controller\Tigron->index()
#2 /Volumes/htdocs/tigron-invoicing-tool/vendor/multimedium/core/src/M/Util/Callback.php(747): call_user_func_array(Array, Array)
#3 /Volumes/htdocs/tigron-invoicing-tool/vendor/multimedium/core/src/M/Controller/Dispatcher.php(881): M\Util\Callback->run()
#4 /Volumes/htdocs/tigron-invoicing-tool/public/index.php(126): M\Controller\Dispatcher->dispatch()
#5 {main}	
2022-11-04 11:11:13	Argument 1 passed to Tigron\Cp\Invoice::get_by_user() must be an instance of Tigron\User, int given, called in /Volumes/htdocs/tigron-invoicing-tool/app/Main/Module/Tigron/Controller/Tigron.php on line 20	
2022-11-04 11:11:13	#0 /Volumes/htdocs/tigron-invoicing-tool/app/Main/Module/Tigron/Controller/Tigron.php(20): Tigron\Cp\Invoice::get_by_user(0, Object(Tigron\Cp\User))
#1 [internal function]: Main\Module\Tigron\Controller\Tigron->index()
#2 /Volumes/htdocs/tigron-invoicing-tool/vendor/multimedium/core/src/M/Util/Callback.php(747): call_user_func_array(Array, Array)
#3 /Volumes/htdocs/tigron-invoicing-tool/vendor/multimedium/core/src/M/Controller/Dispatcher.php(881): M\Util\Callback->run()
#4 /Volumes/htdocs/tigron-invoicing-tool/public/index.php(126): M\Controller\Dispatcher->dispatch()
#5 {main}	
2022-11-04 11:11:13	Destructed Console
--
	
2022-11-04 11:11:14	Constructed Console	
2022-11-04 11:11:14	Argument 1 passed to Tigron\Cp\Invoice::get_by_user() must be an instance of Tigron\User, int given, called in /Volumes/htdocs/tigron-invoicing-tool/app/Main/Module/Tigron/Controller/Tigron.php on line 20	
2022-11-04 11:11:14	#0 /Volumes/htdocs/tigron-invoicing-tool/app/Main/Module/Tigron/Controller/Tigron.php(20): Tigron\Cp\Invoice::get_by_user(0, Object(Tigron\Cp\User))
#1 [internal function]: Main\Module\Tigron\Controller\Tigron->index()
#2 /Volumes/htdocs/tigron-invoicing-tool/vendor/multimedium/core/src/M/Util/Callback.php(747): call_user_func_array(Array, Array)
#3 /Volumes/htdocs/tigron-invoicing-tool/vendor/multimedium/core/src/M/Controller/Dispatcher.php(881): M\Util\Callback->run()
#4 /Volumes/htdocs/tigron-invoicing-tool/public/index.php(126): M\Controller\Dispatcher->dispatch()
#5 {main}	
2022-11-04 11:11:14	Argument 1 passed to Tigron\Cp\Invoice::get_by_user() must be an instance of Tigron\User, int given, called in /Volumes/htdocs/tigron-invoicing-tool/app/Main/Module/Tigron/Controller/Tigron.php on line 20	
2022-11-04 11:11:14	#0 /Volumes/htdocs/tigron-invoicing-tool/app/Main/Module/Tigron/Controller/Tigron.php(20): Tigron\Cp\Invoice::get_by_user(0, Object(Tigron\Cp\User))
#1 [internal function]: Main\Module\Tigron\Controller\Tigron->index()
#2 /Volumes/htdocs/tigron-invoicing-tool/vendor/multimedium/core/src/M/Util/Callback.php(747): call_user_func_array(Array, Array)
#3 /Volumes/htdocs/tigron-invoicing-tool/vendor/multimedium/core/src/M/Controller/Dispatcher.php(881): M\Util\Callback->run()
#4 /Volumes/htdocs/tigron-invoicing-tool/public/index.php(126): M\Controller\Dispatcher->dispatch()
#5 {main}	
2022-11-04 11:11:14	Destructed Console
--
	
2022-11-04 11:11:38	Constructed Console	
2022-11-04 11:11:38	Argument 1 passed to Tigron\Cp\Invoice::get_by_user() must be an instance of Tigron\User, string given, called in /Volumes/htdocs/tigron-invoicing-tool/app/Main/Module/Tigron/Controller/Tigron.php on line 20	
2022-11-04 11:11:38	#0 /Volumes/htdocs/tigron-invoicing-tool/app/Main/Module/Tigron/Controller/Tigron.php(20): Tigron\Cp\Invoice::get_by_user('cosmo', Object(Tigron\Cp\User))
#1 [internal function]: Main\Module\Tigron\Controller\Tigron->index()
#2 /Volumes/htdocs/tigron-invoicing-tool/vendor/multimedium/core/src/M/Util/Callback.php(747): call_user_func_array(Array, Array)
#3 /Volumes/htdocs/tigron-invoicing-tool/vendor/multimedium/core/src/M/Controller/Dispatcher.php(881): M\Util\Callback->run()
#4 /Volumes/htdocs/tigron-invoicing-tool/public/index.php(126): M\Controller\Dispatcher->dispatch()
#5 {main}	
2022-11-04 11:11:38	Argument 1 passed to Tigron\Cp\Invoice::get_by_user() must be an instance of Tigron\User, string given, called in /Volumes/htdocs/tigron-invoicing-tool/app/Main/Module/Tigron/Controller/Tigron.php on line 20	
2022-11-04 11:11:38	#0 /Volumes/htdocs/tigron-invoicing-tool/app/Main/Module/Tigron/Controller/Tigron.php(20): Tigron\Cp\Invoice::get_by_user('cosmo', Object(Tigron\Cp\User))
#1 [internal function]: Main\Module\Tigron\Controller\Tigron->index()
#2 /Volumes/htdocs/tigron-invoicing-tool/vendor/multimedium/core/src/M/Util/Callback.php(747): call_user_func_array(Array, Array)
#3 /Volumes/htdocs/tigron-invoicing-tool/vendor/multimedium/core/src/M/Controller/Dispatcher.php(881): M\Util\Callback->run()
#4 /Volumes/htdocs/tigron-invoicing-tool/public/index.php(126): M\Controller\Dispatcher->dispatch()
#5 {main}	
2022-11-04 11:11:38	Destructed Console
--
	
2022-11-04 11:11:48	Constructed Console	
2022-11-04 11:11:48	Argument 1 passed to Tigron\Cp\Invoice::get_by_user() must be an instance of Tigron\User, string given, called in /Volumes/htdocs/tigron-invoicing-tool/app/Main/Module/Tigron/Controller/Tigron.php on line 20	
2022-11-04 11:11:48	#0 /Volumes/htdocs/tigron-invoicing-tool/app/Main/Module/Tigron/Controller/Tigron.php(20): Tigron\Cp\Invoice::get_by_user('cosmo', Object(Tigron\Cp\User))
#1 [internal function]: Main\Module\Tigron\Controller\Tigron->index()
#2 /Volumes/htdocs/tigron-invoicing-tool/vendor/multimedium/core/src/M/Util/Callback.php(747): call_user_func_array(Array, Array)
#3 /Volumes/htdocs/tigron-invoicing-tool/vendor/multimedium/core/src/M/Controller/Dispatcher.php(881): M\Util\Callback->run()
#4 /Volumes/htdocs/tigron-invoicing-tool/public/index.php(126): M\Controller\Dispatcher->dispatch()
#5 {main}	
2022-11-04 11:11:48	Argument 1 passed to Tigron\Cp\Invoice::get_by_user() must be an instance of Tigron\User, string given, called in /Volumes/htdocs/tigron-invoicing-tool/app/Main/Module/Tigron/Controller/Tigron.php on line 20	
2022-11-04 11:11:48	#0 /Volumes/htdocs/tigron-invoicing-tool/app/Main/Module/Tigron/Controller/Tigron.php(20): Tigron\Cp\Invoice::get_by_user('cosmo', Object(Tigron\Cp\User))
#1 [internal function]: Main\Module\Tigron\Controller\Tigron->index()
#2 /Volumes/htdocs/tigron-invoicing-tool/vendor/multimedium/core/src/M/Util/Callback.php(747): call_user_func_array(Array, Array)
#3 /Volumes/htdocs/tigron-invoicing-tool/vendor/multimedium/core/src/M/Controller/Dispatcher.php(881): M\Util\Callback->run()
#4 /Volumes/htdocs/tigron-invoicing-tool/public/index.php(126): M\Controller\Dispatcher->dispatch()
#5 {main}	
2022-11-04 11:11:48	Destructed Console
--
	
2022-11-04 11:11:49	Constructed Console	
2022-11-04 11:11:49	Argument 1 passed to Tigron\Cp\Invoice::get_by_user() must be an instance of Tigron\User, string given, called in /Volumes/htdocs/tigron-invoicing-tool/app/Main/Module/Tigron/Controller/Tigron.php on line 20	
2022-11-04 11:11:49	#0 /Volumes/htdocs/tigron-invoicing-tool/app/Main/Module/Tigron/Controller/Tigron.php(20): Tigron\Cp\Invoice::get_by_user('cosmo', Object(Tigron\Cp\User))
#1 [internal function]: Main\Module\Tigron\Controller\Tigron->index()
#2 /Volumes/htdocs/tigron-invoicing-tool/vendor/multimedium/core/src/M/Util/Callback.php(747): call_user_func_array(Array, Array)
#3 /Volumes/htdocs/tigron-invoicing-tool/vendor/multimedium/core/src/M/Controller/Dispatcher.php(881): M\Util\Callback->run()
#4 /Volumes/htdocs/tigron-invoicing-tool/public/index.php(126): M\Controller\Dispatcher->dispatch()
#5 {main}	
2022-11-04 11:11:49	Argument 1 passed to Tigron\Cp\Invoice::get_by_user() must be an instance of Tigron\User, string given, called in /Volumes/htdocs/tigron-invoicing-tool/app/Main/Module/Tigron/Controller/Tigron.php on line 20	
2022-11-04 11:11:49	#0 /Volumes/htdocs/tigron-invoicing-tool/app/Main/Module/Tigron/Controller/Tigron.php(20): Tigron\Cp\Invoice::get_by_user('cosmo', Object(Tigron\Cp\User))
#1 [internal function]: Main\Module\Tigron\Controller\Tigron->index()
#2 /Volumes/htdocs/tigron-invoicing-tool/vendor/multimedium/core/src/M/Util/Callback.php(747): call_user_func_array(Array, Array)
#3 /Volumes/htdocs/tigron-invoicing-tool/vendor/multimedium/core/src/M/Controller/Dispatcher.php(881): M\Util\Callback->run()
#4 /Volumes/htdocs/tigron-invoicing-tool/public/index.php(126): M\Controller\Dispatcher->dispatch()
#5 {main}	
2022-11-04 11:11:49	Destructed Console
--
	
2022-11-04 11:11:50	Constructed Console	
2022-11-04 11:11:50	Argument 1 passed to Tigron\Cp\Invoice::get_by_user() must be an instance of Tigron\User, string given, called in /Volumes/htdocs/tigron-invoicing-tool/app/Main/Module/Tigron/Controller/Tigron.php on line 20	
2022-11-04 11:11:50	#0 /Volumes/htdocs/tigron-invoicing-tool/app/Main/Module/Tigron/Controller/Tigron.php(20): Tigron\Cp\Invoice::get_by_user('cosmo', Object(Tigron\Cp\User))
#1 [internal function]: Main\Module\Tigron\Controller\Tigron->index()
#2 /Volumes/htdocs/tigron-invoicing-tool/vendor/multimedium/core/src/M/Util/Callback.php(747): call_user_func_array(Array, Array)
#3 /Volumes/htdocs/tigron-invoicing-tool/vendor/multimedium/core/src/M/Controller/Dispatcher.php(881): M\Util\Callback->run()
#4 /Volumes/htdocs/tigron-invoicing-tool/public/index.php(126): M\Controller\Dispatcher->dispatch()
#5 {main}	
2022-11-04 11:11:50	Argument 1 passed to Tigron\Cp\Invoice::get_by_user() must be an instance of Tigron\User, string given, called in /Volumes/htdocs/tigron-invoicing-tool/app/Main/Module/Tigron/Controller/Tigron.php on line 20	
2022-11-04 11:11:50	#0 /Volumes/htdocs/tigron-invoicing-tool/app/Main/Module/Tigron/Controller/Tigron.php(20): Tigron\Cp\Invoice::get_by_user('cosmo', Object(Tigron\Cp\User))
#1 [internal function]: Main\Module\Tigron\Controller\Tigron->index()
#2 /Volumes/htdocs/tigron-invoicing-tool/vendor/multimedium/core/src/M/Util/Callback.php(747): call_user_func_array(Array, Array)
#3 /Volumes/htdocs/tigron-invoicing-tool/vendor/multimedium/core/src/M/Controller/Dispatcher.php(881): M\Util\Callback->run()
#4 /Volumes/htdocs/tigron-invoicing-tool/public/index.php(126): M\Controller\Dispatcher->dispatch()
#5 {main}	
2022-11-04 11:11:50	Destructed Console
--
	
2022-11-04 11:15:23	Constructed Console	
2022-11-04 11:15:23	Argument 1 passed to Tigron\Cp\Invoice::get_by_user() must be an instance of Tigron\User, int given, called in /Volumes/htdocs/tigron-invoicing-tool/app/Main/Module/Tigron/Controller/Tigron.php on line 20	
2022-11-04 11:15:23	#0 /Volumes/htdocs/tigron-invoicing-tool/app/Main/Module/Tigron/Controller/Tigron.php(20): Tigron\Cp\Invoice::get_by_user(0)
#1 [internal function]: Main\Module\Tigron\Controller\Tigron->index()
#2 /Volumes/htdocs/tigron-invoicing-tool/vendor/multimedium/core/src/M/Util/Callback.php(747): call_user_func_array(Array, Array)
#3 /Volumes/htdocs/tigron-invoicing-tool/vendor/multimedium/core/src/M/Controller/Dispatcher.php(881): M\Util\Callback->run()
#4 /Volumes/htdocs/tigron-invoicing-tool/public/index.php(126): M\Controller\Dispatcher->dispatch()
#5 {main}	
2022-11-04 11:15:23	Argument 1 passed to Tigron\Cp\Invoice::get_by_user() must be an instance of Tigron\User, int given, called in /Volumes/htdocs/tigron-invoicing-tool/app/Main/Module/Tigron/Controller/Tigron.php on line 20	
2022-11-04 11:15:23	#0 /Volumes/htdocs/tigron-invoicing-tool/app/Main/Module/Tigron/Controller/Tigron.php(20): Tigron\Cp\Invoice::get_by_user(0)
#1 [internal function]: Main\Module\Tigron\Controller\Tigron->index()
#2 /Volumes/htdocs/tigron-invoicing-tool/vendor/multimedium/core/src/M/Util/Callback.php(747): call_user_func_array(Array, Array)
#3 /Volumes/htdocs/tigron-invoicing-tool/vendor/multimedium/core/src/M/Controller/Dispatcher.php(881): M\Util\Callback->run()
#4 /Volumes/htdocs/tigron-invoicing-tool/public/index.php(126): M\Controller\Dispatcher->dispatch()
#5 {main}	
2022-11-04 11:15:23	Destructed Console
--
	
2022-11-04 11:15:38	Constructed Console	
2022-11-04 11:15:38	Argument 1 passed to Tigron\Cp\Invoice::get_by_user() must be an instance of Tigron\User, int given, called in /Volumes/htdocs/tigron-invoicing-tool/app/Main/Module/Tigron/Controller/Tigron.php on line 20	
2022-11-04 11:15:38	#0 /Volumes/htdocs/tigron-invoicing-tool/app/Main/Module/Tigron/Controller/Tigron.php(20): Tigron\Cp\Invoice::get_by_user(0)
#1 [internal function]: Main\Module\Tigron\Controller\Tigron->index()
#2 /Volumes/htdocs/tigron-invoicing-tool/vendor/multimedium/core/src/M/Util/Callback.php(747): call_user_func_array(Array, Array)
#3 /Volumes/htdocs/tigron-invoicing-tool/vendor/multimedium/core/src/M/Controller/Dispatcher.php(881): M\Util\Callback->run()
#4 /Volumes/htdocs/tigron-invoicing-tool/public/index.php(126): M\Controller\Dispatcher->dispatch()
#5 {main}	
2022-11-04 11:15:38	Argument 1 passed to Tigron\Cp\Invoice::get_by_user() must be an instance of Tigron\User, int given, called in /Volumes/htdocs/tigron-invoicing-tool/app/Main/Module/Tigron/Controller/Tigron.php on line 20	
2022-11-04 11:15:38	#0 /Volumes/htdocs/tigron-invoicing-tool/app/Main/Module/Tigron/Controller/Tigron.php(20): Tigron\Cp\Invoice::get_by_user(0)
#1 [internal function]: Main\Module\Tigron\Controller\Tigron->index()
#2 /Volumes/htdocs/tigron-invoicing-tool/vendor/multimedium/core/src/M/Util/Callback.php(747): call_user_func_array(Array, Array)
#3 /Volumes/htdocs/tigron-invoicing-tool/vendor/multimedium/core/src/M/Controller/Dispatcher.php(881): M\Util\Callback->run()
#4 /Volumes/htdocs/tigron-invoicing-tool/public/index.php(126): M\Controller\Dispatcher->dispatch()
#5 {main}	
2022-11-04 11:15:38	Destructed Console
--
	
2022-11-04 11:15:39	Constructed Console	
2022-11-04 11:15:39	Argument 1 passed to Tigron\Cp\Invoice::get_by_user() must be an instance of Tigron\User, int given, called in /Volumes/htdocs/tigron-invoicing-tool/app/Main/Module/Tigron/Controller/Tigron.php on line 20	
2022-11-04 11:15:39	#0 /Volumes/htdocs/tigron-invoicing-tool/app/Main/Module/Tigron/Controller/Tigron.php(20): Tigron\Cp\Invoice::get_by_user(0)
#1 [internal function]: Main\Module\Tigron\Controller\Tigron->index()
#2 /Volumes/htdocs/tigron-invoicing-tool/vendor/multimedium/core/src/M/Util/Callback.php(747): call_user_func_array(Array, Array)
#3 /Volumes/htdocs/tigron-invoicing-tool/vendor/multimedium/core/src/M/Controller/Dispatcher.php(881): M\Util\Callback->run()
#4 /Volumes/htdocs/tigron-invoicing-tool/public/index.php(126): M\Controller\Dispatcher->dispatch()
#5 {main}	
2022-11-04 11:15:39	Argument 1 passed to Tigron\Cp\Invoice::get_by_user() must be an instance of Tigron\User, int given, called in /Volumes/htdocs/tigron-invoicing-tool/app/Main/Module/Tigron/Controller/Tigron.php on line 20	
2022-11-04 11:15:39	#0 /Volumes/htdocs/tigron-invoicing-tool/app/Main/Module/Tigron/Controller/Tigron.php(20): Tigron\Cp\Invoice::get_by_user(0)
#1 [internal function]: Main\Module\Tigron\Controller\Tigron->index()
#2 /Volumes/htdocs/tigron-invoicing-tool/vendor/multimedium/core/src/M/Util/Callback.php(747): call_user_func_array(Array, Array)
#3 /Volumes/htdocs/tigron-invoicing-tool/vendor/multimedium/core/src/M/Controller/Dispatcher.php(881): M\Util\Callback->run()
#4 /Volumes/htdocs/tigron-invoicing-tool/public/index.php(126): M\Controller\Dispatcher->dispatch()
#5 {main}	
2022-11-04 11:15:39	Destructed Console
--
	
2022-11-04 11:17:27	Constructed Console	
2022-11-04 11:17:27	Argument 1 passed to Tigron\Cp\Invoice::get_by_user() must be an instance of Tigron\User, string given, called in /Volumes/htdocs/tigron-invoicing-tool/app/Main/Module/Tigron/Controller/Tigron.php on line 21	
2022-11-04 11:17:27	#0 /Volumes/htdocs/tigron-invoicing-tool/app/Main/Module/Tigron/Controller/Tigron.php(21): Tigron\Cp\Invoice::get_by_user('Michael')
#1 [internal function]: Main\Module\Tigron\Controller\Tigron->index()
#2 /Volumes/htdocs/tigron-invoicing-tool/vendor/multimedium/core/src/M/Util/Callback.php(747): call_user_func_array(Array, Array)
#3 /Volumes/htdocs/tigron-invoicing-tool/vendor/multimedium/core/src/M/Controller/Dispatcher.php(881): M\Util\Callback->run()
#4 /Volumes/htdocs/tigron-invoicing-tool/public/index.php(126): M\Controller\Dispatcher->dispatch()
#5 {main}	
2022-11-04 11:17:27	Argument 1 passed to Tigron\Cp\Invoice::get_by_user() must be an instance of Tigron\User, string given, called in /Volumes/htdocs/tigron-invoicing-tool/app/Main/Module/Tigron/Controller/Tigron.php on line 21	
2022-11-04 11:17:27	#0 /Volumes/htdocs/tigron-invoicing-tool/app/Main/Module/Tigron/Controller/Tigron.php(21): Tigron\Cp\Invoice::get_by_user('Michael')
#1 [internal function]: Main\Module\Tigron\Controller\Tigron->index()
#2 /Volumes/htdocs/tigron-invoicing-tool/vendor/multimedium/core/src/M/Util/Callback.php(747): call_user_func_array(Array, Array)
#3 /Volumes/htdocs/tigron-invoicing-tool/vendor/multimedium/core/src/M/Controller/Dispatcher.php(881): M\Util\Callback->run()
#4 /Volumes/htdocs/tigron-invoicing-tool/public/index.php(126): M\Controller\Dispatcher->dispatch()
#5 {main}	
2022-11-04 11:17:27	Destructed Console
--
	
2022-11-04 11:17:28	Constructed Console	
2022-11-04 11:17:28	Argument 1 passed to Tigron\Cp\Invoice::get_by_user() must be an instance of Tigron\User, string given, called in /Volumes/htdocs/tigron-invoicing-tool/app/Main/Module/Tigron/Controller/Tigron.php on line 21	
2022-11-04 11:17:28	#0 /Volumes/htdocs/tigron-invoicing-tool/app/Main/Module/Tigron/Controller/Tigron.php(21): Tigron\Cp\Invoice::get_by_user('Michael')
#1 [internal function]: Main\Module\Tigron\Controller\Tigron->index()
#2 /Volumes/htdocs/tigron-invoicing-tool/vendor/multimedium/core/src/M/Util/Callback.php(747): call_user_func_array(Array, Array)
#3 /Volumes/htdocs/tigron-invoicing-tool/vendor/multimedium/core/src/M/Controller/Dispatcher.php(881): M\Util\Callback->run()
#4 /Volumes/htdocs/tigron-invoicing-tool/public/index.php(126): M\Controller\Dispatcher->dispatch()
#5 {main}	
2022-11-04 11:17:28	Argument 1 passed to Tigron\Cp\Invoice::get_by_user() must be an instance of Tigron\User, string given, called in /Volumes/htdocs/tigron-invoicing-tool/app/Main/Module/Tigron/Controller/Tigron.php on line 21	
2022-11-04 11:17:28	#0 /Volumes/htdocs/tigron-invoicing-tool/app/Main/Module/Tigron/Controller/Tigron.php(21): Tigron\Cp\Invoice::get_by_user('Michael')
#1 [internal function]: Main\Module\Tigron\Controller\Tigron->index()
#2 /Volumes/htdocs/tigron-invoicing-tool/vendor/multimedium/core/src/M/Util/Callback.php(747): call_user_func_array(Array, Array)
#3 /Volumes/htdocs/tigron-invoicing-tool/vendor/multimedium/core/src/M/Controller/Dispatcher.php(881): M\Util\Callback->run()
#4 /Volumes/htdocs/tigron-invoicing-tool/public/index.php(126): M\Controller\Dispatcher->dispatch()
#5 {main}	
2022-11-04 11:17:28	Destructed Console
--
	
2022-11-04 11:17:43	Constructed Console	
2022-11-04 11:17:43	Argument 1 passed to Tigron\Cp\Invoice::get_by_user() must be an instance of Tigron\User, string given, called in /Volumes/htdocs/tigron-invoicing-tool/app/Main/Module/Tigron/Controller/Tigron.php on line 21	
2022-11-04 11:17:43	#0 /Volumes/htdocs/tigron-invoicing-tool/app/Main/Module/Tigron/Controller/Tigron.php(21): Tigron\Cp\Invoice::get_by_user('Michael')
#1 [internal function]: Main\Module\Tigron\Controller\Tigron->index()
#2 /Volumes/htdocs/tigron-invoicing-tool/vendor/multimedium/core/src/M/Util/Callback.php(747): call_user_func_array(Array, Array)
#3 /Volumes/htdocs/tigron-invoicing-tool/vendor/multimedium/core/src/M/Controller/Dispatcher.php(881): M\Util\Callback->run()
#4 /Volumes/htdocs/tigron-invoicing-tool/public/index.php(126): M\Controller\Dispatcher->dispatch()
#5 {main}	
2022-11-04 11:17:43	Argument 1 passed to Tigron\Cp\Invoice::get_by_user() must be an instance of Tigron\User, string given, called in /Volumes/htdocs/tigron-invoicing-tool/app/Main/Module/Tigron/Controller/Tigron.php on line 21	
2022-11-04 11:17:43	#0 /Volumes/htdocs/tigron-invoicing-tool/app/Main/Module/Tigron/Controller/Tigron.php(21): Tigron\Cp\Invoice::get_by_user('Michael')
#1 [internal function]: Main\Module\Tigron\Controller\Tigron->index()
#2 /Volumes/htdocs/tigron-invoicing-tool/vendor/multimedium/core/src/M/Util/Callback.php(747): call_user_func_array(Array, Array)
#3 /Volumes/htdocs/tigron-invoicing-tool/vendor/multimedium/core/src/M/Controller/Dispatcher.php(881): M\Util\Callback->run()
#4 /Volumes/htdocs/tigron-invoicing-tool/public/index.php(126): M\Controller\Dispatcher->dispatch()
#5 {main}	
2022-11-04 11:17:43	Destructed Console
--
	
2022-11-04 11:28:09	Constructed Console	
2022-11-04 11:28:09	Call to undefined method Tigron\Cp\Reseller::get()	
2022-11-04 11:28:09	#0 [internal function]: Main\Module\Tigron\Controller\Tigron->index()
#1 /Volumes/htdocs/tigron-invoicing-tool/vendor/multimedium/core/src/M/Util/Callback.php(747): call_user_func_array(Array, Array)
#2 /Volumes/htdocs/tigron-invoicing-tool/vendor/multimedium/core/src/M/Controller/Dispatcher.php(881): M\Util\Callback->run()
#3 /Volumes/htdocs/tigron-invoicing-tool/public/index.php(126): M\Controller\Dispatcher->dispatch()
#4 {main}	
2022-11-04 11:28:09	Call to undefined method Tigron\Cp\Reseller::get()	
2022-11-04 11:28:09	#0 [internal function]: Main\Module\Tigron\Controller\Tigron->index()
#1 /Volumes/htdocs/tigron-invoicing-tool/vendor/multimedium/core/src/M/Util/Callback.php(747): call_user_func_array(Array, Array)
#2 /Volumes/htdocs/tigron-invoicing-tool/vendor/multimedium/core/src/M/Controller/Dispatcher.php(881): M\Util\Callback->run()
#3 /Volumes/htdocs/tigron-invoicing-tool/public/index.php(126): M\Controller\Dispatcher->dispatch()
#4 {main}	
2022-11-04 11:28:09	Destructed Console
--
	
2022-11-04 11:28:28	Constructed Console	
2022-11-04 11:28:28	syntax error, unexpected 'Multimedium' (T_STRING), expecting ')'	
2022-11-04 11:28:28	#0 [internal function]: M\App\Autoloader->loadResource('Main\\Module\\Tig...')
#1 [internal function]: spl_autoload_call('Main\\Module\\Tig...')
#2 /Volumes/htdocs/tigron-invoicing-tool/vendor/multimedium/core/src/M/Controller/Dispatcher.php(994): ReflectionClass->__construct('\\Main\\Module\\Ti...')
#3 /Volumes/htdocs/tigron-invoicing-tool/vendor/multimedium/core/src/M/Controller/Dispatcher.php(1079): M\Controller\Dispatcher->_getController('\\Main\\Module\\Ti...')
#4 /Volumes/htdocs/tigron-invoicing-tool/vendor/multimedium/core/src/M/Controller/Dispatcher.php(759): M\Controller\Dispatcher->_getControllerFromPathElements(Array, NULL)
#5 /Volumes/htdocs/tigron-invoicing-tool/vendor/multimedium/core/src/M/Controller/Dispatcher.php(872): M\Controller\Dispatcher->getControllerCallback()
#6 /Volumes/htdocs/tigron-invoicing-tool/public/index.php(126): M\Controller\Dispatcher->dispatch()
#7 {main}	
2022-11-04 11:28:28	Destructed Console
--
	
2022-11-04 11:38:49	Constructed Console	
2022-11-04 11:38:49	Argument 1 passed to Tigron\Cp\Invoice::get_by_user() must be an instance of Tigron\User, int given, called in /Volumes/htdocs/tigron-invoicing-tool/app/Main/Module/Tigron/Controller/Tigron.php on line 18	
2022-11-04 11:38:49	#0 /Volumes/htdocs/tigron-invoicing-tool/app/Main/Module/Tigron/Controller/Tigron.php(18): Tigron\Cp\Invoice::get_by_user(5)
#1 [internal function]: Main\Module\Tigron\Controller\Tigron->index()
#2 /Volumes/htdocs/tigron-invoicing-tool/vendor/multimedium/core/src/M/Util/Callback.php(747): call_user_func_array(Array, Array)
#3 /Volumes/htdocs/tigron-invoicing-tool/vendor/multimedium/core/src/M/Controller/Dispatcher.php(881): M\Util\Callback->run()
#4 /Volumes/htdocs/tigron-invoicing-tool/public/index.php(126): M\Controller\Dispatcher->dispatch()
#5 {main}	
2022-11-04 11:38:49	Argument 1 passed to Tigron\Cp\Invoice::get_by_user() must be an instance of Tigron\User, int given, called in /Volumes/htdocs/tigron-invoicing-tool/app/Main/Module/Tigron/Controller/Tigron.php on line 18	
2022-11-04 11:38:49	#0 /Volumes/htdocs/tigron-invoicing-tool/app/Main/Module/Tigron/Controller/Tigron.php(18): Tigron\Cp\Invoice::get_by_user(5)
#1 [internal function]: Main\Module\Tigron\Controller\Tigron->index()
#2 /Volumes/htdocs/tigron-invoicing-tool/vendor/multimedium/core/src/M/Util/Callback.php(747): call_user_func_array(Array, Array)
#3 /Volumes/htdocs/tigron-invoicing-tool/vendor/multimedium/core/src/M/Controller/Dispatcher.php(881): M\Util\Callback->run()
#4 /Volumes/htdocs/tigron-invoicing-tool/public/index.php(126): M\Controller\Dispatcher->dispatch()
#5 {main}	
2022-11-04 11:38:49	Destructed Console
--
	
2022-11-04 11:39:52	Constructed Console	
2022-11-04 11:39:52	Undefined constant 'Main\Module\Tigron\Controller\Tigron\User'	
2022-11-04 11:39:52	#0 [internal function]: Main\Module\Tigron\Controller\Tigron->index()
#1 /Volumes/htdocs/tigron-invoicing-tool/vendor/multimedium/core/src/M/Util/Callback.php(747): call_user_func_array(Array, Array)
#2 /Volumes/htdocs/tigron-invoicing-tool/vendor/multimedium/core/src/M/Controller/Dispatcher.php(881): M\Util\Callback->run()
#3 /Volumes/htdocs/tigron-invoicing-tool/public/index.php(126): M\Controller\Dispatcher->dispatch()
#4 {main}	
2022-11-04 11:39:52	Undefined constant 'Main\Module\Tigron\Controller\Tigron\User'	
2022-11-04 11:39:52	#0 [internal function]: Main\Module\Tigron\Controller\Tigron->index()
#1 /Volumes/htdocs/tigron-invoicing-tool/vendor/multimedium/core/src/M/Util/Callback.php(747): call_user_func_array(Array, Array)
#2 /Volumes/htdocs/tigron-invoicing-tool/vendor/multimedium/core/src/M/Controller/Dispatcher.php(881): M\Util\Callback->run()
#3 /Volumes/htdocs/tigron-invoicing-tool/public/index.php(126): M\Controller\Dispatcher->dispatch()
#4 {main}	
2022-11-04 11:39:52	Destructed Console
--
	
2022-11-04 11:51:40	Constructed Console	
2022-11-04 11:51:40	Too few arguments to function Tigron\Cp\Invoice::get_by_user(), 0 passed in /Volumes/htdocs/tigron-invoicing-tool/app/Main/Module/Tigron/Controller/Tigron.php on line 25 and exactly 1 expected	
2022-11-04 11:51:40	#0 /Volumes/htdocs/tigron-invoicing-tool/app/Main/Module/Tigron/Controller/Tigron.php(25): Tigron\Cp\Invoice::get_by_user()
#1 [internal function]: Main\Module\Tigron\Controller\Tigron->index()
#2 /Volumes/htdocs/tigron-invoicing-tool/vendor/multimedium/core/src/M/Util/Callback.php(747): call_user_func_array(Array, Array)
#3 /Volumes/htdocs/tigron-invoicing-tool/vendor/multimedium/core/src/M/Controller/Dispatcher.php(881): M\Util\Callback->run()
#4 /Volumes/htdocs/tigron-invoicing-tool/public/index.php(126): M\Controller\Dispatcher->dispatch()
#5 {main}	
2022-11-04 11:51:40	Too few arguments to function Tigron\Cp\Invoice::get_by_user(), 0 passed in /Volumes/htdocs/tigron-invoicing-tool/app/Main/Module/Tigron/Controller/Tigron.php on line 25 and exactly 1 expected	
2022-11-04 11:51:40	#0 /Volumes/htdocs/tigron-invoicing-tool/app/Main/Module/Tigron/Controller/Tigron.php(25): Tigron\Cp\Invoice::get_by_user()
#1 [internal function]: Main\Module\Tigron\Controller\Tigron->index()
#2 /Volumes/htdocs/tigron-invoicing-tool/vendor/multimedium/core/src/M/Util/Callback.php(747): call_user_func_array(Array, Array)
#3 /Volumes/htdocs/tigron-invoicing-tool/vendor/multimedium/core/src/M/Controller/Dispatcher.php(881): M\Util\Callback->run()
#4 /Volumes/htdocs/tigron-invoicing-tool/public/index.php(126): M\Controller\Dispatcher->dispatch()
#5 {main}	
2022-11-04 11:51:40	Destructed Console
--
	
2022-11-04 11:53:11	Constructed Console	
2022-11-04 11:53:11	Argument 1 passed to Tigron\Cp\Invoice::get_by_user() must be an instance of Tigron\User, instance of Tigron\Cp\User given, called in /Volumes/htdocs/tigron-invoicing-tool/app/Main/Module/Tigron/Controller/Tigron.php on line 25	
2022-11-04 11:53:11	#0 /Volumes/htdocs/tigron-invoicing-tool/app/Main/Module/Tigron/Controller/Tigron.php(25): Tigron\Cp\Invoice::get_by_user(Object(Tigron\Cp\User))
#1 [internal function]: Main\Module\Tigron\Controller\Tigron->index()
#2 /Volumes/htdocs/tigron-invoicing-tool/vendor/multimedium/core/src/M/Util/Callback.php(747): call_user_func_array(Array, Array)
#3 /Volumes/htdocs/tigron-invoicing-tool/vendor/multimedium/core/src/M/Controller/Dispatcher.php(881): M\Util\Callback->run()
#4 /Volumes/htdocs/tigron-invoicing-tool/public/index.php(126): M\Controller\Dispatcher->dispatch()
#5 {main}	
2022-11-04 11:53:11	Argument 1 passed to Tigron\Cp\Invoice::get_by_user() must be an instance of Tigron\User, instance of Tigron\Cp\User given, called in /Volumes/htdocs/tigron-invoicing-tool/app/Main/Module/Tigron/Controller/Tigron.php on line 25	
2022-11-04 11:53:11	#0 /Volumes/htdocs/tigron-invoicing-tool/app/Main/Module/Tigron/Controller/Tigron.php(25): Tigron\Cp\Invoice::get_by_user(Object(Tigron\Cp\User))
#1 [internal function]: Main\Module\Tigron\Controller\Tigron->index()
#2 /Volumes/htdocs/tigron-invoicing-tool/vendor/multimedium/core/src/M/Util/Callback.php(747): call_user_func_array(Array, Array)
#3 /Volumes/htdocs/tigron-invoicing-tool/vendor/multimedium/core/src/M/Controller/Dispatcher.php(881): M\Util\Callback->run()
#4 /Volumes/htdocs/tigron-invoicing-tool/public/index.php(126): M\Controller\Dispatcher->dispatch()
#5 {main}	
2022-11-04 11:53:11	Destructed Console
--
	
2022-11-04 11:54:21	Constructed Console	
2022-11-04 11:54:21	Call to a member function get_by_user() on null	
2022-11-04 11:54:21	#0 /Volumes/htdocs/tigron-invoicing-tool/app/Main/Module/Tigron/Controller/Tigron.php(25): Tigron\Cp\Invoice::get_by_user_id(338)
#1 [internal function]: Main\Module\Tigron\Controller\Tigron->index()
#2 /Volumes/htdocs/tigron-invoicing-tool/vendor/multimedium/core/src/M/Util/Callback.php(747): call_user_func_array(Array, Array)
#3 /Volumes/htdocs/tigron-invoicing-tool/vendor/multimedium/core/src/M/Controller/Dispatcher.php(881): M\Util\Callback->run()
#4 /Volumes/htdocs/tigron-invoicing-tool/public/index.php(126): M\Controller\Dispatcher->dispatch()
#5 {main}	
2022-11-04 11:54:21	Call to a member function get_by_user() on null	
2022-11-04 11:54:21	#0 /Volumes/htdocs/tigron-invoicing-tool/app/Main/Module/Tigron/Controller/Tigron.php(25): Tigron\Cp\Invoice::get_by_user_id(338)
#1 [internal function]: Main\Module\Tigron\Controller\Tigron->index()
#2 /Volumes/htdocs/tigron-invoicing-tool/vendor/multimedium/core/src/M/Util/Callback.php(747): call_user_func_array(Array, Array)
#3 /Volumes/htdocs/tigron-invoicing-tool/vendor/multimedium/core/src/M/Controller/Dispatcher.php(881): M\Util\Callback->run()
#4 /Volumes/htdocs/tigron-invoicing-tool/public/index.php(126): M\Controller\Dispatcher->dispatch()
#5 {main}	
2022-11-04 11:54:21	Destructed Console
--
	
