2022-11-29 09:10:32	Constructed Console	
2022-11-29 09:10:32	Unable to construct Controller with path favicon.ico	
2022-11-29 09:10:32	#0 /Volumes/htdocs/tigron-invoicing-tool/vendor/multimedium/core/src/M/Controller/Dispatcher.php(872): M\Controller\Dispatcher->getControllerCallback()
#1 /Volumes/htdocs/tigron-invoicing-tool/public/index.php(126): M\Controller\Dispatcher->dispatch()
#2 {main}	
2022-11-29 09:10:32	Destructed Console
--
	
2022-11-29 09:10:40	Constructed Console	
2022-11-29 09:10:40	Unable to construct Controller with path js/invoice.js	
2022-11-29 09:10:40	#0 /Volumes/htdocs/tigron-invoicing-tool/vendor/multimedium/core/src/M/Controller/Dispatcher.php(872): M\Controller\Dispatcher->getControllerCallback()
#1 /Volumes/htdocs/tigron-invoicing-tool/public/index.php(126): M\Controller\Dispatcher->dispatch()
#2 {main}	
2022-11-29 09:10:40	Destructed Console
--
	
2022-11-29 09:10:41	Constructed Console	
2022-11-29 09:10:41	Unable to construct Controller with path favicon.ico	
2022-11-29 09:10:41	#0 /Volumes/htdocs/tigron-invoicing-tool/vendor/multimedium/core/src/M/Controller/Dispatcher.php(872): M\Controller\Dispatcher->getControllerCallback()
#1 /Volumes/htdocs/tigron-invoicing-tool/public/index.php(126): M\Controller\Dispatcher->dispatch()
#2 {main}	
2022-11-29 09:10:41	Destructed Console
--
	
2022-11-29 09:12:09	Constructed Console	
2022-11-29 09:12:09	Unable to construct Controller with path favicon.ico	
2022-11-29 09:12:09	#0 /Volumes/htdocs/tigron-invoicing-tool/vendor/multimedium/core/src/M/Controller/Dispatcher.php(872): M\Controller\Dispatcher->getControllerCallback()
#1 /Volumes/htdocs/tigron-invoicing-tool/public/index.php(126): M\Controller\Dispatcher->dispatch()
#2 {main}	
2022-11-29 09:12:09	Destructed Console
--
	
2022-11-29 09:12:26	Constructed Console	
2022-11-29 09:12:26	Unable to construct Controller with path js/invoice.js	
2022-11-29 09:12:26	#0 /Volumes/htdocs/tigron-invoicing-tool/vendor/multimedium/core/src/M/Controller/Dispatcher.php(872): M\Controller\Dispatcher->getControllerCallback()
#1 /Volumes/htdocs/tigron-invoicing-tool/public/index.php(126): M\Controller\Dispatcher->dispatch()
#2 {main}	
2022-11-29 09:12:26	Destructed Console
--
	
2022-11-29 09:12:26	Constructed Console	
2022-11-29 09:12:26	Unable to construct Controller with path favicon.ico	
2022-11-29 09:12:26	#0 /Volumes/htdocs/tigron-invoicing-tool/vendor/multimedium/core/src/M/Controller/Dispatcher.php(872): M\Controller\Dispatcher->getControllerCallback()
#1 /Volumes/htdocs/tigron-invoicing-tool/public/index.php(126): M\Controller\Dispatcher->dispatch()
#2 {main}	
2022-11-29 09:12:26	Destructed Console
--
	
2022-11-29 09:12:29	Constructed Console	
2022-11-29 09:12:29	Unable to construct Controller with path favicon.ico	
2022-11-29 09:12:29	#0 /Volumes/htdocs/tigron-invoicing-tool/vendor/multimedium/core/src/M/Controller/Dispatcher.php(872): M\Controller\Dispatcher->getControllerCallback()
#1 /Volumes/htdocs/tigron-invoicing-tool/public/index.php(126): M\Controller\Dispatcher->dispatch()
#2 {main}	
2022-11-29 09:12:29	Destructed Console
--
	
2022-11-29 09:12:33	Constructed Console	
2022-11-29 09:12:33	Unable to construct Controller with path favicon.ico	
2022-11-29 09:12:33	#0 /Volumes/htdocs/tigron-invoicing-tool/vendor/multimedium/core/src/M/Controller/Dispatcher.php(872): M\Controller\Dispatcher->getControllerCallback()
#1 /Volumes/htdocs/tigron-invoicing-tool/public/index.php(126): M\Controller\Dispatcher->dispatch()
#2 {main}	
2022-11-29 09:12:33	Destructed Console
--
	
2022-11-29 09:16:03	Constructed Console	
2022-11-29 09:16:03	Unable to construct Controller with path favicon.ico	
2022-11-29 09:16:03	#0 /Volumes/htdocs/tigron-invoicing-tool/vendor/multimedium/core/src/M/Controller/Dispatcher.php(872): M\Controller\Dispatcher->getControllerCallback()
#1 /Volumes/htdocs/tigron-invoicing-tool/public/index.php(126): M\Controller\Dispatcher->dispatch()
#2 {main}	
2022-11-29 09:16:03	Destructed Console
--
	
2022-11-29 09:16:05	Constructed Console	
2022-11-29 09:16:05	Unable to construct Controller with path js/invoice.js	
2022-11-29 09:16:05	#0 /Volumes/htdocs/tigron-invoicing-tool/vendor/multimedium/core/src/M/Controller/Dispatcher.php(872): M\Controller\Dispatcher->getControllerCallback()
#1 /Volumes/htdocs/tigron-invoicing-tool/public/index.php(126): M\Controller\Dispatcher->dispatch()
#2 {main}	
2022-11-29 09:16:05	Destructed Console
--
	
2022-11-29 09:16:05	Constructed Console	
2022-11-29 09:16:05	Unable to construct Controller with path favicon.ico	
2022-11-29 09:16:05	#0 /Volumes/htdocs/tigron-invoicing-tool/vendor/multimedium/core/src/M/Controller/Dispatcher.php(872): M\Controller\Dispatcher->getControllerCallback()
#1 /Volumes/htdocs/tigron-invoicing-tool/public/index.php(126): M\Controller\Dispatcher->dispatch()
#2 {main}	
2022-11-29 09:16:05	Destructed Console
--
	
2022-11-29 09:16:07	Constructed Console	
2022-11-29 09:16:07	Unable to construct Controller with path favicon.ico	
2022-11-29 09:16:07	#0 /Volumes/htdocs/tigron-invoicing-tool/vendor/multimedium/core/src/M/Controller/Dispatcher.php(872): M\Controller\Dispatcher->getControllerCallback()
#1 /Volumes/htdocs/tigron-invoicing-tool/public/index.php(126): M\Controller\Dispatcher->dispatch()
#2 {main}	
2022-11-29 09:16:07	Destructed Console
--
	
2022-11-29 09:16:17	Constructed Console	
2022-11-29 09:16:17	Unable to construct Controller with path favicon.ico	
2022-11-29 09:16:17	#0 /Volumes/htdocs/tigron-invoicing-tool/vendor/multimedium/core/src/M/Controller/Dispatcher.php(872): M\Controller\Dispatcher->getControllerCallback()
#1 /Volumes/htdocs/tigron-invoicing-tool/public/index.php(126): M\Controller\Dispatcher->dispatch()
#2 {main}	
2022-11-29 09:16:17	Destructed Console
--
	
2022-11-29 09:19:40	Constructed Console	
2022-11-29 09:19:40	Unable to construct Controller with path favicon.ico	
2022-11-29 09:19:40	#0 /Volumes/htdocs/tigron-invoicing-tool/vendor/multimedium/core/src/M/Controller/Dispatcher.php(872): M\Controller\Dispatcher->getControllerCallback()
#1 /Volumes/htdocs/tigron-invoicing-tool/public/index.php(126): M\Controller\Dispatcher->dispatch()
#2 {main}	
2022-11-29 09:19:40	Destructed Console
--
	
2022-11-29 09:19:42	Constructed Console	
2022-11-29 09:19:42	Unable to construct Controller with path js/invoice.js	
2022-11-29 09:19:42	#0 /Volumes/htdocs/tigron-invoicing-tool/vendor/multimedium/core/src/M/Controller/Dispatcher.php(872): M\Controller\Dispatcher->getControllerCallback()
#1 /Volumes/htdocs/tigron-invoicing-tool/public/index.php(126): M\Controller\Dispatcher->dispatch()
#2 {main}	
2022-11-29 09:19:42	Destructed Console
--
	
2022-11-29 09:19:42	Constructed Console	
2022-11-29 09:19:42	Unable to construct Controller with path favicon.ico	
2022-11-29 09:19:42	#0 /Volumes/htdocs/tigron-invoicing-tool/vendor/multimedium/core/src/M/Controller/Dispatcher.php(872): M\Controller\Dispatcher->getControllerCallback()
#1 /Volumes/htdocs/tigron-invoicing-tool/public/index.php(126): M\Controller\Dispatcher->dispatch()
#2 {main}	
2022-11-29 09:19:42	Destructed Console
--
	
2022-11-29 09:19:45	Constructed Console	
2022-11-29 09:19:45	Unable to construct Controller with path favicon.ico	
2022-11-29 09:19:45	#0 /Volumes/htdocs/tigron-invoicing-tool/vendor/multimedium/core/src/M/Controller/Dispatcher.php(872): M\Controller\Dispatcher->getControllerCallback()
#1 /Volumes/htdocs/tigron-invoicing-tool/public/index.php(126): M\Controller\Dispatcher->dispatch()
#2 {main}	
2022-11-29 09:19:45	Destructed Console
--
	
2022-11-29 09:20:19	Constructed Console	
2022-11-29 09:20:19	Unable to construct Controller with path js/invoice.js	
2022-11-29 09:20:19	#0 /Volumes/htdocs/tigron-invoicing-tool/vendor/multimedium/core/src/M/Controller/Dispatcher.php(872): M\Controller\Dispatcher->getControllerCallback()
#1 /Volumes/htdocs/tigron-invoicing-tool/public/index.php(126): M\Controller\Dispatcher->dispatch()
#2 {main}	
2022-11-29 09:20:19	Destructed Console
--
	
2022-11-29 09:20:19	Constructed Console	
2022-11-29 09:20:19	Unable to construct Controller with path favicon.ico	
2022-11-29 09:20:19	#0 /Volumes/htdocs/tigron-invoicing-tool/vendor/multimedium/core/src/M/Controller/Dispatcher.php(872): M\Controller\Dispatcher->getControllerCallback()
#1 /Volumes/htdocs/tigron-invoicing-tool/public/index.php(126): M\Controller\Dispatcher->dispatch()
#2 {main}	
2022-11-29 09:20:19	Destructed Console
--
	
2022-11-29 09:20:20	Constructed Console	
2022-11-29 09:20:20	Unable to construct Controller with path favicon.ico	
2022-11-29 09:20:20	#0 /Volumes/htdocs/tigron-invoicing-tool/vendor/multimedium/core/src/M/Controller/Dispatcher.php(872): M\Controller\Dispatcher->getControllerCallback()
#1 /Volumes/htdocs/tigron-invoicing-tool/public/index.php(126): M\Controller\Dispatcher->dispatch()
#2 {main}	
2022-11-29 09:20:20	Destructed Console
--
	
2022-11-29 09:20:32	Constructed Console	
2022-11-29 09:20:32	Unable to construct Controller with path favicon.ico	
2022-11-29 09:20:32	#0 /Volumes/htdocs/tigron-invoicing-tool/vendor/multimedium/core/src/M/Controller/Dispatcher.php(872): M\Controller\Dispatcher->getControllerCallback()
#1 /Volumes/htdocs/tigron-invoicing-tool/public/index.php(126): M\Controller\Dispatcher->dispatch()
#2 {main}	
2022-11-29 09:20:32	Destructed Console
--
	
2022-11-29 09:21:19	Constructed Console	
2022-11-29 09:21:19	Unable to construct Controller with path favicon.ico	
2022-11-29 09:21:19	#0 /Volumes/htdocs/tigron-invoicing-tool/vendor/multimedium/core/src/M/Controller/Dispatcher.php(872): M\Controller\Dispatcher->getControllerCallback()
#1 /Volumes/htdocs/tigron-invoicing-tool/public/index.php(126): M\Controller\Dispatcher->dispatch()
#2 {main}	
2022-11-29 09:21:20	Destructed Console
--
	
2022-11-29 09:30:34	Constructed Console	
2022-11-29 09:30:34	Unable to construct Controller with path js/invoice.js	
2022-11-29 09:30:34	#0 /Volumes/htdocs/tigron-invoicing-tool/vendor/multimedium/core/src/M/Controller/Dispatcher.php(872): M\Controller\Dispatcher->getControllerCallback()
#1 /Volumes/htdocs/tigron-invoicing-tool/public/index.php(126): M\Controller\Dispatcher->dispatch()
#2 {main}	
2022-11-29 09:30:34	Destructed Console
--
	
2022-11-29 09:30:35	Constructed Console	
2022-11-29 09:30:35	Unable to construct Controller with path favicon.ico	
2022-11-29 09:30:35	#0 /Volumes/htdocs/tigron-invoicing-tool/vendor/multimedium/core/src/M/Controller/Dispatcher.php(872): M\Controller\Dispatcher->getControllerCallback()
#1 /Volumes/htdocs/tigron-invoicing-tool/public/index.php(126): M\Controller\Dispatcher->dispatch()
#2 {main}	
2022-11-29 09:30:35	Destructed Console
--
	
2022-11-29 09:30:37	Constructed Console	
2022-11-29 09:30:37	Unable to construct Controller with path favicon.ico	
2022-11-29 09:30:37	#0 /Volumes/htdocs/tigron-invoicing-tool/vendor/multimedium/core/src/M/Controller/Dispatcher.php(872): M\Controller\Dispatcher->getControllerCallback()
#1 /Volumes/htdocs/tigron-invoicing-tool/public/index.php(126): M\Controller\Dispatcher->dispatch()
#2 {main}	
2022-11-29 09:30:37	Destructed Console
--
	
2022-11-29 09:33:44	Constructed Console	
2022-11-29 09:33:44	Unable to construct Controller with path favicon.ico	
2022-11-29 09:33:44	#0 /Volumes/htdocs/tigron-invoicing-tool/vendor/multimedium/core/src/M/Controller/Dispatcher.php(872): M\Controller\Dispatcher->getControllerCallback()
#1 /Volumes/htdocs/tigron-invoicing-tool/public/index.php(126): M\Controller\Dispatcher->dispatch()
#2 {main}	
2022-11-29 09:33:44	Destructed Console
--
	
2022-11-29 09:35:59	Constructed Console	
2022-11-29 09:35:59	Unable to construct Controller with path favicon.ico	
2022-11-29 09:35:59	#0 /Volumes/htdocs/tigron-invoicing-tool/vendor/multimedium/core/src/M/Controller/Dispatcher.php(872): M\Controller\Dispatcher->getControllerCallback()
#1 /Volumes/htdocs/tigron-invoicing-tool/public/index.php(126): M\Controller\Dispatcher->dispatch()
#2 {main}	
2022-11-29 09:35:59	Destructed Console
--
	
2022-11-29 09:47:41	Constructed Console	
2022-11-29 09:47:41	Unable to construct Controller with path js/invoice.js	
2022-11-29 09:47:41	#0 /Volumes/htdocs/tigron-invoicing-tool/vendor/multimedium/core/src/M/Controller/Dispatcher.php(872): M\Controller\Dispatcher->getControllerCallback()
#1 /Volumes/htdocs/tigron-invoicing-tool/public/index.php(126): M\Controller\Dispatcher->dispatch()
#2 {main}	
2022-11-29 09:47:41	Destructed Console
--
	
2022-11-29 09:47:41	Constructed Console	
2022-11-29 09:47:41	Unable to construct Controller with path favicon.ico	
2022-11-29 09:47:41	#0 /Volumes/htdocs/tigron-invoicing-tool/vendor/multimedium/core/src/M/Controller/Dispatcher.php(872): M\Controller\Dispatcher->getControllerCallback()
#1 /Volumes/htdocs/tigron-invoicing-tool/public/index.php(126): M\Controller\Dispatcher->dispatch()
#2 {main}	
2022-11-29 09:47:41	Destructed Console
--
	
2022-11-29 09:47:48	Constructed Console	
2022-11-29 09:47:48	Unable to construct Controller with path favicon.ico	
2022-11-29 09:47:48	#0 /Volumes/htdocs/tigron-invoicing-tool/vendor/multimedium/core/src/M/Controller/Dispatcher.php(872): M\Controller\Dispatcher->getControllerCallback()
#1 /Volumes/htdocs/tigron-invoicing-tool/public/index.php(126): M\Controller\Dispatcher->dispatch()
#2 {main}	
2022-11-29 09:47:48	Destructed Console
--
	
2022-11-29 09:47:58	Constructed Console	
2022-11-29 09:47:58	Unable to construct Controller with path js/invoice.js	
2022-11-29 09:47:58	#0 /Volumes/htdocs/tigron-invoicing-tool/vendor/multimedium/core/src/M/Controller/Dispatcher.php(872): M\Controller\Dispatcher->getControllerCallback()
#1 /Volumes/htdocs/tigron-invoicing-tool/public/index.php(126): M\Controller\Dispatcher->dispatch()
#2 {main}	
2022-11-29 09:47:58	Destructed Console
--
	
2022-11-29 09:47:59	Constructed Console	
2022-11-29 09:47:59	Unable to construct Controller with path favicon.ico	
2022-11-29 09:47:59	#0 /Volumes/htdocs/tigron-invoicing-tool/vendor/multimedium/core/src/M/Controller/Dispatcher.php(872): M\Controller\Dispatcher->getControllerCallback()
#1 /Volumes/htdocs/tigron-invoicing-tool/public/index.php(126): M\Controller\Dispatcher->dispatch()
#2 {main}	
2022-11-29 09:47:59	Destructed Console
--
	
2022-11-29 09:48:08	Constructed Console	
2022-11-29 09:48:08	Unable to construct Controller with path js/invoice.js	
2022-11-29 09:48:08	#0 /Volumes/htdocs/tigron-invoicing-tool/vendor/multimedium/core/src/M/Controller/Dispatcher.php(872): M\Controller\Dispatcher->getControllerCallback()
#1 /Volumes/htdocs/tigron-invoicing-tool/public/index.php(126): M\Controller\Dispatcher->dispatch()
#2 {main}	
2022-11-29 09:48:08	Destructed Console
--
	
2022-11-29 09:48:08	Constructed Console	
2022-11-29 09:48:08	Unable to construct Controller with path favicon.ico	
2022-11-29 09:48:08	#0 /Volumes/htdocs/tigron-invoicing-tool/vendor/multimedium/core/src/M/Controller/Dispatcher.php(872): M\Controller\Dispatcher->getControllerCallback()
#1 /Volumes/htdocs/tigron-invoicing-tool/public/index.php(126): M\Controller\Dispatcher->dispatch()
#2 {main}	
2022-11-29 09:48:08	Destructed Console
--
	
2022-11-29 09:48:13	Constructed Console	
2022-11-29 09:48:13	Unable to construct Controller with path favicon.ico	
2022-11-29 09:48:13	#0 /Volumes/htdocs/tigron-invoicing-tool/vendor/multimedium/core/src/M/Controller/Dispatcher.php(872): M\Controller\Dispatcher->getControllerCallback()
#1 /Volumes/htdocs/tigron-invoicing-tool/public/index.php(126): M\Controller\Dispatcher->dispatch()
#2 {main}	
2022-11-29 09:48:13	Destructed Console
--
	
2022-11-29 10:14:09	Constructed Console	
2022-11-29 10:14:09	Unable to construct Controller with path js/invoice.js	
2022-11-29 10:14:09	#0 /Volumes/htdocs/tigron-invoicing-tool/vendor/multimedium/core/src/M/Controller/Dispatcher.php(872): M\Controller\Dispatcher->getControllerCallback()
#1 /Volumes/htdocs/tigron-invoicing-tool/public/index.php(126): M\Controller\Dispatcher->dispatch()
#2 {main}	
2022-11-29 10:14:09	Destructed Console
--
	
2022-11-29 10:14:09	Constructed Console	
2022-11-29 10:14:09	Unable to construct Controller with path favicon.ico	
2022-11-29 10:14:09	#0 /Volumes/htdocs/tigron-invoicing-tool/vendor/multimedium/core/src/M/Controller/Dispatcher.php(872): M\Controller\Dispatcher->getControllerCallback()
#1 /Volumes/htdocs/tigron-invoicing-tool/public/index.php(126): M\Controller\Dispatcher->dispatch()
#2 {main}	
2022-11-29 10:14:09	Destructed Console
--
	
2022-11-29 10:30:14	Constructed Console	
2022-11-29 10:30:14	Unable to construct Controller with path js/invoice.js	
2022-11-29 10:30:14	#0 /Volumes/htdocs/tigron-invoicing-tool/vendor/multimedium/core/src/M/Controller/Dispatcher.php(872): M\Controller\Dispatcher->getControllerCallback()
#1 /Volumes/htdocs/tigron-invoicing-tool/public/index.php(126): M\Controller\Dispatcher->dispatch()
#2 {main}	
2022-11-29 10:30:14	Destructed Console
--
	
2022-11-29 10:30:14	Constructed Console	
2022-11-29 10:30:14	Unable to construct Controller with path favicon.ico	
2022-11-29 10:30:14	#0 /Volumes/htdocs/tigron-invoicing-tool/vendor/multimedium/core/src/M/Controller/Dispatcher.php(872): M\Controller\Dispatcher->getControllerCallback()
#1 /Volumes/htdocs/tigron-invoicing-tool/public/index.php(126): M\Controller\Dispatcher->dispatch()
#2 {main}	
2022-11-29 10:30:14	Destructed Console
--
	
2022-11-29 10:30:17	Constructed Console	
2022-11-29 10:30:17	Unable to construct Controller with path favicon.ico	
2022-11-29 10:30:17	#0 /Volumes/htdocs/tigron-invoicing-tool/vendor/multimedium/core/src/M/Controller/Dispatcher.php(872): M\Controller\Dispatcher->getControllerCallback()
#1 /Volumes/htdocs/tigron-invoicing-tool/public/index.php(126): M\Controller\Dispatcher->dispatch()
#2 {main}	
2022-11-29 10:30:17	Destructed Console
--
	
2022-11-29 10:37:18	Constructed Console	
2022-11-29 10:37:18	Unable to construct Controller with path favicon.ico	
2022-11-29 10:37:18	#0 /Volumes/htdocs/tigron-invoicing-tool/vendor/multimedium/core/src/M/Controller/Dispatcher.php(872): M\Controller\Dispatcher->getControllerCallback()
#1 /Volumes/htdocs/tigron-invoicing-tool/public/index.php(126): M\Controller\Dispatcher->dispatch()
#2 {main}	
2022-11-29 10:37:18	Destructed Console
--
	
2022-11-29 10:37:42	Constructed Console	
2022-11-29 10:37:42	Unable to construct Controller with path favicon.ico	
2022-11-29 10:37:42	#0 /Volumes/htdocs/tigron-invoicing-tool/vendor/multimedium/core/src/M/Controller/Dispatcher.php(872): M\Controller\Dispatcher->getControllerCallback()
#1 /Volumes/htdocs/tigron-invoicing-tool/public/index.php(126): M\Controller\Dispatcher->dispatch()
#2 {main}	
2022-11-29 10:37:42	Destructed Console
--
	
2022-11-29 10:38:41	Constructed Console	
2022-11-29 10:38:41	Unable to construct Controller with path favicon.ico	
2022-11-29 10:38:41	#0 /Volumes/htdocs/tigron-invoicing-tool/vendor/multimedium/core/src/M/Controller/Dispatcher.php(872): M\Controller\Dispatcher->getControllerCallback()
#1 /Volumes/htdocs/tigron-invoicing-tool/public/index.php(126): M\Controller\Dispatcher->dispatch()
#2 {main}	
2022-11-29 10:38:41	Destructed Console
--
	
2022-11-29 10:38:49	Constructed Console	
2022-11-29 10:38:49	Unable to construct Controller with path favicon.ico	
2022-11-29 10:38:49	#0 /Volumes/htdocs/tigron-invoicing-tool/vendor/multimedium/core/src/M/Controller/Dispatcher.php(872): M\Controller\Dispatcher->getControllerCallback()
#1 /Volumes/htdocs/tigron-invoicing-tool/public/index.php(126): M\Controller\Dispatcher->dispatch()
#2 {main}	
2022-11-29 10:38:49	Destructed Console
--
	
2022-11-29 10:40:26	Constructed Console	
2022-11-29 10:40:26	Unable to construct Controller with path favicon.ico	
2022-11-29 10:40:26	#0 /Volumes/htdocs/tigron-invoicing-tool/vendor/multimedium/core/src/M/Controller/Dispatcher.php(872): M\Controller\Dispatcher->getControllerCallback()
#1 /Volumes/htdocs/tigron-invoicing-tool/public/index.php(126): M\Controller\Dispatcher->dispatch()
#2 {main}	
2022-11-29 10:40:26	Destructed Console
--
	
2022-11-29 10:40:43	Constructed Console	
2022-11-29 10:40:43	Unable to construct Controller with path favicon.ico	
2022-11-29 10:40:43	#0 /Volumes/htdocs/tigron-invoicing-tool/vendor/multimedium/core/src/M/Controller/Dispatcher.php(872): M\Controller\Dispatcher->getControllerCallback()
#1 /Volumes/htdocs/tigron-invoicing-tool/public/index.php(126): M\Controller\Dispatcher->dispatch()
#2 {main}	
2022-11-29 10:40:43	Destructed Console
--
	
2022-11-29 10:48:42	Constructed Console	
2022-11-29 10:48:42	Unable to construct Controller with path favicon.ico	
2022-11-29 10:48:42	#0 /Volumes/htdocs/tigron-invoicing-tool/vendor/multimedium/core/src/M/Controller/Dispatcher.php(872): M\Controller\Dispatcher->getControllerCallback()
#1 /Volumes/htdocs/tigron-invoicing-tool/public/index.php(126): M\Controller\Dispatcher->dispatch()
#2 {main}	
2022-11-29 10:48:42	Destructed Console
--
	
2022-11-29 10:49:13	Constructed Console	
2022-11-29 10:49:13	Unable to construct Controller with path favicon.ico	
2022-11-29 10:49:13	#0 /Volumes/htdocs/tigron-invoicing-tool/vendor/multimedium/core/src/M/Controller/Dispatcher.php(872): M\Controller\Dispatcher->getControllerCallback()
#1 /Volumes/htdocs/tigron-invoicing-tool/public/index.php(126): M\Controller\Dispatcher->dispatch()
#2 {main}	
2022-11-29 10:49:13	Destructed Console
--
	
2022-11-29 10:49:29	Constructed Console	
2022-11-29 10:49:29	Unable to construct Controller with path favicon.ico	
2022-11-29 10:49:29	#0 /Volumes/htdocs/tigron-invoicing-tool/vendor/multimedium/core/src/M/Controller/Dispatcher.php(872): M\Controller\Dispatcher->getControllerCallback()
#1 /Volumes/htdocs/tigron-invoicing-tool/public/index.php(126): M\Controller\Dispatcher->dispatch()
#2 {main}	
2022-11-29 10:49:29	Destructed Console
--
	
2022-11-29 10:50:22	Constructed Console	
2022-11-29 10:50:22	Unable to construct Controller with path favicon.ico	
2022-11-29 10:50:22	#0 /Volumes/htdocs/tigron-invoicing-tool/vendor/multimedium/core/src/M/Controller/Dispatcher.php(872): M\Controller\Dispatcher->getControllerCallback()
#1 /Volumes/htdocs/tigron-invoicing-tool/public/index.php(126): M\Controller\Dispatcher->dispatch()
#2 {main}	
2022-11-29 10:50:22	Destructed Console
--
	
2022-11-29 10:50:31	Constructed Console	
2022-11-29 10:50:31	Unable to construct Controller with path favicon.ico	
2022-11-29 10:50:31	#0 /Volumes/htdocs/tigron-invoicing-tool/vendor/multimedium/core/src/M/Controller/Dispatcher.php(872): M\Controller\Dispatcher->getControllerCallback()
#1 /Volumes/htdocs/tigron-invoicing-tool/public/index.php(126): M\Controller\Dispatcher->dispatch()
#2 {main}	
2022-11-29 10:50:31	Destructed Console
--
	
2022-11-29 10:50:55	Constructed Console	
2022-11-29 10:50:55	Unable to construct Controller with path favicon.ico	
2022-11-29 10:50:55	#0 /Volumes/htdocs/tigron-invoicing-tool/vendor/multimedium/core/src/M/Controller/Dispatcher.php(872): M\Controller\Dispatcher->getControllerCallback()
#1 /Volumes/htdocs/tigron-invoicing-tool/public/index.php(126): M\Controller\Dispatcher->dispatch()
#2 {main}	
2022-11-29 10:50:55	Destructed Console
--
	
2022-11-29 10:51:13	Constructed Console	
2022-11-29 10:51:13	Unable to construct Controller with path favicon.ico	
2022-11-29 10:51:13	#0 /Volumes/htdocs/tigron-invoicing-tool/vendor/multimedium/core/src/M/Controller/Dispatcher.php(872): M\Controller\Dispatcher->getControllerCallback()
#1 /Volumes/htdocs/tigron-invoicing-tool/public/index.php(126): M\Controller\Dispatcher->dispatch()
#2 {main}	
2022-11-29 10:51:13	Destructed Console
--
	
2022-11-29 11:13:09	Constructed Console	
2022-11-29 11:13:09	Unable to construct Controller with path favicon.ico	
2022-11-29 11:13:09	#0 /Volumes/htdocs/tigron-invoicing-tool/vendor/multimedium/core/src/M/Controller/Dispatcher.php(872): M\Controller\Dispatcher->getControllerCallback()
#1 /Volumes/htdocs/tigron-invoicing-tool/public/index.php(126): M\Controller\Dispatcher->dispatch()
#2 {main}	
2022-11-29 11:13:09	Destructed Console
--
	
2022-11-29 11:15:17	Constructed Console	
2022-11-29 11:15:17	Unable to construct Controller with path favicon.ico	
2022-11-29 11:15:17	#0 /Volumes/htdocs/tigron-invoicing-tool/vendor/multimedium/core/src/M/Controller/Dispatcher.php(872): M\Controller\Dispatcher->getControllerCallback()
#1 /Volumes/htdocs/tigron-invoicing-tool/public/index.php(126): M\Controller\Dispatcher->dispatch()
#2 {main}	
2022-11-29 11:15:17	Destructed Console
--
	
2022-11-29 11:15:40	Constructed Console	
2022-11-29 11:15:40	Unable to construct Controller with path favicon.ico	
2022-11-29 11:15:40	#0 /Volumes/htdocs/tigron-invoicing-tool/vendor/multimedium/core/src/M/Controller/Dispatcher.php(872): M\Controller\Dispatcher->getControllerCallback()
#1 /Volumes/htdocs/tigron-invoicing-tool/public/index.php(126): M\Controller\Dispatcher->dispatch()
#2 {main}	
2022-11-29 11:15:40	Destructed Console
--
	
2022-11-29 11:15:50	Constructed Console	
2022-11-29 11:15:50	Unable to construct Controller with path favicon.ico	
2022-11-29 11:15:50	#0 /Volumes/htdocs/tigron-invoicing-tool/vendor/multimedium/core/src/M/Controller/Dispatcher.php(872): M\Controller\Dispatcher->getControllerCallback()
#1 /Volumes/htdocs/tigron-invoicing-tool/public/index.php(126): M\Controller\Dispatcher->dispatch()
#2 {main}	
2022-11-29 11:15:50	Destructed Console
--
	
2022-11-29 11:57:23	Constructed Console	
2022-11-29 11:57:23	Unable to construct Controller with path js/invoice.js	
2022-11-29 11:57:23	#0 /Volumes/htdocs/tigron-invoicing-tool/vendor/multimedium/core/src/M/Controller/Dispatcher.php(872): M\Controller\Dispatcher->getControllerCallback()
#1 /Volumes/htdocs/tigron-invoicing-tool/public/index.php(126): M\Controller\Dispatcher->dispatch()
#2 {main}	
2022-11-29 11:57:24	Destructed Console
--
	
2022-11-29 11:57:24	Constructed Console	
2022-11-29 11:57:24	Unable to construct Controller with path favicon.ico	
2022-11-29 11:57:24	#0 /Volumes/htdocs/tigron-invoicing-tool/vendor/multimedium/core/src/M/Controller/Dispatcher.php(872): M\Controller\Dispatcher->getControllerCallback()
#1 /Volumes/htdocs/tigron-invoicing-tool/public/index.php(126): M\Controller\Dispatcher->dispatch()
#2 {main}	
2022-11-29 11:57:24	Destructed Console
--
	
2022-11-29 11:57:27	Constructed Console	
2022-11-29 11:57:27	Unable to construct Controller with path favicon.ico	
2022-11-29 11:57:27	#0 /Volumes/htdocs/tigron-invoicing-tool/vendor/multimedium/core/src/M/Controller/Dispatcher.php(872): M\Controller\Dispatcher->getControllerCallback()
#1 /Volumes/htdocs/tigron-invoicing-tool/public/index.php(126): M\Controller\Dispatcher->dispatch()
#2 {main}	
2022-11-29 11:57:27	Destructed Console
--
	
2022-11-29 14:39:15	Constructed Console	
2022-11-29 14:39:15	Unable to construct Controller with path favicon.ico	
2022-11-29 14:39:15	#0 /Volumes/htdocs/tigron-invoicing-tool/vendor/multimedium/core/src/M/Controller/Dispatcher.php(872): M\Controller\Dispatcher->getControllerCallback()
#1 /Volumes/htdocs/tigron-invoicing-tool/public/index.php(126): M\Controller\Dispatcher->dispatch()
#2 {main}	
2022-11-29 14:39:15	Destructed Console
--
	
2022-11-29 14:39:39	Constructed Console	
2022-11-29 14:39:39	Unable to construct Controller with path favicon.ico	
2022-11-29 14:39:39	#0 /Volumes/htdocs/tigron-invoicing-tool/vendor/multimedium/core/src/M/Controller/Dispatcher.php(872): M\Controller\Dispatcher->getControllerCallback()
#1 /Volumes/htdocs/tigron-invoicing-tool/public/index.php(126): M\Controller\Dispatcher->dispatch()
#2 {main}	
2022-11-29 14:39:40	Destructed Console
--
	
2022-11-29 14:40:18	Constructed Console	
2022-11-29 14:40:18	Unable to construct Controller with path js/invoice.js	
2022-11-29 14:40:18	#0 /Volumes/htdocs/tigron-invoicing-tool/vendor/multimedium/core/src/M/Controller/Dispatcher.php(872): M\Controller\Dispatcher->getControllerCallback()
#1 /Volumes/htdocs/tigron-invoicing-tool/public/index.php(126): M\Controller\Dispatcher->dispatch()
#2 {main}	
2022-11-29 14:40:18	Destructed Console
--
	
2022-11-29 14:40:19	Constructed Console	
2022-11-29 14:40:19	Unable to construct Controller with path favicon.ico	
2022-11-29 14:40:19	#0 /Volumes/htdocs/tigron-invoicing-tool/vendor/multimedium/core/src/M/Controller/Dispatcher.php(872): M\Controller\Dispatcher->getControllerCallback()
#1 /Volumes/htdocs/tigron-invoicing-tool/public/index.php(126): M\Controller\Dispatcher->dispatch()
#2 {main}	
2022-11-29 14:40:19	Destructed Console
--
	
2022-11-29 14:40:23	Constructed Console	
2022-11-29 14:40:23	Unable to construct Controller with path favicon.ico	
2022-11-29 14:40:23	#0 /Volumes/htdocs/tigron-invoicing-tool/vendor/multimedium/core/src/M/Controller/Dispatcher.php(872): M\Controller\Dispatcher->getControllerCallback()
#1 /Volumes/htdocs/tigron-invoicing-tool/public/index.php(126): M\Controller\Dispatcher->dispatch()
#2 {main}	
2022-11-29 14:40:23	Destructed Console
--
	
2022-11-29 14:41:19	Constructed Console	
2022-11-29 14:41:19	Unable to construct Controller with path favicon.ico	
2022-11-29 14:41:19	#0 /Volumes/htdocs/tigron-invoicing-tool/vendor/multimedium/core/src/M/Controller/Dispatcher.php(872): M\Controller\Dispatcher->getControllerCallback()
#1 /Volumes/htdocs/tigron-invoicing-tool/public/index.php(126): M\Controller\Dispatcher->dispatch()
#2 {main}	
2022-11-29 14:41:19	Destructed Console
--
	
2022-11-29 14:41:26	Constructed Console	
2022-11-29 14:41:26	Unable to construct Controller with path js/invoice.js	
2022-11-29 14:41:26	#0 /Volumes/htdocs/tigron-invoicing-tool/vendor/multimedium/core/src/M/Controller/Dispatcher.php(872): M\Controller\Dispatcher->getControllerCallback()
#1 /Volumes/htdocs/tigron-invoicing-tool/public/index.php(126): M\Controller\Dispatcher->dispatch()
#2 {main}	
2022-11-29 14:41:26	Destructed Console
--
	
2022-11-29 14:41:26	Constructed Console	
2022-11-29 14:41:26	Unable to construct Controller with path favicon.ico	
2022-11-29 14:41:26	#0 /Volumes/htdocs/tigron-invoicing-tool/vendor/multimedium/core/src/M/Controller/Dispatcher.php(872): M\Controller\Dispatcher->getControllerCallback()
#1 /Volumes/htdocs/tigron-invoicing-tool/public/index.php(126): M\Controller\Dispatcher->dispatch()
#2 {main}	
2022-11-29 14:41:26	Destructed Console
--
	
2022-11-29 14:41:31	Constructed Console	
2022-11-29 14:41:31	Unable to construct Controller with path favicon.ico	
2022-11-29 14:41:31	#0 /Volumes/htdocs/tigron-invoicing-tool/vendor/multimedium/core/src/M/Controller/Dispatcher.php(872): M\Controller\Dispatcher->getControllerCallback()
#1 /Volumes/htdocs/tigron-invoicing-tool/public/index.php(126): M\Controller\Dispatcher->dispatch()
#2 {main}	
2022-11-29 14:41:31	Destructed Console
--
	
2022-11-29 14:48:52	Constructed Console	
2022-11-29 14:48:52	Unable to construct Controller with path favicon.ico	
2022-11-29 14:48:52	#0 /Volumes/htdocs/tigron-invoicing-tool/vendor/multimedium/core/src/M/Controller/Dispatcher.php(872): M\Controller\Dispatcher->getControllerCallback()
#1 /Volumes/htdocs/tigron-invoicing-tool/public/index.php(126): M\Controller\Dispatcher->dispatch()
#2 {main}	
2022-11-29 14:48:52	Destructed Console
--
	
2022-11-29 14:49:24	Constructed Console	
2022-11-29 14:49:24	Unable to construct Controller with path js/invoice.js	
2022-11-29 14:49:24	#0 /Volumes/htdocs/tigron-invoicing-tool/vendor/multimedium/core/src/M/Controller/Dispatcher.php(872): M\Controller\Dispatcher->getControllerCallback()
#1 /Volumes/htdocs/tigron-invoicing-tool/public/index.php(126): M\Controller\Dispatcher->dispatch()
#2 {main}	
2022-11-29 14:49:24	Destructed Console
--
	
2022-11-29 14:49:25	Constructed Console	
2022-11-29 14:49:25	Unable to construct Controller with path favicon.ico	
2022-11-29 14:49:25	#0 /Volumes/htdocs/tigron-invoicing-tool/vendor/multimedium/core/src/M/Controller/Dispatcher.php(872): M\Controller\Dispatcher->getControllerCallback()
#1 /Volumes/htdocs/tigron-invoicing-tool/public/index.php(126): M\Controller\Dispatcher->dispatch()
#2 {main}	
2022-11-29 14:49:25	Destructed Console
--
	
2022-11-29 14:49:25	Constructed Console	
2022-11-29 14:49:25	Unable to construct Controller with path js/invoice.js	
2022-11-29 14:49:25	#0 /Volumes/htdocs/tigron-invoicing-tool/vendor/multimedium/core/src/M/Controller/Dispatcher.php(872): M\Controller\Dispatcher->getControllerCallback()
#1 /Volumes/htdocs/tigron-invoicing-tool/public/index.php(126): M\Controller\Dispatcher->dispatch()
#2 {main}	
2022-11-29 14:49:25	Destructed Console
--
	
2022-11-29 14:49:25	Constructed Console	
2022-11-29 14:49:25	Unable to construct Controller with path favicon.ico	
2022-11-29 14:49:25	#0 /Volumes/htdocs/tigron-invoicing-tool/vendor/multimedium/core/src/M/Controller/Dispatcher.php(872): M\Controller\Dispatcher->getControllerCallback()
#1 /Volumes/htdocs/tigron-invoicing-tool/public/index.php(126): M\Controller\Dispatcher->dispatch()
#2 {main}	
2022-11-29 14:49:25	Destructed Console
--
	
2022-11-29 14:49:29	Constructed Console	
2022-11-29 14:49:29	Unable to construct Controller with path favicon.ico	
2022-11-29 14:49:29	#0 /Volumes/htdocs/tigron-invoicing-tool/vendor/multimedium/core/src/M/Controller/Dispatcher.php(872): M\Controller\Dispatcher->getControllerCallback()
#1 /Volumes/htdocs/tigron-invoicing-tool/public/index.php(126): M\Controller\Dispatcher->dispatch()
#2 {main}	
2022-11-29 14:49:29	Destructed Console
--
	
2022-11-29 14:54:51	Constructed Console	
2022-11-29 14:54:51	Unable to construct Controller with path js/invoice.js	
2022-11-29 14:54:51	#0 /Volumes/htdocs/tigron-invoicing-tool/vendor/multimedium/core/src/M/Controller/Dispatcher.php(872): M\Controller\Dispatcher->getControllerCallback()
#1 /Volumes/htdocs/tigron-invoicing-tool/public/index.php(126): M\Controller\Dispatcher->dispatch()
#2 {main}	
2022-11-29 14:54:51	Destructed Console
--
	
2022-11-29 14:54:51	Constructed Console	
2022-11-29 14:54:51	Unable to construct Controller with path favicon.ico	
2022-11-29 14:54:51	#0 /Volumes/htdocs/tigron-invoicing-tool/vendor/multimedium/core/src/M/Controller/Dispatcher.php(872): M\Controller\Dispatcher->getControllerCallback()
#1 /Volumes/htdocs/tigron-invoicing-tool/public/index.php(126): M\Controller\Dispatcher->dispatch()
#2 {main}	
2022-11-29 14:54:51	Destructed Console
--
	
2022-11-29 14:54:55	Constructed Console	
2022-11-29 14:54:55	Unable to construct Controller with path favicon.ico	
2022-11-29 14:54:55	#0 /Volumes/htdocs/tigron-invoicing-tool/vendor/multimedium/core/src/M/Controller/Dispatcher.php(872): M\Controller\Dispatcher->getControllerCallback()
#1 /Volumes/htdocs/tigron-invoicing-tool/public/index.php(126): M\Controller\Dispatcher->dispatch()
#2 {main}	
2022-11-29 14:54:55	Destructed Console
--
	
2022-11-29 15:02:22	Constructed Console	
2022-11-29 15:02:22	Unable to construct Controller with path favicon.ico	
2022-11-29 15:02:22	#0 /Volumes/htdocs/tigron-invoicing-tool/vendor/multimedium/core/src/M/Controller/Dispatcher.php(872): M\Controller\Dispatcher->getControllerCallback()
#1 /Volumes/htdocs/tigron-invoicing-tool/public/index.php(126): M\Controller\Dispatcher->dispatch()
#2 {main}	
2022-11-29 15:02:22	Destructed Console
--
	
2022-11-29 15:02:50	Constructed Console	
2022-11-29 15:02:50	Unable to construct Controller with path favicon.ico	
2022-11-29 15:02:50	#0 /Volumes/htdocs/tigron-invoicing-tool/vendor/multimedium/core/src/M/Controller/Dispatcher.php(872): M\Controller\Dispatcher->getControllerCallback()
#1 /Volumes/htdocs/tigron-invoicing-tool/public/index.php(126): M\Controller\Dispatcher->dispatch()
#2 {main}	
2022-11-29 15:02:50	Destructed Console
--
	
