2022-11-25 09:09:35	Constructed Console	
2022-11-25 09:09:35	Unable to construct Controller with path js/invoice.js	
2022-11-25 09:09:35	#0 /Volumes/htdocs/tigron-invoicing-tool/vendor/multimedium/core/src/M/Controller/Dispatcher.php(872): M\Controller\Dispatcher->getControllerCallback()
#1 /Volumes/htdocs/tigron-invoicing-tool/public/index.php(126): M\Controller\Dispatcher->dispatch()
#2 {main}	
2022-11-25 09:09:35	Destructed Console
--
	
2022-11-25 09:09:35	Constructed Console	
2022-11-25 09:09:35	Unable to construct Controller with path favicon.ico	
2022-11-25 09:09:35	#0 /Volumes/htdocs/tigron-invoicing-tool/vendor/multimedium/core/src/M/Controller/Dispatcher.php(872): M\Controller\Dispatcher->getControllerCallback()
#1 /Volumes/htdocs/tigron-invoicing-tool/public/index.php(126): M\Controller\Dispatcher->dispatch()
#2 {main}	
2022-11-25 09:09:35	Destructed Console
--
	
2022-11-25 09:09:40	Constructed Console	
2022-11-25 09:09:40	Unable to construct Controller with path favicon.ico	
2022-11-25 09:09:40	#0 /Volumes/htdocs/tigron-invoicing-tool/vendor/multimedium/core/src/M/Controller/Dispatcher.php(872): M\Controller\Dispatcher->getControllerCallback()
#1 /Volumes/htdocs/tigron-invoicing-tool/public/index.php(126): M\Controller\Dispatcher->dispatch()
#2 {main}	
2022-11-25 09:09:40	Destructed Console
--
	
2022-11-25 10:02:01	Constructed Console	
2022-11-25 10:02:01	Unable to construct Controller with path js/invoice.js	
2022-11-25 10:02:01	#0 /Volumes/htdocs/tigron-invoicing-tool/vendor/multimedium/core/src/M/Controller/Dispatcher.php(872): M\Controller\Dispatcher->getControllerCallback()
#1 /Volumes/htdocs/tigron-invoicing-tool/public/index.php(126): M\Controller\Dispatcher->dispatch()
#2 {main}	
2022-11-25 10:02:01	Destructed Console
--
	
2022-11-25 10:02:01	Constructed Console	
2022-11-25 10:02:01	Unable to construct Controller with path favicon.ico	
2022-11-25 10:02:01	#0 /Volumes/htdocs/tigron-invoicing-tool/vendor/multimedium/core/src/M/Controller/Dispatcher.php(872): M\Controller\Dispatcher->getControllerCallback()
#1 /Volumes/htdocs/tigron-invoicing-tool/public/index.php(126): M\Controller\Dispatcher->dispatch()
#2 {main}	
2022-11-25 10:02:01	Destructed Console
--
	
2022-11-25 10:02:06	Constructed Console	
2022-11-25 10:02:06	Unable to construct Controller with path favicon.ico	
2022-11-25 10:02:06	#0 /Volumes/htdocs/tigron-invoicing-tool/vendor/multimedium/core/src/M/Controller/Dispatcher.php(872): M\Controller\Dispatcher->getControllerCallback()
#1 /Volumes/htdocs/tigron-invoicing-tool/public/index.php(126): M\Controller\Dispatcher->dispatch()
#2 {main}	
2022-11-25 10:02:06	Destructed Console
--
	
2022-11-25 10:40:59	Constructed Console	
2022-11-25 10:40:59	Method invoice not compliant	
2022-11-25 10:40:59	#0 /Volumes/htdocs/tigron-invoicing-tool/vendor/multimedium/core/src/M/Controller/Dispatcher.php(872): M\Controller\Dispatcher->getControllerCallback()
#1 /Volumes/htdocs/tigron-invoicing-tool/public/index.php(126): M\Controller\Dispatcher->dispatch()
#2 {main}	
2022-11-25 10:40:59	Destructed Console
--
	
2022-11-25 10:40:59	Constructed Console	
2022-11-25 10:40:59	Unable to construct Controller with path favicon.ico	
2022-11-25 10:40:59	#0 /Volumes/htdocs/tigron-invoicing-tool/vendor/multimedium/core/src/M/Controller/Dispatcher.php(872): M\Controller\Dispatcher->getControllerCallback()
#1 /Volumes/htdocs/tigron-invoicing-tool/public/index.php(126): M\Controller\Dispatcher->dispatch()
#2 {main}	
2022-11-25 10:41:00	Destructed Console
--
	
2022-11-25 10:41:09	Constructed Console	
2022-11-25 10:41:09	Method invoice not compliant	
2022-11-25 10:41:09	#0 /Volumes/htdocs/tigron-invoicing-tool/vendor/multimedium/core/src/M/Controller/Dispatcher.php(872): M\Controller\Dispatcher->getControllerCallback()
#1 /Volumes/htdocs/tigron-invoicing-tool/public/index.php(126): M\Controller\Dispatcher->dispatch()
#2 {main}	
2022-11-25 10:41:09	Destructed Console
--
	
2022-11-25 10:41:09	Constructed Console	
2022-11-25 10:41:09	Unable to construct Controller with path favicon.ico	
2022-11-25 10:41:09	#0 /Volumes/htdocs/tigron-invoicing-tool/vendor/multimedium/core/src/M/Controller/Dispatcher.php(872): M\Controller\Dispatcher->getControllerCallback()
#1 /Volumes/htdocs/tigron-invoicing-tool/public/index.php(126): M\Controller\Dispatcher->dispatch()
#2 {main}	
2022-11-25 10:41:09	Destructed Console
--
	
2022-11-25 10:41:16	Constructed Console	
2022-11-25 10:41:16	Unable to construct Controller with path favicon.ico	
2022-11-25 10:41:16	#0 /Volumes/htdocs/tigron-invoicing-tool/vendor/multimedium/core/src/M/Controller/Dispatcher.php(872): M\Controller\Dispatcher->getControllerCallback()
#1 /Volumes/htdocs/tigron-invoicing-tool/public/index.php(126): M\Controller\Dispatcher->dispatch()
#2 {main}	
2022-11-25 10:41:16	Destructed Console
--
	
2022-11-25 10:41:28	Constructed Console	
2022-11-25 10:41:28	Unable to construct Controller with path js/invoice.js	
2022-11-25 10:41:28	#0 /Volumes/htdocs/tigron-invoicing-tool/vendor/multimedium/core/src/M/Controller/Dispatcher.php(872): M\Controller\Dispatcher->getControllerCallback()
#1 /Volumes/htdocs/tigron-invoicing-tool/public/index.php(126): M\Controller\Dispatcher->dispatch()
#2 {main}	
2022-11-25 10:41:28	Destructed Console
--
	
2022-11-25 10:41:28	Constructed Console	
2022-11-25 10:41:28	Unable to construct Controller with path favicon.ico	
2022-11-25 10:41:28	#0 /Volumes/htdocs/tigron-invoicing-tool/vendor/multimedium/core/src/M/Controller/Dispatcher.php(872): M\Controller\Dispatcher->getControllerCallback()
#1 /Volumes/htdocs/tigron-invoicing-tool/public/index.php(126): M\Controller\Dispatcher->dispatch()
#2 {main}	
2022-11-25 10:41:28	Destructed Console
--
	
2022-11-25 10:43:50	Constructed Console	
2022-11-25 10:43:50	Unable to construct Controller with path js/invoice.js	
2022-11-25 10:43:50	#0 /Volumes/htdocs/tigron-invoicing-tool/vendor/multimedium/core/src/M/Controller/Dispatcher.php(872): M\Controller\Dispatcher->getControllerCallback()
#1 /Volumes/htdocs/tigron-invoicing-tool/public/index.php(126): M\Controller\Dispatcher->dispatch()
#2 {main}	
2022-11-25 10:43:50	Destructed Console
--
	
2022-11-25 10:43:50	Constructed Console	
2022-11-25 10:43:50	Unable to construct Controller with path favicon.ico	
2022-11-25 10:43:50	#0 /Volumes/htdocs/tigron-invoicing-tool/vendor/multimedium/core/src/M/Controller/Dispatcher.php(872): M\Controller\Dispatcher->getControllerCallback()
#1 /Volumes/htdocs/tigron-invoicing-tool/public/index.php(126): M\Controller\Dispatcher->dispatch()
#2 {main}	
2022-11-25 10:43:50	Destructed Console
--
	
2022-11-25 10:54:25	Constructed Console	
2022-11-25 10:54:25	Unable to construct Controller with path favicon.ico	
2022-11-25 10:54:25	#0 /Volumes/htdocs/tigron-invoicing-tool/vendor/multimedium/core/src/M/Controller/Dispatcher.php(872): M\Controller\Dispatcher->getControllerCallback()
#1 /Volumes/htdocs/tigron-invoicing-tool/public/index.php(126): M\Controller\Dispatcher->dispatch()
#2 {main}	
2022-11-25 10:54:25	Destructed Console
--
	
2022-11-25 11:08:28	Constructed Console	
2022-11-25 11:08:28	Unable to construct Controller with path js/invoice.js	
2022-11-25 11:08:28	#0 /Volumes/htdocs/tigron-invoicing-tool/vendor/multimedium/core/src/M/Controller/Dispatcher.php(872): M\Controller\Dispatcher->getControllerCallback()
#1 /Volumes/htdocs/tigron-invoicing-tool/public/index.php(126): M\Controller\Dispatcher->dispatch()
#2 {main}	
2022-11-25 11:08:28	Destructed Console
--
	
2022-11-25 11:08:28	Constructed Console	
2022-11-25 11:08:28	Unable to construct Controller with path favicon.ico	
2022-11-25 11:08:28	#0 /Volumes/htdocs/tigron-invoicing-tool/vendor/multimedium/core/src/M/Controller/Dispatcher.php(872): M\Controller\Dispatcher->getControllerCallback()
#1 /Volumes/htdocs/tigron-invoicing-tool/public/index.php(126): M\Controller\Dispatcher->dispatch()
#2 {main}	
2022-11-25 11:08:28	Destructed Console
--
	
2022-11-25 11:08:31	Constructed Console	
2022-11-25 11:08:31	Unable to construct Controller with path favicon.ico	
2022-11-25 11:08:31	#0 /Volumes/htdocs/tigron-invoicing-tool/vendor/multimedium/core/src/M/Controller/Dispatcher.php(872): M\Controller\Dispatcher->getControllerCallback()
#1 /Volumes/htdocs/tigron-invoicing-tool/public/index.php(126): M\Controller\Dispatcher->dispatch()
#2 {main}	
2022-11-25 11:08:31	Destructed Console
--
	
2022-11-25 11:28:15	Constructed Console	
2022-11-25 11:28:15	Unable to construct Controller with path js/invoice.js	
2022-11-25 11:28:15	#0 /Volumes/htdocs/tigron-invoicing-tool/vendor/multimedium/core/src/M/Controller/Dispatcher.php(872): M\Controller\Dispatcher->getControllerCallback()
#1 /Volumes/htdocs/tigron-invoicing-tool/public/index.php(126): M\Controller\Dispatcher->dispatch()
#2 {main}	
2022-11-25 11:28:15	Destructed Console
--
	
2022-11-25 11:28:15	Constructed Console	
2022-11-25 11:28:15	Unable to construct Controller with path favicon.ico	
2022-11-25 11:28:15	#0 /Volumes/htdocs/tigron-invoicing-tool/vendor/multimedium/core/src/M/Controller/Dispatcher.php(872): M\Controller\Dispatcher->getControllerCallback()
#1 /Volumes/htdocs/tigron-invoicing-tool/public/index.php(126): M\Controller\Dispatcher->dispatch()
#2 {main}	
2022-11-25 11:28:15	Destructed Console
--
	
2022-11-25 11:28:18	Constructed Console	
2022-11-25 11:28:18	Unable to construct Controller with path favicon.ico	
2022-11-25 11:28:18	#0 /Volumes/htdocs/tigron-invoicing-tool/vendor/multimedium/core/src/M/Controller/Dispatcher.php(872): M\Controller\Dispatcher->getControllerCallback()
#1 /Volumes/htdocs/tigron-invoicing-tool/public/index.php(126): M\Controller\Dispatcher->dispatch()
#2 {main}	
2022-11-25 11:28:18	Destructed Console
--
	
2022-11-25 11:43:12	Constructed Console	
2022-11-25 11:43:12	Unable to construct Controller with path tigroninvoicelinetext	
2022-11-25 11:43:12	#0 /Volumes/htdocs/tigron-invoicing-tool/vendor/multimedium/core/src/M/Controller/Dispatcher.php(872): M\Controller\Dispatcher->getControllerCallback()
#1 /Volumes/htdocs/tigron-invoicing-tool/public/index.php(126): M\Controller\Dispatcher->dispatch()
#2 {main}	
2022-11-25 11:43:12	Destructed Console
--
	
2022-11-25 11:43:12	Constructed Console	
2022-11-25 11:43:12	Unable to construct Controller with path favicon.ico	
2022-11-25 11:43:12	#0 /Volumes/htdocs/tigron-invoicing-tool/vendor/multimedium/core/src/M/Controller/Dispatcher.php(872): M\Controller\Dispatcher->getControllerCallback()
#1 /Volumes/htdocs/tigron-invoicing-tool/public/index.php(126): M\Controller\Dispatcher->dispatch()
#2 {main}	
2022-11-25 11:43:12	Destructed Console
--
	
2022-11-25 11:43:20	Constructed Console	
2022-11-25 11:43:20	Unable to construct Controller with path tigroninvoicelinetext/getdomain	
2022-11-25 11:43:20	#0 /Volumes/htdocs/tigron-invoicing-tool/vendor/multimedium/core/src/M/Controller/Dispatcher.php(872): M\Controller\Dispatcher->getControllerCallback()
#1 /Volumes/htdocs/tigron-invoicing-tool/public/index.php(126): M\Controller\Dispatcher->dispatch()
#2 {main}	
2022-11-25 11:43:20	Destructed Console
--
	
2022-11-25 11:43:20	Constructed Console	
2022-11-25 11:43:20	Unable to construct Controller with path favicon.ico	
2022-11-25 11:43:20	#0 /Volumes/htdocs/tigron-invoicing-tool/vendor/multimedium/core/src/M/Controller/Dispatcher.php(872): M\Controller\Dispatcher->getControllerCallback()
#1 /Volumes/htdocs/tigron-invoicing-tool/public/index.php(126): M\Controller\Dispatcher->dispatch()
#2 {main}	
2022-11-25 11:43:20	Destructed Console
--
	
2022-11-25 11:43:24	Constructed Console	
2022-11-25 11:43:24	Unable to construct Controller with path tigroninvoicelinetext	
2022-11-25 11:43:24	#0 /Volumes/htdocs/tigron-invoicing-tool/vendor/multimedium/core/src/M/Controller/Dispatcher.php(872): M\Controller\Dispatcher->getControllerCallback()
#1 /Volumes/htdocs/tigron-invoicing-tool/public/index.php(126): M\Controller\Dispatcher->dispatch()
#2 {main}	
2022-11-25 11:43:24	Destructed Console
--
	
2022-11-25 11:43:24	Constructed Console	
2022-11-25 11:43:24	Unable to construct Controller with path favicon.ico	
2022-11-25 11:43:24	#0 /Volumes/htdocs/tigron-invoicing-tool/vendor/multimedium/core/src/M/Controller/Dispatcher.php(872): M\Controller\Dispatcher->getControllerCallback()
#1 /Volumes/htdocs/tigron-invoicing-tool/public/index.php(126): M\Controller\Dispatcher->dispatch()
#2 {main}	
2022-11-25 11:43:24	Destructed Console
--
	
2022-11-25 11:43:25	Constructed Console	
2022-11-25 11:43:25	Unable to construct Controller with path favicon.ico	
2022-11-25 11:43:25	#0 /Volumes/htdocs/tigron-invoicing-tool/vendor/multimedium/core/src/M/Controller/Dispatcher.php(872): M\Controller\Dispatcher->getControllerCallback()
#1 /Volumes/htdocs/tigron-invoicing-tool/public/index.php(126): M\Controller\Dispatcher->dispatch()
#2 {main}	
2022-11-25 11:43:25	Destructed Console
--
	
2022-11-25 11:53:39	Constructed Console	
2022-11-25 11:53:39	Unable to construct Controller with path favicon.ico	
2022-11-25 11:53:39	#0 /Volumes/htdocs/tigron-invoicing-tool/vendor/multimedium/core/src/M/Controller/Dispatcher.php(872): M\Controller\Dispatcher->getControllerCallback()
#1 /Volumes/htdocs/tigron-invoicing-tool/public/index.php(126): M\Controller\Dispatcher->dispatch()
#2 {main}	
2022-11-25 11:53:39	Destructed Console
--
	
2022-11-25 11:53:45	Constructed Console	
2022-11-25 11:53:45	Unable to construct Controller with path favicon.ico	
2022-11-25 11:53:45	#0 /Volumes/htdocs/tigron-invoicing-tool/vendor/multimedium/core/src/M/Controller/Dispatcher.php(872): M\Controller\Dispatcher->getControllerCallback()
#1 /Volumes/htdocs/tigron-invoicing-tool/public/index.php(126): M\Controller\Dispatcher->dispatch()
#2 {main}	
2022-11-25 11:53:45	Destructed Console
--
	
2022-11-25 11:53:54	Constructed Console	
2022-11-25 11:53:54	Unable to construct Controller with path favicon.ico	
2022-11-25 11:53:54	#0 /Volumes/htdocs/tigron-invoicing-tool/vendor/multimedium/core/src/M/Controller/Dispatcher.php(872): M\Controller\Dispatcher->getControllerCallback()
#1 /Volumes/htdocs/tigron-invoicing-tool/public/index.php(126): M\Controller\Dispatcher->dispatch()
#2 {main}	
2022-11-25 11:53:54	Destructed Console
--
	
2022-11-25 11:54:25	Constructed Console	
2022-11-25 11:54:25	Unable to construct Controller with path favicon.ico	
2022-11-25 11:54:25	#0 /Volumes/htdocs/tigron-invoicing-tool/vendor/multimedium/core/src/M/Controller/Dispatcher.php(872): M\Controller\Dispatcher->getControllerCallback()
#1 /Volumes/htdocs/tigron-invoicing-tool/public/index.php(126): M\Controller\Dispatcher->dispatch()
#2 {main}	
2022-11-25 11:54:25	Destructed Console
--
	
2022-11-25 11:54:41	Constructed Console	
2022-11-25 11:54:41	Unable to construct Controller with path favicon.ico	
2022-11-25 11:54:41	#0 /Volumes/htdocs/tigron-invoicing-tool/vendor/multimedium/core/src/M/Controller/Dispatcher.php(872): M\Controller\Dispatcher->getControllerCallback()
#1 /Volumes/htdocs/tigron-invoicing-tool/public/index.php(126): M\Controller\Dispatcher->dispatch()
#2 {main}	
2022-11-25 11:54:41	Destructed Console
--
	
2022-11-25 11:56:21	Constructed Console	
2022-11-25 11:56:21	Unable to construct Controller with path favicon.ico	
2022-11-25 11:56:21	#0 /Volumes/htdocs/tigron-invoicing-tool/vendor/multimedium/core/src/M/Controller/Dispatcher.php(872): M\Controller\Dispatcher->getControllerCallback()
#1 /Volumes/htdocs/tigron-invoicing-tool/public/index.php(126): M\Controller\Dispatcher->dispatch()
#2 {main}	
2022-11-25 11:56:21	Destructed Console
--
	
2022-11-25 11:56:26	Constructed Console	
2022-11-25 11:56:26	Method invoice not compliant	
2022-11-25 11:56:26	#0 /Volumes/htdocs/tigron-invoicing-tool/vendor/multimedium/core/src/M/Controller/Dispatcher.php(872): M\Controller\Dispatcher->getControllerCallback()
#1 /Volumes/htdocs/tigron-invoicing-tool/public/index.php(126): M\Controller\Dispatcher->dispatch()
#2 {main}	
2022-11-25 11:56:26	Destructed Console
--
	
2022-11-25 11:56:26	Constructed Console	
2022-11-25 11:56:26	Method invoice not compliant	
2022-11-25 11:56:26	#0 /Volumes/htdocs/tigron-invoicing-tool/vendor/multimedium/core/src/M/Controller/Dispatcher.php(872): M\Controller\Dispatcher->getControllerCallback()
#1 /Volumes/htdocs/tigron-invoicing-tool/public/index.php(126): M\Controller\Dispatcher->dispatch()
#2 {main}	
2022-11-25 11:56:26	Destructed Console
--
	
2022-11-25 11:56:26	Constructed Console	
2022-11-25 11:56:26	Unable to construct Controller with path favicon.ico	
2022-11-25 11:56:26	#0 /Volumes/htdocs/tigron-invoicing-tool/vendor/multimedium/core/src/M/Controller/Dispatcher.php(872): M\Controller\Dispatcher->getControllerCallback()
#1 /Volumes/htdocs/tigron-invoicing-tool/public/index.php(126): M\Controller\Dispatcher->dispatch()
#2 {main}	
2022-11-25 11:56:26	Destructed Console
--
	
2022-11-25 11:56:40	Constructed Console	
2022-11-25 11:56:40	Method invoice not compliant	
2022-11-25 11:56:40	#0 /Volumes/htdocs/tigron-invoicing-tool/vendor/multimedium/core/src/M/Controller/Dispatcher.php(872): M\Controller\Dispatcher->getControllerCallback()
#1 /Volumes/htdocs/tigron-invoicing-tool/public/index.php(126): M\Controller\Dispatcher->dispatch()
#2 {main}	
2022-11-25 11:56:40	Destructed Console
--
	
2022-11-25 11:56:40	Constructed Console	
2022-11-25 11:56:40	Unable to construct Controller with path favicon.ico	
2022-11-25 11:56:40	#0 /Volumes/htdocs/tigron-invoicing-tool/vendor/multimedium/core/src/M/Controller/Dispatcher.php(872): M\Controller\Dispatcher->getControllerCallback()
#1 /Volumes/htdocs/tigron-invoicing-tool/public/index.php(126): M\Controller\Dispatcher->dispatch()
#2 {main}	
2022-11-25 11:56:40	Destructed Console
--
	
2022-11-25 11:56:47	Constructed Console	
2022-11-25 11:56:47	Unable to construct Controller with path favicon.ico	
2022-11-25 11:56:47	#0 /Volumes/htdocs/tigron-invoicing-tool/vendor/multimedium/core/src/M/Controller/Dispatcher.php(872): M\Controller\Dispatcher->getControllerCallback()
#1 /Volumes/htdocs/tigron-invoicing-tool/public/index.php(126): M\Controller\Dispatcher->dispatch()
#2 {main}	
2022-11-25 11:56:47	Destructed Console
--
	
2022-11-25 11:56:49	Constructed Console	
2022-11-25 11:56:49	Unable to construct Controller with path favicon.ico	
2022-11-25 11:56:49	#0 /Volumes/htdocs/tigron-invoicing-tool/vendor/multimedium/core/src/M/Controller/Dispatcher.php(872): M\Controller\Dispatcher->getControllerCallback()
#1 /Volumes/htdocs/tigron-invoicing-tool/public/index.php(126): M\Controller\Dispatcher->dispatch()
#2 {main}	
2022-11-25 11:56:49	Destructed Console
--
	
2022-11-25 13:09:40	Constructed Console	
2022-11-25 13:09:40	Unable to construct Controller with path favicon.ico	
2022-11-25 13:09:40	#0 /Volumes/htdocs/tigron-invoicing-tool/vendor/multimedium/core/src/M/Controller/Dispatcher.php(872): M\Controller\Dispatcher->getControllerCallback()
#1 /Volumes/htdocs/tigron-invoicing-tool/public/index.php(126): M\Controller\Dispatcher->dispatch()
#2 {main}	
2022-11-25 13:09:40	Destructed Console
--
	
2022-11-25 13:12:25	Constructed Console	
2022-11-25 13:12:25	Unable to construct Controller with path favicon.ico	
2022-11-25 13:12:25	#0 /Volumes/htdocs/tigron-invoicing-tool/vendor/multimedium/core/src/M/Controller/Dispatcher.php(872): M\Controller\Dispatcher->getControllerCallback()
#1 /Volumes/htdocs/tigron-invoicing-tool/public/index.php(126): M\Controller\Dispatcher->dispatch()
#2 {main}	
2022-11-25 13:12:25	Destructed Console
--
	
2022-11-25 13:12:44	Constructed Console	
2022-11-25 13:12:44	Unable to construct Controller with path favicon.ico	
2022-11-25 13:12:44	#0 /Volumes/htdocs/tigron-invoicing-tool/vendor/multimedium/core/src/M/Controller/Dispatcher.php(872): M\Controller\Dispatcher->getControllerCallback()
#1 /Volumes/htdocs/tigron-invoicing-tool/public/index.php(126): M\Controller\Dispatcher->dispatch()
#2 {main}	
2022-11-25 13:12:44	Destructed Console
--
	
2022-11-25 13:13:59	Constructed Console	
2022-11-25 13:13:59	Unable to construct Controller with path js/invoice.js	
2022-11-25 13:13:59	#0 /Volumes/htdocs/tigron-invoicing-tool/vendor/multimedium/core/src/M/Controller/Dispatcher.php(872): M\Controller\Dispatcher->getControllerCallback()
#1 /Volumes/htdocs/tigron-invoicing-tool/public/index.php(126): M\Controller\Dispatcher->dispatch()
#2 {main}	
2022-11-25 13:13:59	Destructed Console
--
	
2022-11-25 13:13:59	Constructed Console	
2022-11-25 13:13:59	Unable to construct Controller with path favicon.ico	
2022-11-25 13:13:59	#0 /Volumes/htdocs/tigron-invoicing-tool/vendor/multimedium/core/src/M/Controller/Dispatcher.php(872): M\Controller\Dispatcher->getControllerCallback()
#1 /Volumes/htdocs/tigron-invoicing-tool/public/index.php(126): M\Controller\Dispatcher->dispatch()
#2 {main}	
2022-11-25 13:13:59	Destructed Console
--
	
2022-11-25 13:17:02	Constructed Console	
2022-11-25 13:17:02	Unable to construct Controller with path favicon.ico	
2022-11-25 13:17:02	#0 /Volumes/htdocs/tigron-invoicing-tool/vendor/multimedium/core/src/M/Controller/Dispatcher.php(872): M\Controller\Dispatcher->getControllerCallback()
#1 /Volumes/htdocs/tigron-invoicing-tool/public/index.php(126): M\Controller\Dispatcher->dispatch()
#2 {main}	
2022-11-25 13:17:02	Destructed Console
--
	
2022-11-25 13:21:09	Constructed Console	
2022-11-25 13:21:09	Unable to construct Controller with path js/invoice.js	
2022-11-25 13:21:09	#0 /Volumes/htdocs/tigron-invoicing-tool/vendor/multimedium/core/src/M/Controller/Dispatcher.php(872): M\Controller\Dispatcher->getControllerCallback()
#1 /Volumes/htdocs/tigron-invoicing-tool/public/index.php(126): M\Controller\Dispatcher->dispatch()
#2 {main}	
2022-11-25 13:21:09	Destructed Console
--
	
2022-11-25 13:21:09	Constructed Console	
2022-11-25 13:21:09	Unable to construct Controller with path favicon.ico	
2022-11-25 13:21:09	#0 /Volumes/htdocs/tigron-invoicing-tool/vendor/multimedium/core/src/M/Controller/Dispatcher.php(872): M\Controller\Dispatcher->getControllerCallback()
#1 /Volumes/htdocs/tigron-invoicing-tool/public/index.php(126): M\Controller\Dispatcher->dispatch()
#2 {main}	
2022-11-25 13:21:09	Destructed Console
--
	
2022-11-25 13:21:48	Constructed Console	
2022-11-25 13:21:48	Unable to construct Controller with path favicon.ico	
2022-11-25 13:21:48	#0 /Volumes/htdocs/tigron-invoicing-tool/vendor/multimedium/core/src/M/Controller/Dispatcher.php(872): M\Controller\Dispatcher->getControllerCallback()
#1 /Volumes/htdocs/tigron-invoicing-tool/public/index.php(126): M\Controller\Dispatcher->dispatch()
#2 {main}	
2022-11-25 13:21:48	Destructed Console
--
	
2022-11-25 13:25:02	Constructed Console	
2022-11-25 13:25:02	Unable to construct Controller with path favicon.ico	
2022-11-25 13:25:02	#0 /Volumes/htdocs/tigron-invoicing-tool/vendor/multimedium/core/src/M/Controller/Dispatcher.php(872): M\Controller\Dispatcher->getControllerCallback()
#1 /Volumes/htdocs/tigron-invoicing-tool/public/index.php(126): M\Controller\Dispatcher->dispatch()
#2 {main}	
2022-11-25 13:25:02	Destructed Console
--
	
2022-11-25 13:25:07	Constructed Console	
2022-11-25 13:25:07	Method invoice not compliant	
2022-11-25 13:25:07	#0 /Volumes/htdocs/tigron-invoicing-tool/vendor/multimedium/core/src/M/Controller/Dispatcher.php(872): M\Controller\Dispatcher->getControllerCallback()
#1 /Volumes/htdocs/tigron-invoicing-tool/public/index.php(126): M\Controller\Dispatcher->dispatch()
#2 {main}	
2022-11-25 13:25:07	Destructed Console
--
	
2022-11-25 13:25:07	Constructed Console	
2022-11-25 13:25:07	Method invoice not compliant	
2022-11-25 13:25:07	#0 /Volumes/htdocs/tigron-invoicing-tool/vendor/multimedium/core/src/M/Controller/Dispatcher.php(872): M\Controller\Dispatcher->getControllerCallback()
#1 /Volumes/htdocs/tigron-invoicing-tool/public/index.php(126): M\Controller\Dispatcher->dispatch()
#2 {main}	
2022-11-25 13:25:07	Destructed Console
--
	
2022-11-25 13:25:08	Constructed Console	
2022-11-25 13:25:08	Unable to construct Controller with path favicon.ico	
2022-11-25 13:25:08	#0 /Volumes/htdocs/tigron-invoicing-tool/vendor/multimedium/core/src/M/Controller/Dispatcher.php(872): M\Controller\Dispatcher->getControllerCallback()
#1 /Volumes/htdocs/tigron-invoicing-tool/public/index.php(126): M\Controller\Dispatcher->dispatch()
#2 {main}	
2022-11-25 13:25:08	Destructed Console
--
	
2022-11-25 13:27:19	Constructed Console	
2022-11-25 13:27:19	Method invoice not compliant	
2022-11-25 13:27:19	#0 /Volumes/htdocs/tigron-invoicing-tool/vendor/multimedium/core/src/M/Controller/Dispatcher.php(872): M\Controller\Dispatcher->getControllerCallback()
#1 /Volumes/htdocs/tigron-invoicing-tool/public/index.php(126): M\Controller\Dispatcher->dispatch()
#2 {main}	
2022-11-25 13:27:19	Destructed Console
--
	
2022-11-25 13:27:20	Constructed Console	
2022-11-25 13:27:20	Unable to construct Controller with path favicon.ico	
2022-11-25 13:27:20	#0 /Volumes/htdocs/tigron-invoicing-tool/vendor/multimedium/core/src/M/Controller/Dispatcher.php(872): M\Controller\Dispatcher->getControllerCallback()
#1 /Volumes/htdocs/tigron-invoicing-tool/public/index.php(126): M\Controller\Dispatcher->dispatch()
#2 {main}	
2022-11-25 13:27:20	Destructed Console
--
	
2022-11-25 13:27:20	Constructed Console	
2022-11-25 13:27:20	Method invoice not compliant	
2022-11-25 13:27:20	#0 /Volumes/htdocs/tigron-invoicing-tool/vendor/multimedium/core/src/M/Controller/Dispatcher.php(872): M\Controller\Dispatcher->getControllerCallback()
#1 /Volumes/htdocs/tigron-invoicing-tool/public/index.php(126): M\Controller\Dispatcher->dispatch()
#2 {main}	
2022-11-25 13:27:20	Destructed Console
--
	
2022-11-25 13:27:21	Constructed Console	
2022-11-25 13:27:21	Method invoice not compliant	
2022-11-25 13:27:21	#0 /Volumes/htdocs/tigron-invoicing-tool/vendor/multimedium/core/src/M/Controller/Dispatcher.php(872): M\Controller\Dispatcher->getControllerCallback()
#1 /Volumes/htdocs/tigron-invoicing-tool/public/index.php(126): M\Controller\Dispatcher->dispatch()
#2 {main}	
2022-11-25 13:27:21	Destructed Console
--
	
2022-11-25 13:27:21	Constructed Console	
2022-11-25 13:27:21	Unable to construct Controller with path favicon.ico	
2022-11-25 13:27:21	#0 /Volumes/htdocs/tigron-invoicing-tool/vendor/multimedium/core/src/M/Controller/Dispatcher.php(872): M\Controller\Dispatcher->getControllerCallback()
#1 /Volumes/htdocs/tigron-invoicing-tool/public/index.php(126): M\Controller\Dispatcher->dispatch()
#2 {main}	
2022-11-25 13:27:21	Destructed Console
--
	
2022-11-25 13:27:21	Constructed Console	
2022-11-25 13:27:21	Unable to construct Controller with path favicon.ico	
2022-11-25 13:27:21	#0 /Volumes/htdocs/tigron-invoicing-tool/vendor/multimedium/core/src/M/Controller/Dispatcher.php(872): M\Controller\Dispatcher->getControllerCallback()
#1 /Volumes/htdocs/tigron-invoicing-tool/public/index.php(126): M\Controller\Dispatcher->dispatch()
#2 {main}	
2022-11-25 13:27:21	Destructed Console
--
	
2022-11-25 13:27:21	Constructed Console	
2022-11-25 13:27:21	Method invoice not compliant	
2022-11-25 13:27:21	#0 /Volumes/htdocs/tigron-invoicing-tool/vendor/multimedium/core/src/M/Controller/Dispatcher.php(872): M\Controller\Dispatcher->getControllerCallback()
#1 /Volumes/htdocs/tigron-invoicing-tool/public/index.php(126): M\Controller\Dispatcher->dispatch()
#2 {main}	
2022-11-25 13:27:21	Destructed Console
--
	
2022-11-25 13:27:21	Constructed Console	
2022-11-25 13:27:21	Unable to construct Controller with path favicon.ico	
2022-11-25 13:27:21	#0 /Volumes/htdocs/tigron-invoicing-tool/vendor/multimedium/core/src/M/Controller/Dispatcher.php(872): M\Controller\Dispatcher->getControllerCallback()
#1 /Volumes/htdocs/tigron-invoicing-tool/public/index.php(126): M\Controller\Dispatcher->dispatch()
#2 {main}	
2022-11-25 13:27:21	Destructed Console
--
	
2022-11-25 13:27:29	Constructed Console	
2022-11-25 13:27:29	Unable to construct Controller with path favicon.ico	
2022-11-25 13:27:29	#0 /Volumes/htdocs/tigron-invoicing-tool/vendor/multimedium/core/src/M/Controller/Dispatcher.php(872): M\Controller\Dispatcher->getControllerCallback()
#1 /Volumes/htdocs/tigron-invoicing-tool/public/index.php(126): M\Controller\Dispatcher->dispatch()
#2 {main}	
2022-11-25 13:27:29	Destructed Console
--
	
2022-11-25 13:27:43	Constructed Console	
2022-11-25 13:27:43	Unable to construct Controller with path favicon.ico	
2022-11-25 13:27:43	#0 /Volumes/htdocs/tigron-invoicing-tool/vendor/multimedium/core/src/M/Controller/Dispatcher.php(872): M\Controller\Dispatcher->getControllerCallback()
#1 /Volumes/htdocs/tigron-invoicing-tool/public/index.php(126): M\Controller\Dispatcher->dispatch()
#2 {main}	
2022-11-25 13:27:43	Destructed Console
--
	
2022-11-25 13:28:23	Constructed Console	
2022-11-25 13:28:23	Unable to construct Controller with path favicon.ico	
2022-11-25 13:28:23	#0 /Volumes/htdocs/tigron-invoicing-tool/vendor/multimedium/core/src/M/Controller/Dispatcher.php(872): M\Controller\Dispatcher->getControllerCallback()
#1 /Volumes/htdocs/tigron-invoicing-tool/public/index.php(126): M\Controller\Dispatcher->dispatch()
#2 {main}	
2022-11-25 13:28:23	Destructed Console
--
	
2022-11-25 13:28:41	Constructed Console	
2022-11-25 13:28:41	Unable to construct Controller with path favicon.ico	
2022-11-25 13:28:41	#0 /Volumes/htdocs/tigron-invoicing-tool/vendor/multimedium/core/src/M/Controller/Dispatcher.php(872): M\Controller\Dispatcher->getControllerCallback()
#1 /Volumes/htdocs/tigron-invoicing-tool/public/index.php(126): M\Controller\Dispatcher->dispatch()
#2 {main}	
2022-11-25 13:28:41	Destructed Console
--
	
2022-11-25 13:28:46	Constructed Console	
2022-11-25 13:28:46	Unable to construct Controller with path favicon.ico	
2022-11-25 13:28:46	#0 /Volumes/htdocs/tigron-invoicing-tool/vendor/multimedium/core/src/M/Controller/Dispatcher.php(872): M\Controller\Dispatcher->getControllerCallback()
#1 /Volumes/htdocs/tigron-invoicing-tool/public/index.php(126): M\Controller\Dispatcher->dispatch()
#2 {main}	
2022-11-25 13:28:46	Destructed Console
--
	
2022-11-25 13:28:47	Constructed Console	
2022-11-25 13:28:47	Unable to construct Controller with path favicon.ico	
2022-11-25 13:28:47	#0 /Volumes/htdocs/tigron-invoicing-tool/vendor/multimedium/core/src/M/Controller/Dispatcher.php(872): M\Controller\Dispatcher->getControllerCallback()
#1 /Volumes/htdocs/tigron-invoicing-tool/public/index.php(126): M\Controller\Dispatcher->dispatch()
#2 {main}	
2022-11-25 13:28:47	Destructed Console
--
	
2022-11-25 13:32:15	Constructed Console	
2022-11-25 13:32:15	Unable to construct Controller with path favicon.ico	
2022-11-25 13:32:15	#0 /Volumes/htdocs/tigron-invoicing-tool/vendor/multimedium/core/src/M/Controller/Dispatcher.php(872): M\Controller\Dispatcher->getControllerCallback()
#1 /Volumes/htdocs/tigron-invoicing-tool/public/index.php(126): M\Controller\Dispatcher->dispatch()
#2 {main}	
2022-11-25 13:32:15	Destructed Console
--
	
2022-11-25 13:32:40	Constructed Console	
2022-11-25 13:32:40	Unable to construct Controller with path favicon.ico	
2022-11-25 13:32:40	#0 /Volumes/htdocs/tigron-invoicing-tool/vendor/multimedium/core/src/M/Controller/Dispatcher.php(872): M\Controller\Dispatcher->getControllerCallback()
#1 /Volumes/htdocs/tigron-invoicing-tool/public/index.php(126): M\Controller\Dispatcher->dispatch()
#2 {main}	
2022-11-25 13:32:40	Destructed Console
--
	
2022-11-25 13:33:10	Constructed Console	
2022-11-25 13:33:10	Unable to construct Controller with path favicon.ico	
2022-11-25 13:33:10	#0 /Volumes/htdocs/tigron-invoicing-tool/vendor/multimedium/core/src/M/Controller/Dispatcher.php(872): M\Controller\Dispatcher->getControllerCallback()
#1 /Volumes/htdocs/tigron-invoicing-tool/public/index.php(126): M\Controller\Dispatcher->dispatch()
#2 {main}	
2022-11-25 13:33:10	Destructed Console
--
	
2022-11-25 13:33:34	Constructed Console	
2022-11-25 13:33:34	Unable to construct Controller with path favicon.ico	
2022-11-25 13:33:34	#0 /Volumes/htdocs/tigron-invoicing-tool/vendor/multimedium/core/src/M/Controller/Dispatcher.php(872): M\Controller\Dispatcher->getControllerCallback()
#1 /Volumes/htdocs/tigron-invoicing-tool/public/index.php(126): M\Controller\Dispatcher->dispatch()
#2 {main}	
2022-11-25 13:33:34	Destructed Console
--
	
2022-11-25 13:34:58	Constructed Console	
2022-11-25 13:34:58	Unable to construct Controller with path favicon.ico	
2022-11-25 13:34:58	#0 /Volumes/htdocs/tigron-invoicing-tool/vendor/multimedium/core/src/M/Controller/Dispatcher.php(872): M\Controller\Dispatcher->getControllerCallback()
#1 /Volumes/htdocs/tigron-invoicing-tool/public/index.php(126): M\Controller\Dispatcher->dispatch()
#2 {main}	
2022-11-25 13:34:58	Destructed Console
--
	
2022-11-25 13:36:02	Constructed Console	
2022-11-25 13:36:02	Unable to construct Controller with path favicon.ico	
2022-11-25 13:36:02	#0 /Volumes/htdocs/tigron-invoicing-tool/vendor/multimedium/core/src/M/Controller/Dispatcher.php(872): M\Controller\Dispatcher->getControllerCallback()
#1 /Volumes/htdocs/tigron-invoicing-tool/public/index.php(126): M\Controller\Dispatcher->dispatch()
#2 {main}	
2022-11-25 13:36:02	Destructed Console
--
	
2022-11-25 13:36:56	Constructed Console	
2022-11-25 13:36:56	Unable to construct Controller with path favicon.ico	
2022-11-25 13:36:56	#0 /Volumes/htdocs/tigron-invoicing-tool/vendor/multimedium/core/src/M/Controller/Dispatcher.php(872): M\Controller\Dispatcher->getControllerCallback()
#1 /Volumes/htdocs/tigron-invoicing-tool/public/index.php(126): M\Controller\Dispatcher->dispatch()
#2 {main}	
2022-11-25 13:36:56	Destructed Console
--
	
2022-11-25 13:37:09	Constructed Console	
2022-11-25 13:37:09	Unable to construct Controller with path favicon.ico	
2022-11-25 13:37:09	#0 /Volumes/htdocs/tigron-invoicing-tool/vendor/multimedium/core/src/M/Controller/Dispatcher.php(872): M\Controller\Dispatcher->getControllerCallback()
#1 /Volumes/htdocs/tigron-invoicing-tool/public/index.php(126): M\Controller\Dispatcher->dispatch()
#2 {main}	
2022-11-25 13:37:09	Destructed Console
--
	
2022-11-25 13:37:38	Constructed Console	
2022-11-25 13:37:38	Unable to construct Controller with path favicon.ico	
2022-11-25 13:37:38	#0 /Volumes/htdocs/tigron-invoicing-tool/vendor/multimedium/core/src/M/Controller/Dispatcher.php(872): M\Controller\Dispatcher->getControllerCallback()
#1 /Volumes/htdocs/tigron-invoicing-tool/public/index.php(126): M\Controller\Dispatcher->dispatch()
#2 {main}	
2022-11-25 13:37:38	Destructed Console
--
	
2022-11-25 13:37:56	Constructed Console	
2022-11-25 13:37:56	Unable to construct Controller with path favicon.ico	
2022-11-25 13:37:56	#0 /Volumes/htdocs/tigron-invoicing-tool/vendor/multimedium/core/src/M/Controller/Dispatcher.php(872): M\Controller\Dispatcher->getControllerCallback()
#1 /Volumes/htdocs/tigron-invoicing-tool/public/index.php(126): M\Controller\Dispatcher->dispatch()
#2 {main}	
2022-11-25 13:37:56	Destructed Console
--
	
2022-11-25 13:38:12	Constructed Console	
2022-11-25 13:38:12	Unable to construct Controller with path favicon.ico	
2022-11-25 13:38:12	#0 /Volumes/htdocs/tigron-invoicing-tool/vendor/multimedium/core/src/M/Controller/Dispatcher.php(872): M\Controller\Dispatcher->getControllerCallback()
#1 /Volumes/htdocs/tigron-invoicing-tool/public/index.php(126): M\Controller\Dispatcher->dispatch()
#2 {main}	
2022-11-25 13:38:12	Destructed Console
--
	
2022-11-25 13:38:34	Constructed Console	
2022-11-25 13:38:34	Unable to construct Controller with path favicon.ico	
2022-11-25 13:38:34	#0 /Volumes/htdocs/tigron-invoicing-tool/vendor/multimedium/core/src/M/Controller/Dispatcher.php(872): M\Controller\Dispatcher->getControllerCallback()
#1 /Volumes/htdocs/tigron-invoicing-tool/public/index.php(126): M\Controller\Dispatcher->dispatch()
#2 {main}	
2022-11-25 13:38:34	Destructed Console
--
	
2022-11-25 13:38:42	Constructed Console	
2022-11-25 13:38:42	Unable to construct Controller with path favicon.ico	
2022-11-25 13:38:42	#0 /Volumes/htdocs/tigron-invoicing-tool/vendor/multimedium/core/src/M/Controller/Dispatcher.php(872): M\Controller\Dispatcher->getControllerCallback()
#1 /Volumes/htdocs/tigron-invoicing-tool/public/index.php(126): M\Controller\Dispatcher->dispatch()
#2 {main}	
2022-11-25 13:38:42	Destructed Console
--
	
2022-11-25 13:38:55	Constructed Console	
2022-11-25 13:38:55	Unable to construct Controller with path favicon.ico	
2022-11-25 13:38:55	#0 /Volumes/htdocs/tigron-invoicing-tool/vendor/multimedium/core/src/M/Controller/Dispatcher.php(872): M\Controller\Dispatcher->getControllerCallback()
#1 /Volumes/htdocs/tigron-invoicing-tool/public/index.php(126): M\Controller\Dispatcher->dispatch()
#2 {main}	
2022-11-25 13:38:55	Destructed Console
--
	
2022-11-25 13:40:50	Constructed Console	
2022-11-25 13:40:50	Unable to construct Controller with path favicon.ico	
2022-11-25 13:40:50	#0 /Volumes/htdocs/tigron-invoicing-tool/vendor/multimedium/core/src/M/Controller/Dispatcher.php(872): M\Controller\Dispatcher->getControllerCallback()
#1 /Volumes/htdocs/tigron-invoicing-tool/public/index.php(126): M\Controller\Dispatcher->dispatch()
#2 {main}	
2022-11-25 13:40:50	Destructed Console
--
	
2022-11-25 13:40:57	Constructed Console	
2022-11-25 13:40:57	Unable to construct Controller with path favicon.ico	
2022-11-25 13:40:57	#0 /Volumes/htdocs/tigron-invoicing-tool/vendor/multimedium/core/src/M/Controller/Dispatcher.php(872): M\Controller\Dispatcher->getControllerCallback()
#1 /Volumes/htdocs/tigron-invoicing-tool/public/index.php(126): M\Controller\Dispatcher->dispatch()
#2 {main}	
2022-11-25 13:40:57	Destructed Console
--
	
2022-11-25 13:41:08	Constructed Console	
2022-11-25 13:41:08	Unable to construct Controller with path favicon.ico	
2022-11-25 13:41:08	#0 /Volumes/htdocs/tigron-invoicing-tool/vendor/multimedium/core/src/M/Controller/Dispatcher.php(872): M\Controller\Dispatcher->getControllerCallback()
#1 /Volumes/htdocs/tigron-invoicing-tool/public/index.php(126): M\Controller\Dispatcher->dispatch()
#2 {main}	
2022-11-25 13:41:08	Destructed Console
--
	
2022-11-25 13:41:28	Constructed Console	
2022-11-25 13:41:28	Unable to construct Controller with path favicon.ico	
2022-11-25 13:41:28	#0 /Volumes/htdocs/tigron-invoicing-tool/vendor/multimedium/core/src/M/Controller/Dispatcher.php(872): M\Controller\Dispatcher->getControllerCallback()
#1 /Volumes/htdocs/tigron-invoicing-tool/public/index.php(126): M\Controller\Dispatcher->dispatch()
#2 {main}	
2022-11-25 13:41:28	Destructed Console
--
	
2022-11-25 13:42:48	Constructed Console	
2022-11-25 13:42:48	Unable to construct Controller with path favicon.ico	
2022-11-25 13:42:48	#0 /Volumes/htdocs/tigron-invoicing-tool/vendor/multimedium/core/src/M/Controller/Dispatcher.php(872): M\Controller\Dispatcher->getControllerCallback()
#1 /Volumes/htdocs/tigron-invoicing-tool/public/index.php(126): M\Controller\Dispatcher->dispatch()
#2 {main}	
2022-11-25 13:42:48	Destructed Console
--
	
2022-11-25 13:43:47	Constructed Console	
2022-11-25 13:43:47	Unable to construct Controller with path favicon.ico	
2022-11-25 13:43:47	#0 /Volumes/htdocs/tigron-invoicing-tool/vendor/multimedium/core/src/M/Controller/Dispatcher.php(872): M\Controller\Dispatcher->getControllerCallback()
#1 /Volumes/htdocs/tigron-invoicing-tool/public/index.php(126): M\Controller\Dispatcher->dispatch()
#2 {main}	
2022-11-25 13:43:47	Destructed Console
--
	
2022-11-25 13:44:03	Constructed Console	
2022-11-25 13:44:03	Unable to construct Controller with path favicon.ico	
2022-11-25 13:44:03	#0 /Volumes/htdocs/tigron-invoicing-tool/vendor/multimedium/core/src/M/Controller/Dispatcher.php(872): M\Controller\Dispatcher->getControllerCallback()
#1 /Volumes/htdocs/tigron-invoicing-tool/public/index.php(126): M\Controller\Dispatcher->dispatch()
#2 {main}	
2022-11-25 13:44:03	Destructed Console
--
	
2022-11-25 13:47:49	Constructed Console	
2022-11-25 13:47:49	Unable to construct Controller with path favicon.ico	
2022-11-25 13:47:49	#0 /Volumes/htdocs/tigron-invoicing-tool/vendor/multimedium/core/src/M/Controller/Dispatcher.php(872): M\Controller\Dispatcher->getControllerCallback()
#1 /Volumes/htdocs/tigron-invoicing-tool/public/index.php(126): M\Controller\Dispatcher->dispatch()
#2 {main}	
2022-11-25 13:47:49	Destructed Console
--
	
2022-11-25 13:50:11	Constructed Console	
2022-11-25 13:50:11	Unable to construct Controller with path favicon.ico	
2022-11-25 13:50:11	#0 /Volumes/htdocs/tigron-invoicing-tool/vendor/multimedium/core/src/M/Controller/Dispatcher.php(872): M\Controller\Dispatcher->getControllerCallback()
#1 /Volumes/htdocs/tigron-invoicing-tool/public/index.php(126): M\Controller\Dispatcher->dispatch()
#2 {main}	
2022-11-25 13:50:11	Destructed Console
--
	
2022-11-25 13:50:32	Constructed Console	
2022-11-25 13:50:32	Unable to construct Controller with path favicon.ico	
2022-11-25 13:50:32	#0 /Volumes/htdocs/tigron-invoicing-tool/vendor/multimedium/core/src/M/Controller/Dispatcher.php(872): M\Controller\Dispatcher->getControllerCallback()
#1 /Volumes/htdocs/tigron-invoicing-tool/public/index.php(126): M\Controller\Dispatcher->dispatch()
#2 {main}	
2022-11-25 13:50:32	Destructed Console
--
	
2022-11-25 13:50:33	Constructed Console	
2022-11-25 13:50:33	Unable to construct Controller with path favicon.ico	
2022-11-25 13:50:33	#0 /Volumes/htdocs/tigron-invoicing-tool/vendor/multimedium/core/src/M/Controller/Dispatcher.php(872): M\Controller\Dispatcher->getControllerCallback()
#1 /Volumes/htdocs/tigron-invoicing-tool/public/index.php(126): M\Controller\Dispatcher->dispatch()
#2 {main}	
2022-11-25 13:50:33	Destructed Console
--
	
2022-11-25 13:50:58	Constructed Console	
2022-11-25 13:50:58	Unable to construct Controller with path favicon.ico	
2022-11-25 13:50:58	#0 /Volumes/htdocs/tigron-invoicing-tool/vendor/multimedium/core/src/M/Controller/Dispatcher.php(872): M\Controller\Dispatcher->getControllerCallback()
#1 /Volumes/htdocs/tigron-invoicing-tool/public/index.php(126): M\Controller\Dispatcher->dispatch()
#2 {main}	
2022-11-25 13:50:58	Destructed Console
--
	
2022-11-25 13:51:27	Constructed Console	
2022-11-25 13:51:27	Unable to construct Controller with path favicon.ico	
2022-11-25 13:51:27	#0 /Volumes/htdocs/tigron-invoicing-tool/vendor/multimedium/core/src/M/Controller/Dispatcher.php(872): M\Controller\Dispatcher->getControllerCallback()
#1 /Volumes/htdocs/tigron-invoicing-tool/public/index.php(126): M\Controller\Dispatcher->dispatch()
#2 {main}	
2022-11-25 13:51:27	Destructed Console
--
	
2022-11-25 13:53:28	Constructed Console	
2022-11-25 13:53:28	Unable to construct Controller with path favicon.ico	
2022-11-25 13:53:28	#0 /Volumes/htdocs/tigron-invoicing-tool/vendor/multimedium/core/src/M/Controller/Dispatcher.php(872): M\Controller\Dispatcher->getControllerCallback()
#1 /Volumes/htdocs/tigron-invoicing-tool/public/index.php(126): M\Controller\Dispatcher->dispatch()
#2 {main}	
2022-11-25 13:53:28	Destructed Console
--
	
2022-11-25 13:57:48	Constructed Console	
2022-11-25 13:57:48	Unable to construct Controller with path favicon.ico	
2022-11-25 13:57:48	#0 /Volumes/htdocs/tigron-invoicing-tool/vendor/multimedium/core/src/M/Controller/Dispatcher.php(872): M\Controller\Dispatcher->getControllerCallback()
#1 /Volumes/htdocs/tigron-invoicing-tool/public/index.php(126): M\Controller\Dispatcher->dispatch()
#2 {main}	
2022-11-25 13:57:48	Destructed Console
--
	
2022-11-25 13:58:06	Constructed Console	
2022-11-25 13:58:06	Unable to construct Controller with path favicon.ico	
2022-11-25 13:58:06	#0 /Volumes/htdocs/tigron-invoicing-tool/vendor/multimedium/core/src/M/Controller/Dispatcher.php(872): M\Controller\Dispatcher->getControllerCallback()
#1 /Volumes/htdocs/tigron-invoicing-tool/public/index.php(126): M\Controller\Dispatcher->dispatch()
#2 {main}	
2022-11-25 13:58:06	Destructed Console
--
	
2022-11-25 13:58:14	Constructed Console	
2022-11-25 13:58:14	Unable to construct Controller with path favicon.ico	
2022-11-25 13:58:14	#0 /Volumes/htdocs/tigron-invoicing-tool/vendor/multimedium/core/src/M/Controller/Dispatcher.php(872): M\Controller\Dispatcher->getControllerCallback()
#1 /Volumes/htdocs/tigron-invoicing-tool/public/index.php(126): M\Controller\Dispatcher->dispatch()
#2 {main}	
2022-11-25 13:58:14	Destructed Console
--
	
2022-11-25 13:58:25	Constructed Console	
2022-11-25 13:58:25	Unable to construct Controller with path favicon.ico	
2022-11-25 13:58:25	#0 /Volumes/htdocs/tigron-invoicing-tool/vendor/multimedium/core/src/M/Controller/Dispatcher.php(872): M\Controller\Dispatcher->getControllerCallback()
#1 /Volumes/htdocs/tigron-invoicing-tool/public/index.php(126): M\Controller\Dispatcher->dispatch()
#2 {main}	
2022-11-25 13:58:25	Destructed Console
--
	
2022-11-25 13:58:53	Constructed Console	
2022-11-25 13:58:53	Unable to construct Controller with path favicon.ico	
2022-11-25 13:58:53	#0 /Volumes/htdocs/tigron-invoicing-tool/vendor/multimedium/core/src/M/Controller/Dispatcher.php(872): M\Controller\Dispatcher->getControllerCallback()
#1 /Volumes/htdocs/tigron-invoicing-tool/public/index.php(126): M\Controller\Dispatcher->dispatch()
#2 {main}	
2022-11-25 13:58:53	Destructed Console
--
	
2022-11-25 13:59:25	Constructed Console	
2022-11-25 13:59:25	Unable to construct Controller with path favicon.ico	
2022-11-25 13:59:25	#0 /Volumes/htdocs/tigron-invoicing-tool/vendor/multimedium/core/src/M/Controller/Dispatcher.php(872): M\Controller\Dispatcher->getControllerCallback()
#1 /Volumes/htdocs/tigron-invoicing-tool/public/index.php(126): M\Controller\Dispatcher->dispatch()
#2 {main}	
2022-11-25 13:59:25	Destructed Console
--
	
2022-11-25 14:00:26	Constructed Console	
2022-11-25 14:00:26	Unable to construct Controller with path favicon.ico	
2022-11-25 14:00:26	#0 /Volumes/htdocs/tigron-invoicing-tool/vendor/multimedium/core/src/M/Controller/Dispatcher.php(872): M\Controller\Dispatcher->getControllerCallback()
#1 /Volumes/htdocs/tigron-invoicing-tool/public/index.php(126): M\Controller\Dispatcher->dispatch()
#2 {main}	
2022-11-25 14:00:26	Destructed Console
--
	
2022-11-25 14:00:37	Constructed Console	
2022-11-25 14:00:37	Unable to construct Controller with path favicon.ico	
2022-11-25 14:00:37	#0 /Volumes/htdocs/tigron-invoicing-tool/vendor/multimedium/core/src/M/Controller/Dispatcher.php(872): M\Controller\Dispatcher->getControllerCallback()
#1 /Volumes/htdocs/tigron-invoicing-tool/public/index.php(126): M\Controller\Dispatcher->dispatch()
#2 {main}	
2022-11-25 14:00:37	Destructed Console
--
	
2022-11-25 14:00:45	Constructed Console	
2022-11-25 14:00:45	Unable to construct Controller with path favicon.ico	
2022-11-25 14:00:45	#0 /Volumes/htdocs/tigron-invoicing-tool/vendor/multimedium/core/src/M/Controller/Dispatcher.php(872): M\Controller\Dispatcher->getControllerCallback()
#1 /Volumes/htdocs/tigron-invoicing-tool/public/index.php(126): M\Controller\Dispatcher->dispatch()
#2 {main}	
2022-11-25 14:00:45	Destructed Console
--
	
2022-11-25 14:01:12	Constructed Console	
2022-11-25 14:01:12	Unable to construct Controller with path favicon.ico	
2022-11-25 14:01:12	#0 /Volumes/htdocs/tigron-invoicing-tool/vendor/multimedium/core/src/M/Controller/Dispatcher.php(872): M\Controller\Dispatcher->getControllerCallback()
#1 /Volumes/htdocs/tigron-invoicing-tool/public/index.php(126): M\Controller\Dispatcher->dispatch()
#2 {main}	
2022-11-25 14:01:12	Destructed Console
--
	
2022-11-25 14:03:19	Constructed Console	
2022-11-25 14:03:19	Unable to construct Controller with path favicon.ico	
2022-11-25 14:03:19	#0 /Volumes/htdocs/tigron-invoicing-tool/vendor/multimedium/core/src/M/Controller/Dispatcher.php(872): M\Controller\Dispatcher->getControllerCallback()
#1 /Volumes/htdocs/tigron-invoicing-tool/public/index.php(126): M\Controller\Dispatcher->dispatch()
#2 {main}	
2022-11-25 14:03:19	Destructed Console
--
	
2022-11-25 14:03:46	Constructed Console	
2022-11-25 14:03:46	Method invoice not compliant	
2022-11-25 14:03:46	#0 /Volumes/htdocs/tigron-invoicing-tool/vendor/multimedium/core/src/M/Controller/Dispatcher.php(872): M\Controller\Dispatcher->getControllerCallback()
#1 /Volumes/htdocs/tigron-invoicing-tool/public/index.php(126): M\Controller\Dispatcher->dispatch()
#2 {main}	
2022-11-25 14:03:46	Destructed Console
--
	
2022-11-25 14:03:46	Constructed Console	
2022-11-25 14:03:46	Unable to construct Controller with path favicon.ico	
2022-11-25 14:03:46	#0 /Volumes/htdocs/tigron-invoicing-tool/vendor/multimedium/core/src/M/Controller/Dispatcher.php(872): M\Controller\Dispatcher->getControllerCallback()
#1 /Volumes/htdocs/tigron-invoicing-tool/public/index.php(126): M\Controller\Dispatcher->dispatch()
#2 {main}	
2022-11-25 14:03:46	Destructed Console
--
	
2022-11-25 14:05:14	Constructed Console	
2022-11-25 14:05:14	Method invoice not compliant	
2022-11-25 14:05:14	#0 /Volumes/htdocs/tigron-invoicing-tool/vendor/multimedium/core/src/M/Controller/Dispatcher.php(872): M\Controller\Dispatcher->getControllerCallback()
#1 /Volumes/htdocs/tigron-invoicing-tool/public/index.php(126): M\Controller\Dispatcher->dispatch()
#2 {main}	
2022-11-25 14:05:14	Destructed Console
--
	
2022-11-25 14:05:15	Constructed Console	
2022-11-25 14:05:15	Unable to construct Controller with path favicon.ico	
2022-11-25 14:05:15	#0 /Volumes/htdocs/tigron-invoicing-tool/vendor/multimedium/core/src/M/Controller/Dispatcher.php(872): M\Controller\Dispatcher->getControllerCallback()
#1 /Volumes/htdocs/tigron-invoicing-tool/public/index.php(126): M\Controller\Dispatcher->dispatch()
#2 {main}	
2022-11-25 14:05:15	Destructed Console
--
	
2022-11-25 14:06:06	Constructed Console	
2022-11-25 14:06:06	Method invoice not compliant	
2022-11-25 14:06:06	#0 /Volumes/htdocs/tigron-invoicing-tool/vendor/multimedium/core/src/M/Controller/Dispatcher.php(872): M\Controller\Dispatcher->getControllerCallback()
#1 /Volumes/htdocs/tigron-invoicing-tool/public/index.php(126): M\Controller\Dispatcher->dispatch()
#2 {main}	
2022-11-25 14:06:06	Destructed Console
--
	
2022-11-25 14:06:06	Constructed Console	
2022-11-25 14:06:06	Unable to construct Controller with path favicon.ico	
2022-11-25 14:06:06	#0 /Volumes/htdocs/tigron-invoicing-tool/vendor/multimedium/core/src/M/Controller/Dispatcher.php(872): M\Controller\Dispatcher->getControllerCallback()
#1 /Volumes/htdocs/tigron-invoicing-tool/public/index.php(126): M\Controller\Dispatcher->dispatch()
#2 {main}	
2022-11-25 14:06:06	Destructed Console
--
	
2022-11-25 14:06:14	Constructed Console	
2022-11-25 14:06:14	Method invoice not compliant	
2022-11-25 14:06:14	#0 /Volumes/htdocs/tigron-invoicing-tool/vendor/multimedium/core/src/M/Controller/Dispatcher.php(872): M\Controller\Dispatcher->getControllerCallback()
#1 /Volumes/htdocs/tigron-invoicing-tool/public/index.php(126): M\Controller\Dispatcher->dispatch()
#2 {main}	
2022-11-25 14:06:14	Destructed Console
--
	
2022-11-25 14:06:15	Constructed Console	
2022-11-25 14:06:15	Unable to construct Controller with path favicon.ico	
2022-11-25 14:06:15	#0 /Volumes/htdocs/tigron-invoicing-tool/vendor/multimedium/core/src/M/Controller/Dispatcher.php(872): M\Controller\Dispatcher->getControllerCallback()
#1 /Volumes/htdocs/tigron-invoicing-tool/public/index.php(126): M\Controller\Dispatcher->dispatch()
#2 {main}	
2022-11-25 14:06:15	Destructed Console
--
	
2022-11-25 14:06:15	Constructed Console	
2022-11-25 14:06:15	Method invoice not compliant	
2022-11-25 14:06:15	#0 /Volumes/htdocs/tigron-invoicing-tool/vendor/multimedium/core/src/M/Controller/Dispatcher.php(872): M\Controller\Dispatcher->getControllerCallback()
#1 /Volumes/htdocs/tigron-invoicing-tool/public/index.php(126): M\Controller\Dispatcher->dispatch()
#2 {main}	
2022-11-25 14:06:15	Destructed Console
--
	
2022-11-25 14:06:16	Constructed Console	
2022-11-25 14:06:16	Unable to construct Controller with path favicon.ico	
2022-11-25 14:06:16	#0 /Volumes/htdocs/tigron-invoicing-tool/vendor/multimedium/core/src/M/Controller/Dispatcher.php(872): M\Controller\Dispatcher->getControllerCallback()
#1 /Volumes/htdocs/tigron-invoicing-tool/public/index.php(126): M\Controller\Dispatcher->dispatch()
#2 {main}	
2022-11-25 14:06:16	Destructed Console
--
	
2022-11-25 14:06:16	Constructed Console	
2022-11-25 14:06:16	Method invoice not compliant	
2022-11-25 14:06:16	#0 /Volumes/htdocs/tigron-invoicing-tool/vendor/multimedium/core/src/M/Controller/Dispatcher.php(872): M\Controller\Dispatcher->getControllerCallback()
#1 /Volumes/htdocs/tigron-invoicing-tool/public/index.php(126): M\Controller\Dispatcher->dispatch()
#2 {main}	
2022-11-25 14:06:16	Destructed Console
--
	
2022-11-25 14:06:16	Constructed Console	
2022-11-25 14:06:16	Unable to construct Controller with path favicon.ico	
2022-11-25 14:06:16	#0 /Volumes/htdocs/tigron-invoicing-tool/vendor/multimedium/core/src/M/Controller/Dispatcher.php(872): M\Controller\Dispatcher->getControllerCallback()
#1 /Volumes/htdocs/tigron-invoicing-tool/public/index.php(126): M\Controller\Dispatcher->dispatch()
#2 {main}	
2022-11-25 14:06:16	Destructed Console
--
	
2022-11-25 14:06:16	Constructed Console	
2022-11-25 14:06:16	Method invoice not compliant	
2022-11-25 14:06:16	#0 /Volumes/htdocs/tigron-invoicing-tool/vendor/multimedium/core/src/M/Controller/Dispatcher.php(872): M\Controller\Dispatcher->getControllerCallback()
#1 /Volumes/htdocs/tigron-invoicing-tool/public/index.php(126): M\Controller\Dispatcher->dispatch()
#2 {main}	
2022-11-25 14:06:16	Destructed Console
--
	
2022-11-25 14:06:16	Constructed Console	
2022-11-25 14:06:16	Unable to construct Controller with path favicon.ico	
2022-11-25 14:06:16	#0 /Volumes/htdocs/tigron-invoicing-tool/vendor/multimedium/core/src/M/Controller/Dispatcher.php(872): M\Controller\Dispatcher->getControllerCallback()
#1 /Volumes/htdocs/tigron-invoicing-tool/public/index.php(126): M\Controller\Dispatcher->dispatch()
#2 {main}	
2022-11-25 14:06:16	Destructed Console
--
	
2022-11-25 14:06:33	Constructed Console	
2022-11-25 14:06:33	Unable to construct Controller with path favicon.ico	
2022-11-25 14:06:33	#0 /Volumes/htdocs/tigron-invoicing-tool/vendor/multimedium/core/src/M/Controller/Dispatcher.php(872): M\Controller\Dispatcher->getControllerCallback()
#1 /Volumes/htdocs/tigron-invoicing-tool/public/index.php(126): M\Controller\Dispatcher->dispatch()
#2 {main}	
2022-11-25 14:06:33	Destructed Console
--
	
2022-11-25 14:06:47	Constructed Console	
2022-11-25 14:06:47	Unable to construct Controller with path favicon.ico	
2022-11-25 14:06:47	#0 /Volumes/htdocs/tigron-invoicing-tool/vendor/multimedium/core/src/M/Controller/Dispatcher.php(872): M\Controller\Dispatcher->getControllerCallback()
#1 /Volumes/htdocs/tigron-invoicing-tool/public/index.php(126): M\Controller\Dispatcher->dispatch()
#2 {main}	
2022-11-25 14:06:47	Destructed Console
--
	
2022-11-25 14:07:21	Constructed Console	
2022-11-25 14:07:21	Unable to construct Controller with path favicon.ico	
2022-11-25 14:07:21	#0 /Volumes/htdocs/tigron-invoicing-tool/vendor/multimedium/core/src/M/Controller/Dispatcher.php(872): M\Controller\Dispatcher->getControllerCallback()
#1 /Volumes/htdocs/tigron-invoicing-tool/public/index.php(126): M\Controller\Dispatcher->dispatch()
#2 {main}	
2022-11-25 14:07:21	Destructed Console
--
	
2022-11-25 14:07:39	Constructed Console	
2022-11-25 14:07:39	Unable to construct Controller with path favicon.ico	
2022-11-25 14:07:39	#0 /Volumes/htdocs/tigron-invoicing-tool/vendor/multimedium/core/src/M/Controller/Dispatcher.php(872): M\Controller\Dispatcher->getControllerCallback()
#1 /Volumes/htdocs/tigron-invoicing-tool/public/index.php(126): M\Controller\Dispatcher->dispatch()
#2 {main}	
2022-11-25 14:07:39	Destructed Console
--
	
2022-11-25 14:09:01	Constructed Console	
2022-11-25 14:09:01	Unable to construct Controller with path favicon.ico	
2022-11-25 14:09:01	#0 /Volumes/htdocs/tigron-invoicing-tool/vendor/multimedium/core/src/M/Controller/Dispatcher.php(872): M\Controller\Dispatcher->getControllerCallback()
#1 /Volumes/htdocs/tigron-invoicing-tool/public/index.php(126): M\Controller\Dispatcher->dispatch()
#2 {main}	
2022-11-25 14:09:01	Destructed Console
--
	
2022-11-25 14:09:26	Constructed Console	
2022-11-25 14:09:26	Unable to construct Controller with path favicon.ico	
2022-11-25 14:09:26	#0 /Volumes/htdocs/tigron-invoicing-tool/vendor/multimedium/core/src/M/Controller/Dispatcher.php(872): M\Controller\Dispatcher->getControllerCallback()
#1 /Volumes/htdocs/tigron-invoicing-tool/public/index.php(126): M\Controller\Dispatcher->dispatch()
#2 {main}	
2022-11-25 14:09:26	Destructed Console
--
	
2022-11-25 14:09:28	Constructed Console	
2022-11-25 14:09:28	Unable to construct Controller with path favicon.ico	
2022-11-25 14:09:28	#0 /Volumes/htdocs/tigron-invoicing-tool/vendor/multimedium/core/src/M/Controller/Dispatcher.php(872): M\Controller\Dispatcher->getControllerCallback()
#1 /Volumes/htdocs/tigron-invoicing-tool/public/index.php(126): M\Controller\Dispatcher->dispatch()
#2 {main}	
2022-11-25 14:09:28	Destructed Console
--
	
2022-11-25 14:09:28	Constructed Console	
2022-11-25 14:09:28	Unable to construct Controller with path favicon.ico	
2022-11-25 14:09:28	#0 /Volumes/htdocs/tigron-invoicing-tool/vendor/multimedium/core/src/M/Controller/Dispatcher.php(872): M\Controller\Dispatcher->getControllerCallback()
#1 /Volumes/htdocs/tigron-invoicing-tool/public/index.php(126): M\Controller\Dispatcher->dispatch()
#2 {main}	
2022-11-25 14:09:28	Destructed Console
--
	
2022-11-25 14:09:35	Constructed Console	
2022-11-25 14:09:35	Unable to construct Controller with path favicon.ico	
2022-11-25 14:09:35	#0 /Volumes/htdocs/tigron-invoicing-tool/vendor/multimedium/core/src/M/Controller/Dispatcher.php(872): M\Controller\Dispatcher->getControllerCallback()
#1 /Volumes/htdocs/tigron-invoicing-tool/public/index.php(126): M\Controller\Dispatcher->dispatch()
#2 {main}	
2022-11-25 14:09:35	Destructed Console
--
	
2022-11-25 14:09:35	Constructed Console	
2022-11-25 14:09:35	Unable to construct Controller with path favicon.ico	
2022-11-25 14:09:35	#0 /Volumes/htdocs/tigron-invoicing-tool/vendor/multimedium/core/src/M/Controller/Dispatcher.php(872): M\Controller\Dispatcher->getControllerCallback()
#1 /Volumes/htdocs/tigron-invoicing-tool/public/index.php(126): M\Controller\Dispatcher->dispatch()
#2 {main}	
2022-11-25 14:09:35	Destructed Console
--
	
2022-11-25 14:09:45	Constructed Console	
2022-11-25 14:09:45	Unable to construct Controller with path favicon.ico	
2022-11-25 14:09:45	#0 /Volumes/htdocs/tigron-invoicing-tool/vendor/multimedium/core/src/M/Controller/Dispatcher.php(872): M\Controller\Dispatcher->getControllerCallback()
#1 /Volumes/htdocs/tigron-invoicing-tool/public/index.php(126): M\Controller\Dispatcher->dispatch()
#2 {main}	
2022-11-25 14:09:45	Destructed Console
--
	
2022-11-25 14:10:08	Constructed Console	
2022-11-25 14:10:08	Unable to construct Controller with path favicon.ico	
2022-11-25 14:10:08	#0 /Volumes/htdocs/tigron-invoicing-tool/vendor/multimedium/core/src/M/Controller/Dispatcher.php(872): M\Controller\Dispatcher->getControllerCallback()
#1 /Volumes/htdocs/tigron-invoicing-tool/public/index.php(126): M\Controller\Dispatcher->dispatch()
#2 {main}	
2022-11-25 14:10:08	Destructed Console
--
	
2022-11-25 14:10:16	Constructed Console	
2022-11-25 14:10:16	Unable to construct Controller with path favicon.ico	
2022-11-25 14:10:16	#0 /Volumes/htdocs/tigron-invoicing-tool/vendor/multimedium/core/src/M/Controller/Dispatcher.php(872): M\Controller\Dispatcher->getControllerCallback()
#1 /Volumes/htdocs/tigron-invoicing-tool/public/index.php(126): M\Controller\Dispatcher->dispatch()
#2 {main}	
2022-11-25 14:10:16	Destructed Console
--
	
2022-11-25 14:12:02	Constructed Console	
2022-11-25 14:12:02	Unable to construct Controller with path favicon.ico	
2022-11-25 14:12:02	#0 /Volumes/htdocs/tigron-invoicing-tool/vendor/multimedium/core/src/M/Controller/Dispatcher.php(872): M\Controller\Dispatcher->getControllerCallback()
#1 /Volumes/htdocs/tigron-invoicing-tool/public/index.php(126): M\Controller\Dispatcher->dispatch()
#2 {main}	
2022-11-25 14:12:02	Destructed Console
--
	
2022-11-25 14:12:09	Constructed Console	
2022-11-25 14:12:09	Unable to construct Controller with path favicon.ico	
2022-11-25 14:12:09	#0 /Volumes/htdocs/tigron-invoicing-tool/vendor/multimedium/core/src/M/Controller/Dispatcher.php(872): M\Controller\Dispatcher->getControllerCallback()
#1 /Volumes/htdocs/tigron-invoicing-tool/public/index.php(126): M\Controller\Dispatcher->dispatch()
#2 {main}	
2022-11-25 14:12:09	Destructed Console
--
	
2022-11-25 14:12:26	Constructed Console	
2022-11-25 14:12:26	Unable to construct Controller with path favicon.ico	
2022-11-25 14:12:26	#0 /Volumes/htdocs/tigron-invoicing-tool/vendor/multimedium/core/src/M/Controller/Dispatcher.php(872): M\Controller\Dispatcher->getControllerCallback()
#1 /Volumes/htdocs/tigron-invoicing-tool/public/index.php(126): M\Controller\Dispatcher->dispatch()
#2 {main}	
2022-11-25 14:12:26	Destructed Console
--
	
2022-11-25 14:12:38	Constructed Console	
2022-11-25 14:12:38	Unable to construct Controller with path favicon.ico	
2022-11-25 14:12:38	#0 /Volumes/htdocs/tigron-invoicing-tool/vendor/multimedium/core/src/M/Controller/Dispatcher.php(872): M\Controller\Dispatcher->getControllerCallback()
#1 /Volumes/htdocs/tigron-invoicing-tool/public/index.php(126): M\Controller\Dispatcher->dispatch()
#2 {main}	
2022-11-25 14:12:38	Destructed Console
--
	
2022-11-25 14:13:08	Constructed Console	
2022-11-25 14:13:08	Unable to construct Controller with path favicon.ico	
2022-11-25 14:13:08	#0 /Volumes/htdocs/tigron-invoicing-tool/vendor/multimedium/core/src/M/Controller/Dispatcher.php(872): M\Controller\Dispatcher->getControllerCallback()
#1 /Volumes/htdocs/tigron-invoicing-tool/public/index.php(126): M\Controller\Dispatcher->dispatch()
#2 {main}	
2022-11-25 14:13:08	Destructed Console
--
	
2022-11-25 14:13:12	Constructed Console	
2022-11-25 14:13:12	Unable to construct Controller with path favicon.ico	
2022-11-25 14:13:12	#0 /Volumes/htdocs/tigron-invoicing-tool/vendor/multimedium/core/src/M/Controller/Dispatcher.php(872): M\Controller\Dispatcher->getControllerCallback()
#1 /Volumes/htdocs/tigron-invoicing-tool/public/index.php(126): M\Controller\Dispatcher->dispatch()
#2 {main}	
2022-11-25 14:13:12	Destructed Console
--
	
2022-11-25 14:15:20	Constructed Console	
2022-11-25 14:15:20	Unable to construct Controller with path favicon.ico	
2022-11-25 14:15:20	#0 /Volumes/htdocs/tigron-invoicing-tool/vendor/multimedium/core/src/M/Controller/Dispatcher.php(872): M\Controller\Dispatcher->getControllerCallback()
#1 /Volumes/htdocs/tigron-invoicing-tool/public/index.php(126): M\Controller\Dispatcher->dispatch()
#2 {main}	
2022-11-25 14:15:20	Destructed Console
--
	
2022-11-25 14:15:20	Constructed Console	
2022-11-25 14:15:20	Unable to construct Controller with path favicon.ico	
2022-11-25 14:15:20	#0 /Volumes/htdocs/tigron-invoicing-tool/vendor/multimedium/core/src/M/Controller/Dispatcher.php(872): M\Controller\Dispatcher->getControllerCallback()
#1 /Volumes/htdocs/tigron-invoicing-tool/public/index.php(126): M\Controller\Dispatcher->dispatch()
#2 {main}	
2022-11-25 14:15:20	Destructed Console
--
	
2022-11-25 14:15:42	Constructed Console	
2022-11-25 14:15:42	Unable to construct Controller with path favicon.ico	
2022-11-25 14:15:42	#0 /Volumes/htdocs/tigron-invoicing-tool/vendor/multimedium/core/src/M/Controller/Dispatcher.php(872): M\Controller\Dispatcher->getControllerCallback()
#1 /Volumes/htdocs/tigron-invoicing-tool/public/index.php(126): M\Controller\Dispatcher->dispatch()
#2 {main}	
2022-11-25 14:15:42	Destructed Console
--
	
2022-11-25 14:22:40	Constructed Console	
2022-11-25 14:22:40	Unable to construct Controller with path favicon.ico	
2022-11-25 14:22:40	#0 /Volumes/htdocs/tigron-invoicing-tool/vendor/multimedium/core/src/M/Controller/Dispatcher.php(872): M\Controller\Dispatcher->getControllerCallback()
#1 /Volumes/htdocs/tigron-invoicing-tool/public/index.php(126): M\Controller\Dispatcher->dispatch()
#2 {main}	
2022-11-25 14:22:40	Destructed Console
--
	
2022-11-25 14:50:07	Constructed Console	
2022-11-25 14:50:07	Unable to construct Controller with path favicon.ico	
2022-11-25 14:50:07	#0 /Volumes/htdocs/tigron-invoicing-tool/vendor/multimedium/core/src/M/Controller/Dispatcher.php(872): M\Controller\Dispatcher->getControllerCallback()
#1 /Volumes/htdocs/tigron-invoicing-tool/public/index.php(126): M\Controller\Dispatcher->dispatch()
#2 {main}	
2022-11-25 14:50:07	Destructed Console
--
	
2022-11-25 15:01:34	Constructed Console	
2022-11-25 15:01:34	Unable to construct Controller with path favicon.ico	
2022-11-25 15:01:34	#0 /Volumes/htdocs/tigron-invoicing-tool/vendor/multimedium/core/src/M/Controller/Dispatcher.php(872): M\Controller\Dispatcher->getControllerCallback()
#1 /Volumes/htdocs/tigron-invoicing-tool/public/index.php(126): M\Controller\Dispatcher->dispatch()
#2 {main}	
2022-11-25 15:01:34	Destructed Console
--
	
2022-11-25 15:04:27	Constructed Console	
2022-11-25 15:04:27	Unable to construct Controller with path favicon.ico	
2022-11-25 15:04:27	#0 /Volumes/htdocs/tigron-invoicing-tool/vendor/multimedium/core/src/M/Controller/Dispatcher.php(872): M\Controller\Dispatcher->getControllerCallback()
#1 /Volumes/htdocs/tigron-invoicing-tool/public/index.php(126): M\Controller\Dispatcher->dispatch()
#2 {main}	
2022-11-25 15:04:27	Destructed Console
--
	
2022-11-25 15:04:35	Constructed Console	
2022-11-25 15:04:35	Unable to construct Controller with path favicon.ico	
2022-11-25 15:04:35	#0 /Volumes/htdocs/tigron-invoicing-tool/vendor/multimedium/core/src/M/Controller/Dispatcher.php(872): M\Controller\Dispatcher->getControllerCallback()
#1 /Volumes/htdocs/tigron-invoicing-tool/public/index.php(126): M\Controller\Dispatcher->dispatch()
#2 {main}	
2022-11-25 15:04:35	Destructed Console
--
	
2022-11-25 15:05:03	Constructed Console	
2022-11-25 15:05:03	Unable to construct Controller with path favicon.ico	
2022-11-25 15:05:03	#0 /Volumes/htdocs/tigron-invoicing-tool/vendor/multimedium/core/src/M/Controller/Dispatcher.php(872): M\Controller\Dispatcher->getControllerCallback()
#1 /Volumes/htdocs/tigron-invoicing-tool/public/index.php(126): M\Controller\Dispatcher->dispatch()
#2 {main}	
2022-11-25 15:05:03	Destructed Console
--
	
2022-11-25 15:05:11	Constructed Console	
2022-11-25 15:05:11	Unable to construct Controller with path favicon.ico	
2022-11-25 15:05:11	#0 /Volumes/htdocs/tigron-invoicing-tool/vendor/multimedium/core/src/M/Controller/Dispatcher.php(872): M\Controller\Dispatcher->getControllerCallback()
#1 /Volumes/htdocs/tigron-invoicing-tool/public/index.php(126): M\Controller\Dispatcher->dispatch()
#2 {main}	
2022-11-25 15:05:11	Destructed Console
--
	
2022-11-25 15:05:17	Constructed Console	
2022-11-25 15:05:17	Unable to construct Controller with path favicon.ico	
2022-11-25 15:05:17	#0 /Volumes/htdocs/tigron-invoicing-tool/vendor/multimedium/core/src/M/Controller/Dispatcher.php(872): M\Controller\Dispatcher->getControllerCallback()
#1 /Volumes/htdocs/tigron-invoicing-tool/public/index.php(126): M\Controller\Dispatcher->dispatch()
#2 {main}	
2022-11-25 15:05:17	Destructed Console
--
	
2022-11-25 15:08:34	Constructed Console	
2022-11-25 15:08:34	Unable to construct Controller with path favicon.ico	
2022-11-25 15:08:34	#0 /Volumes/htdocs/tigron-invoicing-tool/vendor/multimedium/core/src/M/Controller/Dispatcher.php(872): M\Controller\Dispatcher->getControllerCallback()
#1 /Volumes/htdocs/tigron-invoicing-tool/public/index.php(126): M\Controller\Dispatcher->dispatch()
#2 {main}	
2022-11-25 15:08:34	Destructed Console
--
	
2022-11-25 15:09:22	Constructed Console	
2022-11-25 15:09:22	Unable to construct Controller with path favicon.ico	
2022-11-25 15:09:22	#0 /Volumes/htdocs/tigron-invoicing-tool/vendor/multimedium/core/src/M/Controller/Dispatcher.php(872): M\Controller\Dispatcher->getControllerCallback()
#1 /Volumes/htdocs/tigron-invoicing-tool/public/index.php(126): M\Controller\Dispatcher->dispatch()
#2 {main}	
2022-11-25 15:09:22	Destructed Console
--
	
2022-11-25 15:09:44	Constructed Console	
2022-11-25 15:09:44	Unable to construct Controller with path favicon.ico	
2022-11-25 15:09:44	#0 /Volumes/htdocs/tigron-invoicing-tool/vendor/multimedium/core/src/M/Controller/Dispatcher.php(872): M\Controller\Dispatcher->getControllerCallback()
#1 /Volumes/htdocs/tigron-invoicing-tool/public/index.php(126): M\Controller\Dispatcher->dispatch()
#2 {main}	
2022-11-25 15:09:44	Destructed Console
--
	
2022-11-25 15:10:37	Constructed Console	
2022-11-25 15:10:37	Unable to construct Controller with path favicon.ico	
2022-11-25 15:10:37	#0 /Volumes/htdocs/tigron-invoicing-tool/vendor/multimedium/core/src/M/Controller/Dispatcher.php(872): M\Controller\Dispatcher->getControllerCallback()
#1 /Volumes/htdocs/tigron-invoicing-tool/public/index.php(126): M\Controller\Dispatcher->dispatch()
#2 {main}	
2022-11-25 15:10:37	Destructed Console
--
	
2022-11-25 15:11:29	Constructed Console	
2022-11-25 15:11:29	Unable to construct Controller with path favicon.ico	
2022-11-25 15:11:29	#0 /Volumes/htdocs/tigron-invoicing-tool/vendor/multimedium/core/src/M/Controller/Dispatcher.php(872): M\Controller\Dispatcher->getControllerCallback()
#1 /Volumes/htdocs/tigron-invoicing-tool/public/index.php(126): M\Controller\Dispatcher->dispatch()
#2 {main}	
2022-11-25 15:11:29	Destructed Console
--
	
2022-11-25 15:40:55	Constructed Console	
2022-11-25 15:40:55	Unable to construct Controller with path favicon.ico	
2022-11-25 15:40:55	#0 /Volumes/htdocs/tigron-invoicing-tool/vendor/multimedium/core/src/M/Controller/Dispatcher.php(872): M\Controller\Dispatcher->getControllerCallback()
#1 /Volumes/htdocs/tigron-invoicing-tool/public/index.php(126): M\Controller\Dispatcher->dispatch()
#2 {main}	
2022-11-25 15:40:55	Destructed Console
--
	
2022-11-25 15:44:55	Constructed Console	
2022-11-25 15:44:55	Unable to construct Controller with path js/invoice.js	
2022-11-25 15:44:55	#0 /Volumes/htdocs/tigron-invoicing-tool/vendor/multimedium/core/src/M/Controller/Dispatcher.php(872): M\Controller\Dispatcher->getControllerCallback()
#1 /Volumes/htdocs/tigron-invoicing-tool/public/index.php(126): M\Controller\Dispatcher->dispatch()
#2 {main}	
2022-11-25 15:44:55	Destructed Console
--
	
2022-11-25 15:44:55	Constructed Console	
2022-11-25 15:44:55	Unable to construct Controller with path favicon.ico	
2022-11-25 15:44:55	#0 /Volumes/htdocs/tigron-invoicing-tool/vendor/multimedium/core/src/M/Controller/Dispatcher.php(872): M\Controller\Dispatcher->getControllerCallback()
#1 /Volumes/htdocs/tigron-invoicing-tool/public/index.php(126): M\Controller\Dispatcher->dispatch()
#2 {main}	
2022-11-25 15:44:55	Destructed Console
--
	
2022-11-25 15:44:58	Constructed Console	
2022-11-25 15:44:58	Unable to construct Controller with path favicon.ico	
2022-11-25 15:44:58	#0 /Volumes/htdocs/tigron-invoicing-tool/vendor/multimedium/core/src/M/Controller/Dispatcher.php(872): M\Controller\Dispatcher->getControllerCallback()
#1 /Volumes/htdocs/tigron-invoicing-tool/public/index.php(126): M\Controller\Dispatcher->dispatch()
#2 {main}	
2022-11-25 15:44:58	Destructed Console
--
	
2022-11-25 15:50:13	Constructed Console	
2022-11-25 15:50:13	Unable to construct Controller with path favicon.ico	
2022-11-25 15:50:13	#0 /Volumes/htdocs/tigron-invoicing-tool/vendor/multimedium/core/src/M/Controller/Dispatcher.php(872): M\Controller\Dispatcher->getControllerCallback()
#1 /Volumes/htdocs/tigron-invoicing-tool/public/index.php(126): M\Controller\Dispatcher->dispatch()
#2 {main}	
2022-11-25 15:50:13	Destructed Console
--
	
