2022-11-17 09:42:59	Constructed Console	
2022-11-17 09:42:59	Error in soap call: 99999: No permission for user teamleader-dev	
2022-11-17 09:42:59	#0 /Volumes/htdocs/tigron-invoicing-tool/vendor/tigron/tigron-api-client/Tigron/Cp/Invoice.php(105): Tigron\Cp\Client\Soap->__call('get_by_id', Array)
#1 /Volumes/htdocs/tigron-invoicing-tool/app/Main/Module/Tigron/Controller/Tigron.php(26): Tigron\Cp\Invoice::get_by_id(5)
#2 [internal function]: Main\Module\Tigron\Controller\Tigron->index()
#3 /Volumes/htdocs/tigron-invoicing-tool/vendor/multimedium/core/src/M/Util/Callback.php(747): call_user_func_array(Array, Array)
#4 /Volumes/htdocs/tigron-invoicing-tool/vendor/multimedium/core/src/M/Controller/Dispatcher.php(881): M\Util\Callback->run()
#5 /Volumes/htdocs/tigron-invoicing-tool/public/index.php(126): M\Controller\Dispatcher->dispatch()
#6 {main}	
2022-11-17 09:42:59	Error in soap call: 99999: No permission for user teamleader-dev	
2022-11-17 09:42:59	#0 /Volumes/htdocs/tigron-invoicing-tool/vendor/tigron/tigron-api-client/Tigron/Cp/Invoice.php(105): Tigron\Cp\Client\Soap->__call('get_by_id', Array)
#1 /Volumes/htdocs/tigron-invoicing-tool/app/Main/Module/Tigron/Controller/Tigron.php(26): Tigron\Cp\Invoice::get_by_id(5)
#2 [internal function]: Main\Module\Tigron\Controller\Tigron->index()
#3 /Volumes/htdocs/tigron-invoicing-tool/vendor/multimedium/core/src/M/Util/Callback.php(747): call_user_func_array(Array, Array)
#4 /Volumes/htdocs/tigron-invoicing-tool/vendor/multimedium/core/src/M/Controller/Dispatcher.php(881): M\Util\Callback->run()
#5 /Volumes/htdocs/tigron-invoicing-tool/public/index.php(126): M\Controller\Dispatcher->dispatch()
#6 {main}	
2022-11-17 09:42:59	Destructed Console
--
	
2022-11-17 12:02:24	Constructed Console	
2022-11-17 12:02:24	Class \Main\Module\Tigron\Controller\Tigron does not exist	
2022-11-17 12:02:24	#0 /Volumes/htdocs/tigron-invoicing-tool/vendor/multimedium/core/src/M/Controller/Dispatcher.php(994): ReflectionClass->__construct('\\Main\\Module\\Ti...')
#1 /Volumes/htdocs/tigron-invoicing-tool/vendor/multimedium/core/src/M/Controller/Dispatcher.php(1079): M\Controller\Dispatcher->_getController('\\Main\\Module\\Ti...')
#2 /Volumes/htdocs/tigron-invoicing-tool/vendor/multimedium/core/src/M/Controller/Dispatcher.php(759): M\Controller\Dispatcher->_getControllerFromPathElements(Array, NULL)
#3 /Volumes/htdocs/tigron-invoicing-tool/vendor/multimedium/core/src/M/Controller/Dispatcher.php(872): M\Controller\Dispatcher->getControllerCallback()
#4 /Volumes/htdocs/tigron-invoicing-tool/public/index.php(126): M\Controller\Dispatcher->dispatch()
#5 {main}	
2022-11-17 12:02:24	Destructed Console
--
	
2022-11-17 12:16:31	Constructed Console	
2022-11-17 12:16:31	Error in soap call: 99999: No permission for user teamleader-dev	
2022-11-17 12:16:31	#0 /Volumes/htdocs/tigron-invoicing-tool/vendor/tigron/tigron-api-client/Tigron/Cp/Invoice.php(105): Tigron\Cp\Client\Soap->__call('get_by_id', Array)
#1 /Volumes/htdocs/tigron-invoicing-tool/app/Main/Module/Tigron/Controller/Tigron.php(27): Tigron\Cp\Invoice::get_by_id(5)
#2 [internal function]: Main\Module\Tigron\Controller\Tigron->index()
#3 /Volumes/htdocs/tigron-invoicing-tool/vendor/multimedium/core/src/M/Util/Callback.php(747): call_user_func_array(Array, Array)
#4 /Volumes/htdocs/tigron-invoicing-tool/vendor/multimedium/core/src/M/Controller/Dispatcher.php(881): M\Util\Callback->run()
#5 /Volumes/htdocs/tigron-invoicing-tool/public/index.php(126): M\Controller\Dispatcher->dispatch()
#6 {main}	
2022-11-17 12:16:31	Error in soap call: 99999: No permission for user teamleader-dev	
2022-11-17 12:16:31	#0 /Volumes/htdocs/tigron-invoicing-tool/vendor/tigron/tigron-api-client/Tigron/Cp/Invoice.php(105): Tigron\Cp\Client\Soap->__call('get_by_id', Array)
#1 /Volumes/htdocs/tigron-invoicing-tool/app/Main/Module/Tigron/Controller/Tigron.php(27): Tigron\Cp\Invoice::get_by_id(5)
#2 [internal function]: Main\Module\Tigron\Controller\Tigron->index()
#3 /Volumes/htdocs/tigron-invoicing-tool/vendor/multimedium/core/src/M/Util/Callback.php(747): call_user_func_array(Array, Array)
#4 /Volumes/htdocs/tigron-invoicing-tool/vendor/multimedium/core/src/M/Controller/Dispatcher.php(881): M\Util\Callback->run()
#5 /Volumes/htdocs/tigron-invoicing-tool/public/index.php(126): M\Controller\Dispatcher->dispatch()
#6 {main}	
2022-11-17 12:16:31	Destructed Console
--
	
2022-11-17 12:20:14	Constructed Console	
2022-11-17 12:20:14	Error in soap call: 99999: No permission for user teamleader-dev	
2022-11-17 12:20:14	#0 /Volumes/htdocs/tigron-invoicing-tool/vendor/tigron/tigron-api-client/Tigron/Cp/Invoice.php(105): Tigron\Cp\Client\Soap->__call('get_by_id', Array)
#1 /Volumes/htdocs/tigron-invoicing-tool/app/Main/Module/Tigron/Controller/Tigron.php(27): Tigron\Cp\Invoice::get_by_id(338)
#2 [internal function]: Main\Module\Tigron\Controller\Tigron->index()
#3 /Volumes/htdocs/tigron-invoicing-tool/vendor/multimedium/core/src/M/Util/Callback.php(747): call_user_func_array(Array, Array)
#4 /Volumes/htdocs/tigron-invoicing-tool/vendor/multimedium/core/src/M/Controller/Dispatcher.php(881): M\Util\Callback->run()
#5 /Volumes/htdocs/tigron-invoicing-tool/public/index.php(126): M\Controller\Dispatcher->dispatch()
#6 {main}	
2022-11-17 12:20:14	Error in soap call: 99999: No permission for user teamleader-dev	
2022-11-17 12:20:14	#0 /Volumes/htdocs/tigron-invoicing-tool/vendor/tigron/tigron-api-client/Tigron/Cp/Invoice.php(105): Tigron\Cp\Client\Soap->__call('get_by_id', Array)
#1 /Volumes/htdocs/tigron-invoicing-tool/app/Main/Module/Tigron/Controller/Tigron.php(27): Tigron\Cp\Invoice::get_by_id(338)
#2 [internal function]: Main\Module\Tigron\Controller\Tigron->index()
#3 /Volumes/htdocs/tigron-invoicing-tool/vendor/multimedium/core/src/M/Util/Callback.php(747): call_user_func_array(Array, Array)
#4 /Volumes/htdocs/tigron-invoicing-tool/vendor/multimedium/core/src/M/Controller/Dispatcher.php(881): M\Util\Callback->run()
#5 /Volumes/htdocs/tigron-invoicing-tool/public/index.php(126): M\Controller\Dispatcher->dispatch()
#6 {main}	
2022-11-17 12:20:14	Destructed Console
--
	
2022-11-17 12:20:39	Constructed Console	
2022-11-17 12:20:39	Error in soap call: 99999: No permission for user teamleader-dev	
2022-11-17 12:20:39	#0 /Volumes/htdocs/tigron-invoicing-tool/vendor/tigron/tigron-api-client/Tigron/Cp/Invoice.php(105): Tigron\Cp\Client\Soap->__call('get_by_id', Array)
#1 /Volumes/htdocs/tigron-invoicing-tool/app/Main/Module/Tigron/Controller/Tigron.php(27): Tigron\Cp\Invoice::get_by_id(338)
#2 [internal function]: Main\Module\Tigron\Controller\Tigron->index()
#3 /Volumes/htdocs/tigron-invoicing-tool/vendor/multimedium/core/src/M/Util/Callback.php(747): call_user_func_array(Array, Array)
#4 /Volumes/htdocs/tigron-invoicing-tool/vendor/multimedium/core/src/M/Controller/Dispatcher.php(881): M\Util\Callback->run()
#5 /Volumes/htdocs/tigron-invoicing-tool/public/index.php(126): M\Controller\Dispatcher->dispatch()
#6 {main}	
2022-11-17 12:20:39	Error in soap call: 99999: No permission for user teamleader-dev	
2022-11-17 12:20:39	#0 /Volumes/htdocs/tigron-invoicing-tool/vendor/tigron/tigron-api-client/Tigron/Cp/Invoice.php(105): Tigron\Cp\Client\Soap->__call('get_by_id', Array)
#1 /Volumes/htdocs/tigron-invoicing-tool/app/Main/Module/Tigron/Controller/Tigron.php(27): Tigron\Cp\Invoice::get_by_id(338)
#2 [internal function]: Main\Module\Tigron\Controller\Tigron->index()
#3 /Volumes/htdocs/tigron-invoicing-tool/vendor/multimedium/core/src/M/Util/Callback.php(747): call_user_func_array(Array, Array)
#4 /Volumes/htdocs/tigron-invoicing-tool/vendor/multimedium/core/src/M/Controller/Dispatcher.php(881): M\Util\Callback->run()
#5 /Volumes/htdocs/tigron-invoicing-tool/public/index.php(126): M\Controller\Dispatcher->dispatch()
#6 {main}	
2022-11-17 12:20:39	Destructed Console
--
	
2022-11-17 12:20:41	Constructed Console	
2022-11-17 12:20:41	Error in soap call: 99999: No permission for user teamleader-dev	
2022-11-17 12:20:41	#0 /Volumes/htdocs/tigron-invoicing-tool/vendor/tigron/tigron-api-client/Tigron/Cp/Invoice.php(105): Tigron\Cp\Client\Soap->__call('get_by_id', Array)
#1 /Volumes/htdocs/tigron-invoicing-tool/app/Main/Module/Tigron/Controller/Tigron.php(27): Tigron\Cp\Invoice::get_by_id(338)
#2 [internal function]: Main\Module\Tigron\Controller\Tigron->index()
#3 /Volumes/htdocs/tigron-invoicing-tool/vendor/multimedium/core/src/M/Util/Callback.php(747): call_user_func_array(Array, Array)
#4 /Volumes/htdocs/tigron-invoicing-tool/vendor/multimedium/core/src/M/Controller/Dispatcher.php(881): M\Util\Callback->run()
#5 /Volumes/htdocs/tigron-invoicing-tool/public/index.php(126): M\Controller\Dispatcher->dispatch()
#6 {main}	
2022-11-17 12:20:41	Error in soap call: 99999: No permission for user teamleader-dev	
2022-11-17 12:20:41	#0 /Volumes/htdocs/tigron-invoicing-tool/vendor/tigron/tigron-api-client/Tigron/Cp/Invoice.php(105): Tigron\Cp\Client\Soap->__call('get_by_id', Array)
#1 /Volumes/htdocs/tigron-invoicing-tool/app/Main/Module/Tigron/Controller/Tigron.php(27): Tigron\Cp\Invoice::get_by_id(338)
#2 [internal function]: Main\Module\Tigron\Controller\Tigron->index()
#3 /Volumes/htdocs/tigron-invoicing-tool/vendor/multimedium/core/src/M/Util/Callback.php(747): call_user_func_array(Array, Array)
#4 /Volumes/htdocs/tigron-invoicing-tool/vendor/multimedium/core/src/M/Controller/Dispatcher.php(881): M\Util\Callback->run()
#5 /Volumes/htdocs/tigron-invoicing-tool/public/index.php(126): M\Controller\Dispatcher->dispatch()
#6 {main}	
2022-11-17 12:20:41	Destructed Console
--
	
2022-11-17 12:24:59	Constructed Console	
2022-11-17 12:24:59	Error in soap call: 99999: No permission for user teamleader-dev	
2022-11-17 12:24:59	#0 /Volumes/htdocs/tigron-invoicing-tool/vendor/tigron/tigron-api-client/Tigron/Cp/Invoice.php(105): Tigron\Cp\Client\Soap->__call('get_by_id', Array)
#1 /Volumes/htdocs/tigron-invoicing-tool/app/Main/Module/Tigron/Controller/Tigron.php(27): Tigron\Cp\Invoice::get_by_id(25592)
#2 [internal function]: Main\Module\Tigron\Controller\Tigron->index()
#3 /Volumes/htdocs/tigron-invoicing-tool/vendor/multimedium/core/src/M/Util/Callback.php(747): call_user_func_array(Array, Array)
#4 /Volumes/htdocs/tigron-invoicing-tool/vendor/multimedium/core/src/M/Controller/Dispatcher.php(881): M\Util\Callback->run()
#5 /Volumes/htdocs/tigron-invoicing-tool/public/index.php(126): M\Controller\Dispatcher->dispatch()
#6 {main}	
2022-11-17 12:24:59	Error in soap call: 99999: No permission for user teamleader-dev	
2022-11-17 12:24:59	#0 /Volumes/htdocs/tigron-invoicing-tool/vendor/tigron/tigron-api-client/Tigron/Cp/Invoice.php(105): Tigron\Cp\Client\Soap->__call('get_by_id', Array)
#1 /Volumes/htdocs/tigron-invoicing-tool/app/Main/Module/Tigron/Controller/Tigron.php(27): Tigron\Cp\Invoice::get_by_id(25592)
#2 [internal function]: Main\Module\Tigron\Controller\Tigron->index()
#3 /Volumes/htdocs/tigron-invoicing-tool/vendor/multimedium/core/src/M/Util/Callback.php(747): call_user_func_array(Array, Array)
#4 /Volumes/htdocs/tigron-invoicing-tool/vendor/multimedium/core/src/M/Controller/Dispatcher.php(881): M\Util\Callback->run()
#5 /Volumes/htdocs/tigron-invoicing-tool/public/index.php(126): M\Controller\Dispatcher->dispatch()
#6 {main}	
2022-11-17 12:24:59	Destructed Console
--
	
2022-11-17 12:34:56	Constructed Console	
2022-11-17 12:34:56	Client error: `GET https://api.focus.teamleader.eu/companies.list?page%5Bnumber%5D=1&page%5Bsize%5D=100` resulted in a `401 Unauthorized` response:
{"errors":[{"title":"Access token expired","status":401}]}
	
2022-11-17 12:34:56	#0 /Volumes/htdocs/tigron-invoicing-tool/vendor/guzzlehttp/guzzle/src/Middleware.php(66): GuzzleHttp\Exception\RequestException::create(Object(GuzzleHttp\Psr7\Request), Object(GuzzleHttp\Psr7\Response))
#1 /Volumes/htdocs/tigron-invoicing-tool/vendor/guzzlehttp/promises/src/Promise.php(204): GuzzleHttp\Middleware::GuzzleHttp\{closure}(Object(GuzzleHttp\Psr7\Response))
#2 /Volumes/htdocs/tigron-invoicing-tool/vendor/guzzlehttp/promises/src/Promise.php(153): GuzzleHttp\Promise\Promise::callHandler(1, Object(GuzzleHttp\Psr7\Response), NULL)
#3 /Volumes/htdocs/tigron-invoicing-tool/vendor/guzzlehttp/promises/src/TaskQueue.php(48): GuzzleHttp\Promise\Promise::GuzzleHttp\Promise\{closure}()
#4 /Volumes/htdocs/tigron-invoicing-tool/vendor/guzzlehttp/promises/src/Promise.php(248): GuzzleHttp\Promise\TaskQueue->run(true)
#5 /Volumes/htdocs/tigron-invoicing-tool/vendor/guzzlehttp/promises/src/Promise.php(224): GuzzleHttp\Promise\Promise->invokeWaitFn()
#6 /Volumes/htdocs/tigron-invoicing-tool/vendor/guzzlehttp/promises/src/Promise.php(269): GuzzleHttp\Promise\Promise->waitIfPending()
#7 /Volumes/htdocs/tigron-invoicing-tool/vendor/guzzlehttp/promises/src/Promise.php(226): GuzzleHttp\Promise\Promise->invokeWaitList()
#8 /Volumes/htdocs/tigron-invoicing-tool/vendor/guzzlehttp/promises/src/Promise.php(62): GuzzleHttp\Promise\Promise->waitIfPending()
#9 /Volumes/htdocs/tigron-invoicing-tool/vendor/guzzlehttp/guzzle/src/Client.php(186): GuzzleHttp\Promise\Promise->wait()
#10 /Volumes/htdocs/tigron-invoicing-tool/app/Main/Module/Sync/Controller/Sync.php(129): GuzzleHttp\Client->request('GET', 'https://api.foc...', Array)
#11 /Volumes/htdocs/tigron-invoicing-tool/app/Main/Module/Sync/Controller/Sync.php(46): Main\Module\Sync\Controller\Sync->getBatch(1)
#12 [internal function]: Main\Module\Sync\Controller\Sync->sync()
#13 /Volumes/htdocs/tigron-invoicing-tool/vendor/multimedium/core/src/M/Util/Callback.php(747): call_user_func_array(Array, Array)
#14 /Volumes/htdocs/tigron-invoicing-tool/vendor/multimedium/core/src/M/Controller/Dispatcher.php(881): M\Util\Callback->run()
#15 /Volumes/htdocs/tigron-invoicing-tool/public/index.php(126): M\Controller\Dispatcher->dispatch()
#16 {main}	
2022-11-17 12:34:56	Client error: `GET https://api.focus.teamleader.eu/companies.list?page%5Bnumber%5D=1&page%5Bsize%5D=100` resulted in a `401 Unauthorized` response:
{"errors":[{"title":"Access token expired","status":401}]}
	
2022-11-17 12:34:56	#0 /Volumes/htdocs/tigron-invoicing-tool/vendor/guzzlehttp/guzzle/src/Middleware.php(66): GuzzleHttp\Exception\RequestException::create(Object(GuzzleHttp\Psr7\Request), Object(GuzzleHttp\Psr7\Response))
#1 /Volumes/htdocs/tigron-invoicing-tool/vendor/guzzlehttp/promises/src/Promise.php(204): GuzzleHttp\Middleware::GuzzleHttp\{closure}(Object(GuzzleHttp\Psr7\Response))
#2 /Volumes/htdocs/tigron-invoicing-tool/vendor/guzzlehttp/promises/src/Promise.php(153): GuzzleHttp\Promise\Promise::callHandler(1, Object(GuzzleHttp\Psr7\Response), NULL)
#3 /Volumes/htdocs/tigron-invoicing-tool/vendor/guzzlehttp/promises/src/TaskQueue.php(48): GuzzleHttp\Promise\Promise::GuzzleHttp\Promise\{closure}()
#4 /Volumes/htdocs/tigron-invoicing-tool/vendor/guzzlehttp/promises/src/Promise.php(248): GuzzleHttp\Promise\TaskQueue->run(true)
#5 /Volumes/htdocs/tigron-invoicing-tool/vendor/guzzlehttp/promises/src/Promise.php(224): GuzzleHttp\Promise\Promise->invokeWaitFn()
#6 /Volumes/htdocs/tigron-invoicing-tool/vendor/guzzlehttp/promises/src/Promise.php(269): GuzzleHttp\Promise\Promise->waitIfPending()
#7 /Volumes/htdocs/tigron-invoicing-tool/vendor/guzzlehttp/promises/src/Promise.php(226): GuzzleHttp\Promise\Promise->invokeWaitList()
#8 /Volumes/htdocs/tigron-invoicing-tool/vendor/guzzlehttp/promises/src/Promise.php(62): GuzzleHttp\Promise\Promise->waitIfPending()
#9 /Volumes/htdocs/tigron-invoicing-tool/vendor/guzzlehttp/guzzle/src/Client.php(186): GuzzleHttp\Promise\Promise->wait()
#10 /Volumes/htdocs/tigron-invoicing-tool/app/Main/Module/Sync/Controller/Sync.php(129): GuzzleHttp\Client->request('GET', 'https://api.foc...', Array)
#11 /Volumes/htdocs/tigron-invoicing-tool/app/Main/Module/Sync/Controller/Sync.php(46): Main\Module\Sync\Controller\Sync->getBatch(1)
#12 [internal function]: Main\Module\Sync\Controller\Sync->sync()
#13 /Volumes/htdocs/tigron-invoicing-tool/vendor/multimedium/core/src/M/Util/Callback.php(747): call_user_func_array(Array, Array)
#14 /Volumes/htdocs/tigron-invoicing-tool/vendor/multimedium/core/src/M/Controller/Dispatcher.php(881): M\Util\Callback->run()
#15 /Volumes/htdocs/tigron-invoicing-tool/public/index.php(126): M\Controller\Dispatcher->dispatch()
#16 {main}	
2022-11-17 12:34:56	Destructed Console
--
	
