2022-11-23 10:50:51	Constructed Console	
2022-11-23 10:50:51	Unable to construct Controller with path favicon.ico	
2022-11-23 10:50:51	#0 /Volumes/htdocs/tigron-invoicing-tool/vendor/multimedium/core/src/M/Controller/Dispatcher.php(872): M\Controller\Dispatcher->getControllerCallback()
#1 /Volumes/htdocs/tigron-invoicing-tool/public/index.php(126): M\Controller\Dispatcher->dispatch()
#2 {main}	
2022-11-23 10:50:51	Destructed Console
--
	
2022-11-23 10:51:04	Constructed Console	
2022-11-23 10:51:04	Method companie not compliant	
2022-11-23 10:51:04	#0 /Volumes/htdocs/tigron-invoicing-tool/vendor/multimedium/core/src/M/Controller/Dispatcher.php(872): M\Controller\Dispatcher->getControllerCallback()
#1 /Volumes/htdocs/tigron-invoicing-tool/public/index.php(126): M\Controller\Dispatcher->dispatch()
#2 {main}	
2022-11-23 10:51:04	Destructed Console
--
	
2022-11-23 10:51:04	Constructed Console	
2022-11-23 10:51:04	Unable to construct Controller with path favicon.ico	
2022-11-23 10:51:04	#0 /Volumes/htdocs/tigron-invoicing-tool/vendor/multimedium/core/src/M/Controller/Dispatcher.php(872): M\Controller\Dispatcher->getControllerCallback()
#1 /Volumes/htdocs/tigron-invoicing-tool/public/index.php(126): M\Controller\Dispatcher->dispatch()
#2 {main}	
2022-11-23 10:51:04	Destructed Console
--
	
2022-11-23 10:51:10	Constructed Console	
2022-11-23 10:51:10	Unable to construct Controller with path favicon.ico	
2022-11-23 10:51:10	#0 /Volumes/htdocs/tigron-invoicing-tool/vendor/multimedium/core/src/M/Controller/Dispatcher.php(872): M\Controller\Dispatcher->getControllerCallback()
#1 /Volumes/htdocs/tigron-invoicing-tool/public/index.php(126): M\Controller\Dispatcher->dispatch()
#2 {main}	
2022-11-23 10:51:10	Destructed Console
--
	
2022-11-23 11:00:31	Constructed Console	
2022-11-23 11:00:31	Method companie not compliant	
2022-11-23 11:00:31	#0 /Volumes/htdocs/tigron-invoicing-tool/vendor/multimedium/core/src/M/Controller/Dispatcher.php(872): M\Controller\Dispatcher->getControllerCallback()
#1 /Volumes/htdocs/tigron-invoicing-tool/public/index.php(126): M\Controller\Dispatcher->dispatch()
#2 {main}	
2022-11-23 11:00:31	Destructed Console
--
	
2022-11-23 11:00:31	Constructed Console	
2022-11-23 11:00:31	Unable to construct Controller with path favicon.ico	
2022-11-23 11:00:31	#0 /Volumes/htdocs/tigron-invoicing-tool/vendor/multimedium/core/src/M/Controller/Dispatcher.php(872): M\Controller\Dispatcher->getControllerCallback()
#1 /Volumes/htdocs/tigron-invoicing-tool/public/index.php(126): M\Controller\Dispatcher->dispatch()
#2 {main}	
2022-11-23 11:00:31	Destructed Console
--
	
2022-11-23 11:00:37	Constructed Console	
2022-11-23 11:00:37	Unable to construct Controller with path favicon.ico	
2022-11-23 11:00:37	#0 /Volumes/htdocs/tigron-invoicing-tool/vendor/multimedium/core/src/M/Controller/Dispatcher.php(872): M\Controller\Dispatcher->getControllerCallback()
#1 /Volumes/htdocs/tigron-invoicing-tool/public/index.php(126): M\Controller\Dispatcher->dispatch()
#2 {main}	
2022-11-23 11:00:37	Destructed Console
--
	
2022-11-23 11:15:42	Constructed Console	
2022-11-23 11:15:42	Unable to construct Controller with path js/invoice.js	
2022-11-23 11:15:42	#0 /Volumes/htdocs/tigron-invoicing-tool/vendor/multimedium/core/src/M/Controller/Dispatcher.php(872): M\Controller\Dispatcher->getControllerCallback()
#1 /Volumes/htdocs/tigron-invoicing-tool/public/index.php(126): M\Controller\Dispatcher->dispatch()
#2 {main}	
2022-11-23 11:15:42	Destructed Console
--
	
2022-11-23 11:15:42	Constructed Console	
2022-11-23 11:15:42	Unable to construct Controller with path favicon.ico	
2022-11-23 11:15:42	#0 /Volumes/htdocs/tigron-invoicing-tool/vendor/multimedium/core/src/M/Controller/Dispatcher.php(872): M\Controller\Dispatcher->getControllerCallback()
#1 /Volumes/htdocs/tigron-invoicing-tool/public/index.php(126): M\Controller\Dispatcher->dispatch()
#2 {main}	
2022-11-23 11:15:42	Destructed Console
--
	
2022-11-23 11:15:42	Constructed Console	
2022-11-23 11:15:42	Unable to construct Controller with path js/invoice.js	
2022-11-23 11:15:42	#0 /Volumes/htdocs/tigron-invoicing-tool/vendor/multimedium/core/src/M/Controller/Dispatcher.php(872): M\Controller\Dispatcher->getControllerCallback()
#1 /Volumes/htdocs/tigron-invoicing-tool/public/index.php(126): M\Controller\Dispatcher->dispatch()
#2 {main}	
2022-11-23 11:15:42	Destructed Console
--
	
2022-11-23 11:15:42	Constructed Console	
2022-11-23 11:15:42	Unable to construct Controller with path favicon.ico	
2022-11-23 11:15:42	#0 /Volumes/htdocs/tigron-invoicing-tool/vendor/multimedium/core/src/M/Controller/Dispatcher.php(872): M\Controller\Dispatcher->getControllerCallback()
#1 /Volumes/htdocs/tigron-invoicing-tool/public/index.php(126): M\Controller\Dispatcher->dispatch()
#2 {main}	
2022-11-23 11:15:42	Destructed Console
--
	
2022-11-23 11:15:49	Constructed Console	
2022-11-23 11:15:49	Unable to construct Controller with path favicon.ico	
2022-11-23 11:15:49	#0 /Volumes/htdocs/tigron-invoicing-tool/vendor/multimedium/core/src/M/Controller/Dispatcher.php(872): M\Controller\Dispatcher->getControllerCallback()
#1 /Volumes/htdocs/tigron-invoicing-tool/public/index.php(126): M\Controller\Dispatcher->dispatch()
#2 {main}	
2022-11-23 11:15:49	Destructed Console
--
	
2022-11-23 11:16:12	Constructed Console	
2022-11-23 11:16:12	Unable to construct Controller with path favicon.ico	
2022-11-23 11:16:12	#0 /Volumes/htdocs/tigron-invoicing-tool/vendor/multimedium/core/src/M/Controller/Dispatcher.php(872): M\Controller\Dispatcher->getControllerCallback()
#1 /Volumes/htdocs/tigron-invoicing-tool/public/index.php(126): M\Controller\Dispatcher->dispatch()
#2 {main}	
2022-11-23 11:16:12	Destructed Console
--
	
2022-11-23 11:16:55	Constructed Console	
2022-11-23 11:16:55	Unable to construct Controller with path js/invoice.js	
2022-11-23 11:16:55	#0 /Volumes/htdocs/tigron-invoicing-tool/vendor/multimedium/core/src/M/Controller/Dispatcher.php(872): M\Controller\Dispatcher->getControllerCallback()
#1 /Volumes/htdocs/tigron-invoicing-tool/public/index.php(126): M\Controller\Dispatcher->dispatch()
#2 {main}	
2022-11-23 11:16:55	Destructed Console
--
	
2022-11-23 11:16:55	Constructed Console	
2022-11-23 11:16:55	Unable to construct Controller with path favicon.ico	
2022-11-23 11:16:55	#0 /Volumes/htdocs/tigron-invoicing-tool/vendor/multimedium/core/src/M/Controller/Dispatcher.php(872): M\Controller\Dispatcher->getControllerCallback()
#1 /Volumes/htdocs/tigron-invoicing-tool/public/index.php(126): M\Controller\Dispatcher->dispatch()
#2 {main}	
2022-11-23 11:16:55	Destructed Console
--
	
2022-11-23 11:16:58	Constructed Console	
2022-11-23 11:16:58	Unable to construct Controller with path favicon.ico	
2022-11-23 11:16:58	#0 /Volumes/htdocs/tigron-invoicing-tool/vendor/multimedium/core/src/M/Controller/Dispatcher.php(872): M\Controller\Dispatcher->getControllerCallback()
#1 /Volumes/htdocs/tigron-invoicing-tool/public/index.php(126): M\Controller\Dispatcher->dispatch()
#2 {main}	
2022-11-23 11:16:58	Destructed Console
--
	
2022-11-23 11:17:28	Constructed Console	
2022-11-23 11:17:28	Unable to construct Controller with path favicon.ico	
2022-11-23 11:17:28	#0 /Volumes/htdocs/tigron-invoicing-tool/vendor/multimedium/core/src/M/Controller/Dispatcher.php(872): M\Controller\Dispatcher->getControllerCallback()
#1 /Volumes/htdocs/tigron-invoicing-tool/public/index.php(126): M\Controller\Dispatcher->dispatch()
#2 {main}	
2022-11-23 11:17:28	Destructed Console
--
	
2022-11-23 11:19:27	Constructed Console	
2022-11-23 11:19:27	Unable to construct Controller with path favicon.ico	
2022-11-23 11:19:27	#0 /Volumes/htdocs/tigron-invoicing-tool/vendor/multimedium/core/src/M/Controller/Dispatcher.php(872): M\Controller\Dispatcher->getControllerCallback()
#1 /Volumes/htdocs/tigron-invoicing-tool/public/index.php(126): M\Controller\Dispatcher->dispatch()
#2 {main}	
2022-11-23 11:19:27	Destructed Console
--
	
2022-11-23 11:19:29	Constructed Console	
2022-11-23 11:19:29	Unable to construct Controller with path js/invoice.js	
2022-11-23 11:19:29	#0 /Volumes/htdocs/tigron-invoicing-tool/vendor/multimedium/core/src/M/Controller/Dispatcher.php(872): M\Controller\Dispatcher->getControllerCallback()
#1 /Volumes/htdocs/tigron-invoicing-tool/public/index.php(126): M\Controller\Dispatcher->dispatch()
#2 {main}	
2022-11-23 11:19:29	Destructed Console
--
	
2022-11-23 11:19:29	Constructed Console	
2022-11-23 11:19:29	Unable to construct Controller with path favicon.ico	
2022-11-23 11:19:29	#0 /Volumes/htdocs/tigron-invoicing-tool/vendor/multimedium/core/src/M/Controller/Dispatcher.php(872): M\Controller\Dispatcher->getControllerCallback()
#1 /Volumes/htdocs/tigron-invoicing-tool/public/index.php(126): M\Controller\Dispatcher->dispatch()
#2 {main}	
2022-11-23 11:19:29	Destructed Console
--
	
2022-11-23 11:19:34	Constructed Console	
2022-11-23 11:19:34	Unable to construct Controller with path favicon.ico	
2022-11-23 11:19:34	#0 /Volumes/htdocs/tigron-invoicing-tool/vendor/multimedium/core/src/M/Controller/Dispatcher.php(872): M\Controller\Dispatcher->getControllerCallback()
#1 /Volumes/htdocs/tigron-invoicing-tool/public/index.php(126): M\Controller\Dispatcher->dispatch()
#2 {main}	
2022-11-23 11:19:34	Destructed Console
--
	
2022-11-23 11:20:07	Constructed Console	
2022-11-23 11:20:07	Unable to construct Controller with path js/invoice.js	
2022-11-23 11:20:07	#0 /Volumes/htdocs/tigron-invoicing-tool/vendor/multimedium/core/src/M/Controller/Dispatcher.php(872): M\Controller\Dispatcher->getControllerCallback()
#1 /Volumes/htdocs/tigron-invoicing-tool/public/index.php(126): M\Controller\Dispatcher->dispatch()
#2 {main}	
2022-11-23 11:20:07	Destructed Console
--
	
2022-11-23 11:20:07	Constructed Console	
2022-11-23 11:20:07	Unable to construct Controller with path favicon.ico	
2022-11-23 11:20:07	#0 /Volumes/htdocs/tigron-invoicing-tool/vendor/multimedium/core/src/M/Controller/Dispatcher.php(872): M\Controller\Dispatcher->getControllerCallback()
#1 /Volumes/htdocs/tigron-invoicing-tool/public/index.php(126): M\Controller\Dispatcher->dispatch()
#2 {main}	
2022-11-23 11:20:07	Destructed Console
--
	
2022-11-23 11:20:10	Constructed Console	
2022-11-23 11:20:10	Unable to construct Controller with path favicon.ico	
2022-11-23 11:20:10	#0 /Volumes/htdocs/tigron-invoicing-tool/vendor/multimedium/core/src/M/Controller/Dispatcher.php(872): M\Controller\Dispatcher->getControllerCallback()
#1 /Volumes/htdocs/tigron-invoicing-tool/public/index.php(126): M\Controller\Dispatcher->dispatch()
#2 {main}	
2022-11-23 11:20:10	Destructed Console
--
	
2022-11-23 11:30:23	Constructed Console	
2022-11-23 11:30:23	Unable to construct Controller with path js/invoice.js	
2022-11-23 11:30:23	#0 /Volumes/htdocs/tigron-invoicing-tool/vendor/multimedium/core/src/M/Controller/Dispatcher.php(872): M\Controller\Dispatcher->getControllerCallback()
#1 /Volumes/htdocs/tigron-invoicing-tool/public/index.php(126): M\Controller\Dispatcher->dispatch()
#2 {main}	
2022-11-23 11:30:23	Destructed Console
--
	
2022-11-23 11:30:23	Constructed Console	
2022-11-23 11:30:23	Unable to construct Controller with path favicon.ico	
2022-11-23 11:30:23	#0 /Volumes/htdocs/tigron-invoicing-tool/vendor/multimedium/core/src/M/Controller/Dispatcher.php(872): M\Controller\Dispatcher->getControllerCallback()
#1 /Volumes/htdocs/tigron-invoicing-tool/public/index.php(126): M\Controller\Dispatcher->dispatch()
#2 {main}	
2022-11-23 11:30:23	Destructed Console
--
	
2022-11-23 11:30:27	Constructed Console	
2022-11-23 11:30:27	Unable to construct Controller with path favicon.ico	
2022-11-23 11:30:27	#0 /Volumes/htdocs/tigron-invoicing-tool/vendor/multimedium/core/src/M/Controller/Dispatcher.php(872): M\Controller\Dispatcher->getControllerCallback()
#1 /Volumes/htdocs/tigron-invoicing-tool/public/index.php(126): M\Controller\Dispatcher->dispatch()
#2 {main}	
2022-11-23 11:30:27	Destructed Console
--
	
2022-11-23 11:33:32	Constructed Console	
2022-11-23 11:33:32	Unable to construct Controller with path js/invoice.js	
2022-11-23 11:33:32	#0 /Volumes/htdocs/tigron-invoicing-tool/vendor/multimedium/core/src/M/Controller/Dispatcher.php(872): M\Controller\Dispatcher->getControllerCallback()
#1 /Volumes/htdocs/tigron-invoicing-tool/public/index.php(126): M\Controller\Dispatcher->dispatch()
#2 {main}	
2022-11-23 11:33:32	Destructed Console
--
	
2022-11-23 11:33:32	Constructed Console	
2022-11-23 11:33:32	Unable to construct Controller with path favicon.ico	
2022-11-23 11:33:32	#0 /Volumes/htdocs/tigron-invoicing-tool/vendor/multimedium/core/src/M/Controller/Dispatcher.php(872): M\Controller\Dispatcher->getControllerCallback()
#1 /Volumes/htdocs/tigron-invoicing-tool/public/index.php(126): M\Controller\Dispatcher->dispatch()
#2 {main}	
2022-11-23 11:33:32	Destructed Console
--
	
2022-11-23 11:36:50	Constructed Console	
2022-11-23 11:36:50	Unable to construct Controller with path favicon.ico	
2022-11-23 11:36:50	#0 /Volumes/htdocs/tigron-invoicing-tool/vendor/multimedium/core/src/M/Controller/Dispatcher.php(872): M\Controller\Dispatcher->getControllerCallback()
#1 /Volumes/htdocs/tigron-invoicing-tool/public/index.php(126): M\Controller\Dispatcher->dispatch()
#2 {main}	
2022-11-23 11:36:50	Destructed Console
--
	
2022-11-23 11:38:17	Constructed Console	
2022-11-23 11:38:17	Unable to construct Controller with path favicon.ico	
2022-11-23 11:38:17	#0 /Volumes/htdocs/tigron-invoicing-tool/vendor/multimedium/core/src/M/Controller/Dispatcher.php(872): M\Controller\Dispatcher->getControllerCallback()
#1 /Volumes/htdocs/tigron-invoicing-tool/public/index.php(126): M\Controller\Dispatcher->dispatch()
#2 {main}	
2022-11-23 11:38:17	Destructed Console
--
	
2022-11-23 11:42:41	Constructed Console	
2022-11-23 11:42:41	Unable to construct Controller with path favicon.ico	
2022-11-23 11:42:41	#0 /Volumes/htdocs/tigron-invoicing-tool/vendor/multimedium/core/src/M/Controller/Dispatcher.php(872): M\Controller\Dispatcher->getControllerCallback()
#1 /Volumes/htdocs/tigron-invoicing-tool/public/index.php(126): M\Controller\Dispatcher->dispatch()
#2 {main}	
2022-11-23 11:42:41	Destructed Console
--
	
2022-11-23 11:42:46	Constructed Console	
2022-11-23 11:42:46	Unable to construct Controller with path js/invoice.js	
2022-11-23 11:42:46	#0 /Volumes/htdocs/tigron-invoicing-tool/vendor/multimedium/core/src/M/Controller/Dispatcher.php(872): M\Controller\Dispatcher->getControllerCallback()
#1 /Volumes/htdocs/tigron-invoicing-tool/public/index.php(126): M\Controller\Dispatcher->dispatch()
#2 {main}	
2022-11-23 11:42:47	Destructed Console
--
	
2022-11-23 11:42:47	Constructed Console	
2022-11-23 11:42:47	Unable to construct Controller with path favicon.ico	
2022-11-23 11:42:47	#0 /Volumes/htdocs/tigron-invoicing-tool/vendor/multimedium/core/src/M/Controller/Dispatcher.php(872): M\Controller\Dispatcher->getControllerCallback()
#1 /Volumes/htdocs/tigron-invoicing-tool/public/index.php(126): M\Controller\Dispatcher->dispatch()
#2 {main}	
2022-11-23 11:42:47	Destructed Console
--
	
2022-11-23 11:42:52	Constructed Console	
2022-11-23 11:42:52	Unable to construct Controller with path favicon.ico	
2022-11-23 11:42:52	#0 /Volumes/htdocs/tigron-invoicing-tool/vendor/multimedium/core/src/M/Controller/Dispatcher.php(872): M\Controller\Dispatcher->getControllerCallback()
#1 /Volumes/htdocs/tigron-invoicing-tool/public/index.php(126): M\Controller\Dispatcher->dispatch()
#2 {main}	
2022-11-23 11:42:52	Destructed Console
--
	
2022-11-23 12:39:46	Constructed Console	
2022-11-23 12:39:46	Unable to construct Controller with path js/invoice.js	
2022-11-23 12:39:46	#0 /Volumes/htdocs/tigron-invoicing-tool/vendor/multimedium/core/src/M/Controller/Dispatcher.php(872): M\Controller\Dispatcher->getControllerCallback()
#1 /Volumes/htdocs/tigron-invoicing-tool/public/index.php(126): M\Controller\Dispatcher->dispatch()
#2 {main}	
2022-11-23 12:39:46	Destructed Console
--
	
2022-11-23 12:39:46	Constructed Console	
2022-11-23 12:39:46	Unable to construct Controller with path favicon.ico	
2022-11-23 12:39:46	#0 /Volumes/htdocs/tigron-invoicing-tool/vendor/multimedium/core/src/M/Controller/Dispatcher.php(872): M\Controller\Dispatcher->getControllerCallback()
#1 /Volumes/htdocs/tigron-invoicing-tool/public/index.php(126): M\Controller\Dispatcher->dispatch()
#2 {main}	
2022-11-23 12:39:46	Destructed Console
--
	
2022-11-23 12:39:56	Constructed Console	
2022-11-23 12:39:56	Unable to construct Controller with path favicon.ico	
2022-11-23 12:39:56	#0 /Volumes/htdocs/tigron-invoicing-tool/vendor/multimedium/core/src/M/Controller/Dispatcher.php(872): M\Controller\Dispatcher->getControllerCallback()
#1 /Volumes/htdocs/tigron-invoicing-tool/public/index.php(126): M\Controller\Dispatcher->dispatch()
#2 {main}	
2022-11-23 12:39:56	Destructed Console
--
	
