2022-10-27 10:42:54	Constructed Console	
2022-10-27 10:42:54	Unable to construct Controller with path favicon.ico	
2022-10-27 10:42:54	#0 /Volumes/htdocs/tigron-invoicing-tool/vendor/multimedium/core/src/M/Controller/Dispatcher.php(872): M\Controller\Dispatcher->getControllerCallback()
#1 /Volumes/htdocs/tigron-invoicing-tool/public/index.php(126): M\Controller\Dispatcher->dispatch()
#2 {main}	
2022-10-27 10:42:54	Destructed Console
--
	
2022-10-27 12:46:20	Constructed Console	
2022-10-27 12:46:20	Unable to construct Controller with path favicon.ico	
2022-10-27 12:46:20	#0 /Volumes/htdocs/tigron-invoicing-tool/vendor/multimedium/core/src/M/Controller/Dispatcher.php(872): M\Controller\Dispatcher->getControllerCallback()
#1 /Volumes/htdocs/tigron-invoicing-tool/public/index.php(126): M\Controller\Dispatcher->dispatch()
#2 {main}	
2022-10-27 12:46:20	Destructed Console
--
	
2022-10-27 12:47:31	Constructed Console	
2022-10-27 12:47:31	Unable to construct Controller with path favicon.ico	
2022-10-27 12:47:31	#0 /Volumes/htdocs/tigron-invoicing-tool/vendor/multimedium/core/src/M/Controller/Dispatcher.php(872): M\Controller\Dispatcher->getControllerCallback()
#1 /Volumes/htdocs/tigron-invoicing-tool/public/index.php(126): M\Controller\Dispatcher->dispatch()
#2 {main}	
2022-10-27 12:47:31	Destructed Console
--
	
2022-10-27 12:48:36	Constructed Console	
2022-10-27 12:48:36	Unable to construct Controller with path favicon.ico	
2022-10-27 12:48:36	#0 /Volumes/htdocs/tigron-invoicing-tool/vendor/multimedium/core/src/M/Controller/Dispatcher.php(872): M\Controller\Dispatcher->getControllerCallback()
#1 /Volumes/htdocs/tigron-invoicing-tool/public/index.php(126): M\Controller\Dispatcher->dispatch()
#2 {main}	
2022-10-27 12:48:36	Destructed Console
--
	
2022-10-27 14:30:10	Constructed Console	
2022-10-27 14:30:10	Unable to construct Controller with path favicon.ico	
2022-10-27 14:30:10	#0 /Volumes/htdocs/tigron-invoicing-tool/vendor/multimedium/core/src/M/Controller/Dispatcher.php(872): M\Controller\Dispatcher->getControllerCallback()
#1 /Volumes/htdocs/tigron-invoicing-tool/public/index.php(126): M\Controller\Dispatcher->dispatch()
#2 {main}	
2022-10-27 14:30:10	Destructed Console
--
	
2022-10-27 14:30:17	Constructed Console	
2022-10-27 14:30:17	Unable to construct Controller with path favicon.ico	
2022-10-27 14:30:17	#0 /Volumes/htdocs/tigron-invoicing-tool/vendor/multimedium/core/src/M/Controller/Dispatcher.php(872): M\Controller\Dispatcher->getControllerCallback()
#1 /Volumes/htdocs/tigron-invoicing-tool/public/index.php(126): M\Controller\Dispatcher->dispatch()
#2 {main}	
2022-10-27 14:30:17	Destructed Console
--
	
2022-10-27 14:30:44	Constructed Console	
2022-10-27 14:30:44	Unable to construct Controller with path favicon.ico	
2022-10-27 14:30:44	#0 /Volumes/htdocs/tigron-invoicing-tool/vendor/multimedium/core/src/M/Controller/Dispatcher.php(872): M\Controller\Dispatcher->getControllerCallback()
#1 /Volumes/htdocs/tigron-invoicing-tool/public/index.php(126): M\Controller\Dispatcher->dispatch()
#2 {main}	
2022-10-27 14:30:44	Destructed Console
--
	
2022-10-27 14:33:42	Constructed Console	
2022-10-27 14:33:42	Unable to construct Controller with path favicon.ico	
2022-10-27 14:33:42	#0 /Volumes/htdocs/tigron-invoicing-tool/vendor/multimedium/core/src/M/Controller/Dispatcher.php(872): M\Controller\Dispatcher->getControllerCallback()
#1 /Volumes/htdocs/tigron-invoicing-tool/public/index.php(126): M\Controller\Dispatcher->dispatch()
#2 {main}	
2022-10-27 14:33:42	Destructed Console
--
	
2022-10-27 14:51:00	Constructed Console	
2022-10-27 14:51:00	Unable to construct Controller with path favicon.ico	
2022-10-27 14:51:00	#0 /Volumes/htdocs/tigron-invoicing-tool/vendor/multimedium/core/src/M/Controller/Dispatcher.php(872): M\Controller\Dispatcher->getControllerCallback()
#1 /Volumes/htdocs/tigron-invoicing-tool/public/index.php(126): M\Controller\Dispatcher->dispatch()
#2 {main}	
2022-10-27 14:51:00	Destructed Console
--
	
2022-10-27 14:57:15	Constructed Console	
2022-10-27 14:57:15	Unable to construct Controller with path favicon.ico	
2022-10-27 14:57:15	#0 /Volumes/htdocs/tigron-invoicing-tool/vendor/multimedium/core/src/M/Controller/Dispatcher.php(872): M\Controller\Dispatcher->getControllerCallback()
#1 /Volumes/htdocs/tigron-invoicing-tool/public/index.php(126): M\Controller\Dispatcher->dispatch()
#2 {main}	
2022-10-27 14:57:15	Destructed Console
--
	
2022-10-27 14:57:37	Constructed Console	
2022-10-27 14:57:37	Unable to construct Controller with path favicon.ico	
2022-10-27 14:57:37	#0 /Volumes/htdocs/tigron-invoicing-tool/vendor/multimedium/core/src/M/Controller/Dispatcher.php(872): M\Controller\Dispatcher->getControllerCallback()
#1 /Volumes/htdocs/tigron-invoicing-tool/public/index.php(126): M\Controller\Dispatcher->dispatch()
#2 {main}	
2022-10-27 14:57:37	Destructed Console
--
	
2022-10-27 14:57:45	Constructed Console	
2022-10-27 14:57:45	Unable to construct Controller with path favicon.ico	
2022-10-27 14:57:45	#0 /Volumes/htdocs/tigron-invoicing-tool/vendor/multimedium/core/src/M/Controller/Dispatcher.php(872): M\Controller\Dispatcher->getControllerCallback()
#1 /Volumes/htdocs/tigron-invoicing-tool/public/index.php(126): M\Controller\Dispatcher->dispatch()
#2 {main}	
2022-10-27 14:57:45	Destructed Console
--
	
2022-10-27 14:58:24	Constructed Console	
2022-10-27 14:58:24	Unable to construct Controller with path favicon.ico	
2022-10-27 14:58:24	#0 /Volumes/htdocs/tigron-invoicing-tool/vendor/multimedium/core/src/M/Controller/Dispatcher.php(872): M\Controller\Dispatcher->getControllerCallback()
#1 /Volumes/htdocs/tigron-invoicing-tool/public/index.php(126): M\Controller\Dispatcher->dispatch()
#2 {main}	
2022-10-27 14:58:24	Destructed Console
--
	
2022-10-27 15:20:27	Constructed Console	
2022-10-27 15:20:27	Unable to construct Controller with path favicon.ico	
2022-10-27 15:20:27	#0 /Volumes/htdocs/tigron-invoicing-tool/vendor/multimedium/core/src/M/Controller/Dispatcher.php(872): M\Controller\Dispatcher->getControllerCallback()
#1 /Volumes/htdocs/tigron-invoicing-tool/public/index.php(126): M\Controller\Dispatcher->dispatch()
#2 {main}	
2022-10-27 15:20:27	Destructed Console
--
	
2022-10-27 16:01:27	Constructed Console	
2022-10-27 16:01:27	Unable to construct Controller with path favicon.ico	
2022-10-27 16:01:27	#0 /Volumes/htdocs/tigron-invoicing-tool/vendor/multimedium/core/src/M/Controller/Dispatcher.php(872): M\Controller\Dispatcher->getControllerCallback()
#1 /Volumes/htdocs/tigron-invoicing-tool/public/index.php(126): M\Controller\Dispatcher->dispatch()
#2 {main}	
2022-10-27 16:01:27	Destructed Console
--
	
2022-10-27 16:01:31	Constructed Console	
2022-10-27 16:01:31	Unable to construct Controller with path favicon.ico	
2022-10-27 16:01:31	#0 /Volumes/htdocs/tigron-invoicing-tool/vendor/multimedium/core/src/M/Controller/Dispatcher.php(872): M\Controller\Dispatcher->getControllerCallback()
#1 /Volumes/htdocs/tigron-invoicing-tool/public/index.php(126): M\Controller\Dispatcher->dispatch()
#2 {main}	
2022-10-27 16:01:31	Destructed Console
--
	
2022-10-27 16:01:31	Constructed Console	
2022-10-27 16:01:31	Unable to construct Controller with path favicon.ico	
2022-10-27 16:01:31	#0 /Volumes/htdocs/tigron-invoicing-tool/vendor/multimedium/core/src/M/Controller/Dispatcher.php(872): M\Controller\Dispatcher->getControllerCallback()
#1 /Volumes/htdocs/tigron-invoicing-tool/public/index.php(126): M\Controller\Dispatcher->dispatch()
#2 {main}	
2022-10-27 16:01:31	Destructed Console
--
	
2022-10-27 16:01:41	Constructed Console	
2022-10-27 16:01:41	Unable to construct Controller with path favicon.ico	
2022-10-27 16:01:41	#0 /Volumes/htdocs/tigron-invoicing-tool/vendor/multimedium/core/src/M/Controller/Dispatcher.php(872): M\Controller\Dispatcher->getControllerCallback()
#1 /Volumes/htdocs/tigron-invoicing-tool/public/index.php(126): M\Controller\Dispatcher->dispatch()
#2 {main}	
2022-10-27 16:01:41	Destructed Console
--
	
2022-10-27 16:01:56	Constructed Console	
2022-10-27 16:01:56	Unable to construct Controller with path favicon.ico	
2022-10-27 16:01:56	#0 /Volumes/htdocs/tigron-invoicing-tool/vendor/multimedium/core/src/M/Controller/Dispatcher.php(872): M\Controller\Dispatcher->getControllerCallback()
#1 /Volumes/htdocs/tigron-invoicing-tool/public/index.php(126): M\Controller\Dispatcher->dispatch()
#2 {main}	
2022-10-27 16:01:56	Destructed Console
--
	
2022-10-27 16:01:57	Constructed Console	
2022-10-27 16:01:57	Unable to construct Controller with path favicon.ico	
2022-10-27 16:01:57	#0 /Volumes/htdocs/tigron-invoicing-tool/vendor/multimedium/core/src/M/Controller/Dispatcher.php(872): M\Controller\Dispatcher->getControllerCallback()
#1 /Volumes/htdocs/tigron-invoicing-tool/public/index.php(126): M\Controller\Dispatcher->dispatch()
#2 {main}	
2022-10-27 16:01:57	Destructed Console
--
	
2022-10-27 16:02:04	Constructed Console	
2022-10-27 16:02:04	Unable to construct Controller with path favicon.ico	
2022-10-27 16:02:04	#0 /Volumes/htdocs/tigron-invoicing-tool/vendor/multimedium/core/src/M/Controller/Dispatcher.php(872): M\Controller\Dispatcher->getControllerCallback()
#1 /Volumes/htdocs/tigron-invoicing-tool/public/index.php(126): M\Controller\Dispatcher->dispatch()
#2 {main}	
2022-10-27 16:02:04	Destructed Console
--
	
2022-10-27 16:14:07	Constructed Console	
2022-10-27 16:14:07	Unable to construct Controller with path favicon.ico	
2022-10-27 16:14:07	#0 /Volumes/htdocs/tigron-invoicing-tool/vendor/multimedium/core/src/M/Controller/Dispatcher.php(872): M\Controller\Dispatcher->getControllerCallback()
#1 /Volumes/htdocs/tigron-invoicing-tool/public/index.php(126): M\Controller\Dispatcher->dispatch()
#2 {main}	
2022-10-27 16:14:07	Destructed Console
--
	
2022-10-27 16:14:32	Constructed Console	
2022-10-27 16:14:32	Method synccompanies not compliant	
2022-10-27 16:14:32	#0 /Volumes/htdocs/tigron-invoicing-tool/vendor/multimedium/core/src/M/Controller/Dispatcher.php(872): M\Controller\Dispatcher->getControllerCallback()
#1 /Volumes/htdocs/tigron-invoicing-tool/public/index.php(126): M\Controller\Dispatcher->dispatch()
#2 {main}	
2022-10-27 16:14:32	Destructed Console
--
	
2022-10-27 16:14:32	Constructed Console	
2022-10-27 16:14:32	Unable to construct Controller with path favicon.ico	
2022-10-27 16:14:32	#0 /Volumes/htdocs/tigron-invoicing-tool/vendor/multimedium/core/src/M/Controller/Dispatcher.php(872): M\Controller\Dispatcher->getControllerCallback()
#1 /Volumes/htdocs/tigron-invoicing-tool/public/index.php(126): M\Controller\Dispatcher->dispatch()
#2 {main}	
2022-10-27 16:14:32	Destructed Console
--
	
2022-10-27 16:14:45	Constructed Console	
2022-10-27 16:14:45	Method syncCompanies not compliant	
2022-10-27 16:14:45	#0 /Volumes/htdocs/tigron-invoicing-tool/vendor/multimedium/core/src/M/Controller/Dispatcher.php(872): M\Controller\Dispatcher->getControllerCallback()
#1 /Volumes/htdocs/tigron-invoicing-tool/public/index.php(126): M\Controller\Dispatcher->dispatch()
#2 {main}	
2022-10-27 16:14:45	Destructed Console
--
	
2022-10-27 16:14:46	Constructed Console	
2022-10-27 16:14:46	Unable to construct Controller with path favicon.ico	
2022-10-27 16:14:46	#0 /Volumes/htdocs/tigron-invoicing-tool/vendor/multimedium/core/src/M/Controller/Dispatcher.php(872): M\Controller\Dispatcher->getControllerCallback()
#1 /Volumes/htdocs/tigron-invoicing-tool/public/index.php(126): M\Controller\Dispatcher->dispatch()
#2 {main}	
2022-10-27 16:14:46	Destructed Console
--
	
2022-10-27 16:15:47	Constructed Console	
2022-10-27 16:15:47	Unable to construct Controller with path favicon.ico	
2022-10-27 16:15:47	#0 /Volumes/htdocs/tigron-invoicing-tool/vendor/multimedium/core/src/M/Controller/Dispatcher.php(872): M\Controller\Dispatcher->getControllerCallback()
#1 /Volumes/htdocs/tigron-invoicing-tool/public/index.php(126): M\Controller\Dispatcher->dispatch()
#2 {main}	
2022-10-27 16:15:47	Destructed Console
--
	
2022-10-27 16:20:22	Constructed Console	
2022-10-27 16:20:22	Unable to construct Controller with path favicon.ico	
2022-10-27 16:20:22	#0 /Volumes/htdocs/tigron-invoicing-tool/vendor/multimedium/core/src/M/Controller/Dispatcher.php(872): M\Controller\Dispatcher->getControllerCallback()
#1 /Volumes/htdocs/tigron-invoicing-tool/public/index.php(126): M\Controller\Dispatcher->dispatch()
#2 {main}	
2022-10-27 16:20:22	Destructed Console
--
	
2022-10-27 16:21:16	Constructed Console	
2022-10-27 16:21:16	Unable to construct Controller with path favicon.ico	
2022-10-27 16:21:16	#0 /Volumes/htdocs/tigron-invoicing-tool/vendor/multimedium/core/src/M/Controller/Dispatcher.php(872): M\Controller\Dispatcher->getControllerCallback()
#1 /Volumes/htdocs/tigron-invoicing-tool/public/index.php(126): M\Controller\Dispatcher->dispatch()
#2 {main}	
2022-10-27 16:21:16	Destructed Console
--
	
2022-10-27 16:21:51	Constructed Console	
2022-10-27 16:21:51	Unable to construct Controller with path favicon.ico	
2022-10-27 16:21:51	#0 /Volumes/htdocs/tigron-invoicing-tool/vendor/multimedium/core/src/M/Controller/Dispatcher.php(872): M\Controller\Dispatcher->getControllerCallback()
#1 /Volumes/htdocs/tigron-invoicing-tool/public/index.php(126): M\Controller\Dispatcher->dispatch()
#2 {main}	
2022-10-27 16:21:51	Destructed Console
--
	
2022-10-27 16:23:45	Constructed Console	
2022-10-27 16:23:45	Unable to construct Controller with path favicon.ico	
2022-10-27 16:23:45	#0 /Volumes/htdocs/tigron-invoicing-tool/vendor/multimedium/core/src/M/Controller/Dispatcher.php(872): M\Controller\Dispatcher->getControllerCallback()
#1 /Volumes/htdocs/tigron-invoicing-tool/public/index.php(126): M\Controller\Dispatcher->dispatch()
#2 {main}	
2022-10-27 16:23:45	Destructed Console
--
	
2022-10-27 16:27:08	Constructed Console	
2022-10-27 16:27:08	Unable to construct Controller with path favicon.ico	
2022-10-27 16:27:08	#0 /Volumes/htdocs/tigron-invoicing-tool/vendor/multimedium/core/src/M/Controller/Dispatcher.php(872): M\Controller\Dispatcher->getControllerCallback()
#1 /Volumes/htdocs/tigron-invoicing-tool/public/index.php(126): M\Controller\Dispatcher->dispatch()
#2 {main}	
2022-10-27 16:27:08	Destructed Console
--
	
2022-10-27 16:29:09	Constructed Console	
2022-10-27 16:29:09	Unable to construct Controller with path favicon.ico	
2022-10-27 16:29:09	#0 /Volumes/htdocs/tigron-invoicing-tool/vendor/multimedium/core/src/M/Controller/Dispatcher.php(872): M\Controller\Dispatcher->getControllerCallback()
#1 /Volumes/htdocs/tigron-invoicing-tool/public/index.php(126): M\Controller\Dispatcher->dispatch()
#2 {main}	
2022-10-27 16:29:09	Destructed Console
--
	
2022-10-27 16:30:09	Constructed Console	
2022-10-27 16:30:09	Unable to construct Controller with path favicon.ico	
2022-10-27 16:30:09	#0 /Volumes/htdocs/tigron-invoicing-tool/vendor/multimedium/core/src/M/Controller/Dispatcher.php(872): M\Controller\Dispatcher->getControllerCallback()
#1 /Volumes/htdocs/tigron-invoicing-tool/public/index.php(126): M\Controller\Dispatcher->dispatch()
#2 {main}	
2022-10-27 16:30:09	Destructed Console
--
	
2022-10-27 16:32:32	Constructed Console	
2022-10-27 16:32:32	Unable to construct Controller with path favicon.ico	
2022-10-27 16:32:32	#0 /Volumes/htdocs/tigron-invoicing-tool/vendor/multimedium/core/src/M/Controller/Dispatcher.php(872): M\Controller\Dispatcher->getControllerCallback()
#1 /Volumes/htdocs/tigron-invoicing-tool/public/index.php(126): M\Controller\Dispatcher->dispatch()
#2 {main}	
2022-10-27 16:32:32	Destructed Console
--
	
2022-10-27 16:32:50	Constructed Console	
2022-10-27 16:32:50	Unable to construct Controller with path favicon.ico	
2022-10-27 16:32:50	#0 /Volumes/htdocs/tigron-invoicing-tool/vendor/multimedium/core/src/M/Controller/Dispatcher.php(872): M\Controller\Dispatcher->getControllerCallback()
#1 /Volumes/htdocs/tigron-invoicing-tool/public/index.php(126): M\Controller\Dispatcher->dispatch()
#2 {main}	
2022-10-27 16:32:50	Destructed Console
--
	
2022-10-27 16:34:16	Constructed Console	
2022-10-27 16:34:16	Unable to construct Controller with path favicon.ico	
2022-10-27 16:34:16	#0 /Volumes/htdocs/tigron-invoicing-tool/vendor/multimedium/core/src/M/Controller/Dispatcher.php(872): M\Controller\Dispatcher->getControllerCallback()
#1 /Volumes/htdocs/tigron-invoicing-tool/public/index.php(126): M\Controller\Dispatcher->dispatch()
#2 {main}	
2022-10-27 16:34:16	Destructed Console
--
	
2022-10-27 16:34:28	Constructed Console	
2022-10-27 16:34:28	Unable to construct Controller with path favicon.ico	
2022-10-27 16:34:28	#0 /Volumes/htdocs/tigron-invoicing-tool/vendor/multimedium/core/src/M/Controller/Dispatcher.php(872): M\Controller\Dispatcher->getControllerCallback()
#1 /Volumes/htdocs/tigron-invoicing-tool/public/index.php(126): M\Controller\Dispatcher->dispatch()
#2 {main}	
2022-10-27 16:34:28	Destructed Console
--
	
2022-10-27 16:34:47	Constructed Console	
2022-10-27 16:34:47	Unable to construct Controller with path favicon.ico	
2022-10-27 16:34:47	#0 /Volumes/htdocs/tigron-invoicing-tool/vendor/multimedium/core/src/M/Controller/Dispatcher.php(872): M\Controller\Dispatcher->getControllerCallback()
#1 /Volumes/htdocs/tigron-invoicing-tool/public/index.php(126): M\Controller\Dispatcher->dispatch()
#2 {main}	
2022-10-27 16:34:47	Destructed Console
--
	
2022-10-27 16:38:22	Constructed Console	
2022-10-27 16:38:22	Unable to construct Controller with path teamleader/sync-company	
2022-10-27 16:38:22	#0 /Volumes/htdocs/tigron-invoicing-tool/vendor/multimedium/core/src/M/Controller/Dispatcher.php(872): M\Controller\Dispatcher->getControllerCallback()
#1 /Volumes/htdocs/tigron-invoicing-tool/public/index.php(126): M\Controller\Dispatcher->dispatch()
#2 {main}	
2022-10-27 16:38:22	Destructed Console
--
	
2022-10-27 16:38:22	Constructed Console	
2022-10-27 16:38:22	Unable to construct Controller with path favicon.ico	
2022-10-27 16:38:22	#0 /Volumes/htdocs/tigron-invoicing-tool/vendor/multimedium/core/src/M/Controller/Dispatcher.php(872): M\Controller\Dispatcher->getControllerCallback()
#1 /Volumes/htdocs/tigron-invoicing-tool/public/index.php(126): M\Controller\Dispatcher->dispatch()
#2 {main}	
2022-10-27 16:38:22	Destructed Console
--
	
2022-10-27 16:38:27	Constructed Console	
2022-10-27 16:38:27	Unable to construct Controller with path teamleader/sync-companies	
2022-10-27 16:38:27	#0 /Volumes/htdocs/tigron-invoicing-tool/vendor/multimedium/core/src/M/Controller/Dispatcher.php(872): M\Controller\Dispatcher->getControllerCallback()
#1 /Volumes/htdocs/tigron-invoicing-tool/public/index.php(126): M\Controller\Dispatcher->dispatch()
#2 {main}	
2022-10-27 16:38:27	Destructed Console
--
	
2022-10-27 16:38:28	Constructed Console	
2022-10-27 16:38:28	Unable to construct Controller with path favicon.ico	
2022-10-27 16:38:28	#0 /Volumes/htdocs/tigron-invoicing-tool/vendor/multimedium/core/src/M/Controller/Dispatcher.php(872): M\Controller\Dispatcher->getControllerCallback()
#1 /Volumes/htdocs/tigron-invoicing-tool/public/index.php(126): M\Controller\Dispatcher->dispatch()
#2 {main}	
2022-10-27 16:38:28	Destructed Console
--
	
2022-10-27 16:38:40	Constructed Console	
2022-10-27 16:38:40	Unable to construct Controller with path teamleaderAuthorize/sync-companies	
2022-10-27 16:38:40	#0 /Volumes/htdocs/tigron-invoicing-tool/vendor/multimedium/core/src/M/Controller/Dispatcher.php(872): M\Controller\Dispatcher->getControllerCallback()
#1 /Volumes/htdocs/tigron-invoicing-tool/public/index.php(126): M\Controller\Dispatcher->dispatch()
#2 {main}	
2022-10-27 16:38:40	Destructed Console
--
	
2022-10-27 16:38:40	Constructed Console	
2022-10-27 16:38:40	Unable to construct Controller with path favicon.ico	
2022-10-27 16:38:40	#0 /Volumes/htdocs/tigron-invoicing-tool/vendor/multimedium/core/src/M/Controller/Dispatcher.php(872): M\Controller\Dispatcher->getControllerCallback()
#1 /Volumes/htdocs/tigron-invoicing-tool/public/index.php(126): M\Controller\Dispatcher->dispatch()
#2 {main}	
2022-10-27 16:38:40	Destructed Console
--
	
2022-10-27 16:39:11	Constructed Console	
2022-10-27 16:39:11	Unable to construct Controller with path favicon.ico	
2022-10-27 16:39:11	#0 /Volumes/htdocs/tigron-invoicing-tool/vendor/multimedium/core/src/M/Controller/Dispatcher.php(872): M\Controller\Dispatcher->getControllerCallback()
#1 /Volumes/htdocs/tigron-invoicing-tool/public/index.php(126): M\Controller\Dispatcher->dispatch()
#2 {main}	
2022-10-27 16:39:11	Destructed Console
--
	
2022-10-27 16:39:17	Constructed Console	
2022-10-27 16:39:17	Unable to construct Controller with path favicon.ico	
2022-10-27 16:39:17	#0 /Volumes/htdocs/tigron-invoicing-tool/vendor/multimedium/core/src/M/Controller/Dispatcher.php(872): M\Controller\Dispatcher->getControllerCallback()
#1 /Volumes/htdocs/tigron-invoicing-tool/public/index.php(126): M\Controller\Dispatcher->dispatch()
#2 {main}	
2022-10-27 16:39:17	Destructed Console
--
	
2022-10-27 16:39:17	Constructed Console	
2022-10-27 16:39:17	Unable to construct Controller with path favicon.ico	
2022-10-27 16:39:17	#0 /Volumes/htdocs/tigron-invoicing-tool/vendor/multimedium/core/src/M/Controller/Dispatcher.php(872): M\Controller\Dispatcher->getControllerCallback()
#1 /Volumes/htdocs/tigron-invoicing-tool/public/index.php(126): M\Controller\Dispatcher->dispatch()
#2 {main}	
2022-10-27 16:39:17	Destructed Console
--
	
2022-10-27 16:39:17	Constructed Console	
2022-10-27 16:39:17	Unable to construct Controller with path favicon.ico	
2022-10-27 16:39:17	#0 /Volumes/htdocs/tigron-invoicing-tool/vendor/multimedium/core/src/M/Controller/Dispatcher.php(872): M\Controller\Dispatcher->getControllerCallback()
#1 /Volumes/htdocs/tigron-invoicing-tool/public/index.php(126): M\Controller\Dispatcher->dispatch()
#2 {main}	
2022-10-27 16:39:17	Destructed Console
--
	
2022-10-27 16:39:34	Constructed Console	
2022-10-27 16:39:34	Method syncCompanies not compliant	
2022-10-27 16:39:34	#0 /Volumes/htdocs/tigron-invoicing-tool/vendor/multimedium/core/src/M/Controller/Dispatcher.php(872): M\Controller\Dispatcher->getControllerCallback()
#1 /Volumes/htdocs/tigron-invoicing-tool/public/index.php(126): M\Controller\Dispatcher->dispatch()
#2 {main}	
2022-10-27 16:39:34	Destructed Console
--
	
2022-10-27 16:39:34	Constructed Console	
2022-10-27 16:39:34	Unable to construct Controller with path favicon.ico	
2022-10-27 16:39:34	#0 /Volumes/htdocs/tigron-invoicing-tool/vendor/multimedium/core/src/M/Controller/Dispatcher.php(872): M\Controller\Dispatcher->getControllerCallback()
#1 /Volumes/htdocs/tigron-invoicing-tool/public/index.php(126): M\Controller\Dispatcher->dispatch()
#2 {main}	
2022-10-27 16:39:34	Destructed Console
--
	
2022-10-27 16:39:51	Constructed Console	
2022-10-27 16:39:51	Unable to construct Controller with path favicon.ico	
2022-10-27 16:39:51	#0 /Volumes/htdocs/tigron-invoicing-tool/vendor/multimedium/core/src/M/Controller/Dispatcher.php(872): M\Controller\Dispatcher->getControllerCallback()
#1 /Volumes/htdocs/tigron-invoicing-tool/public/index.php(126): M\Controller\Dispatcher->dispatch()
#2 {main}	
2022-10-27 16:39:51	Destructed Console
--
	
2022-10-27 16:42:28	Constructed Console	
2022-10-27 16:42:28	Unable to construct Controller with path favicon.ico	
2022-10-27 16:42:28	#0 /Volumes/htdocs/tigron-invoicing-tool/vendor/multimedium/core/src/M/Controller/Dispatcher.php(872): M\Controller\Dispatcher->getControllerCallback()
#1 /Volumes/htdocs/tigron-invoicing-tool/public/index.php(126): M\Controller\Dispatcher->dispatch()
#2 {main}	
2022-10-27 16:42:28	Destructed Console
--
	
2022-10-27 16:43:13	Constructed Console	
2022-10-27 16:43:13	Unable to construct Controller with path favicon.ico	
2022-10-27 16:43:13	#0 /Volumes/htdocs/tigron-invoicing-tool/vendor/multimedium/core/src/M/Controller/Dispatcher.php(872): M\Controller\Dispatcher->getControllerCallback()
#1 /Volumes/htdocs/tigron-invoicing-tool/public/index.php(126): M\Controller\Dispatcher->dispatch()
#2 {main}	
2022-10-27 16:43:13	Destructed Console
--
	
2022-10-27 16:51:10	Constructed Console	
2022-10-27 16:51:10	Method syncInvoives not compliant	
2022-10-27 16:51:10	#0 /Volumes/htdocs/tigron-invoicing-tool/vendor/multimedium/core/src/M/Controller/Dispatcher.php(872): M\Controller\Dispatcher->getControllerCallback()
#1 /Volumes/htdocs/tigron-invoicing-tool/public/index.php(126): M\Controller\Dispatcher->dispatch()
#2 {main}	
2022-10-27 16:51:10	Destructed Console
--
	
2022-10-27 16:51:10	Constructed Console	
2022-10-27 16:51:10	Unable to construct Controller with path favicon.ico	
2022-10-27 16:51:10	#0 /Volumes/htdocs/tigron-invoicing-tool/vendor/multimedium/core/src/M/Controller/Dispatcher.php(872): M\Controller\Dispatcher->getControllerCallback()
#1 /Volumes/htdocs/tigron-invoicing-tool/public/index.php(126): M\Controller\Dispatcher->dispatch()
#2 {main}	
2022-10-27 16:51:10	Destructed Console
--
	
2022-10-27 16:51:18	Constructed Console	
2022-10-27 16:51:18	Method syncInvoices not compliant	
2022-10-27 16:51:18	#0 /Volumes/htdocs/tigron-invoicing-tool/vendor/multimedium/core/src/M/Controller/Dispatcher.php(872): M\Controller\Dispatcher->getControllerCallback()
#1 /Volumes/htdocs/tigron-invoicing-tool/public/index.php(126): M\Controller\Dispatcher->dispatch()
#2 {main}	
2022-10-27 16:51:18	Destructed Console
--
	
2022-10-27 16:51:18	Constructed Console	
2022-10-27 16:51:18	Unable to construct Controller with path favicon.ico	
2022-10-27 16:51:18	#0 /Volumes/htdocs/tigron-invoicing-tool/vendor/multimedium/core/src/M/Controller/Dispatcher.php(872): M\Controller\Dispatcher->getControllerCallback()
#1 /Volumes/htdocs/tigron-invoicing-tool/public/index.php(126): M\Controller\Dispatcher->dispatch()
#2 {main}	
2022-10-27 16:51:18	Destructed Console
--
	
2022-10-27 16:51:20	Constructed Console	
2022-10-27 16:51:20	Method syncInvoices not compliant	
2022-10-27 16:51:20	#0 /Volumes/htdocs/tigron-invoicing-tool/vendor/multimedium/core/src/M/Controller/Dispatcher.php(872): M\Controller\Dispatcher->getControllerCallback()
#1 /Volumes/htdocs/tigron-invoicing-tool/public/index.php(126): M\Controller\Dispatcher->dispatch()
#2 {main}	
2022-10-27 16:51:20	Destructed Console
--
	
2022-10-27 16:51:20	Constructed Console	
2022-10-27 16:51:20	Method syncInvoices not compliant	
2022-10-27 16:51:20	#0 /Volumes/htdocs/tigron-invoicing-tool/vendor/multimedium/core/src/M/Controller/Dispatcher.php(872): M\Controller\Dispatcher->getControllerCallback()
#1 /Volumes/htdocs/tigron-invoicing-tool/public/index.php(126): M\Controller\Dispatcher->dispatch()
#2 {main}	
2022-10-27 16:51:20	Destructed Console
--
	
2022-10-27 16:51:20	Constructed Console	
2022-10-27 16:51:20	Unable to construct Controller with path favicon.ico	
2022-10-27 16:51:20	#0 /Volumes/htdocs/tigron-invoicing-tool/vendor/multimedium/core/src/M/Controller/Dispatcher.php(872): M\Controller\Dispatcher->getControllerCallback()
#1 /Volumes/htdocs/tigron-invoicing-tool/public/index.php(126): M\Controller\Dispatcher->dispatch()
#2 {main}	
2022-10-27 16:51:20	Destructed Console
--
	
2022-10-27 16:51:21	Constructed Console	
2022-10-27 16:51:21	Unable to construct Controller with path favicon.ico	
2022-10-27 16:51:21	#0 /Volumes/htdocs/tigron-invoicing-tool/vendor/multimedium/core/src/M/Controller/Dispatcher.php(872): M\Controller\Dispatcher->getControllerCallback()
#1 /Volumes/htdocs/tigron-invoicing-tool/public/index.php(126): M\Controller\Dispatcher->dispatch()
#2 {main}	
2022-10-27 16:51:21	Destructed Console
--
	
2022-10-27 16:51:31	Constructed Console	
2022-10-27 16:51:31	Method syncinvoices not compliant	
2022-10-27 16:51:31	#0 /Volumes/htdocs/tigron-invoicing-tool/vendor/multimedium/core/src/M/Controller/Dispatcher.php(872): M\Controller\Dispatcher->getControllerCallback()
#1 /Volumes/htdocs/tigron-invoicing-tool/public/index.php(126): M\Controller\Dispatcher->dispatch()
#2 {main}	
2022-10-27 16:51:32	Destructed Console
--
	
2022-10-27 16:51:32	Constructed Console	
2022-10-27 16:51:32	Unable to construct Controller with path favicon.ico	
2022-10-27 16:51:32	#0 /Volumes/htdocs/tigron-invoicing-tool/vendor/multimedium/core/src/M/Controller/Dispatcher.php(872): M\Controller\Dispatcher->getControllerCallback()
#1 /Volumes/htdocs/tigron-invoicing-tool/public/index.php(126): M\Controller\Dispatcher->dispatch()
#2 {main}	
2022-10-27 16:51:32	Destructed Console
--
	
2022-10-27 16:51:44	Constructed Console	
2022-10-27 16:51:44	Method syncinvoices not compliant	
2022-10-27 16:51:44	#0 /Volumes/htdocs/tigron-invoicing-tool/vendor/multimedium/core/src/M/Controller/Dispatcher.php(872): M\Controller\Dispatcher->getControllerCallback()
#1 /Volumes/htdocs/tigron-invoicing-tool/public/index.php(126): M\Controller\Dispatcher->dispatch()
#2 {main}	
2022-10-27 16:51:44	Destructed Console
--
	
2022-10-27 16:51:44	Constructed Console	
2022-10-27 16:51:44	Unable to construct Controller with path favicon.ico	
2022-10-27 16:51:44	#0 /Volumes/htdocs/tigron-invoicing-tool/vendor/multimedium/core/src/M/Controller/Dispatcher.php(872): M\Controller\Dispatcher->getControllerCallback()
#1 /Volumes/htdocs/tigron-invoicing-tool/public/index.php(126): M\Controller\Dispatcher->dispatch()
#2 {main}	
2022-10-27 16:51:44	Destructed Console
--
	
2022-10-27 16:51:46	Constructed Console	
2022-10-27 16:51:46	Method syncinvoices not compliant	
2022-10-27 16:51:46	#0 /Volumes/htdocs/tigron-invoicing-tool/vendor/multimedium/core/src/M/Controller/Dispatcher.php(872): M\Controller\Dispatcher->getControllerCallback()
#1 /Volumes/htdocs/tigron-invoicing-tool/public/index.php(126): M\Controller\Dispatcher->dispatch()
#2 {main}	
2022-10-27 16:51:46	Destructed Console
--
	
2022-10-27 16:51:46	Constructed Console	
2022-10-27 16:51:46	Method syncinvoices not compliant	
2022-10-27 16:51:46	#0 /Volumes/htdocs/tigron-invoicing-tool/vendor/multimedium/core/src/M/Controller/Dispatcher.php(872): M\Controller\Dispatcher->getControllerCallback()
#1 /Volumes/htdocs/tigron-invoicing-tool/public/index.php(126): M\Controller\Dispatcher->dispatch()
#2 {main}	
2022-10-27 16:51:46	Destructed Console
--
	
2022-10-27 16:51:46	Constructed Console	
2022-10-27 16:51:46	Unable to construct Controller with path favicon.ico	
2022-10-27 16:51:46	#0 /Volumes/htdocs/tigron-invoicing-tool/vendor/multimedium/core/src/M/Controller/Dispatcher.php(872): M\Controller\Dispatcher->getControllerCallback()
#1 /Volumes/htdocs/tigron-invoicing-tool/public/index.php(126): M\Controller\Dispatcher->dispatch()
#2 {main}	
2022-10-27 16:51:46	Destructed Console
--
	
2022-10-27 16:51:46	Constructed Console	
2022-10-27 16:51:46	Unable to construct Controller with path favicon.ico	
2022-10-27 16:51:46	#0 /Volumes/htdocs/tigron-invoicing-tool/vendor/multimedium/core/src/M/Controller/Dispatcher.php(872): M\Controller\Dispatcher->getControllerCallback()
#1 /Volumes/htdocs/tigron-invoicing-tool/public/index.php(126): M\Controller\Dispatcher->dispatch()
#2 {main}	
2022-10-27 16:51:46	Destructed Console
--
	
2022-10-27 16:52:16	Constructed Console	
2022-10-27 16:52:16	Unable to construct Controller with path syncinvoices/sync-invoices	
2022-10-27 16:52:16	#0 /Volumes/htdocs/tigron-invoicing-tool/vendor/multimedium/core/src/M/Controller/Dispatcher.php(872): M\Controller\Dispatcher->getControllerCallback()
#1 /Volumes/htdocs/tigron-invoicing-tool/public/index.php(126): M\Controller\Dispatcher->dispatch()
#2 {main}	
2022-10-27 16:52:16	Destructed Console
--
	
2022-10-27 16:52:17	Constructed Console	
2022-10-27 16:52:17	Unable to construct Controller with path favicon.ico	
2022-10-27 16:52:17	#0 /Volumes/htdocs/tigron-invoicing-tool/vendor/multimedium/core/src/M/Controller/Dispatcher.php(872): M\Controller\Dispatcher->getControllerCallback()
#1 /Volumes/htdocs/tigron-invoicing-tool/public/index.php(126): M\Controller\Dispatcher->dispatch()
#2 {main}	
2022-10-27 16:52:17	Destructed Console
--
	
2022-10-27 16:52:28	Constructed Console	
2022-10-27 16:52:28	Unable to construct Controller with path syncInvoices/sync-invoices	
2022-10-27 16:52:28	#0 /Volumes/htdocs/tigron-invoicing-tool/vendor/multimedium/core/src/M/Controller/Dispatcher.php(872): M\Controller\Dispatcher->getControllerCallback()
#1 /Volumes/htdocs/tigron-invoicing-tool/public/index.php(126): M\Controller\Dispatcher->dispatch()
#2 {main}	
2022-10-27 16:52:28	Destructed Console
--
	
2022-10-27 16:52:28	Constructed Console	
2022-10-27 16:52:28	Unable to construct Controller with path favicon.ico	
2022-10-27 16:52:28	#0 /Volumes/htdocs/tigron-invoicing-tool/vendor/multimedium/core/src/M/Controller/Dispatcher.php(872): M\Controller\Dispatcher->getControllerCallback()
#1 /Volumes/htdocs/tigron-invoicing-tool/public/index.php(126): M\Controller\Dispatcher->dispatch()
#2 {main}	
2022-10-27 16:52:28	Destructed Console
--
	
2022-10-27 16:52:44	Constructed Console	
2022-10-27 16:52:44	Unable to construct Controller with path favicon.ico	
2022-10-27 16:52:44	#0 /Volumes/htdocs/tigron-invoicing-tool/vendor/multimedium/core/src/M/Controller/Dispatcher.php(872): M\Controller\Dispatcher->getControllerCallback()
#1 /Volumes/htdocs/tigron-invoicing-tool/public/index.php(126): M\Controller\Dispatcher->dispatch()
#2 {main}	
2022-10-27 16:52:44	Destructed Console
--
	
2022-10-27 16:52:49	Constructed Console	
2022-10-27 16:52:49	Method index not compliant	
2022-10-27 16:52:49	#0 /Volumes/htdocs/tigron-invoicing-tool/vendor/multimedium/core/src/M/Controller/Dispatcher.php(872): M\Controller\Dispatcher->getControllerCallback()
#1 /Volumes/htdocs/tigron-invoicing-tool/public/index.php(126): M\Controller\Dispatcher->dispatch()
#2 {main}	
2022-10-27 16:52:49	Destructed Console
--
	
2022-10-27 16:52:49	Constructed Console	
2022-10-27 16:52:49	Unable to construct Controller with path favicon.ico	
2022-10-27 16:52:49	#0 /Volumes/htdocs/tigron-invoicing-tool/vendor/multimedium/core/src/M/Controller/Dispatcher.php(872): M\Controller\Dispatcher->getControllerCallback()
#1 /Volumes/htdocs/tigron-invoicing-tool/public/index.php(126): M\Controller\Dispatcher->dispatch()
#2 {main}	
2022-10-27 16:52:49	Destructed Console
--
	
2022-10-27 16:52:56	Constructed Console	
2022-10-27 16:52:56	Unable to construct Controller with path favicon.ico	
2022-10-27 16:52:56	#0 /Volumes/htdocs/tigron-invoicing-tool/vendor/multimedium/core/src/M/Controller/Dispatcher.php(872): M\Controller\Dispatcher->getControllerCallback()
#1 /Volumes/htdocs/tigron-invoicing-tool/public/index.php(126): M\Controller\Dispatcher->dispatch()
#2 {main}	
2022-10-27 16:52:56	Destructed Console
--
	
2022-10-27 16:52:58	Constructed Console	
2022-10-27 16:52:58	Method index not compliant	
2022-10-27 16:52:58	#0 /Volumes/htdocs/tigron-invoicing-tool/vendor/multimedium/core/src/M/Controller/Dispatcher.php(872): M\Controller\Dispatcher->getControllerCallback()
#1 /Volumes/htdocs/tigron-invoicing-tool/public/index.php(126): M\Controller\Dispatcher->dispatch()
#2 {main}	
2022-10-27 16:52:58	Destructed Console
--
	
2022-10-27 16:52:59	Constructed Console	
2022-10-27 16:52:59	Unable to construct Controller with path favicon.ico	
2022-10-27 16:52:59	#0 /Volumes/htdocs/tigron-invoicing-tool/vendor/multimedium/core/src/M/Controller/Dispatcher.php(872): M\Controller\Dispatcher->getControllerCallback()
#1 /Volumes/htdocs/tigron-invoicing-tool/public/index.php(126): M\Controller\Dispatcher->dispatch()
#2 {main}	
2022-10-27 16:52:59	Destructed Console
--
	
2022-10-27 16:53:09	Constructed Console	
2022-10-27 16:53:09	Unable to construct Controller with path syncinvoices	
2022-10-27 16:53:09	#0 /Volumes/htdocs/tigron-invoicing-tool/vendor/multimedium/core/src/M/Controller/Dispatcher.php(872): M\Controller\Dispatcher->getControllerCallback()
#1 /Volumes/htdocs/tigron-invoicing-tool/public/index.php(126): M\Controller\Dispatcher->dispatch()
#2 {main}	
2022-10-27 16:53:09	Destructed Console
--
	
2022-10-27 16:53:09	Constructed Console	
2022-10-27 16:53:09	Unable to construct Controller with path favicon.ico	
2022-10-27 16:53:09	#0 /Volumes/htdocs/tigron-invoicing-tool/vendor/multimedium/core/src/M/Controller/Dispatcher.php(872): M\Controller\Dispatcher->getControllerCallback()
#1 /Volumes/htdocs/tigron-invoicing-tool/public/index.php(126): M\Controller\Dispatcher->dispatch()
#2 {main}	
2022-10-27 16:53:09	Destructed Console
--
	
2022-10-27 16:53:19	Constructed Console	
2022-10-27 16:53:19	Unable to construct Controller with path syncinvoices/sync-invoices	
2022-10-27 16:53:19	#0 /Volumes/htdocs/tigron-invoicing-tool/vendor/multimedium/core/src/M/Controller/Dispatcher.php(872): M\Controller\Dispatcher->getControllerCallback()
#1 /Volumes/htdocs/tigron-invoicing-tool/public/index.php(126): M\Controller\Dispatcher->dispatch()
#2 {main}	
2022-10-27 16:53:19	Destructed Console
--
	
2022-10-27 16:53:19	Constructed Console	
2022-10-27 16:53:19	Unable to construct Controller with path favicon.ico	
2022-10-27 16:53:19	#0 /Volumes/htdocs/tigron-invoicing-tool/vendor/multimedium/core/src/M/Controller/Dispatcher.php(872): M\Controller\Dispatcher->getControllerCallback()
#1 /Volumes/htdocs/tigron-invoicing-tool/public/index.php(126): M\Controller\Dispatcher->dispatch()
#2 {main}	
2022-10-27 16:53:19	Destructed Console
--
	
2022-10-27 16:53:27	Constructed Console	
2022-10-27 16:53:27	Unable to construct Controller with path syncinvoices/syncinvoices	
2022-10-27 16:53:27	#0 /Volumes/htdocs/tigron-invoicing-tool/vendor/multimedium/core/src/M/Controller/Dispatcher.php(872): M\Controller\Dispatcher->getControllerCallback()
#1 /Volumes/htdocs/tigron-invoicing-tool/public/index.php(126): M\Controller\Dispatcher->dispatch()
#2 {main}	
2022-10-27 16:53:27	Destructed Console
--
	
2022-10-27 16:53:27	Constructed Console	
2022-10-27 16:53:27	Unable to construct Controller with path favicon.ico	
2022-10-27 16:53:27	#0 /Volumes/htdocs/tigron-invoicing-tool/vendor/multimedium/core/src/M/Controller/Dispatcher.php(872): M\Controller\Dispatcher->getControllerCallback()
#1 /Volumes/htdocs/tigron-invoicing-tool/public/index.php(126): M\Controller\Dispatcher->dispatch()
#2 {main}	
2022-10-27 16:53:27	Destructed Console
--
	
2022-10-27 16:54:29	Constructed Console	
2022-10-27 16:54:29	Unable to construct Controller with path syncinvoices/syncinvoices	
2022-10-27 16:54:29	#0 /Volumes/htdocs/tigron-invoicing-tool/vendor/multimedium/core/src/M/Controller/Dispatcher.php(872): M\Controller\Dispatcher->getControllerCallback()
#1 /Volumes/htdocs/tigron-invoicing-tool/public/index.php(126): M\Controller\Dispatcher->dispatch()
#2 {main}	
2022-10-27 16:54:29	Destructed Console
--
	
2022-10-27 16:54:30	Constructed Console	
2022-10-27 16:54:30	Unable to construct Controller with path favicon.ico	
2022-10-27 16:54:30	#0 /Volumes/htdocs/tigron-invoicing-tool/vendor/multimedium/core/src/M/Controller/Dispatcher.php(872): M\Controller\Dispatcher->getControllerCallback()
#1 /Volumes/htdocs/tigron-invoicing-tool/public/index.php(126): M\Controller\Dispatcher->dispatch()
#2 {main}	
2022-10-27 16:54:30	Destructed Console
--
	
2022-10-27 16:54:42	Constructed Console	
2022-10-27 16:54:42	Unable to construct Controller with path syncinvoices/syncinvoices	
2022-10-27 16:54:42	#0 /Volumes/htdocs/tigron-invoicing-tool/vendor/multimedium/core/src/M/Controller/Dispatcher.php(872): M\Controller\Dispatcher->getControllerCallback()
#1 /Volumes/htdocs/tigron-invoicing-tool/public/index.php(126): M\Controller\Dispatcher->dispatch()
#2 {main}	
2022-10-27 16:54:42	Destructed Console
--
	
2022-10-27 16:54:42	Constructed Console	
2022-10-27 16:54:42	Unable to construct Controller with path favicon.ico	
2022-10-27 16:54:42	#0 /Volumes/htdocs/tigron-invoicing-tool/vendor/multimedium/core/src/M/Controller/Dispatcher.php(872): M\Controller\Dispatcher->getControllerCallback()
#1 /Volumes/htdocs/tigron-invoicing-tool/public/index.php(126): M\Controller\Dispatcher->dispatch()
#2 {main}	
2022-10-27 16:54:42	Destructed Console
--
	
2022-10-27 16:54:47	Constructed Console	
2022-10-27 16:54:47	Method index not compliant	
2022-10-27 16:54:47	#0 /Volumes/htdocs/tigron-invoicing-tool/vendor/multimedium/core/src/M/Controller/Dispatcher.php(872): M\Controller\Dispatcher->getControllerCallback()
#1 /Volumes/htdocs/tigron-invoicing-tool/public/index.php(126): M\Controller\Dispatcher->dispatch()
#2 {main}	
2022-10-27 16:54:47	Destructed Console
--
	
2022-10-27 16:54:48	Constructed Console	
2022-10-27 16:54:48	Unable to construct Controller with path favicon.ico	
2022-10-27 16:54:48	#0 /Volumes/htdocs/tigron-invoicing-tool/vendor/multimedium/core/src/M/Controller/Dispatcher.php(872): M\Controller\Dispatcher->getControllerCallback()
#1 /Volumes/htdocs/tigron-invoicing-tool/public/index.php(126): M\Controller\Dispatcher->dispatch()
#2 {main}	
2022-10-27 16:54:48	Destructed Console
--
	
2022-10-27 16:54:58	Constructed Console	
2022-10-27 16:54:58	Unable to construct Controller with path syncinvoices	
2022-10-27 16:54:58	#0 /Volumes/htdocs/tigron-invoicing-tool/vendor/multimedium/core/src/M/Controller/Dispatcher.php(872): M\Controller\Dispatcher->getControllerCallback()
#1 /Volumes/htdocs/tigron-invoicing-tool/public/index.php(126): M\Controller\Dispatcher->dispatch()
#2 {main}	
2022-10-27 16:54:58	Destructed Console
--
	
2022-10-27 16:54:58	Constructed Console	
2022-10-27 16:54:58	Unable to construct Controller with path favicon.ico	
2022-10-27 16:54:58	#0 /Volumes/htdocs/tigron-invoicing-tool/vendor/multimedium/core/src/M/Controller/Dispatcher.php(872): M\Controller\Dispatcher->getControllerCallback()
#1 /Volumes/htdocs/tigron-invoicing-tool/public/index.php(126): M\Controller\Dispatcher->dispatch()
#2 {main}	
2022-10-27 16:54:58	Destructed Console
--
	
2022-10-27 16:56:54	Constructed Console	
2022-10-27 16:56:54	Unable to construct Controller with path invoice	
2022-10-27 16:56:54	#0 /Volumes/htdocs/tigron-invoicing-tool/vendor/multimedium/core/src/M/Controller/Dispatcher.php(872): M\Controller\Dispatcher->getControllerCallback()
#1 /Volumes/htdocs/tigron-invoicing-tool/public/index.php(126): M\Controller\Dispatcher->dispatch()
#2 {main}	
2022-10-27 16:56:54	Destructed Console
--
	
2022-10-27 16:56:54	Constructed Console	
2022-10-27 16:56:54	Unable to construct Controller with path favicon.ico	
2022-10-27 16:56:54	#0 /Volumes/htdocs/tigron-invoicing-tool/vendor/multimedium/core/src/M/Controller/Dispatcher.php(872): M\Controller\Dispatcher->getControllerCallback()
#1 /Volumes/htdocs/tigron-invoicing-tool/public/index.php(126): M\Controller\Dispatcher->dispatch()
#2 {main}	
2022-10-27 16:56:54	Destructed Console
--
	
2022-10-27 16:57:04	Constructed Console	
2022-10-27 16:57:04	Method index not compliant	
2022-10-27 16:57:04	#0 /Volumes/htdocs/tigron-invoicing-tool/vendor/multimedium/core/src/M/Controller/Dispatcher.php(872): M\Controller\Dispatcher->getControllerCallback()
#1 /Volumes/htdocs/tigron-invoicing-tool/public/index.php(126): M\Controller\Dispatcher->dispatch()
#2 {main}	
2022-10-27 16:57:04	Destructed Console
--
	
2022-10-27 16:57:04	Constructed Console	
2022-10-27 16:57:04	Unable to construct Controller with path favicon.ico	
2022-10-27 16:57:04	#0 /Volumes/htdocs/tigron-invoicing-tool/vendor/multimedium/core/src/M/Controller/Dispatcher.php(872): M\Controller\Dispatcher->getControllerCallback()
#1 /Volumes/htdocs/tigron-invoicing-tool/public/index.php(126): M\Controller\Dispatcher->dispatch()
#2 {main}	
2022-10-27 16:57:04	Destructed Console
--
	
2022-10-27 16:58:35	Constructed Console	
2022-10-27 16:58:35	Method index not compliant	
2022-10-27 16:58:35	#0 /Volumes/htdocs/tigron-invoicing-tool/vendor/multimedium/core/src/M/Controller/Dispatcher.php(872): M\Controller\Dispatcher->getControllerCallback()
#1 /Volumes/htdocs/tigron-invoicing-tool/public/index.php(126): M\Controller\Dispatcher->dispatch()
#2 {main}	
2022-10-27 16:58:35	Destructed Console
--
	
2022-10-27 16:58:35	Constructed Console	
2022-10-27 16:58:35	Unable to construct Controller with path favicon.ico	
2022-10-27 16:58:35	#0 /Volumes/htdocs/tigron-invoicing-tool/vendor/multimedium/core/src/M/Controller/Dispatcher.php(872): M\Controller\Dispatcher->getControllerCallback()
#1 /Volumes/htdocs/tigron-invoicing-tool/public/index.php(126): M\Controller\Dispatcher->dispatch()
#2 {main}	
2022-10-27 16:58:35	Destructed Console
--
	
2022-10-27 16:58:36	Constructed Console	
2022-10-27 16:58:36	Method index not compliant	
2022-10-27 16:58:36	#0 /Volumes/htdocs/tigron-invoicing-tool/vendor/multimedium/core/src/M/Controller/Dispatcher.php(872): M\Controller\Dispatcher->getControllerCallback()
#1 /Volumes/htdocs/tigron-invoicing-tool/public/index.php(126): M\Controller\Dispatcher->dispatch()
#2 {main}	
2022-10-27 16:58:36	Destructed Console
--
	
2022-10-27 16:58:36	Constructed Console	
2022-10-27 16:58:36	Unable to construct Controller with path favicon.ico	
2022-10-27 16:58:36	#0 /Volumes/htdocs/tigron-invoicing-tool/vendor/multimedium/core/src/M/Controller/Dispatcher.php(872): M\Controller\Dispatcher->getControllerCallback()
#1 /Volumes/htdocs/tigron-invoicing-tool/public/index.php(126): M\Controller\Dispatcher->dispatch()
#2 {main}	
2022-10-27 16:58:36	Destructed Console
--
	
2022-10-27 16:58:36	Constructed Console	
2022-10-27 16:58:36	Method index not compliant	
2022-10-27 16:58:36	#0 /Volumes/htdocs/tigron-invoicing-tool/vendor/multimedium/core/src/M/Controller/Dispatcher.php(872): M\Controller\Dispatcher->getControllerCallback()
#1 /Volumes/htdocs/tigron-invoicing-tool/public/index.php(126): M\Controller\Dispatcher->dispatch()
#2 {main}	
2022-10-27 16:58:36	Destructed Console
--
	
2022-10-27 16:58:36	Constructed Console	
2022-10-27 16:58:36	Unable to construct Controller with path favicon.ico	
2022-10-27 16:58:36	#0 /Volumes/htdocs/tigron-invoicing-tool/vendor/multimedium/core/src/M/Controller/Dispatcher.php(872): M\Controller\Dispatcher->getControllerCallback()
#1 /Volumes/htdocs/tigron-invoicing-tool/public/index.php(126): M\Controller\Dispatcher->dispatch()
#2 {main}	
2022-10-27 16:58:36	Destructed Console
--
	
2022-10-27 16:58:44	Constructed Console	
2022-10-27 16:58:44	Unable to construct Controller with path favicon.ico	
2022-10-27 16:58:44	#0 /Volumes/htdocs/tigron-invoicing-tool/vendor/multimedium/core/src/M/Controller/Dispatcher.php(872): M\Controller\Dispatcher->getControllerCallback()
#1 /Volumes/htdocs/tigron-invoicing-tool/public/index.php(126): M\Controller\Dispatcher->dispatch()
#2 {main}	
2022-10-27 16:58:44	Destructed Console
--
	
2022-10-27 16:58:53	Constructed Console	
2022-10-27 16:58:53	Unable to construct Controller with path invoice/sync-invoice	
2022-10-27 16:58:53	#0 /Volumes/htdocs/tigron-invoicing-tool/vendor/multimedium/core/src/M/Controller/Dispatcher.php(872): M\Controller\Dispatcher->getControllerCallback()
#1 /Volumes/htdocs/tigron-invoicing-tool/public/index.php(126): M\Controller\Dispatcher->dispatch()
#2 {main}	
2022-10-27 16:58:53	Destructed Console
--
	
2022-10-27 16:58:53	Constructed Console	
2022-10-27 16:58:53	Unable to construct Controller with path favicon.ico	
2022-10-27 16:58:53	#0 /Volumes/htdocs/tigron-invoicing-tool/vendor/multimedium/core/src/M/Controller/Dispatcher.php(872): M\Controller\Dispatcher->getControllerCallback()
#1 /Volumes/htdocs/tigron-invoicing-tool/public/index.php(126): M\Controller\Dispatcher->dispatch()
#2 {main}	
2022-10-27 16:58:53	Destructed Console
--
	
2022-10-27 17:00:27	Constructed Console	
2022-10-27 17:00:27	Unable to construct Controller with path invoice/sync-invoice	
2022-10-27 17:00:27	#0 /Volumes/htdocs/tigron-invoicing-tool/vendor/multimedium/core/src/M/Controller/Dispatcher.php(872): M\Controller\Dispatcher->getControllerCallback()
#1 /Volumes/htdocs/tigron-invoicing-tool/public/index.php(126): M\Controller\Dispatcher->dispatch()
#2 {main}	
2022-10-27 17:00:27	Destructed Console
--
	
2022-10-27 17:00:27	Constructed Console	
2022-10-27 17:00:27	Unable to construct Controller with path favicon.ico	
2022-10-27 17:00:27	#0 /Volumes/htdocs/tigron-invoicing-tool/vendor/multimedium/core/src/M/Controller/Dispatcher.php(872): M\Controller\Dispatcher->getControllerCallback()
#1 /Volumes/htdocs/tigron-invoicing-tool/public/index.php(126): M\Controller\Dispatcher->dispatch()
#2 {main}	
2022-10-27 17:00:27	Destructed Console
--
	
2022-10-27 17:00:43	Constructed Console	
2022-10-27 17:00:43	Method index not compliant	
2022-10-27 17:00:43	#0 /Volumes/htdocs/tigron-invoicing-tool/vendor/multimedium/core/src/M/Controller/Dispatcher.php(872): M\Controller\Dispatcher->getControllerCallback()
#1 /Volumes/htdocs/tigron-invoicing-tool/public/index.php(126): M\Controller\Dispatcher->dispatch()
#2 {main}	
2022-10-27 17:00:43	Destructed Console
--
	
2022-10-27 17:00:43	Constructed Console	
2022-10-27 17:00:43	Method index not compliant	
2022-10-27 17:00:43	#0 /Volumes/htdocs/tigron-invoicing-tool/vendor/multimedium/core/src/M/Controller/Dispatcher.php(872): M\Controller\Dispatcher->getControllerCallback()
#1 /Volumes/htdocs/tigron-invoicing-tool/public/index.php(126): M\Controller\Dispatcher->dispatch()
#2 {main}	
2022-10-27 17:00:43	Destructed Console
--
	
2022-10-27 17:00:43	Constructed Console	
2022-10-27 17:00:43	Unable to construct Controller with path favicon.ico	
2022-10-27 17:00:43	#0 /Volumes/htdocs/tigron-invoicing-tool/vendor/multimedium/core/src/M/Controller/Dispatcher.php(872): M\Controller\Dispatcher->getControllerCallback()
#1 /Volumes/htdocs/tigron-invoicing-tool/public/index.php(126): M\Controller\Dispatcher->dispatch()
#2 {main}	
2022-10-27 17:00:43	Destructed Console
--
	
2022-10-27 17:00:52	Constructed Console	
2022-10-27 17:00:52	Unable to construct Controller with path invoice	
2022-10-27 17:00:52	#0 /Volumes/htdocs/tigron-invoicing-tool/vendor/multimedium/core/src/M/Controller/Dispatcher.php(872): M\Controller\Dispatcher->getControllerCallback()
#1 /Volumes/htdocs/tigron-invoicing-tool/public/index.php(126): M\Controller\Dispatcher->dispatch()
#2 {main}	
2022-10-27 17:00:52	Destructed Console
--
	
2022-10-27 17:00:52	Constructed Console	
2022-10-27 17:00:52	Unable to construct Controller with path favicon.ico	
2022-10-27 17:00:52	#0 /Volumes/htdocs/tigron-invoicing-tool/vendor/multimedium/core/src/M/Controller/Dispatcher.php(872): M\Controller\Dispatcher->getControllerCallback()
#1 /Volumes/htdocs/tigron-invoicing-tool/public/index.php(126): M\Controller\Dispatcher->dispatch()
#2 {main}	
2022-10-27 17:00:52	Destructed Console
--
	
2022-10-27 17:01:01	Constructed Console	
2022-10-27 17:01:01	Method index not compliant	
2022-10-27 17:01:01	#0 /Volumes/htdocs/tigron-invoicing-tool/vendor/multimedium/core/src/M/Controller/Dispatcher.php(872): M\Controller\Dispatcher->getControllerCallback()
#1 /Volumes/htdocs/tigron-invoicing-tool/public/index.php(126): M\Controller\Dispatcher->dispatch()
#2 {main}	
2022-10-27 17:01:01	Destructed Console
--
	
2022-10-27 17:01:01	Constructed Console	
2022-10-27 17:01:01	Unable to construct Controller with path favicon.ico	
2022-10-27 17:01:01	#0 /Volumes/htdocs/tigron-invoicing-tool/vendor/multimedium/core/src/M/Controller/Dispatcher.php(872): M\Controller\Dispatcher->getControllerCallback()
#1 /Volumes/htdocs/tigron-invoicing-tool/public/index.php(126): M\Controller\Dispatcher->dispatch()
#2 {main}	
2022-10-27 17:01:01	Destructed Console
--
	
2022-10-27 17:01:09	Constructed Console	
2022-10-27 17:01:09	Unable to construct Controller with path favicon.ico	
2022-10-27 17:01:09	#0 /Volumes/htdocs/tigron-invoicing-tool/vendor/multimedium/core/src/M/Controller/Dispatcher.php(872): M\Controller\Dispatcher->getControllerCallback()
#1 /Volumes/htdocs/tigron-invoicing-tool/public/index.php(126): M\Controller\Dispatcher->dispatch()
#2 {main}	
2022-10-27 17:01:09	Destructed Console
--
	
2022-10-27 17:01:16	Constructed Console	
2022-10-27 17:01:16	Method syncInvoices not compliant	
2022-10-27 17:01:16	#0 /Volumes/htdocs/tigron-invoicing-tool/vendor/multimedium/core/src/M/Controller/Dispatcher.php(872): M\Controller\Dispatcher->getControllerCallback()
#1 /Volumes/htdocs/tigron-invoicing-tool/public/index.php(126): M\Controller\Dispatcher->dispatch()
#2 {main}	
2022-10-27 17:01:16	Destructed Console
--
	
2022-10-27 17:01:16	Constructed Console	
2022-10-27 17:01:16	Unable to construct Controller with path favicon.ico	
2022-10-27 17:01:16	#0 /Volumes/htdocs/tigron-invoicing-tool/vendor/multimedium/core/src/M/Controller/Dispatcher.php(872): M\Controller\Dispatcher->getControllerCallback()
#1 /Volumes/htdocs/tigron-invoicing-tool/public/index.php(126): M\Controller\Dispatcher->dispatch()
#2 {main}	
2022-10-27 17:01:16	Destructed Console
--
	
2022-10-27 17:01:22	Constructed Console	
2022-10-27 17:01:22	Unable to construct Controller with path favicon.ico	
2022-10-27 17:01:22	#0 /Volumes/htdocs/tigron-invoicing-tool/vendor/multimedium/core/src/M/Controller/Dispatcher.php(872): M\Controller\Dispatcher->getControllerCallback()
#1 /Volumes/htdocs/tigron-invoicing-tool/public/index.php(126): M\Controller\Dispatcher->dispatch()
#2 {main}	
2022-10-27 17:01:22	Destructed Console
--
	
2022-10-27 17:01:27	Constructed Console	
2022-10-27 17:01:27	Method syncInvoices not compliant	
2022-10-27 17:01:27	#0 /Volumes/htdocs/tigron-invoicing-tool/vendor/multimedium/core/src/M/Controller/Dispatcher.php(872): M\Controller\Dispatcher->getControllerCallback()
#1 /Volumes/htdocs/tigron-invoicing-tool/public/index.php(126): M\Controller\Dispatcher->dispatch()
#2 {main}	
2022-10-27 17:01:27	Destructed Console
--
	
2022-10-27 17:01:27	Constructed Console	
2022-10-27 17:01:27	Unable to construct Controller with path favicon.ico	
2022-10-27 17:01:27	#0 /Volumes/htdocs/tigron-invoicing-tool/vendor/multimedium/core/src/M/Controller/Dispatcher.php(872): M\Controller\Dispatcher->getControllerCallback()
#1 /Volumes/htdocs/tigron-invoicing-tool/public/index.php(126): M\Controller\Dispatcher->dispatch()
#2 {main}	
2022-10-27 17:01:27	Destructed Console
--
	
2022-10-27 17:01:27	Constructed Console	
2022-10-27 17:01:27	Unable to construct Controller with path favicon.ico	
2022-10-27 17:01:27	#0 /Volumes/htdocs/tigron-invoicing-tool/vendor/multimedium/core/src/M/Controller/Dispatcher.php(872): M\Controller\Dispatcher->getControllerCallback()
#1 /Volumes/htdocs/tigron-invoicing-tool/public/index.php(126): M\Controller\Dispatcher->dispatch()
#2 {main}	
2022-10-27 17:01:27	Destructed Console
--
	
2022-10-27 17:01:28	Constructed Console	
2022-10-27 17:01:28	Method index not compliant	
2022-10-27 17:01:28	#0 /Volumes/htdocs/tigron-invoicing-tool/vendor/multimedium/core/src/M/Controller/Dispatcher.php(872): M\Controller\Dispatcher->getControllerCallback()
#1 /Volumes/htdocs/tigron-invoicing-tool/public/index.php(126): M\Controller\Dispatcher->dispatch()
#2 {main}	
2022-10-27 17:01:28	Destructed Console
--
	
2022-10-27 17:01:28	Constructed Console	
2022-10-27 17:01:28	Unable to construct Controller with path favicon.ico	
2022-10-27 17:01:28	#0 /Volumes/htdocs/tigron-invoicing-tool/vendor/multimedium/core/src/M/Controller/Dispatcher.php(872): M\Controller\Dispatcher->getControllerCallback()
#1 /Volumes/htdocs/tigron-invoicing-tool/public/index.php(126): M\Controller\Dispatcher->dispatch()
#2 {main}	
2022-10-27 17:01:28	Destructed Console
--
	
2022-10-27 17:01:29	Constructed Console	
2022-10-27 17:01:29	Unable to construct Controller with path invoice	
2022-10-27 17:01:29	#0 /Volumes/htdocs/tigron-invoicing-tool/vendor/multimedium/core/src/M/Controller/Dispatcher.php(872): M\Controller\Dispatcher->getControllerCallback()
#1 /Volumes/htdocs/tigron-invoicing-tool/public/index.php(126): M\Controller\Dispatcher->dispatch()
#2 {main}	
2022-10-27 17:01:29	Destructed Console
--
	
2022-10-27 17:01:29	Constructed Console	
2022-10-27 17:01:29	Unable to construct Controller with path favicon.ico	
2022-10-27 17:01:29	#0 /Volumes/htdocs/tigron-invoicing-tool/vendor/multimedium/core/src/M/Controller/Dispatcher.php(872): M\Controller\Dispatcher->getControllerCallback()
#1 /Volumes/htdocs/tigron-invoicing-tool/public/index.php(126): M\Controller\Dispatcher->dispatch()
#2 {main}	
2022-10-27 17:01:29	Destructed Console
--
	
2022-10-27 17:01:29	Constructed Console	
2022-10-27 17:01:29	Method index not compliant	
2022-10-27 17:01:29	#0 /Volumes/htdocs/tigron-invoicing-tool/vendor/multimedium/core/src/M/Controller/Dispatcher.php(872): M\Controller\Dispatcher->getControllerCallback()
#1 /Volumes/htdocs/tigron-invoicing-tool/public/index.php(126): M\Controller\Dispatcher->dispatch()
#2 {main}	
2022-10-27 17:01:29	Destructed Console
--
	
2022-10-27 17:01:30	Constructed Console	
2022-10-27 17:01:30	Unable to construct Controller with path favicon.ico	
2022-10-27 17:01:30	#0 /Volumes/htdocs/tigron-invoicing-tool/vendor/multimedium/core/src/M/Controller/Dispatcher.php(872): M\Controller\Dispatcher->getControllerCallback()
#1 /Volumes/htdocs/tigron-invoicing-tool/public/index.php(126): M\Controller\Dispatcher->dispatch()
#2 {main}	
2022-10-27 17:01:30	Destructed Console
--
	
2022-10-27 17:01:31	Constructed Console	
2022-10-27 17:01:31	Unable to construct Controller with path invoice/sync-invoice	
2022-10-27 17:01:31	#0 /Volumes/htdocs/tigron-invoicing-tool/vendor/multimedium/core/src/M/Controller/Dispatcher.php(872): M\Controller\Dispatcher->getControllerCallback()
#1 /Volumes/htdocs/tigron-invoicing-tool/public/index.php(126): M\Controller\Dispatcher->dispatch()
#2 {main}	
2022-10-27 17:01:31	Destructed Console
--
	
2022-10-27 17:01:31	Constructed Console	
2022-10-27 17:01:31	Unable to construct Controller with path favicon.ico	
2022-10-27 17:01:31	#0 /Volumes/htdocs/tigron-invoicing-tool/vendor/multimedium/core/src/M/Controller/Dispatcher.php(872): M\Controller\Dispatcher->getControllerCallback()
#1 /Volumes/htdocs/tigron-invoicing-tool/public/index.php(126): M\Controller\Dispatcher->dispatch()
#2 {main}	
2022-10-27 17:01:31	Destructed Console
--
	
2022-10-27 17:01:32	Constructed Console	
2022-10-27 17:01:32	Method index not compliant	
2022-10-27 17:01:32	#0 /Volumes/htdocs/tigron-invoicing-tool/vendor/multimedium/core/src/M/Controller/Dispatcher.php(872): M\Controller\Dispatcher->getControllerCallback()
#1 /Volumes/htdocs/tigron-invoicing-tool/public/index.php(126): M\Controller\Dispatcher->dispatch()
#2 {main}	
2022-10-27 17:01:32	Destructed Console
--
	
2022-10-27 17:01:32	Constructed Console	
2022-10-27 17:01:32	Unable to construct Controller with path favicon.ico	
2022-10-27 17:01:32	#0 /Volumes/htdocs/tigron-invoicing-tool/vendor/multimedium/core/src/M/Controller/Dispatcher.php(872): M\Controller\Dispatcher->getControllerCallback()
#1 /Volumes/htdocs/tigron-invoicing-tool/public/index.php(126): M\Controller\Dispatcher->dispatch()
#2 {main}	
2022-10-27 17:01:32	Destructed Console
--
	
2022-10-27 17:06:11	Constructed Console	
2022-10-27 17:06:11	Method index not compliant	
2022-10-27 17:06:11	#0 /Volumes/htdocs/tigron-invoicing-tool/vendor/multimedium/core/src/M/Controller/Dispatcher.php(872): M\Controller\Dispatcher->getControllerCallback()
#1 /Volumes/htdocs/tigron-invoicing-tool/public/index.php(126): M\Controller\Dispatcher->dispatch()
#2 {main}	
2022-10-27 17:06:11	Destructed Console
--
	
2022-10-27 17:06:11	Constructed Console	
2022-10-27 17:06:11	Unable to construct Controller with path favicon.ico	
2022-10-27 17:06:11	#0 /Volumes/htdocs/tigron-invoicing-tool/vendor/multimedium/core/src/M/Controller/Dispatcher.php(872): M\Controller\Dispatcher->getControllerCallback()
#1 /Volumes/htdocs/tigron-invoicing-tool/public/index.php(126): M\Controller\Dispatcher->dispatch()
#2 {main}	
2022-10-27 17:06:11	Destructed Console
--
	
2022-10-27 17:06:19	Constructed Console	
2022-10-27 17:06:19	Unable to construct Controller with path favicon.ico	
2022-10-27 17:06:19	#0 /Volumes/htdocs/tigron-invoicing-tool/vendor/multimedium/core/src/M/Controller/Dispatcher.php(872): M\Controller\Dispatcher->getControllerCallback()
#1 /Volumes/htdocs/tigron-invoicing-tool/public/index.php(126): M\Controller\Dispatcher->dispatch()
#2 {main}	
2022-10-27 17:06:19	Destructed Console
--
	
2022-10-27 17:07:13	Constructed Console	
2022-10-27 17:07:13	Unable to construct Controller with path favicon.ico	
2022-10-27 17:07:13	#0 /Volumes/htdocs/tigron-invoicing-tool/vendor/multimedium/core/src/M/Controller/Dispatcher.php(872): M\Controller\Dispatcher->getControllerCallback()
#1 /Volumes/htdocs/tigron-invoicing-tool/public/index.php(126): M\Controller\Dispatcher->dispatch()
#2 {main}	
2022-10-27 17:07:13	Destructed Console
--
	
