2022-11-10 09:00:57	Constructed Console	
2022-11-10 09:00:57	Unable to construct Controller with path favicon.ico	
2022-11-10 09:00:57	#0 /Volumes/htdocs/tigron-invoicing-tool/vendor/multimedium/core/src/M/Controller/Dispatcher.php(872): M\Controller\Dispatcher->getControllerCallback()
#1 /Volumes/htdocs/tigron-invoicing-tool/public/index.php(126): M\Controller\Dispatcher->dispatch()
#2 {main}	
2022-11-10 09:00:57	Destructed Console
--
	
2022-11-10 09:00:58	Constructed Console	
2022-11-10 09:00:58	Unable to construct Controller with path favicon.ico	
2022-11-10 09:00:58	#0 /Volumes/htdocs/tigron-invoicing-tool/vendor/multimedium/core/src/M/Controller/Dispatcher.php(872): M\Controller\Dispatcher->getControllerCallback()
#1 /Volumes/htdocs/tigron-invoicing-tool/public/index.php(126): M\Controller\Dispatcher->dispatch()
#2 {main}	
2022-11-10 09:00:58	Destructed Console
--
	
2022-11-10 09:00:58	Constructed Console	
2022-11-10 09:00:58	Unable to construct Controller with path favicon.ico	
2022-11-10 09:00:58	#0 /Volumes/htdocs/tigron-invoicing-tool/vendor/multimedium/core/src/M/Controller/Dispatcher.php(872): M\Controller\Dispatcher->getControllerCallback()
#1 /Volumes/htdocs/tigron-invoicing-tool/public/index.php(126): M\Controller\Dispatcher->dispatch()
#2 {main}	
2022-11-10 09:00:58	Destructed Console
--
	
2022-11-10 09:07:12	Constructed Console	
2022-11-10 09:07:12	Unable to construct Controller with path favicon.ico	
2022-11-10 09:07:12	#0 /Volumes/htdocs/tigron-invoicing-tool/vendor/multimedium/core/src/M/Controller/Dispatcher.php(872): M\Controller\Dispatcher->getControllerCallback()
#1 /Volumes/htdocs/tigron-invoicing-tool/public/index.php(126): M\Controller\Dispatcher->dispatch()
#2 {main}	
2022-11-10 09:07:12	Destructed Console
--
	
2022-11-10 09:07:18	Constructed Console	
2022-11-10 09:07:18	Unable to construct Controller with path favicon.ico	
2022-11-10 09:07:18	#0 /Volumes/htdocs/tigron-invoicing-tool/vendor/multimedium/core/src/M/Controller/Dispatcher.php(872): M\Controller\Dispatcher->getControllerCallback()
#1 /Volumes/htdocs/tigron-invoicing-tool/public/index.php(126): M\Controller\Dispatcher->dispatch()
#2 {main}	
2022-11-10 09:07:18	Destructed Console
--
	
2022-11-10 09:12:04	Constructed Console	
2022-11-10 09:12:04	Unable to construct Controller with path favicon.ico	
2022-11-10 09:12:04	#0 /Volumes/htdocs/tigron-invoicing-tool/vendor/multimedium/core/src/M/Controller/Dispatcher.php(872): M\Controller\Dispatcher->getControllerCallback()
#1 /Volumes/htdocs/tigron-invoicing-tool/public/index.php(126): M\Controller\Dispatcher->dispatch()
#2 {main}	
2022-11-10 09:12:04	Destructed Console
--
	
2022-11-10 09:12:08	Constructed Console	
2022-11-10 09:12:08	Unable to construct Controller with path favicon.ico	
2022-11-10 09:12:08	#0 /Volumes/htdocs/tigron-invoicing-tool/vendor/multimedium/core/src/M/Controller/Dispatcher.php(872): M\Controller\Dispatcher->getControllerCallback()
#1 /Volumes/htdocs/tigron-invoicing-tool/public/index.php(126): M\Controller\Dispatcher->dispatch()
#2 {main}	
2022-11-10 09:12:08	Destructed Console
--
	
2022-11-10 12:11:08	Constructed Console	
2022-11-10 12:11:08	Unable to construct Controller with path favicon.ico	
2022-11-10 12:11:08	#0 /Volumes/htdocs/tigron-invoicing-tool/vendor/multimedium/core/src/M/Controller/Dispatcher.php(872): M\Controller\Dispatcher->getControllerCallback()
#1 /Volumes/htdocs/tigron-invoicing-tool/public/index.php(126): M\Controller\Dispatcher->dispatch()
#2 {main}	
2022-11-10 12:11:08	Destructed Console
--
	
2022-11-10 12:11:15	Constructed Console	
2022-11-10 12:11:15	Unable to construct Controller with path favicon.ico	
2022-11-10 12:11:15	#0 /Volumes/htdocs/tigron-invoicing-tool/vendor/multimedium/core/src/M/Controller/Dispatcher.php(872): M\Controller\Dispatcher->getControllerCallback()
#1 /Volumes/htdocs/tigron-invoicing-tool/public/index.php(126): M\Controller\Dispatcher->dispatch()
#2 {main}	
2022-11-10 12:11:15	Destructed Console
--
	
2022-11-10 12:11:20	Constructed Console	
2022-11-10 12:11:20	Unable to construct Controller with path favicon.ico	
2022-11-10 12:11:20	#0 /Volumes/htdocs/tigron-invoicing-tool/vendor/multimedium/core/src/M/Controller/Dispatcher.php(872): M\Controller\Dispatcher->getControllerCallback()
#1 /Volumes/htdocs/tigron-invoicing-tool/public/index.php(126): M\Controller\Dispatcher->dispatch()
#2 {main}	
2022-11-10 12:11:20	Destructed Console
--
	
2022-11-10 12:13:54	Constructed Console	
2022-11-10 12:13:54	Unable to construct Controller with path favicon.ico	
2022-11-10 12:13:54	#0 /Volumes/htdocs/tigron-invoicing-tool/vendor/multimedium/core/src/M/Controller/Dispatcher.php(872): M\Controller\Dispatcher->getControllerCallback()
#1 /Volumes/htdocs/tigron-invoicing-tool/public/index.php(126): M\Controller\Dispatcher->dispatch()
#2 {main}	
2022-11-10 12:13:54	Destructed Console
--
	
2022-11-10 12:14:24	Constructed Console	
2022-11-10 12:14:24	Method index not compliant	
2022-11-10 12:14:24	#0 /Volumes/htdocs/tigron-invoicing-tool/vendor/multimedium/core/src/M/Controller/Dispatcher.php(872): M\Controller\Dispatcher->getControllerCallback()
#1 /Volumes/htdocs/tigron-invoicing-tool/public/index.php(126): M\Controller\Dispatcher->dispatch()
#2 {main}	
2022-11-10 12:14:24	Destructed Console
--
	
2022-11-10 12:14:24	Constructed Console	
2022-11-10 12:14:24	Unable to construct Controller with path favicon.ico	
2022-11-10 12:14:24	#0 /Volumes/htdocs/tigron-invoicing-tool/vendor/multimedium/core/src/M/Controller/Dispatcher.php(872): M\Controller\Dispatcher->getControllerCallback()
#1 /Volumes/htdocs/tigron-invoicing-tool/public/index.php(126): M\Controller\Dispatcher->dispatch()
#2 {main}	
2022-11-10 12:14:24	Destructed Console
--
	
2022-11-10 12:14:36	Constructed Console	
2022-11-10 12:14:36	Unable to construct Controller with path favicon.ico	
2022-11-10 12:14:36	#0 /Volumes/htdocs/tigron-invoicing-tool/vendor/multimedium/core/src/M/Controller/Dispatcher.php(872): M\Controller\Dispatcher->getControllerCallback()
#1 /Volumes/htdocs/tigron-invoicing-tool/public/index.php(126): M\Controller\Dispatcher->dispatch()
#2 {main}	
2022-11-10 12:14:36	Destructed Console
--
	
2022-11-10 12:15:40	Constructed Console	
2022-11-10 12:15:40	Unable to construct Controller with path favicon.ico	
2022-11-10 12:15:40	#0 /Volumes/htdocs/tigron-invoicing-tool/vendor/multimedium/core/src/M/Controller/Dispatcher.php(872): M\Controller\Dispatcher->getControllerCallback()
#1 /Volumes/htdocs/tigron-invoicing-tool/public/index.php(126): M\Controller\Dispatcher->dispatch()
#2 {main}	
2022-11-10 12:15:40	Destructed Console
--
	
2022-11-10 12:16:12	Constructed Console	
2022-11-10 12:16:12	Unable to construct Controller with path favicon.ico	
2022-11-10 12:16:12	#0 /Volumes/htdocs/tigron-invoicing-tool/vendor/multimedium/core/src/M/Controller/Dispatcher.php(872): M\Controller\Dispatcher->getControllerCallback()
#1 /Volumes/htdocs/tigron-invoicing-tool/public/index.php(126): M\Controller\Dispatcher->dispatch()
#2 {main}	
2022-11-10 12:16:12	Destructed Console
--
	
2022-11-10 12:16:37	Constructed Console	
2022-11-10 12:16:37	Unable to construct Controller with path favicon.ico	
2022-11-10 12:16:37	#0 /Volumes/htdocs/tigron-invoicing-tool/vendor/multimedium/core/src/M/Controller/Dispatcher.php(872): M\Controller\Dispatcher->getControllerCallback()
#1 /Volumes/htdocs/tigron-invoicing-tool/public/index.php(126): M\Controller\Dispatcher->dispatch()
#2 {main}	
2022-11-10 12:16:37	Destructed Console
--
	
2022-11-10 12:18:29	Constructed Console	
2022-11-10 12:18:29	Unable to construct Controller with path favicon.ico	
2022-11-10 12:18:29	#0 /Volumes/htdocs/tigron-invoicing-tool/vendor/multimedium/core/src/M/Controller/Dispatcher.php(872): M\Controller\Dispatcher->getControllerCallback()
#1 /Volumes/htdocs/tigron-invoicing-tool/public/index.php(126): M\Controller\Dispatcher->dispatch()
#2 {main}	
2022-11-10 12:18:29	Destructed Console
--
	
2022-11-10 12:18:33	Constructed Console	
2022-11-10 12:18:33	Unable to construct Controller with path favicon.ico	
2022-11-10 12:18:33	#0 /Volumes/htdocs/tigron-invoicing-tool/vendor/multimedium/core/src/M/Controller/Dispatcher.php(872): M\Controller\Dispatcher->getControllerCallback()
#1 /Volumes/htdocs/tigron-invoicing-tool/public/index.php(126): M\Controller\Dispatcher->dispatch()
#2 {main}	
2022-11-10 12:18:33	Destructed Console
--
	
2022-11-10 12:18:34	Constructed Console	
2022-11-10 12:18:34	Unable to construct Controller with path favicon.ico	
2022-11-10 12:18:34	#0 /Volumes/htdocs/tigron-invoicing-tool/vendor/multimedium/core/src/M/Controller/Dispatcher.php(872): M\Controller\Dispatcher->getControllerCallback()
#1 /Volumes/htdocs/tigron-invoicing-tool/public/index.php(126): M\Controller\Dispatcher->dispatch()
#2 {main}	
2022-11-10 12:18:34	Destructed Console
--
	
2022-11-10 12:19:28	Constructed Console	
2022-11-10 12:19:28	Method sync not compliant	
2022-11-10 12:19:28	#0 /Volumes/htdocs/tigron-invoicing-tool/vendor/multimedium/core/src/M/Controller/Dispatcher.php(872): M\Controller\Dispatcher->getControllerCallback()
#1 /Volumes/htdocs/tigron-invoicing-tool/public/index.php(126): M\Controller\Dispatcher->dispatch()
#2 {main}	
2022-11-10 12:19:28	Destructed Console
--
	
2022-11-10 12:19:28	Constructed Console	
2022-11-10 12:19:28	Unable to construct Controller with path favicon.ico	
2022-11-10 12:19:28	#0 /Volumes/htdocs/tigron-invoicing-tool/vendor/multimedium/core/src/M/Controller/Dispatcher.php(872): M\Controller\Dispatcher->getControllerCallback()
#1 /Volumes/htdocs/tigron-invoicing-tool/public/index.php(126): M\Controller\Dispatcher->dispatch()
#2 {main}	
2022-11-10 12:19:28	Destructed Console
--
	
2022-11-10 12:19:38	Constructed Console	
2022-11-10 12:19:38	Method getdata not compliant	
2022-11-10 12:19:38	#0 /Volumes/htdocs/tigron-invoicing-tool/vendor/multimedium/core/src/M/Controller/Dispatcher.php(872): M\Controller\Dispatcher->getControllerCallback()
#1 /Volumes/htdocs/tigron-invoicing-tool/public/index.php(126): M\Controller\Dispatcher->dispatch()
#2 {main}	
2022-11-10 12:19:38	Destructed Console
--
	
2022-11-10 12:19:38	Constructed Console	
2022-11-10 12:19:38	Unable to construct Controller with path favicon.ico	
2022-11-10 12:19:38	#0 /Volumes/htdocs/tigron-invoicing-tool/vendor/multimedium/core/src/M/Controller/Dispatcher.php(872): M\Controller\Dispatcher->getControllerCallback()
#1 /Volumes/htdocs/tigron-invoicing-tool/public/index.php(126): M\Controller\Dispatcher->dispatch()
#2 {main}	
2022-11-10 12:19:38	Destructed Console
--
	
2022-11-10 12:21:03	Constructed Console	
2022-11-10 12:21:03	Method getdata not compliant	
2022-11-10 12:21:03	#0 /Volumes/htdocs/tigron-invoicing-tool/vendor/multimedium/core/src/M/Controller/Dispatcher.php(872): M\Controller\Dispatcher->getControllerCallback()
#1 /Volumes/htdocs/tigron-invoicing-tool/public/index.php(126): M\Controller\Dispatcher->dispatch()
#2 {main}	
2022-11-10 12:21:03	Destructed Console
--
	
2022-11-10 12:21:03	Constructed Console	
2022-11-10 12:21:03	Unable to construct Controller with path favicon.ico	
2022-11-10 12:21:03	#0 /Volumes/htdocs/tigron-invoicing-tool/vendor/multimedium/core/src/M/Controller/Dispatcher.php(872): M\Controller\Dispatcher->getControllerCallback()
#1 /Volumes/htdocs/tigron-invoicing-tool/public/index.php(126): M\Controller\Dispatcher->dispatch()
#2 {main}	
2022-11-10 12:21:03	Destructed Console
--
	
2022-11-10 12:21:09	Constructed Console	
2022-11-10 12:21:09	Unable to construct Controller with path favicon.ico	
2022-11-10 12:21:09	#0 /Volumes/htdocs/tigron-invoicing-tool/vendor/multimedium/core/src/M/Controller/Dispatcher.php(872): M\Controller\Dispatcher->getControllerCallback()
#1 /Volumes/htdocs/tigron-invoicing-tool/public/index.php(126): M\Controller\Dispatcher->dispatch()
#2 {main}	
2022-11-10 12:21:09	Destructed Console
--
	
2022-11-10 12:21:59	Constructed Console	
2022-11-10 12:21:59	Method index not compliant	
2022-11-10 12:21:59	#0 /Volumes/htdocs/tigron-invoicing-tool/vendor/multimedium/core/src/M/Controller/Dispatcher.php(872): M\Controller\Dispatcher->getControllerCallback()
#1 /Volumes/htdocs/tigron-invoicing-tool/public/index.php(126): M\Controller\Dispatcher->dispatch()
#2 {main}	
2022-11-10 12:21:59	Destructed Console
--
	
2022-11-10 12:21:59	Constructed Console	
2022-11-10 12:21:59	Unable to construct Controller with path favicon.ico	
2022-11-10 12:21:59	#0 /Volumes/htdocs/tigron-invoicing-tool/vendor/multimedium/core/src/M/Controller/Dispatcher.php(872): M\Controller\Dispatcher->getControllerCallback()
#1 /Volumes/htdocs/tigron-invoicing-tool/public/index.php(126): M\Controller\Dispatcher->dispatch()
#2 {main}	
2022-11-10 12:21:59	Destructed Console
--
	
2022-11-10 12:22:08	Constructed Console	
2022-11-10 12:22:08	Method getdata not compliant	
2022-11-10 12:22:08	#0 /Volumes/htdocs/tigron-invoicing-tool/vendor/multimedium/core/src/M/Controller/Dispatcher.php(872): M\Controller\Dispatcher->getControllerCallback()
#1 /Volumes/htdocs/tigron-invoicing-tool/public/index.php(126): M\Controller\Dispatcher->dispatch()
#2 {main}	
2022-11-10 12:22:08	Destructed Console
--
	
2022-11-10 12:22:08	Constructed Console	
2022-11-10 12:22:08	Unable to construct Controller with path favicon.ico	
2022-11-10 12:22:08	#0 /Volumes/htdocs/tigron-invoicing-tool/vendor/multimedium/core/src/M/Controller/Dispatcher.php(872): M\Controller\Dispatcher->getControllerCallback()
#1 /Volumes/htdocs/tigron-invoicing-tool/public/index.php(126): M\Controller\Dispatcher->dispatch()
#2 {main}	
2022-11-10 12:22:08	Destructed Console
--
	
2022-11-10 12:23:25	Constructed Console	
2022-11-10 12:23:25	Method getdata not compliant	
2022-11-10 12:23:25	#0 /Volumes/htdocs/tigron-invoicing-tool/vendor/multimedium/core/src/M/Controller/Dispatcher.php(872): M\Controller\Dispatcher->getControllerCallback()
#1 /Volumes/htdocs/tigron-invoicing-tool/public/index.php(126): M\Controller\Dispatcher->dispatch()
#2 {main}	
2022-11-10 12:23:25	Destructed Console
--
	
2022-11-10 12:23:26	Constructed Console	
2022-11-10 12:23:26	Unable to construct Controller with path favicon.ico	
2022-11-10 12:23:26	#0 /Volumes/htdocs/tigron-invoicing-tool/vendor/multimedium/core/src/M/Controller/Dispatcher.php(872): M\Controller\Dispatcher->getControllerCallback()
#1 /Volumes/htdocs/tigron-invoicing-tool/public/index.php(126): M\Controller\Dispatcher->dispatch()
#2 {main}	
2022-11-10 12:23:26	Destructed Console
--
	
2022-11-10 12:23:28	Constructed Console	
2022-11-10 12:23:28	Unable to construct Controller with path favicon.ico	
2022-11-10 12:23:28	#0 /Volumes/htdocs/tigron-invoicing-tool/vendor/multimedium/core/src/M/Controller/Dispatcher.php(872): M\Controller\Dispatcher->getControllerCallback()
#1 /Volumes/htdocs/tigron-invoicing-tool/public/index.php(126): M\Controller\Dispatcher->dispatch()
#2 {main}	
2022-11-10 12:23:28	Destructed Console
--
	
2022-11-10 18:36:24	Constructed Console	
2022-11-10 18:36:24	Unable to construct Controller with path favicon.ico	
2022-11-10 18:36:24	#0 /Volumes/htdocs/tigron-invoicing-tool/vendor/multimedium/core/src/M/Controller/Dispatcher.php(872): M\Controller\Dispatcher->getControllerCallback()
#1 /Volumes/htdocs/tigron-invoicing-tool/public/index.php(126): M\Controller\Dispatcher->dispatch()
#2 {main}	
2022-11-10 18:36:24	Destructed Console
--
	
2022-11-10 18:46:44	Constructed Console	
2022-11-10 18:46:44	Unable to construct Controller with path favicon.ico	
2022-11-10 18:46:44	#0 /Volumes/htdocs/tigron-invoicing-tool/vendor/multimedium/core/src/M/Controller/Dispatcher.php(872): M\Controller\Dispatcher->getControllerCallback()
#1 /Volumes/htdocs/tigron-invoicing-tool/public/index.php(126): M\Controller\Dispatcher->dispatch()
#2 {main}	
2022-11-10 18:46:44	Destructed Console
--
	
2022-11-10 18:47:57	Constructed Console	
2022-11-10 18:47:57	Unable to construct Controller with path favicon.ico	
2022-11-10 18:47:57	#0 /Volumes/htdocs/tigron-invoicing-tool/vendor/multimedium/core/src/M/Controller/Dispatcher.php(872): M\Controller\Dispatcher->getControllerCallback()
#1 /Volumes/htdocs/tigron-invoicing-tool/public/index.php(126): M\Controller\Dispatcher->dispatch()
#2 {main}	
2022-11-10 18:47:57	Destructed Console
--
	
2022-11-10 18:49:09	Constructed Console	
2022-11-10 18:49:09	Unable to construct Controller with path favicon.ico	
2022-11-10 18:49:09	#0 /Volumes/htdocs/tigron-invoicing-tool/vendor/multimedium/core/src/M/Controller/Dispatcher.php(872): M\Controller\Dispatcher->getControllerCallback()
#1 /Volumes/htdocs/tigron-invoicing-tool/public/index.php(126): M\Controller\Dispatcher->dispatch()
#2 {main}	
2022-11-10 18:49:09	Destructed Console
--
	
2022-11-10 18:49:48	Constructed Console	
2022-11-10 18:49:48	Unable to construct Controller with path favicon.ico	
2022-11-10 18:49:48	#0 /Volumes/htdocs/tigron-invoicing-tool/vendor/multimedium/core/src/M/Controller/Dispatcher.php(872): M\Controller\Dispatcher->getControllerCallback()
#1 /Volumes/htdocs/tigron-invoicing-tool/public/index.php(126): M\Controller\Dispatcher->dispatch()
#2 {main}	
2022-11-10 18:49:48	Destructed Console
--
	
2022-11-10 18:49:50	Constructed Console	
2022-11-10 18:49:50	Unable to construct Controller with path favicon.ico	
2022-11-10 18:49:50	#0 /Volumes/htdocs/tigron-invoicing-tool/vendor/multimedium/core/src/M/Controller/Dispatcher.php(872): M\Controller\Dispatcher->getControllerCallback()
#1 /Volumes/htdocs/tigron-invoicing-tool/public/index.php(126): M\Controller\Dispatcher->dispatch()
#2 {main}	
2022-11-10 18:49:50	Destructed Console
--
	
2022-11-10 18:50:33	Constructed Console	
2022-11-10 18:50:33	Unable to construct Controller with path favicon.ico	
2022-11-10 18:50:33	#0 /Volumes/htdocs/tigron-invoicing-tool/vendor/multimedium/core/src/M/Controller/Dispatcher.php(872): M\Controller\Dispatcher->getControllerCallback()
#1 /Volumes/htdocs/tigron-invoicing-tool/public/index.php(126): M\Controller\Dispatcher->dispatch()
#2 {main}	
2022-11-10 18:50:33	Destructed Console
--
	
2022-11-10 18:50:33	Constructed Console	
2022-11-10 18:50:33	Unable to construct Controller with path favicon.ico	
2022-11-10 18:50:33	#0 /Volumes/htdocs/tigron-invoicing-tool/vendor/multimedium/core/src/M/Controller/Dispatcher.php(872): M\Controller\Dispatcher->getControllerCallback()
#1 /Volumes/htdocs/tigron-invoicing-tool/public/index.php(126): M\Controller\Dispatcher->dispatch()
#2 {main}	
2022-11-10 18:50:33	Destructed Console
--
	
2022-11-10 18:55:54	Constructed Console	
2022-11-10 18:55:54	Unable to construct Controller with path favicon.ico	
2022-11-10 18:55:54	#0 /Volumes/htdocs/tigron-invoicing-tool/vendor/multimedium/core/src/M/Controller/Dispatcher.php(872): M\Controller\Dispatcher->getControllerCallback()
#1 /Volumes/htdocs/tigron-invoicing-tool/public/index.php(126): M\Controller\Dispatcher->dispatch()
#2 {main}	
2022-11-10 18:55:54	Destructed Console
--
	
2022-11-10 18:56:24	Constructed Console	
2022-11-10 18:56:24	Unable to construct Controller with path favicon.ico	
2022-11-10 18:56:24	#0 /Volumes/htdocs/tigron-invoicing-tool/vendor/multimedium/core/src/M/Controller/Dispatcher.php(872): M\Controller\Dispatcher->getControllerCallback()
#1 /Volumes/htdocs/tigron-invoicing-tool/public/index.php(126): M\Controller\Dispatcher->dispatch()
#2 {main}	
2022-11-10 18:56:24	Destructed Console
--
	
2022-11-10 18:58:04	Constructed Console	
2022-11-10 18:58:04	Unable to construct Controller with path favicon.ico	
2022-11-10 18:58:04	#0 /Volumes/htdocs/tigron-invoicing-tool/vendor/multimedium/core/src/M/Controller/Dispatcher.php(872): M\Controller\Dispatcher->getControllerCallback()
#1 /Volumes/htdocs/tigron-invoicing-tool/public/index.php(126): M\Controller\Dispatcher->dispatch()
#2 {main}	
2022-11-10 18:58:04	Destructed Console
--
	
2022-11-10 18:58:05	Constructed Console	
2022-11-10 18:58:05	Unable to construct Controller with path favicon.ico	
2022-11-10 18:58:05	#0 /Volumes/htdocs/tigron-invoicing-tool/vendor/multimedium/core/src/M/Controller/Dispatcher.php(872): M\Controller\Dispatcher->getControllerCallback()
#1 /Volumes/htdocs/tigron-invoicing-tool/public/index.php(126): M\Controller\Dispatcher->dispatch()
#2 {main}	
2022-11-10 18:58:05	Destructed Console
--
	
2022-11-10 18:58:37	Constructed Console	
2022-11-10 18:58:37	Unable to construct Controller with path favicon.ico	
2022-11-10 18:58:37	#0 /Volumes/htdocs/tigron-invoicing-tool/vendor/multimedium/core/src/M/Controller/Dispatcher.php(872): M\Controller\Dispatcher->getControllerCallback()
#1 /Volumes/htdocs/tigron-invoicing-tool/public/index.php(126): M\Controller\Dispatcher->dispatch()
#2 {main}	
2022-11-10 18:58:37	Destructed Console
--
	
2022-11-10 18:58:38	Constructed Console	
2022-11-10 18:58:38	Unable to construct Controller with path favicon.ico	
2022-11-10 18:58:38	#0 /Volumes/htdocs/tigron-invoicing-tool/vendor/multimedium/core/src/M/Controller/Dispatcher.php(872): M\Controller\Dispatcher->getControllerCallback()
#1 /Volumes/htdocs/tigron-invoicing-tool/public/index.php(126): M\Controller\Dispatcher->dispatch()
#2 {main}	
2022-11-10 18:58:38	Destructed Console
--
	
2022-11-10 18:58:38	Constructed Console	
2022-11-10 18:58:38	Unable to construct Controller with path favicon.ico	
2022-11-10 18:58:38	#0 /Volumes/htdocs/tigron-invoicing-tool/vendor/multimedium/core/src/M/Controller/Dispatcher.php(872): M\Controller\Dispatcher->getControllerCallback()
#1 /Volumes/htdocs/tigron-invoicing-tool/public/index.php(126): M\Controller\Dispatcher->dispatch()
#2 {main}	
2022-11-10 18:58:38	Destructed Console
--
	
2022-11-10 18:59:05	Constructed Console	
2022-11-10 18:59:05	Unable to construct Controller with path favicon.ico	
2022-11-10 18:59:05	#0 /Volumes/htdocs/tigron-invoicing-tool/vendor/multimedium/core/src/M/Controller/Dispatcher.php(872): M\Controller\Dispatcher->getControllerCallback()
#1 /Volumes/htdocs/tigron-invoicing-tool/public/index.php(126): M\Controller\Dispatcher->dispatch()
#2 {main}	
2022-11-10 18:59:05	Destructed Console
--
	
2022-11-10 18:59:53	Constructed Console	
2022-11-10 18:59:53	Unable to construct Controller with path favicon.ico	
2022-11-10 18:59:53	#0 /Volumes/htdocs/tigron-invoicing-tool/vendor/multimedium/core/src/M/Controller/Dispatcher.php(872): M\Controller\Dispatcher->getControllerCallback()
#1 /Volumes/htdocs/tigron-invoicing-tool/public/index.php(126): M\Controller\Dispatcher->dispatch()
#2 {main}	
2022-11-10 18:59:53	Destructed Console
--
	
2022-11-10 19:01:17	Constructed Console	
2022-11-10 19:01:17	Unable to construct Controller with path favicon.ico	
2022-11-10 19:01:17	#0 /Volumes/htdocs/tigron-invoicing-tool/vendor/multimedium/core/src/M/Controller/Dispatcher.php(872): M\Controller\Dispatcher->getControllerCallback()
#1 /Volumes/htdocs/tigron-invoicing-tool/public/index.php(126): M\Controller\Dispatcher->dispatch()
#2 {main}	
2022-11-10 19:01:17	Destructed Console
--
	
2022-11-10 19:01:18	Constructed Console	
2022-11-10 19:01:18	Unable to construct Controller with path favicon.ico	
2022-11-10 19:01:18	#0 /Volumes/htdocs/tigron-invoicing-tool/vendor/multimedium/core/src/M/Controller/Dispatcher.php(872): M\Controller\Dispatcher->getControllerCallback()
#1 /Volumes/htdocs/tigron-invoicing-tool/public/index.php(126): M\Controller\Dispatcher->dispatch()
#2 {main}	
2022-11-10 19:01:18	Destructed Console
--
	
2022-11-10 19:01:31	Constructed Console	
2022-11-10 19:01:31	Unable to construct Controller with path favicon.ico	
2022-11-10 19:01:31	#0 /Volumes/htdocs/tigron-invoicing-tool/vendor/multimedium/core/src/M/Controller/Dispatcher.php(872): M\Controller\Dispatcher->getControllerCallback()
#1 /Volumes/htdocs/tigron-invoicing-tool/public/index.php(126): M\Controller\Dispatcher->dispatch()
#2 {main}	
2022-11-10 19:01:31	Destructed Console
--
	
