2022-11-03 09:32:45	Constructed Console	
2022-11-03 09:32:45	Call to a member function getValue() on null	
2022-11-03 09:32:45	#0 [internal function]: Main\Module\Teamleader\Controller\Teamleader->companies()
#1 /Volumes/htdocs/tigron-invoicing-tool/vendor/multimedium/core/src/M/Util/Callback.php(747): call_user_func_array(Array, Array)
#2 /Volumes/htdocs/tigron-invoicing-tool/vendor/multimedium/core/src/M/Controller/Dispatcher.php(881): M\Util\Callback->run()
#3 /Volumes/htdocs/tigron-invoicing-tool/public/index.php(126): M\Controller\Dispatcher->dispatch()
#4 {main}	
2022-11-03 09:32:45	Call to a member function getValue() on null	
2022-11-03 09:32:45	#0 [internal function]: Main\Module\Teamleader\Controller\Teamleader->companies()
#1 /Volumes/htdocs/tigron-invoicing-tool/vendor/multimedium/core/src/M/Util/Callback.php(747): call_user_func_array(Array, Array)
#2 /Volumes/htdocs/tigron-invoicing-tool/vendor/multimedium/core/src/M/Controller/Dispatcher.php(881): M\Util\Callback->run()
#3 /Volumes/htdocs/tigron-invoicing-tool/public/index.php(126): M\Controller\Dispatcher->dispatch()
#4 {main}	
2022-11-03 09:32:45	Destructed Console
--
	
2022-11-03 10:36:28	Constructed Console	
2022-11-03 10:36:28	Call to undefined method Tigron\Cp\Invoice::get()	
2022-11-03 10:36:28	#0 [internal function]: Main\Module\Tigron\Controller\Tigron->index()
#1 /Volumes/htdocs/tigron-invoicing-tool/vendor/multimedium/core/src/M/Util/Callback.php(747): call_user_func_array(Array, Array)
#2 /Volumes/htdocs/tigron-invoicing-tool/vendor/multimedium/core/src/M/Controller/Dispatcher.php(881): M\Util\Callback->run()
#3 /Volumes/htdocs/tigron-invoicing-tool/public/index.php(126): M\Controller\Dispatcher->dispatch()
#4 {main}	
2022-11-03 10:36:28	Call to undefined method Tigron\Cp\Invoice::get()	
2022-11-03 10:36:28	#0 [internal function]: Main\Module\Tigron\Controller\Tigron->index()
#1 /Volumes/htdocs/tigron-invoicing-tool/vendor/multimedium/core/src/M/Util/Callback.php(747): call_user_func_array(Array, Array)
#2 /Volumes/htdocs/tigron-invoicing-tool/vendor/multimedium/core/src/M/Controller/Dispatcher.php(881): M\Util\Callback->run()
#3 /Volumes/htdocs/tigron-invoicing-tool/public/index.php(126): M\Controller\Dispatcher->dispatch()
#4 {main}	
2022-11-03 10:36:28	Destructed Console
--
	
2022-11-03 10:36:29	Constructed Console	
2022-11-03 10:36:29	Call to undefined method Tigron\Cp\Invoice::get()	
2022-11-03 10:36:29	#0 [internal function]: Main\Module\Tigron\Controller\Tigron->index()
#1 /Volumes/htdocs/tigron-invoicing-tool/vendor/multimedium/core/src/M/Util/Callback.php(747): call_user_func_array(Array, Array)
#2 /Volumes/htdocs/tigron-invoicing-tool/vendor/multimedium/core/src/M/Controller/Dispatcher.php(881): M\Util\Callback->run()
#3 /Volumes/htdocs/tigron-invoicing-tool/public/index.php(126): M\Controller\Dispatcher->dispatch()
#4 {main}	
2022-11-03 10:36:29	Call to undefined method Tigron\Cp\Invoice::get()	
2022-11-03 10:36:29	#0 [internal function]: Main\Module\Tigron\Controller\Tigron->index()
#1 /Volumes/htdocs/tigron-invoicing-tool/vendor/multimedium/core/src/M/Util/Callback.php(747): call_user_func_array(Array, Array)
#2 /Volumes/htdocs/tigron-invoicing-tool/vendor/multimedium/core/src/M/Controller/Dispatcher.php(881): M\Util\Callback->run()
#3 /Volumes/htdocs/tigron-invoicing-tool/public/index.php(126): M\Controller\Dispatcher->dispatch()
#4 {main}	
2022-11-03 10:36:29	Destructed Console
--
	
2022-11-03 10:37:22	Constructed Console	
2022-11-03 10:37:22	Call to undefined method Tigron\Cp\Invoice::get()	
2022-11-03 10:37:22	#0 [internal function]: Main\Module\Tigron\Controller\Tigron->index()
#1 /Volumes/htdocs/tigron-invoicing-tool/vendor/multimedium/core/src/M/Util/Callback.php(747): call_user_func_array(Array, Array)
#2 /Volumes/htdocs/tigron-invoicing-tool/vendor/multimedium/core/src/M/Controller/Dispatcher.php(881): M\Util\Callback->run()
#3 /Volumes/htdocs/tigron-invoicing-tool/public/index.php(126): M\Controller\Dispatcher->dispatch()
#4 {main}	
2022-11-03 10:37:22	Call to undefined method Tigron\Cp\Invoice::get()	
2022-11-03 10:37:22	#0 [internal function]: Main\Module\Tigron\Controller\Tigron->index()
#1 /Volumes/htdocs/tigron-invoicing-tool/vendor/multimedium/core/src/M/Util/Callback.php(747): call_user_func_array(Array, Array)
#2 /Volumes/htdocs/tigron-invoicing-tool/vendor/multimedium/core/src/M/Controller/Dispatcher.php(881): M\Util\Callback->run()
#3 /Volumes/htdocs/tigron-invoicing-tool/public/index.php(126): M\Controller\Dispatcher->dispatch()
#4 {main}	
2022-11-03 10:37:22	Destructed Console
--
	
2022-11-03 10:38:49	Constructed Console	
2022-11-03 10:38:49	Too few arguments to function Tigron\Cp\Invoice::get_paged(), 1 passed in /Volumes/htdocs/tigron-invoicing-tool/app/Main/Module/Tigron/Controller/Tigron.php on line 32 and exactly 4 expected	
2022-11-03 10:38:49	#0 /Volumes/htdocs/tigron-invoicing-tool/app/Main/Module/Tigron/Controller/Tigron.php(32): Tigron\Cp\Invoice::get_paged(Object(Tigron\Cp\User))
#1 [internal function]: Main\Module\Tigron\Controller\Tigron->index()
#2 /Volumes/htdocs/tigron-invoicing-tool/vendor/multimedium/core/src/M/Util/Callback.php(747): call_user_func_array(Array, Array)
#3 /Volumes/htdocs/tigron-invoicing-tool/vendor/multimedium/core/src/M/Controller/Dispatcher.php(881): M\Util\Callback->run()
#4 /Volumes/htdocs/tigron-invoicing-tool/public/index.php(126): M\Controller\Dispatcher->dispatch()
#5 {main}	
2022-11-03 10:38:49	Too few arguments to function Tigron\Cp\Invoice::get_paged(), 1 passed in /Volumes/htdocs/tigron-invoicing-tool/app/Main/Module/Tigron/Controller/Tigron.php on line 32 and exactly 4 expected	
2022-11-03 10:38:49	#0 /Volumes/htdocs/tigron-invoicing-tool/app/Main/Module/Tigron/Controller/Tigron.php(32): Tigron\Cp\Invoice::get_paged(Object(Tigron\Cp\User))
#1 [internal function]: Main\Module\Tigron\Controller\Tigron->index()
#2 /Volumes/htdocs/tigron-invoicing-tool/vendor/multimedium/core/src/M/Util/Callback.php(747): call_user_func_array(Array, Array)
#3 /Volumes/htdocs/tigron-invoicing-tool/vendor/multimedium/core/src/M/Controller/Dispatcher.php(881): M\Util\Callback->run()
#4 /Volumes/htdocs/tigron-invoicing-tool/public/index.php(126): M\Controller\Dispatcher->dispatch()
#5 {main}	
2022-11-03 10:38:49	Destructed Console
--
	
2022-11-03 10:41:12	Constructed Console	
2022-11-03 10:41:12	Too few arguments to function Tigron\Cp\Invoice::get_by_user(), 0 passed in /Volumes/htdocs/tigron-invoicing-tool/app/Main/Module/Tigron/Controller/Tigron.php on line 33 and exactly 1 expected	
2022-11-03 10:41:12	#0 /Volumes/htdocs/tigron-invoicing-tool/app/Main/Module/Tigron/Controller/Tigron.php(33): Tigron\Cp\Invoice::get_by_user()
#1 [internal function]: Main\Module\Tigron\Controller\Tigron->index()
#2 /Volumes/htdocs/tigron-invoicing-tool/vendor/multimedium/core/src/M/Util/Callback.php(747): call_user_func_array(Array, Array)
#3 /Volumes/htdocs/tigron-invoicing-tool/vendor/multimedium/core/src/M/Controller/Dispatcher.php(881): M\Util\Callback->run()
#4 /Volumes/htdocs/tigron-invoicing-tool/public/index.php(126): M\Controller\Dispatcher->dispatch()
#5 {main}	
2022-11-03 10:41:12	Too few arguments to function Tigron\Cp\Invoice::get_by_user(), 0 passed in /Volumes/htdocs/tigron-invoicing-tool/app/Main/Module/Tigron/Controller/Tigron.php on line 33 and exactly 1 expected	
2022-11-03 10:41:12	#0 /Volumes/htdocs/tigron-invoicing-tool/app/Main/Module/Tigron/Controller/Tigron.php(33): Tigron\Cp\Invoice::get_by_user()
#1 [internal function]: Main\Module\Tigron\Controller\Tigron->index()
#2 /Volumes/htdocs/tigron-invoicing-tool/vendor/multimedium/core/src/M/Util/Callback.php(747): call_user_func_array(Array, Array)
#3 /Volumes/htdocs/tigron-invoicing-tool/vendor/multimedium/core/src/M/Controller/Dispatcher.php(881): M\Util\Callback->run()
#4 /Volumes/htdocs/tigron-invoicing-tool/public/index.php(126): M\Controller\Dispatcher->dispatch()
#5 {main}	
2022-11-03 10:41:12	Destructed Console
--
	
2022-11-03 10:41:23	Constructed Console	
2022-11-03 10:41:23	Argument 1 passed to Tigron\Cp\Invoice::get_by_user() must be an instance of Tigron\Cp\User, int given, called in /Volumes/htdocs/tigron-invoicing-tool/app/Main/Module/Tigron/Controller/Tigron.php on line 33	
2022-11-03 10:41:23	#0 /Volumes/htdocs/tigron-invoicing-tool/app/Main/Module/Tigron/Controller/Tigron.php(33): Tigron\Cp\Invoice::get_by_user(1)
#1 [internal function]: Main\Module\Tigron\Controller\Tigron->index()
#2 /Volumes/htdocs/tigron-invoicing-tool/vendor/multimedium/core/src/M/Util/Callback.php(747): call_user_func_array(Array, Array)
#3 /Volumes/htdocs/tigron-invoicing-tool/vendor/multimedium/core/src/M/Controller/Dispatcher.php(881): M\Util\Callback->run()
#4 /Volumes/htdocs/tigron-invoicing-tool/public/index.php(126): M\Controller\Dispatcher->dispatch()
#5 {main}	
2022-11-03 10:41:23	Argument 1 passed to Tigron\Cp\Invoice::get_by_user() must be an instance of Tigron\Cp\User, int given, called in /Volumes/htdocs/tigron-invoicing-tool/app/Main/Module/Tigron/Controller/Tigron.php on line 33	
2022-11-03 10:41:23	#0 /Volumes/htdocs/tigron-invoicing-tool/app/Main/Module/Tigron/Controller/Tigron.php(33): Tigron\Cp\Invoice::get_by_user(1)
#1 [internal function]: Main\Module\Tigron\Controller\Tigron->index()
#2 /Volumes/htdocs/tigron-invoicing-tool/vendor/multimedium/core/src/M/Util/Callback.php(747): call_user_func_array(Array, Array)
#3 /Volumes/htdocs/tigron-invoicing-tool/vendor/multimedium/core/src/M/Controller/Dispatcher.php(881): M\Util\Callback->run()
#4 /Volumes/htdocs/tigron-invoicing-tool/public/index.php(126): M\Controller\Dispatcher->dispatch()
#5 {main}	
2022-11-03 10:41:23	Destructed Console
--
	
2022-11-03 10:43:20	Constructed Console	
2022-11-03 10:43:20	Argument 1 passed to Tigron\Cp\Invoice::get_by_user() must be an instance of Tigron\User, int given, called in /Volumes/htdocs/tigron-invoicing-tool/app/Main/Module/Tigron/Controller/Tigron.php on line 33	
2022-11-03 10:43:20	#0 /Volumes/htdocs/tigron-invoicing-tool/app/Main/Module/Tigron/Controller/Tigron.php(33): Tigron\Cp\Invoice::get_by_user(1)
#1 [internal function]: Main\Module\Tigron\Controller\Tigron->index()
#2 /Volumes/htdocs/tigron-invoicing-tool/vendor/multimedium/core/src/M/Util/Callback.php(747): call_user_func_array(Array, Array)
#3 /Volumes/htdocs/tigron-invoicing-tool/vendor/multimedium/core/src/M/Controller/Dispatcher.php(881): M\Util\Callback->run()
#4 /Volumes/htdocs/tigron-invoicing-tool/public/index.php(126): M\Controller\Dispatcher->dispatch()
#5 {main}	
2022-11-03 10:43:20	Argument 1 passed to Tigron\Cp\Invoice::get_by_user() must be an instance of Tigron\User, int given, called in /Volumes/htdocs/tigron-invoicing-tool/app/Main/Module/Tigron/Controller/Tigron.php on line 33	
2022-11-03 10:43:20	#0 /Volumes/htdocs/tigron-invoicing-tool/app/Main/Module/Tigron/Controller/Tigron.php(33): Tigron\Cp\Invoice::get_by_user(1)
#1 [internal function]: Main\Module\Tigron\Controller\Tigron->index()
#2 /Volumes/htdocs/tigron-invoicing-tool/vendor/multimedium/core/src/M/Util/Callback.php(747): call_user_func_array(Array, Array)
#3 /Volumes/htdocs/tigron-invoicing-tool/vendor/multimedium/core/src/M/Controller/Dispatcher.php(881): M\Util\Callback->run()
#4 /Volumes/htdocs/tigron-invoicing-tool/public/index.php(126): M\Controller\Dispatcher->dispatch()
#5 {main}	
2022-11-03 10:43:20	Destructed Console
--
	
2022-11-03 10:44:12	Constructed Console	
2022-11-03 10:44:12	Argument 1 passed to Tigron\Cp\Invoice::get_by_user() must be an instance of Tigron\User, string given, called in /Volumes/htdocs/tigron-invoicing-tool/app/Main/Module/Tigron/Controller/Tigron.php on line 33	
2022-11-03 10:44:12	#0 /Volumes/htdocs/tigron-invoicing-tool/app/Main/Module/Tigron/Controller/Tigron.php(33): Tigron\Cp\Invoice::get_by_user('aadocks')
#1 [internal function]: Main\Module\Tigron\Controller\Tigron->index()
#2 /Volumes/htdocs/tigron-invoicing-tool/vendor/multimedium/core/src/M/Util/Callback.php(747): call_user_func_array(Array, Array)
#3 /Volumes/htdocs/tigron-invoicing-tool/vendor/multimedium/core/src/M/Controller/Dispatcher.php(881): M\Util\Callback->run()
#4 /Volumes/htdocs/tigron-invoicing-tool/public/index.php(126): M\Controller\Dispatcher->dispatch()
#5 {main}	
2022-11-03 10:44:12	Argument 1 passed to Tigron\Cp\Invoice::get_by_user() must be an instance of Tigron\User, string given, called in /Volumes/htdocs/tigron-invoicing-tool/app/Main/Module/Tigron/Controller/Tigron.php on line 33	
2022-11-03 10:44:12	#0 /Volumes/htdocs/tigron-invoicing-tool/app/Main/Module/Tigron/Controller/Tigron.php(33): Tigron\Cp\Invoice::get_by_user('aadocks')
#1 [internal function]: Main\Module\Tigron\Controller\Tigron->index()
#2 /Volumes/htdocs/tigron-invoicing-tool/vendor/multimedium/core/src/M/Util/Callback.php(747): call_user_func_array(Array, Array)
#3 /Volumes/htdocs/tigron-invoicing-tool/vendor/multimedium/core/src/M/Controller/Dispatcher.php(881): M\Util\Callback->run()
#4 /Volumes/htdocs/tigron-invoicing-tool/public/index.php(126): M\Controller\Dispatcher->dispatch()
#5 {main}	
2022-11-03 10:44:12	Destructed Console
--
	
2022-11-03 10:44:20	Constructed Console	
2022-11-03 10:44:20	Argument 1 passed to Tigron\Cp\Invoice::get_by_user() must be an instance of Tigron\User, string given, called in /Volumes/htdocs/tigron-invoicing-tool/app/Main/Module/Tigron/Controller/Tigron.php on line 33	
2022-11-03 10:44:20	#0 /Volumes/htdocs/tigron-invoicing-tool/app/Main/Module/Tigron/Controller/Tigron.php(33): Tigron\Cp\Invoice::get_by_user('aadocks')
#1 [internal function]: Main\Module\Tigron\Controller\Tigron->index()
#2 /Volumes/htdocs/tigron-invoicing-tool/vendor/multimedium/core/src/M/Util/Callback.php(747): call_user_func_array(Array, Array)
#3 /Volumes/htdocs/tigron-invoicing-tool/vendor/multimedium/core/src/M/Controller/Dispatcher.php(881): M\Util\Callback->run()
#4 /Volumes/htdocs/tigron-invoicing-tool/public/index.php(126): M\Controller\Dispatcher->dispatch()
#5 {main}	
2022-11-03 10:44:20	Argument 1 passed to Tigron\Cp\Invoice::get_by_user() must be an instance of Tigron\User, string given, called in /Volumes/htdocs/tigron-invoicing-tool/app/Main/Module/Tigron/Controller/Tigron.php on line 33	
2022-11-03 10:44:20	#0 /Volumes/htdocs/tigron-invoicing-tool/app/Main/Module/Tigron/Controller/Tigron.php(33): Tigron\Cp\Invoice::get_by_user('aadocks')
#1 [internal function]: Main\Module\Tigron\Controller\Tigron->index()
#2 /Volumes/htdocs/tigron-invoicing-tool/vendor/multimedium/core/src/M/Util/Callback.php(747): call_user_func_array(Array, Array)
#3 /Volumes/htdocs/tigron-invoicing-tool/vendor/multimedium/core/src/M/Controller/Dispatcher.php(881): M\Util\Callback->run()
#4 /Volumes/htdocs/tigron-invoicing-tool/public/index.php(126): M\Controller\Dispatcher->dispatch()
#5 {main}	
2022-11-03 10:44:20	Destructed Console
--
	
2022-11-03 10:45:27	Constructed Console	
2022-11-03 10:45:27	Argument 1 passed to Tigron\Cp\Invoice::get_by_user() must be an instance of Tigron\User, instance of Tigron\Cp\User given, called in /Volumes/htdocs/tigron-invoicing-tool/app/Main/Module/Tigron/Controller/Tigron.php on line 32	
2022-11-03 10:45:27	#0 /Volumes/htdocs/tigron-invoicing-tool/app/Main/Module/Tigron/Controller/Tigron.php(32): Tigron\Cp\Invoice::get_by_user(Object(Tigron\Cp\User))
#1 [internal function]: Main\Module\Tigron\Controller\Tigron->index()
#2 /Volumes/htdocs/tigron-invoicing-tool/vendor/multimedium/core/src/M/Util/Callback.php(747): call_user_func_array(Array, Array)
#3 /Volumes/htdocs/tigron-invoicing-tool/vendor/multimedium/core/src/M/Controller/Dispatcher.php(881): M\Util\Callback->run()
#4 /Volumes/htdocs/tigron-invoicing-tool/public/index.php(126): M\Controller\Dispatcher->dispatch()
#5 {main}	
2022-11-03 10:45:27	Argument 1 passed to Tigron\Cp\Invoice::get_by_user() must be an instance of Tigron\User, instance of Tigron\Cp\User given, called in /Volumes/htdocs/tigron-invoicing-tool/app/Main/Module/Tigron/Controller/Tigron.php on line 32	
2022-11-03 10:45:27	#0 /Volumes/htdocs/tigron-invoicing-tool/app/Main/Module/Tigron/Controller/Tigron.php(32): Tigron\Cp\Invoice::get_by_user(Object(Tigron\Cp\User))
#1 [internal function]: Main\Module\Tigron\Controller\Tigron->index()
#2 /Volumes/htdocs/tigron-invoicing-tool/vendor/multimedium/core/src/M/Util/Callback.php(747): call_user_func_array(Array, Array)
#3 /Volumes/htdocs/tigron-invoicing-tool/vendor/multimedium/core/src/M/Controller/Dispatcher.php(881): M\Util\Callback->run()
#4 /Volumes/htdocs/tigron-invoicing-tool/public/index.php(126): M\Controller\Dispatcher->dispatch()
#5 {main}	
2022-11-03 10:45:27	Destructed Console
--
	
2022-11-03 10:45:42	Constructed Console	
2022-11-03 10:45:42	Argument 1 passed to Tigron\Cp\Invoice::get_by_user() must be an instance of Tigron\User, string given, called in /Volumes/htdocs/tigron-invoicing-tool/app/Main/Module/Tigron/Controller/Tigron.php on line 32	
2022-11-03 10:45:42	#0 /Volumes/htdocs/tigron-invoicing-tool/app/Main/Module/Tigron/Controller/Tigron.php(32): Tigron\Cp\Invoice::get_by_user('aadocks')
#1 [internal function]: Main\Module\Tigron\Controller\Tigron->index()
#2 /Volumes/htdocs/tigron-invoicing-tool/vendor/multimedium/core/src/M/Util/Callback.php(747): call_user_func_array(Array, Array)
#3 /Volumes/htdocs/tigron-invoicing-tool/vendor/multimedium/core/src/M/Controller/Dispatcher.php(881): M\Util\Callback->run()
#4 /Volumes/htdocs/tigron-invoicing-tool/public/index.php(126): M\Controller\Dispatcher->dispatch()
#5 {main}	
2022-11-03 10:45:42	Argument 1 passed to Tigron\Cp\Invoice::get_by_user() must be an instance of Tigron\User, string given, called in /Volumes/htdocs/tigron-invoicing-tool/app/Main/Module/Tigron/Controller/Tigron.php on line 32	
2022-11-03 10:45:42	#0 /Volumes/htdocs/tigron-invoicing-tool/app/Main/Module/Tigron/Controller/Tigron.php(32): Tigron\Cp\Invoice::get_by_user('aadocks')
#1 [internal function]: Main\Module\Tigron\Controller\Tigron->index()
#2 /Volumes/htdocs/tigron-invoicing-tool/vendor/multimedium/core/src/M/Util/Callback.php(747): call_user_func_array(Array, Array)
#3 /Volumes/htdocs/tigron-invoicing-tool/vendor/multimedium/core/src/M/Controller/Dispatcher.php(881): M\Util\Callback->run()
#4 /Volumes/htdocs/tigron-invoicing-tool/public/index.php(126): M\Controller\Dispatcher->dispatch()
#5 {main}	
2022-11-03 10:45:42	Destructed Console
--
	
2022-11-03 13:37:02	Constructed Console	
2022-11-03 13:37:02	syntax error, unexpected ';'	
2022-11-03 13:37:02	#0 [internal function]: M\App\Autoloader->loadResource('Main\\Module\\Tea...')
#1 [internal function]: spl_autoload_call('Main\\Module\\Tea...')
#2 /Volumes/htdocs/tigron-invoicing-tool/vendor/multimedium/core/src/M/Controller/Dispatcher.php(994): ReflectionClass->__construct('\\Main\\Module\\Te...')
#3 /Volumes/htdocs/tigron-invoicing-tool/vendor/multimedium/core/src/M/Controller/Dispatcher.php(1069): M\Controller\Dispatcher->_getController('\\Main\\Module\\Te...')
#4 /Volumes/htdocs/tigron-invoicing-tool/vendor/multimedium/core/src/M/Controller/Dispatcher.php(759): M\Controller\Dispatcher->_getControllerFromPathElements(Array, NULL)
#5 /Volumes/htdocs/tigron-invoicing-tool/vendor/multimedium/core/src/M/Controller/Dispatcher.php(872): M\Controller\Dispatcher->getControllerCallback()
#6 /Volumes/htdocs/tigron-invoicing-tool/public/index.php(126): M\Controller\Dispatcher->dispatch()
#7 {main}	
2022-11-03 13:37:02	Destructed Console
--
	
2022-11-03 13:37:12	Constructed Console	
2022-11-03 13:37:12	Call to undefined method App\Teamleader\TeamleaderCompanyMapper::setName()	
2022-11-03 13:37:12	#0 [internal function]: Main\Module\Teamleader\Controller\Teamleader->companies()
#1 /Volumes/htdocs/tigron-invoicing-tool/vendor/multimedium/core/src/M/Util/Callback.php(747): call_user_func_array(Array, Array)
#2 /Volumes/htdocs/tigron-invoicing-tool/vendor/multimedium/core/src/M/Controller/Dispatcher.php(881): M\Util\Callback->run()
#3 /Volumes/htdocs/tigron-invoicing-tool/public/index.php(126): M\Controller\Dispatcher->dispatch()
#4 {main}	
2022-11-03 13:37:12	Call to undefined method App\Teamleader\TeamleaderCompanyMapper::setName()	
2022-11-03 13:37:12	#0 [internal function]: Main\Module\Teamleader\Controller\Teamleader->companies()
#1 /Volumes/htdocs/tigron-invoicing-tool/vendor/multimedium/core/src/M/Util/Callback.php(747): call_user_func_array(Array, Array)
#2 /Volumes/htdocs/tigron-invoicing-tool/vendor/multimedium/core/src/M/Controller/Dispatcher.php(881): M\Util\Callback->run()
#3 /Volumes/htdocs/tigron-invoicing-tool/public/index.php(126): M\Controller\Dispatcher->dispatch()
#4 {main}	
2022-11-03 13:37:12	Destructed Console
--
	
2022-11-03 13:37:28	Constructed Console	
2022-11-03 13:37:28	Call to undefined method App\Teamleader\TeamleaderCompanyMapper::setName()	
2022-11-03 13:37:28	#0 [internal function]: Main\Module\Teamleader\Controller\Teamleader->companies()
#1 /Volumes/htdocs/tigron-invoicing-tool/vendor/multimedium/core/src/M/Util/Callback.php(747): call_user_func_array(Array, Array)
#2 /Volumes/htdocs/tigron-invoicing-tool/vendor/multimedium/core/src/M/Controller/Dispatcher.php(881): M\Util\Callback->run()
#3 /Volumes/htdocs/tigron-invoicing-tool/public/index.php(126): M\Controller\Dispatcher->dispatch()
#4 {main}	
2022-11-03 13:37:28	Call to undefined method App\Teamleader\TeamleaderCompanyMapper::setName()	
2022-11-03 13:37:28	#0 [internal function]: Main\Module\Teamleader\Controller\Teamleader->companies()
#1 /Volumes/htdocs/tigron-invoicing-tool/vendor/multimedium/core/src/M/Util/Callback.php(747): call_user_func_array(Array, Array)
#2 /Volumes/htdocs/tigron-invoicing-tool/vendor/multimedium/core/src/M/Controller/Dispatcher.php(881): M\Util\Callback->run()
#3 /Volumes/htdocs/tigron-invoicing-tool/public/index.php(126): M\Controller\Dispatcher->dispatch()
#4 {main}	
2022-11-03 13:37:28	Destructed Console
--
	
2022-11-03 13:39:51	Constructed Console	
2022-11-03 13:39:51	Call to undefined method App\Teamleader\TeamleaderCompanyMapper::setName()	
2022-11-03 13:39:51	#0 [internal function]: Main\Module\Teamleader\Controller\Teamleader->companies()
#1 /Volumes/htdocs/tigron-invoicing-tool/vendor/multimedium/core/src/M/Util/Callback.php(747): call_user_func_array(Array, Array)
#2 /Volumes/htdocs/tigron-invoicing-tool/vendor/multimedium/core/src/M/Controller/Dispatcher.php(881): M\Util\Callback->run()
#3 /Volumes/htdocs/tigron-invoicing-tool/public/index.php(126): M\Controller\Dispatcher->dispatch()
#4 {main}	
2022-11-03 13:39:51	Call to undefined method App\Teamleader\TeamleaderCompanyMapper::setName()	
2022-11-03 13:39:51	#0 [internal function]: Main\Module\Teamleader\Controller\Teamleader->companies()
#1 /Volumes/htdocs/tigron-invoicing-tool/vendor/multimedium/core/src/M/Util/Callback.php(747): call_user_func_array(Array, Array)
#2 /Volumes/htdocs/tigron-invoicing-tool/vendor/multimedium/core/src/M/Controller/Dispatcher.php(881): M\Util\Callback->run()
#3 /Volumes/htdocs/tigron-invoicing-tool/public/index.php(126): M\Controller\Dispatcher->dispatch()
#4 {main}	
2022-11-03 13:39:51	Destructed Console
--
	
2022-11-03 13:45:29	Constructed Console	
2022-11-03 13:45:29	Return value of Main\Module\Sync\Controller\Sync::getBatch() must be of the type array, null returned	
2022-11-03 13:45:29	#0 /Volumes/htdocs/tigron-invoicing-tool/app/Main/Module/Sync/Controller/Sync.php(27): Main\Module\Sync\Controller\Sync->getBatch(1)
#1 [internal function]: Main\Module\Sync\Controller\Sync->sync()
#2 /Volumes/htdocs/tigron-invoicing-tool/vendor/multimedium/core/src/M/Util/Callback.php(747): call_user_func_array(Array, Array)
#3 /Volumes/htdocs/tigron-invoicing-tool/vendor/multimedium/core/src/M/Controller/Dispatcher.php(881): M\Util\Callback->run()
#4 /Volumes/htdocs/tigron-invoicing-tool/public/index.php(126): M\Controller\Dispatcher->dispatch()
#5 {main}	
2022-11-03 13:45:29	Return value of Main\Module\Sync\Controller\Sync::getBatch() must be of the type array, null returned	
2022-11-03 13:45:29	#0 /Volumes/htdocs/tigron-invoicing-tool/app/Main/Module/Sync/Controller/Sync.php(27): Main\Module\Sync\Controller\Sync->getBatch(1)
#1 [internal function]: Main\Module\Sync\Controller\Sync->sync()
#2 /Volumes/htdocs/tigron-invoicing-tool/vendor/multimedium/core/src/M/Util/Callback.php(747): call_user_func_array(Array, Array)
#3 /Volumes/htdocs/tigron-invoicing-tool/vendor/multimedium/core/src/M/Controller/Dispatcher.php(881): M\Util\Callback->run()
#4 /Volumes/htdocs/tigron-invoicing-tool/public/index.php(126): M\Controller\Dispatcher->dispatch()
#5 {main}	
2022-11-03 13:45:29	Destructed Console
--
	
2022-11-03 13:47:08	Constructed Console	
2022-11-03 13:47:08	Return value of Main\Module\Sync\Controller\Sync::getBatch() must be of the type array, none returned	
2022-11-03 13:47:08	#0 /Volumes/htdocs/tigron-invoicing-tool/app/Main/Module/Sync/Controller/Sync.php(27): Main\Module\Sync\Controller\Sync->getBatch(1)
#1 [internal function]: Main\Module\Sync\Controller\Sync->sync()
#2 /Volumes/htdocs/tigron-invoicing-tool/vendor/multimedium/core/src/M/Util/Callback.php(747): call_user_func_array(Array, Array)
#3 /Volumes/htdocs/tigron-invoicing-tool/vendor/multimedium/core/src/M/Controller/Dispatcher.php(881): M\Util\Callback->run()
#4 /Volumes/htdocs/tigron-invoicing-tool/public/index.php(126): M\Controller\Dispatcher->dispatch()
#5 {main}	
2022-11-03 13:47:08	Return value of Main\Module\Sync\Controller\Sync::getBatch() must be of the type array, none returned	
2022-11-03 13:47:08	#0 /Volumes/htdocs/tigron-invoicing-tool/app/Main/Module/Sync/Controller/Sync.php(27): Main\Module\Sync\Controller\Sync->getBatch(1)
#1 [internal function]: Main\Module\Sync\Controller\Sync->sync()
#2 /Volumes/htdocs/tigron-invoicing-tool/vendor/multimedium/core/src/M/Util/Callback.php(747): call_user_func_array(Array, Array)
#3 /Volumes/htdocs/tigron-invoicing-tool/vendor/multimedium/core/src/M/Controller/Dispatcher.php(881): M\Util\Callback->run()
#4 /Volumes/htdocs/tigron-invoicing-tool/public/index.php(126): M\Controller\Dispatcher->dispatch()
#5 {main}	
2022-11-03 13:47:08	Destructed Console
--
	
2022-11-03 13:47:25	Constructed Console	
2022-11-03 13:47:25	Return value of Main\Module\Sync\Controller\Sync::getBatch() must be of the type array, none returned	
2022-11-03 13:47:25	#0 /Volumes/htdocs/tigron-invoicing-tool/app/Main/Module/Sync/Controller/Sync.php(27): Main\Module\Sync\Controller\Sync->getBatch(1)
#1 [internal function]: Main\Module\Sync\Controller\Sync->sync()
#2 /Volumes/htdocs/tigron-invoicing-tool/vendor/multimedium/core/src/M/Util/Callback.php(747): call_user_func_array(Array, Array)
#3 /Volumes/htdocs/tigron-invoicing-tool/vendor/multimedium/core/src/M/Controller/Dispatcher.php(881): M\Util\Callback->run()
#4 /Volumes/htdocs/tigron-invoicing-tool/public/index.php(126): M\Controller\Dispatcher->dispatch()
#5 {main}	
2022-11-03 13:47:25	Return value of Main\Module\Sync\Controller\Sync::getBatch() must be of the type array, none returned	
2022-11-03 13:47:25	#0 /Volumes/htdocs/tigron-invoicing-tool/app/Main/Module/Sync/Controller/Sync.php(27): Main\Module\Sync\Controller\Sync->getBatch(1)
#1 [internal function]: Main\Module\Sync\Controller\Sync->sync()
#2 /Volumes/htdocs/tigron-invoicing-tool/vendor/multimedium/core/src/M/Util/Callback.php(747): call_user_func_array(Array, Array)
#3 /Volumes/htdocs/tigron-invoicing-tool/vendor/multimedium/core/src/M/Controller/Dispatcher.php(881): M\Util\Callback->run()
#4 /Volumes/htdocs/tigron-invoicing-tool/public/index.php(126): M\Controller\Dispatcher->dispatch()
#5 {main}	
2022-11-03 13:47:25	Destructed Console
--
	
2022-11-03 13:54:38	Constructed Console	
2022-11-03 13:54:38	Return value of Main\Module\Sync\Controller\Sync::getBatch() must be of the type array, null returned	
2022-11-03 13:54:38	#0 /Volumes/htdocs/tigron-invoicing-tool/app/Main/Module/Sync/Controller/Sync.php(27): Main\Module\Sync\Controller\Sync->getBatch(1)
#1 [internal function]: Main\Module\Sync\Controller\Sync->sync()
#2 /Volumes/htdocs/tigron-invoicing-tool/vendor/multimedium/core/src/M/Util/Callback.php(747): call_user_func_array(Array, Array)
#3 /Volumes/htdocs/tigron-invoicing-tool/vendor/multimedium/core/src/M/Controller/Dispatcher.php(881): M\Util\Callback->run()
#4 /Volumes/htdocs/tigron-invoicing-tool/public/index.php(126): M\Controller\Dispatcher->dispatch()
#5 {main}	
2022-11-03 13:54:38	Return value of Main\Module\Sync\Controller\Sync::getBatch() must be of the type array, null returned	
2022-11-03 13:54:38	#0 /Volumes/htdocs/tigron-invoicing-tool/app/Main/Module/Sync/Controller/Sync.php(27): Main\Module\Sync\Controller\Sync->getBatch(1)
#1 [internal function]: Main\Module\Sync\Controller\Sync->sync()
#2 /Volumes/htdocs/tigron-invoicing-tool/vendor/multimedium/core/src/M/Util/Callback.php(747): call_user_func_array(Array, Array)
#3 /Volumes/htdocs/tigron-invoicing-tool/vendor/multimedium/core/src/M/Controller/Dispatcher.php(881): M\Util\Callback->run()
#4 /Volumes/htdocs/tigron-invoicing-tool/public/index.php(126): M\Controller\Dispatcher->dispatch()
#5 {main}	
2022-11-03 13:54:38	Destructed Console
--
	
2022-11-03 13:55:00	Constructed Console	
2022-11-03 13:55:00	Return value of Main\Module\Sync\Controller\Sync::getBatch() must be of the type array, bool returned	
2022-11-03 13:55:00	#0 /Volumes/htdocs/tigron-invoicing-tool/app/Main/Module/Sync/Controller/Sync.php(27): Main\Module\Sync\Controller\Sync->getBatch(1)
#1 [internal function]: Main\Module\Sync\Controller\Sync->sync()
#2 /Volumes/htdocs/tigron-invoicing-tool/vendor/multimedium/core/src/M/Util/Callback.php(747): call_user_func_array(Array, Array)
#3 /Volumes/htdocs/tigron-invoicing-tool/vendor/multimedium/core/src/M/Controller/Dispatcher.php(881): M\Util\Callback->run()
#4 /Volumes/htdocs/tigron-invoicing-tool/public/index.php(126): M\Controller\Dispatcher->dispatch()
#5 {main}	
2022-11-03 13:55:00	Return value of Main\Module\Sync\Controller\Sync::getBatch() must be of the type array, bool returned	
2022-11-03 13:55:00	#0 /Volumes/htdocs/tigron-invoicing-tool/app/Main/Module/Sync/Controller/Sync.php(27): Main\Module\Sync\Controller\Sync->getBatch(1)
#1 [internal function]: Main\Module\Sync\Controller\Sync->sync()
#2 /Volumes/htdocs/tigron-invoicing-tool/vendor/multimedium/core/src/M/Util/Callback.php(747): call_user_func_array(Array, Array)
#3 /Volumes/htdocs/tigron-invoicing-tool/vendor/multimedium/core/src/M/Controller/Dispatcher.php(881): M\Util\Callback->run()
#4 /Volumes/htdocs/tigron-invoicing-tool/public/index.php(126): M\Controller\Dispatcher->dispatch()
#5 {main}	
2022-11-03 13:55:00	Destructed Console
--
	
2022-11-03 13:56:06	Constructed Console	
2022-11-03 13:56:06	Return value of Main\Module\Sync\Controller\Sync::getBatch() must be of the type array, null returned	
2022-11-03 13:56:06	#0 /Volumes/htdocs/tigron-invoicing-tool/app/Main/Module/Sync/Controller/Sync.php(27): Main\Module\Sync\Controller\Sync->getBatch(1)
#1 [internal function]: Main\Module\Sync\Controller\Sync->sync()
#2 /Volumes/htdocs/tigron-invoicing-tool/vendor/multimedium/core/src/M/Util/Callback.php(747): call_user_func_array(Array, Array)
#3 /Volumes/htdocs/tigron-invoicing-tool/vendor/multimedium/core/src/M/Controller/Dispatcher.php(881): M\Util\Callback->run()
#4 /Volumes/htdocs/tigron-invoicing-tool/public/index.php(126): M\Controller\Dispatcher->dispatch()
#5 {main}	
2022-11-03 13:56:06	Return value of Main\Module\Sync\Controller\Sync::getBatch() must be of the type array, null returned	
2022-11-03 13:56:06	#0 /Volumes/htdocs/tigron-invoicing-tool/app/Main/Module/Sync/Controller/Sync.php(27): Main\Module\Sync\Controller\Sync->getBatch(1)
#1 [internal function]: Main\Module\Sync\Controller\Sync->sync()
#2 /Volumes/htdocs/tigron-invoicing-tool/vendor/multimedium/core/src/M/Util/Callback.php(747): call_user_func_array(Array, Array)
#3 /Volumes/htdocs/tigron-invoicing-tool/vendor/multimedium/core/src/M/Controller/Dispatcher.php(881): M\Util\Callback->run()
#4 /Volumes/htdocs/tigron-invoicing-tool/public/index.php(126): M\Controller\Dispatcher->dispatch()
#5 {main}	
2022-11-03 13:56:06	Destructed Console
--
	
2022-11-03 13:56:36	Constructed Console	
2022-11-03 13:56:36	Return value of Main\Module\Sync\Controller\Sync::getBatch() must be of the type array, null returned	
2022-11-03 13:56:36	#0 /Volumes/htdocs/tigron-invoicing-tool/app/Main/Module/Sync/Controller/Sync.php(27): Main\Module\Sync\Controller\Sync->getBatch(1)
#1 [internal function]: Main\Module\Sync\Controller\Sync->sync()
#2 /Volumes/htdocs/tigron-invoicing-tool/vendor/multimedium/core/src/M/Util/Callback.php(747): call_user_func_array(Array, Array)
#3 /Volumes/htdocs/tigron-invoicing-tool/vendor/multimedium/core/src/M/Controller/Dispatcher.php(881): M\Util\Callback->run()
#4 /Volumes/htdocs/tigron-invoicing-tool/public/index.php(126): M\Controller\Dispatcher->dispatch()
#5 {main}	
2022-11-03 13:56:36	Return value of Main\Module\Sync\Controller\Sync::getBatch() must be of the type array, null returned	
2022-11-03 13:56:36	#0 /Volumes/htdocs/tigron-invoicing-tool/app/Main/Module/Sync/Controller/Sync.php(27): Main\Module\Sync\Controller\Sync->getBatch(1)
#1 [internal function]: Main\Module\Sync\Controller\Sync->sync()
#2 /Volumes/htdocs/tigron-invoicing-tool/vendor/multimedium/core/src/M/Util/Callback.php(747): call_user_func_array(Array, Array)
#3 /Volumes/htdocs/tigron-invoicing-tool/vendor/multimedium/core/src/M/Controller/Dispatcher.php(881): M\Util\Callback->run()
#4 /Volumes/htdocs/tigron-invoicing-tool/public/index.php(126): M\Controller\Dispatcher->dispatch()
#5 {main}	
2022-11-03 13:56:36	Destructed Console
--
	
2022-11-03 14:01:00	Constructed Console	
2022-11-03 14:01:00	Return value of Main\Module\Sync\Controller\Sync::getBatch() must be of the type array, null returned	
2022-11-03 14:01:00	#0 /Volumes/htdocs/tigron-invoicing-tool/app/Main/Module/Sync/Controller/Sync.php(27): Main\Module\Sync\Controller\Sync->getBatch(1)
#1 [internal function]: Main\Module\Sync\Controller\Sync->sync()
#2 /Volumes/htdocs/tigron-invoicing-tool/vendor/multimedium/core/src/M/Util/Callback.php(747): call_user_func_array(Array, Array)
#3 /Volumes/htdocs/tigron-invoicing-tool/vendor/multimedium/core/src/M/Controller/Dispatcher.php(881): M\Util\Callback->run()
#4 /Volumes/htdocs/tigron-invoicing-tool/public/index.php(126): M\Controller\Dispatcher->dispatch()
#5 {main}	
2022-11-03 14:01:00	Return value of Main\Module\Sync\Controller\Sync::getBatch() must be of the type array, null returned	
2022-11-03 14:01:00	#0 /Volumes/htdocs/tigron-invoicing-tool/app/Main/Module/Sync/Controller/Sync.php(27): Main\Module\Sync\Controller\Sync->getBatch(1)
#1 [internal function]: Main\Module\Sync\Controller\Sync->sync()
#2 /Volumes/htdocs/tigron-invoicing-tool/vendor/multimedium/core/src/M/Util/Callback.php(747): call_user_func_array(Array, Array)
#3 /Volumes/htdocs/tigron-invoicing-tool/vendor/multimedium/core/src/M/Controller/Dispatcher.php(881): M\Util\Callback->run()
#4 /Volumes/htdocs/tigron-invoicing-tool/public/index.php(126): M\Controller\Dispatcher->dispatch()
#5 {main}	
2022-11-03 14:01:00	Destructed Console
--
	
2022-11-03 14:01:21	Constructed Console	
2022-11-03 14:01:21	Return value of Main\Module\Sync\Controller\Sync::getBatch() must be an instance of Main\Module\Sync\Controller\boolean, null returned	
2022-11-03 14:01:21	#0 /Volumes/htdocs/tigron-invoicing-tool/app/Main/Module/Sync/Controller/Sync.php(27): Main\Module\Sync\Controller\Sync->getBatch(1)
#1 [internal function]: Main\Module\Sync\Controller\Sync->sync()
#2 /Volumes/htdocs/tigron-invoicing-tool/vendor/multimedium/core/src/M/Util/Callback.php(747): call_user_func_array(Array, Array)
#3 /Volumes/htdocs/tigron-invoicing-tool/vendor/multimedium/core/src/M/Controller/Dispatcher.php(881): M\Util\Callback->run()
#4 /Volumes/htdocs/tigron-invoicing-tool/public/index.php(126): M\Controller\Dispatcher->dispatch()
#5 {main}	
2022-11-03 14:01:21	Return value of Main\Module\Sync\Controller\Sync::getBatch() must be an instance of Main\Module\Sync\Controller\boolean, null returned	
2022-11-03 14:01:21	#0 /Volumes/htdocs/tigron-invoicing-tool/app/Main/Module/Sync/Controller/Sync.php(27): Main\Module\Sync\Controller\Sync->getBatch(1)
#1 [internal function]: Main\Module\Sync\Controller\Sync->sync()
#2 /Volumes/htdocs/tigron-invoicing-tool/vendor/multimedium/core/src/M/Util/Callback.php(747): call_user_func_array(Array, Array)
#3 /Volumes/htdocs/tigron-invoicing-tool/vendor/multimedium/core/src/M/Controller/Dispatcher.php(881): M\Util\Callback->run()
#4 /Volumes/htdocs/tigron-invoicing-tool/public/index.php(126): M\Controller\Dispatcher->dispatch()
#5 {main}	
2022-11-03 14:01:21	Destructed Console
--
	
2022-11-03 14:01:44	Constructed Console	
2022-11-03 14:01:44	Return value of Main\Module\Sync\Controller\Sync::getBatch() must be of the type array, null returned	
2022-11-03 14:01:44	#0 /Volumes/htdocs/tigron-invoicing-tool/app/Main/Module/Sync/Controller/Sync.php(27): Main\Module\Sync\Controller\Sync->getBatch(1)
#1 [internal function]: Main\Module\Sync\Controller\Sync->sync()
#2 /Volumes/htdocs/tigron-invoicing-tool/vendor/multimedium/core/src/M/Util/Callback.php(747): call_user_func_array(Array, Array)
#3 /Volumes/htdocs/tigron-invoicing-tool/vendor/multimedium/core/src/M/Controller/Dispatcher.php(881): M\Util\Callback->run()
#4 /Volumes/htdocs/tigron-invoicing-tool/public/index.php(126): M\Controller\Dispatcher->dispatch()
#5 {main}	
2022-11-03 14:01:44	Return value of Main\Module\Sync\Controller\Sync::getBatch() must be of the type array, null returned	
2022-11-03 14:01:44	#0 /Volumes/htdocs/tigron-invoicing-tool/app/Main/Module/Sync/Controller/Sync.php(27): Main\Module\Sync\Controller\Sync->getBatch(1)
#1 [internal function]: Main\Module\Sync\Controller\Sync->sync()
#2 /Volumes/htdocs/tigron-invoicing-tool/vendor/multimedium/core/src/M/Util/Callback.php(747): call_user_func_array(Array, Array)
#3 /Volumes/htdocs/tigron-invoicing-tool/vendor/multimedium/core/src/M/Controller/Dispatcher.php(881): M\Util\Callback->run()
#4 /Volumes/htdocs/tigron-invoicing-tool/public/index.php(126): M\Controller\Dispatcher->dispatch()
#5 {main}	
2022-11-03 14:01:44	Destructed Console
--
	
2022-11-03 14:04:07	Constructed Console	
2022-11-03 14:04:07	Return value of Main\Module\Sync\Controller\Sync::getBatch() must be of the type array, null returned	
2022-11-03 14:04:07	#0 /Volumes/htdocs/tigron-invoicing-tool/app/Main/Module/Sync/Controller/Sync.php(27): Main\Module\Sync\Controller\Sync->getBatch(1)
#1 [internal function]: Main\Module\Sync\Controller\Sync->sync()
#2 /Volumes/htdocs/tigron-invoicing-tool/vendor/multimedium/core/src/M/Util/Callback.php(747): call_user_func_array(Array, Array)
#3 /Volumes/htdocs/tigron-invoicing-tool/vendor/multimedium/core/src/M/Controller/Dispatcher.php(881): M\Util\Callback->run()
#4 /Volumes/htdocs/tigron-invoicing-tool/public/index.php(126): M\Controller\Dispatcher->dispatch()
#5 {main}	
2022-11-03 14:04:07	Return value of Main\Module\Sync\Controller\Sync::getBatch() must be of the type array, null returned	
2022-11-03 14:04:07	#0 /Volumes/htdocs/tigron-invoicing-tool/app/Main/Module/Sync/Controller/Sync.php(27): Main\Module\Sync\Controller\Sync->getBatch(1)
#1 [internal function]: Main\Module\Sync\Controller\Sync->sync()
#2 /Volumes/htdocs/tigron-invoicing-tool/vendor/multimedium/core/src/M/Util/Callback.php(747): call_user_func_array(Array, Array)
#3 /Volumes/htdocs/tigron-invoicing-tool/vendor/multimedium/core/src/M/Controller/Dispatcher.php(881): M\Util\Callback->run()
#4 /Volumes/htdocs/tigron-invoicing-tool/public/index.php(126): M\Controller\Dispatcher->dispatch()
#5 {main}	
2022-11-03 14:04:07	Destructed Console
--
	
2022-11-03 14:05:35	Constructed Console	
2022-11-03 14:05:35	syntax error, unexpected '$page' (T_VARIABLE), expecting ']'	
2022-11-03 14:05:35	#0 [internal function]: M\App\Autoloader->loadResource('Main\\Module\\Syn...')
#1 [internal function]: spl_autoload_call('Main\\Module\\Syn...')
#2 /Volumes/htdocs/tigron-invoicing-tool/vendor/multimedium/core/src/M/Controller/Dispatcher.php(994): ReflectionClass->__construct('\\Main\\Module\\Sy...')
#3 /Volumes/htdocs/tigron-invoicing-tool/vendor/multimedium/core/src/M/Controller/Dispatcher.php(1069): M\Controller\Dispatcher->_getController('\\Main\\Module\\Sy...')
#4 /Volumes/htdocs/tigron-invoicing-tool/vendor/multimedium/core/src/M/Controller/Dispatcher.php(759): M\Controller\Dispatcher->_getControllerFromPathElements(Array, NULL)
#5 /Volumes/htdocs/tigron-invoicing-tool/vendor/multimedium/core/src/M/Controller/Dispatcher.php(872): M\Controller\Dispatcher->getControllerCallback()
#6 /Volumes/htdocs/tigron-invoicing-tool/public/index.php(126): M\Controller\Dispatcher->dispatch()
#7 {main}	
2022-11-03 14:05:35	Destructed Console
--
	
2022-11-03 14:08:58	Constructed Console	
2022-11-03 14:08:58	Return value of Main\Module\Sync\Controller\Sync::getBatch() must be of the type array, null returned	
2022-11-03 14:08:58	#0 /Volumes/htdocs/tigron-invoicing-tool/app/Main/Module/Sync/Controller/Sync.php(27): Main\Module\Sync\Controller\Sync->getBatch(1)
#1 [internal function]: Main\Module\Sync\Controller\Sync->sync()
#2 /Volumes/htdocs/tigron-invoicing-tool/vendor/multimedium/core/src/M/Util/Callback.php(747): call_user_func_array(Array, Array)
#3 /Volumes/htdocs/tigron-invoicing-tool/vendor/multimedium/core/src/M/Controller/Dispatcher.php(881): M\Util\Callback->run()
#4 /Volumes/htdocs/tigron-invoicing-tool/public/index.php(126): M\Controller\Dispatcher->dispatch()
#5 {main}	
2022-11-03 14:08:58	Return value of Main\Module\Sync\Controller\Sync::getBatch() must be of the type array, null returned	
2022-11-03 14:08:58	#0 /Volumes/htdocs/tigron-invoicing-tool/app/Main/Module/Sync/Controller/Sync.php(27): Main\Module\Sync\Controller\Sync->getBatch(1)
#1 [internal function]: Main\Module\Sync\Controller\Sync->sync()
#2 /Volumes/htdocs/tigron-invoicing-tool/vendor/multimedium/core/src/M/Util/Callback.php(747): call_user_func_array(Array, Array)
#3 /Volumes/htdocs/tigron-invoicing-tool/vendor/multimedium/core/src/M/Controller/Dispatcher.php(881): M\Util\Callback->run()
#4 /Volumes/htdocs/tigron-invoicing-tool/public/index.php(126): M\Controller\Dispatcher->dispatch()
#5 {main}	
2022-11-03 14:08:58	Destructed Console
--
	
2022-11-03 14:11:24	Constructed Console	
2022-11-03 14:11:24	Return value of Main\Module\Sync\Controller\Sync::getBatch() must be of the type array, null returned	
2022-11-03 14:11:24	#0 /Volumes/htdocs/tigron-invoicing-tool/app/Main/Module/Sync/Controller/Sync.php(27): Main\Module\Sync\Controller\Sync->getBatch(1)
#1 [internal function]: Main\Module\Sync\Controller\Sync->sync()
#2 /Volumes/htdocs/tigron-invoicing-tool/vendor/multimedium/core/src/M/Util/Callback.php(747): call_user_func_array(Array, Array)
#3 /Volumes/htdocs/tigron-invoicing-tool/vendor/multimedium/core/src/M/Controller/Dispatcher.php(881): M\Util\Callback->run()
#4 /Volumes/htdocs/tigron-invoicing-tool/public/index.php(126): M\Controller\Dispatcher->dispatch()
#5 {main}	
2022-11-03 14:11:24	Return value of Main\Module\Sync\Controller\Sync::getBatch() must be of the type array, null returned	
2022-11-03 14:11:24	#0 /Volumes/htdocs/tigron-invoicing-tool/app/Main/Module/Sync/Controller/Sync.php(27): Main\Module\Sync\Controller\Sync->getBatch(1)
#1 [internal function]: Main\Module\Sync\Controller\Sync->sync()
#2 /Volumes/htdocs/tigron-invoicing-tool/vendor/multimedium/core/src/M/Util/Callback.php(747): call_user_func_array(Array, Array)
#3 /Volumes/htdocs/tigron-invoicing-tool/vendor/multimedium/core/src/M/Controller/Dispatcher.php(881): M\Util\Callback->run()
#4 /Volumes/htdocs/tigron-invoicing-tool/public/index.php(126): M\Controller\Dispatcher->dispatch()
#5 {main}	
2022-11-03 14:11:24	Destructed Console
--
	
2022-11-03 14:12:59	Constructed Console	
2022-11-03 14:12:59	Return value of Main\Module\Sync\Controller\Sync::getBatch() must be of the type array, none returned	
2022-11-03 14:12:59	#0 /Volumes/htdocs/tigron-invoicing-tool/app/Main/Module/Sync/Controller/Sync.php(27): Main\Module\Sync\Controller\Sync->getBatch(1)
#1 [internal function]: Main\Module\Sync\Controller\Sync->sync()
#2 /Volumes/htdocs/tigron-invoicing-tool/vendor/multimedium/core/src/M/Util/Callback.php(747): call_user_func_array(Array, Array)
#3 /Volumes/htdocs/tigron-invoicing-tool/vendor/multimedium/core/src/M/Controller/Dispatcher.php(881): M\Util\Callback->run()
#4 /Volumes/htdocs/tigron-invoicing-tool/public/index.php(126): M\Controller\Dispatcher->dispatch()
#5 {main}	
2022-11-03 14:12:59	Return value of Main\Module\Sync\Controller\Sync::getBatch() must be of the type array, none returned	
2022-11-03 14:12:59	#0 /Volumes/htdocs/tigron-invoicing-tool/app/Main/Module/Sync/Controller/Sync.php(27): Main\Module\Sync\Controller\Sync->getBatch(1)
#1 [internal function]: Main\Module\Sync\Controller\Sync->sync()
#2 /Volumes/htdocs/tigron-invoicing-tool/vendor/multimedium/core/src/M/Util/Callback.php(747): call_user_func_array(Array, Array)
#3 /Volumes/htdocs/tigron-invoicing-tool/vendor/multimedium/core/src/M/Controller/Dispatcher.php(881): M\Util\Callback->run()
#4 /Volumes/htdocs/tigron-invoicing-tool/public/index.php(126): M\Controller\Dispatcher->dispatch()
#5 {main}	
2022-11-03 14:12:59	Destructed Console
--
	
2022-11-03 14:13:17	Constructed Console	
2022-11-03 14:13:17	Return value of Main\Module\Sync\Controller\Sync::getBatch() must be of the type array, none returned	
2022-11-03 14:13:17	#0 /Volumes/htdocs/tigron-invoicing-tool/app/Main/Module/Sync/Controller/Sync.php(27): Main\Module\Sync\Controller\Sync->getBatch(1)
#1 [internal function]: Main\Module\Sync\Controller\Sync->sync()
#2 /Volumes/htdocs/tigron-invoicing-tool/vendor/multimedium/core/src/M/Util/Callback.php(747): call_user_func_array(Array, Array)
#3 /Volumes/htdocs/tigron-invoicing-tool/vendor/multimedium/core/src/M/Controller/Dispatcher.php(881): M\Util\Callback->run()
#4 /Volumes/htdocs/tigron-invoicing-tool/public/index.php(126): M\Controller\Dispatcher->dispatch()
#5 {main}	
2022-11-03 14:13:17	Return value of Main\Module\Sync\Controller\Sync::getBatch() must be of the type array, none returned	
2022-11-03 14:13:17	#0 /Volumes/htdocs/tigron-invoicing-tool/app/Main/Module/Sync/Controller/Sync.php(27): Main\Module\Sync\Controller\Sync->getBatch(1)
#1 [internal function]: Main\Module\Sync\Controller\Sync->sync()
#2 /Volumes/htdocs/tigron-invoicing-tool/vendor/multimedium/core/src/M/Util/Callback.php(747): call_user_func_array(Array, Array)
#3 /Volumes/htdocs/tigron-invoicing-tool/vendor/multimedium/core/src/M/Controller/Dispatcher.php(881): M\Util\Callback->run()
#4 /Volumes/htdocs/tigron-invoicing-tool/public/index.php(126): M\Controller\Dispatcher->dispatch()
#5 {main}	
2022-11-03 14:13:17	Destructed Console
--
	
2022-11-03 14:14:23	Constructed Console	
2022-11-03 14:14:23	Return value of Main\Module\Sync\Controller\Sync::getBatch() must be of the type array, null returned	
2022-11-03 14:14:23	#0 /Volumes/htdocs/tigron-invoicing-tool/app/Main/Module/Sync/Controller/Sync.php(27): Main\Module\Sync\Controller\Sync->getBatch(1)
#1 [internal function]: Main\Module\Sync\Controller\Sync->sync()
#2 /Volumes/htdocs/tigron-invoicing-tool/vendor/multimedium/core/src/M/Util/Callback.php(747): call_user_func_array(Array, Array)
#3 /Volumes/htdocs/tigron-invoicing-tool/vendor/multimedium/core/src/M/Controller/Dispatcher.php(881): M\Util\Callback->run()
#4 /Volumes/htdocs/tigron-invoicing-tool/public/index.php(126): M\Controller\Dispatcher->dispatch()
#5 {main}	
2022-11-03 14:14:23	Return value of Main\Module\Sync\Controller\Sync::getBatch() must be of the type array, null returned	
2022-11-03 14:14:23	#0 /Volumes/htdocs/tigron-invoicing-tool/app/Main/Module/Sync/Controller/Sync.php(27): Main\Module\Sync\Controller\Sync->getBatch(1)
#1 [internal function]: Main\Module\Sync\Controller\Sync->sync()
#2 /Volumes/htdocs/tigron-invoicing-tool/vendor/multimedium/core/src/M/Util/Callback.php(747): call_user_func_array(Array, Array)
#3 /Volumes/htdocs/tigron-invoicing-tool/vendor/multimedium/core/src/M/Controller/Dispatcher.php(881): M\Util\Callback->run()
#4 /Volumes/htdocs/tigron-invoicing-tool/public/index.php(126): M\Controller\Dispatcher->dispatch()
#5 {main}	
2022-11-03 14:14:23	Destructed Console
--
	
2022-11-03 14:16:00	Constructed Console	
2022-11-03 14:16:00	Return value of Main\Module\Sync\Controller\Sync::getBatch() must be of the type array, null returned	
2022-11-03 14:16:00	#0 /Volumes/htdocs/tigron-invoicing-tool/app/Main/Module/Sync/Controller/Sync.php(27): Main\Module\Sync\Controller\Sync->getBatch(1)
#1 [internal function]: Main\Module\Sync\Controller\Sync->sync()
#2 /Volumes/htdocs/tigron-invoicing-tool/vendor/multimedium/core/src/M/Util/Callback.php(747): call_user_func_array(Array, Array)
#3 /Volumes/htdocs/tigron-invoicing-tool/vendor/multimedium/core/src/M/Controller/Dispatcher.php(881): M\Util\Callback->run()
#4 /Volumes/htdocs/tigron-invoicing-tool/public/index.php(126): M\Controller\Dispatcher->dispatch()
#5 {main}	
2022-11-03 14:16:00	Return value of Main\Module\Sync\Controller\Sync::getBatch() must be of the type array, null returned	
2022-11-03 14:16:00	#0 /Volumes/htdocs/tigron-invoicing-tool/app/Main/Module/Sync/Controller/Sync.php(27): Main\Module\Sync\Controller\Sync->getBatch(1)
#1 [internal function]: Main\Module\Sync\Controller\Sync->sync()
#2 /Volumes/htdocs/tigron-invoicing-tool/vendor/multimedium/core/src/M/Util/Callback.php(747): call_user_func_array(Array, Array)
#3 /Volumes/htdocs/tigron-invoicing-tool/vendor/multimedium/core/src/M/Controller/Dispatcher.php(881): M\Util\Callback->run()
#4 /Volumes/htdocs/tigron-invoicing-tool/public/index.php(126): M\Controller\Dispatcher->dispatch()
#5 {main}	
2022-11-03 14:16:00	Destructed Console
--
	
2022-11-03 14:16:00	Constructed Console	
2022-11-03 14:16:00	Return value of Main\Module\Sync\Controller\Sync::getBatch() must be of the type array, null returned	
2022-11-03 14:16:00	#0 /Volumes/htdocs/tigron-invoicing-tool/app/Main/Module/Sync/Controller/Sync.php(27): Main\Module\Sync\Controller\Sync->getBatch(1)
#1 [internal function]: Main\Module\Sync\Controller\Sync->sync()
#2 /Volumes/htdocs/tigron-invoicing-tool/vendor/multimedium/core/src/M/Util/Callback.php(747): call_user_func_array(Array, Array)
#3 /Volumes/htdocs/tigron-invoicing-tool/vendor/multimedium/core/src/M/Controller/Dispatcher.php(881): M\Util\Callback->run()
#4 /Volumes/htdocs/tigron-invoicing-tool/public/index.php(126): M\Controller\Dispatcher->dispatch()
#5 {main}	
2022-11-03 14:16:00	Return value of Main\Module\Sync\Controller\Sync::getBatch() must be of the type array, null returned	
2022-11-03 14:16:00	#0 /Volumes/htdocs/tigron-invoicing-tool/app/Main/Module/Sync/Controller/Sync.php(27): Main\Module\Sync\Controller\Sync->getBatch(1)
#1 [internal function]: Main\Module\Sync\Controller\Sync->sync()
#2 /Volumes/htdocs/tigron-invoicing-tool/vendor/multimedium/core/src/M/Util/Callback.php(747): call_user_func_array(Array, Array)
#3 /Volumes/htdocs/tigron-invoicing-tool/vendor/multimedium/core/src/M/Controller/Dispatcher.php(881): M\Util\Callback->run()
#4 /Volumes/htdocs/tigron-invoicing-tool/public/index.php(126): M\Controller\Dispatcher->dispatch()
#5 {main}	
2022-11-03 14:16:00	Destructed Console
--
	
2022-11-03 14:17:41	Constructed Console	
2022-11-03 14:17:41	Return value of Main\Module\Sync\Controller\Sync::getBatch() must be of the type array, null returned	
2022-11-03 14:17:41	#0 /Volumes/htdocs/tigron-invoicing-tool/app/Main/Module/Sync/Controller/Sync.php(27): Main\Module\Sync\Controller\Sync->getBatch(1)
#1 [internal function]: Main\Module\Sync\Controller\Sync->sync()
#2 /Volumes/htdocs/tigron-invoicing-tool/vendor/multimedium/core/src/M/Util/Callback.php(747): call_user_func_array(Array, Array)
#3 /Volumes/htdocs/tigron-invoicing-tool/vendor/multimedium/core/src/M/Controller/Dispatcher.php(881): M\Util\Callback->run()
#4 /Volumes/htdocs/tigron-invoicing-tool/public/index.php(126): M\Controller\Dispatcher->dispatch()
#5 {main}	
2022-11-03 14:17:41	Return value of Main\Module\Sync\Controller\Sync::getBatch() must be of the type array, null returned	
2022-11-03 14:17:41	#0 /Volumes/htdocs/tigron-invoicing-tool/app/Main/Module/Sync/Controller/Sync.php(27): Main\Module\Sync\Controller\Sync->getBatch(1)
#1 [internal function]: Main\Module\Sync\Controller\Sync->sync()
#2 /Volumes/htdocs/tigron-invoicing-tool/vendor/multimedium/core/src/M/Util/Callback.php(747): call_user_func_array(Array, Array)
#3 /Volumes/htdocs/tigron-invoicing-tool/vendor/multimedium/core/src/M/Controller/Dispatcher.php(881): M\Util\Callback->run()
#4 /Volumes/htdocs/tigron-invoicing-tool/public/index.php(126): M\Controller\Dispatcher->dispatch()
#5 {main}	
2022-11-03 14:17:41	Destructed Console
--
	
2022-11-03 14:46:44	Constructed Console	
2022-11-03 14:46:44	Class 'SyncClients' not found	
2022-11-03 14:46:44	#0 [internal function]: Main\Module\Sync\Controller\Sync->sync()
#1 /Volumes/htdocs/tigron-invoicing-tool/vendor/multimedium/core/src/M/Util/Callback.php(747): call_user_func_array(Array, Array)
#2 /Volumes/htdocs/tigron-invoicing-tool/vendor/multimedium/core/src/M/Controller/Dispatcher.php(881): M\Util\Callback->run()
#3 /Volumes/htdocs/tigron-invoicing-tool/public/index.php(126): M\Controller\Dispatcher->dispatch()
#4 {main}	
2022-11-03 14:46:44	Class 'SyncClients' not found	
2022-11-03 14:46:44	#0 [internal function]: Main\Module\Sync\Controller\Sync->sync()
#1 /Volumes/htdocs/tigron-invoicing-tool/vendor/multimedium/core/src/M/Util/Callback.php(747): call_user_func_array(Array, Array)
#2 /Volumes/htdocs/tigron-invoicing-tool/vendor/multimedium/core/src/M/Controller/Dispatcher.php(881): M\Util\Callback->run()
#3 /Volumes/htdocs/tigron-invoicing-tool/public/index.php(126): M\Controller\Dispatcher->dispatch()
#4 {main}	
2022-11-03 14:46:44	Destructed Console
--
	
2022-11-03 14:49:19	Constructed Console	
2022-11-03 14:49:19	Class 'SyncClients' not found	
2022-11-03 14:49:19	#0 [internal function]: Main\Module\Sync\Controller\Sync->sync()
#1 /Volumes/htdocs/tigron-invoicing-tool/vendor/multimedium/core/src/M/Util/Callback.php(747): call_user_func_array(Array, Array)
#2 /Volumes/htdocs/tigron-invoicing-tool/vendor/multimedium/core/src/M/Controller/Dispatcher.php(881): M\Util\Callback->run()
#3 /Volumes/htdocs/tigron-invoicing-tool/public/index.php(126): M\Controller\Dispatcher->dispatch()
#4 {main}	
2022-11-03 14:49:19	Class 'SyncClients' not found	
2022-11-03 14:49:19	#0 [internal function]: Main\Module\Sync\Controller\Sync->sync()
#1 /Volumes/htdocs/tigron-invoicing-tool/vendor/multimedium/core/src/M/Util/Callback.php(747): call_user_func_array(Array, Array)
#2 /Volumes/htdocs/tigron-invoicing-tool/vendor/multimedium/core/src/M/Controller/Dispatcher.php(881): M\Util\Callback->run()
#3 /Volumes/htdocs/tigron-invoicing-tool/public/index.php(126): M\Controller\Dispatcher->dispatch()
#4 {main}	
2022-11-03 14:49:19	Destructed Console
--
	
2022-11-03 14:49:45	Constructed Console	
2022-11-03 14:49:45	Class 'Main\Module\Sync\Module\SyncClient' not found	
2022-11-03 14:49:45	#0 /Volumes/htdocs/tigron-invoicing-tool/app/Main/Module/Sync/Controller/Sync.php(32): Main\Module\Sync\Module\SyncClients->handle()
#1 [internal function]: Main\Module\Sync\Controller\Sync->sync()
#2 /Volumes/htdocs/tigron-invoicing-tool/vendor/multimedium/core/src/M/Util/Callback.php(747): call_user_func_array(Array, Array)
#3 /Volumes/htdocs/tigron-invoicing-tool/vendor/multimedium/core/src/M/Controller/Dispatcher.php(881): M\Util\Callback->run()
#4 /Volumes/htdocs/tigron-invoicing-tool/public/index.php(126): M\Controller\Dispatcher->dispatch()
#5 {main}	
2022-11-03 14:49:45	Class 'Main\Module\Sync\Module\SyncClient' not found	
2022-11-03 14:49:45	#0 /Volumes/htdocs/tigron-invoicing-tool/app/Main/Module/Sync/Controller/Sync.php(32): Main\Module\Sync\Module\SyncClients->handle()
#1 [internal function]: Main\Module\Sync\Controller\Sync->sync()
#2 /Volumes/htdocs/tigron-invoicing-tool/vendor/multimedium/core/src/M/Util/Callback.php(747): call_user_func_array(Array, Array)
#3 /Volumes/htdocs/tigron-invoicing-tool/vendor/multimedium/core/src/M/Controller/Dispatcher.php(881): M\Util\Callback->run()
#4 /Volumes/htdocs/tigron-invoicing-tool/public/index.php(126): M\Controller\Dispatcher->dispatch()
#5 {main}	
2022-11-03 14:49:45	Destructed Console
--
	
2022-11-03 15:17:06	Constructed Console	
2022-11-03 15:17:06	Argument 1 passed to Tigron\Cp\Invoice::get_by_user() must be an instance of Tigron\User, int given, called in /Volumes/htdocs/tigron-invoicing-tool/app/Main/Module/Tigron/Controller/Tigron.php on line 32	
2022-11-03 15:17:06	#0 /Volumes/htdocs/tigron-invoicing-tool/app/Main/Module/Tigron/Controller/Tigron.php(32): Tigron\Cp\Invoice::get_by_user(0)
#1 [internal function]: Main\Module\Tigron\Controller\Tigron->index()
#2 /Volumes/htdocs/tigron-invoicing-tool/vendor/multimedium/core/src/M/Util/Callback.php(747): call_user_func_array(Array, Array)
#3 /Volumes/htdocs/tigron-invoicing-tool/vendor/multimedium/core/src/M/Controller/Dispatcher.php(881): M\Util\Callback->run()
#4 /Volumes/htdocs/tigron-invoicing-tool/public/index.php(126): M\Controller\Dispatcher->dispatch()
#5 {main}	
2022-11-03 15:17:06	Argument 1 passed to Tigron\Cp\Invoice::get_by_user() must be an instance of Tigron\User, int given, called in /Volumes/htdocs/tigron-invoicing-tool/app/Main/Module/Tigron/Controller/Tigron.php on line 32	
2022-11-03 15:17:06	#0 /Volumes/htdocs/tigron-invoicing-tool/app/Main/Module/Tigron/Controller/Tigron.php(32): Tigron\Cp\Invoice::get_by_user(0)
#1 [internal function]: Main\Module\Tigron\Controller\Tigron->index()
#2 /Volumes/htdocs/tigron-invoicing-tool/vendor/multimedium/core/src/M/Util/Callback.php(747): call_user_func_array(Array, Array)
#3 /Volumes/htdocs/tigron-invoicing-tool/vendor/multimedium/core/src/M/Controller/Dispatcher.php(881): M\Util\Callback->run()
#4 /Volumes/htdocs/tigron-invoicing-tool/public/index.php(126): M\Controller\Dispatcher->dispatch()
#5 {main}	
2022-11-03 15:17:06	Destructed Console
--
	
2022-11-03 15:43:11	Constructed Console	
2022-11-03 15:43:11	Argument 1 passed to Tigron\Cp\Invoice::get_by_user() must be an instance of Tigron\User, int given, called in /Volumes/htdocs/tigron-invoicing-tool/app/Main/Module/Tigron/Controller/Tigron.php on line 32	
2022-11-03 15:43:11	#0 /Volumes/htdocs/tigron-invoicing-tool/app/Main/Module/Tigron/Controller/Tigron.php(32): Tigron\Cp\Invoice::get_by_user(0)
#1 [internal function]: Main\Module\Tigron\Controller\Tigron->index()
#2 /Volumes/htdocs/tigron-invoicing-tool/vendor/multimedium/core/src/M/Util/Callback.php(747): call_user_func_array(Array, Array)
#3 /Volumes/htdocs/tigron-invoicing-tool/vendor/multimedium/core/src/M/Controller/Dispatcher.php(881): M\Util\Callback->run()
#4 /Volumes/htdocs/tigron-invoicing-tool/public/index.php(126): M\Controller\Dispatcher->dispatch()
#5 {main}	
2022-11-03 15:43:11	Argument 1 passed to Tigron\Cp\Invoice::get_by_user() must be an instance of Tigron\User, int given, called in /Volumes/htdocs/tigron-invoicing-tool/app/Main/Module/Tigron/Controller/Tigron.php on line 32	
2022-11-03 15:43:11	#0 /Volumes/htdocs/tigron-invoicing-tool/app/Main/Module/Tigron/Controller/Tigron.php(32): Tigron\Cp\Invoice::get_by_user(0)
#1 [internal function]: Main\Module\Tigron\Controller\Tigron->index()
#2 /Volumes/htdocs/tigron-invoicing-tool/vendor/multimedium/core/src/M/Util/Callback.php(747): call_user_func_array(Array, Array)
#3 /Volumes/htdocs/tigron-invoicing-tool/vendor/multimedium/core/src/M/Controller/Dispatcher.php(881): M\Util\Callback->run()
#4 /Volumes/htdocs/tigron-invoicing-tool/public/index.php(126): M\Controller\Dispatcher->dispatch()
#5 {main}	
2022-11-03 15:43:11	Destructed Console
--
	
2022-11-03 16:13:13	Constructed Console	
2022-11-03 16:13:13	Argument 1 passed to Tigron\Cp\Invoice::get_by_user() must be an instance of Tigron\User, string given, called in /Volumes/htdocs/tigron-invoicing-tool/app/Main/Module/Tigron/Controller/Tigron.php on line 32	
2022-11-03 16:13:13	#0 /Volumes/htdocs/tigron-invoicing-tool/app/Main/Module/Tigron/Controller/Tigron.php(32): Tigron\Cp\Invoice::get_by_user('abet-laminati')
#1 [internal function]: Main\Module\Tigron\Controller\Tigron->index()
#2 /Volumes/htdocs/tigron-invoicing-tool/vendor/multimedium/core/src/M/Util/Callback.php(747): call_user_func_array(Array, Array)
#3 /Volumes/htdocs/tigron-invoicing-tool/vendor/multimedium/core/src/M/Controller/Dispatcher.php(881): M\Util\Callback->run()
#4 /Volumes/htdocs/tigron-invoicing-tool/public/index.php(126): M\Controller\Dispatcher->dispatch()
#5 {main}	
2022-11-03 16:13:13	Argument 1 passed to Tigron\Cp\Invoice::get_by_user() must be an instance of Tigron\User, string given, called in /Volumes/htdocs/tigron-invoicing-tool/app/Main/Module/Tigron/Controller/Tigron.php on line 32	
2022-11-03 16:13:13	#0 /Volumes/htdocs/tigron-invoicing-tool/app/Main/Module/Tigron/Controller/Tigron.php(32): Tigron\Cp\Invoice::get_by_user('abet-laminati')
#1 [internal function]: Main\Module\Tigron\Controller\Tigron->index()
#2 /Volumes/htdocs/tigron-invoicing-tool/vendor/multimedium/core/src/M/Util/Callback.php(747): call_user_func_array(Array, Array)
#3 /Volumes/htdocs/tigron-invoicing-tool/vendor/multimedium/core/src/M/Controller/Dispatcher.php(881): M\Util\Callback->run()
#4 /Volumes/htdocs/tigron-invoicing-tool/public/index.php(126): M\Controller\Dispatcher->dispatch()
#5 {main}	
2022-11-03 16:13:13	Destructed Console
--
	
2022-11-03 16:21:02	Constructed Console	
2022-11-03 16:21:02	Argument 1 passed to Tigron\Cp\Invoice::get_by_user() must be an instance of Tigron\User, string given, called in /Volumes/htdocs/tigron-invoicing-tool/app/Main/Module/Tigron/Controller/Tigron.php on line 32	
2022-11-03 16:21:02	#0 /Volumes/htdocs/tigron-invoicing-tool/app/Main/Module/Tigron/Controller/Tigron.php(32): Tigron\Cp\Invoice::get_by_user('apartkeukens')
#1 [internal function]: Main\Module\Tigron\Controller\Tigron->index()
#2 /Volumes/htdocs/tigron-invoicing-tool/vendor/multimedium/core/src/M/Util/Callback.php(747): call_user_func_array(Array, Array)
#3 /Volumes/htdocs/tigron-invoicing-tool/vendor/multimedium/core/src/M/Controller/Dispatcher.php(881): M\Util\Callback->run()
#4 /Volumes/htdocs/tigron-invoicing-tool/public/index.php(126): M\Controller\Dispatcher->dispatch()
#5 {main}	
2022-11-03 16:21:02	Argument 1 passed to Tigron\Cp\Invoice::get_by_user() must be an instance of Tigron\User, string given, called in /Volumes/htdocs/tigron-invoicing-tool/app/Main/Module/Tigron/Controller/Tigron.php on line 32	
2022-11-03 16:21:02	#0 /Volumes/htdocs/tigron-invoicing-tool/app/Main/Module/Tigron/Controller/Tigron.php(32): Tigron\Cp\Invoice::get_by_user('apartkeukens')
#1 [internal function]: Main\Module\Tigron\Controller\Tigron->index()
#2 /Volumes/htdocs/tigron-invoicing-tool/vendor/multimedium/core/src/M/Util/Callback.php(747): call_user_func_array(Array, Array)
#3 /Volumes/htdocs/tigron-invoicing-tool/vendor/multimedium/core/src/M/Controller/Dispatcher.php(881): M\Util\Callback->run()
#4 /Volumes/htdocs/tigron-invoicing-tool/public/index.php(126): M\Controller\Dispatcher->dispatch()
#5 {main}	
2022-11-03 16:21:02	Destructed Console
--
	
2022-11-03 16:23:38	Constructed Console	
2022-11-03 16:23:38	Argument 1 passed to Tigron\Cp\Invoice::get_by_user() must be an instance of Tigron\User, instance of Tigron\Cp\User given, called in /Volumes/htdocs/tigron-invoicing-tool/app/Main/Module/Tigron/Controller/Tigron.php on line 32	
2022-11-03 16:23:38	#0 /Volumes/htdocs/tigron-invoicing-tool/app/Main/Module/Tigron/Controller/Tigron.php(32): Tigron\Cp\Invoice::get_by_user(Object(Tigron\Cp\User))
#1 [internal function]: Main\Module\Tigron\Controller\Tigron->index()
#2 /Volumes/htdocs/tigron-invoicing-tool/vendor/multimedium/core/src/M/Util/Callback.php(747): call_user_func_array(Array, Array)
#3 /Volumes/htdocs/tigron-invoicing-tool/vendor/multimedium/core/src/M/Controller/Dispatcher.php(881): M\Util\Callback->run()
#4 /Volumes/htdocs/tigron-invoicing-tool/public/index.php(126): M\Controller\Dispatcher->dispatch()
#5 {main}	
2022-11-03 16:23:38	Argument 1 passed to Tigron\Cp\Invoice::get_by_user() must be an instance of Tigron\User, instance of Tigron\Cp\User given, called in /Volumes/htdocs/tigron-invoicing-tool/app/Main/Module/Tigron/Controller/Tigron.php on line 32	
2022-11-03 16:23:38	#0 /Volumes/htdocs/tigron-invoicing-tool/app/Main/Module/Tigron/Controller/Tigron.php(32): Tigron\Cp\Invoice::get_by_user(Object(Tigron\Cp\User))
#1 [internal function]: Main\Module\Tigron\Controller\Tigron->index()
#2 /Volumes/htdocs/tigron-invoicing-tool/vendor/multimedium/core/src/M/Util/Callback.php(747): call_user_func_array(Array, Array)
#3 /Volumes/htdocs/tigron-invoicing-tool/vendor/multimedium/core/src/M/Controller/Dispatcher.php(881): M\Util\Callback->run()
#4 /Volumes/htdocs/tigron-invoicing-tool/public/index.php(126): M\Controller\Dispatcher->dispatch()
#5 {main}	
2022-11-03 16:23:38	Destructed Console
--
	
2022-11-03 16:26:00	Constructed Console	
2022-11-03 16:26:00	Argument 1 passed to Tigron\Cp\Invoice::get_by_user() must be an instance of Tigron\User, instance of Tigron\Cp\User given, called in /Volumes/htdocs/tigron-invoicing-tool/app/Main/Module/Tigron/Controller/Tigron.php on line 32	
2022-11-03 16:26:00	#0 /Volumes/htdocs/tigron-invoicing-tool/app/Main/Module/Tigron/Controller/Tigron.php(32): Tigron\Cp\Invoice::get_by_user(Object(Tigron\Cp\User))
#1 [internal function]: Main\Module\Tigron\Controller\Tigron->index()
#2 /Volumes/htdocs/tigron-invoicing-tool/vendor/multimedium/core/src/M/Util/Callback.php(747): call_user_func_array(Array, Array)
#3 /Volumes/htdocs/tigron-invoicing-tool/vendor/multimedium/core/src/M/Controller/Dispatcher.php(881): M\Util\Callback->run()
#4 /Volumes/htdocs/tigron-invoicing-tool/public/index.php(126): M\Controller\Dispatcher->dispatch()
#5 {main}	
2022-11-03 16:26:00	Argument 1 passed to Tigron\Cp\Invoice::get_by_user() must be an instance of Tigron\User, instance of Tigron\Cp\User given, called in /Volumes/htdocs/tigron-invoicing-tool/app/Main/Module/Tigron/Controller/Tigron.php on line 32	
2022-11-03 16:26:00	#0 /Volumes/htdocs/tigron-invoicing-tool/app/Main/Module/Tigron/Controller/Tigron.php(32): Tigron\Cp\Invoice::get_by_user(Object(Tigron\Cp\User))
#1 [internal function]: Main\Module\Tigron\Controller\Tigron->index()
#2 /Volumes/htdocs/tigron-invoicing-tool/vendor/multimedium/core/src/M/Util/Callback.php(747): call_user_func_array(Array, Array)
#3 /Volumes/htdocs/tigron-invoicing-tool/vendor/multimedium/core/src/M/Controller/Dispatcher.php(881): M\Util\Callback->run()
#4 /Volumes/htdocs/tigron-invoicing-tool/public/index.php(126): M\Controller\Dispatcher->dispatch()
#5 {main}	
2022-11-03 16:26:00	Destructed Console
--
	
2022-11-03 16:26:16	Constructed Console	
2022-11-03 16:26:16	Call to undefined method Tigron\Cp\User::get_by_user()	
2022-11-03 16:26:16	#0 [internal function]: Main\Module\Tigron\Controller\Tigron->index()
#1 /Volumes/htdocs/tigron-invoicing-tool/vendor/multimedium/core/src/M/Util/Callback.php(747): call_user_func_array(Array, Array)
#2 /Volumes/htdocs/tigron-invoicing-tool/vendor/multimedium/core/src/M/Controller/Dispatcher.php(881): M\Util\Callback->run()
#3 /Volumes/htdocs/tigron-invoicing-tool/public/index.php(126): M\Controller\Dispatcher->dispatch()
#4 {main}	
2022-11-03 16:26:16	Call to undefined method Tigron\Cp\User::get_by_user()	
2022-11-03 16:26:16	#0 [internal function]: Main\Module\Tigron\Controller\Tigron->index()
#1 /Volumes/htdocs/tigron-invoicing-tool/vendor/multimedium/core/src/M/Util/Callback.php(747): call_user_func_array(Array, Array)
#2 /Volumes/htdocs/tigron-invoicing-tool/vendor/multimedium/core/src/M/Controller/Dispatcher.php(881): M\Util\Callback->run()
#3 /Volumes/htdocs/tigron-invoicing-tool/public/index.php(126): M\Controller\Dispatcher->dispatch()
#4 {main}	
2022-11-03 16:26:16	Destructed Console
--
	
2022-11-03 16:32:13	Constructed Console	
2022-11-03 16:32:13	Argument 1 passed to Tigron\Cp\Invoice::get_by_user() must be an instance of Tigron\User, string given, called in /Volumes/htdocs/tigron-invoicing-tool/app/Main/Module/Tigron/Controller/Tigron.php on line 32	
2022-11-03 16:32:13	#0 /Volumes/htdocs/tigron-invoicing-tool/app/Main/Module/Tigron/Controller/Tigron.php(32): Tigron\Cp\Invoice::get_by_user('apartkeukens')
#1 [internal function]: Main\Module\Tigron\Controller\Tigron->index()
#2 /Volumes/htdocs/tigron-invoicing-tool/vendor/multimedium/core/src/M/Util/Callback.php(747): call_user_func_array(Array, Array)
#3 /Volumes/htdocs/tigron-invoicing-tool/vendor/multimedium/core/src/M/Controller/Dispatcher.php(881): M\Util\Callback->run()
#4 /Volumes/htdocs/tigron-invoicing-tool/public/index.php(126): M\Controller\Dispatcher->dispatch()
#5 {main}	
2022-11-03 16:32:13	Argument 1 passed to Tigron\Cp\Invoice::get_by_user() must be an instance of Tigron\User, string given, called in /Volumes/htdocs/tigron-invoicing-tool/app/Main/Module/Tigron/Controller/Tigron.php on line 32	
2022-11-03 16:32:13	#0 /Volumes/htdocs/tigron-invoicing-tool/app/Main/Module/Tigron/Controller/Tigron.php(32): Tigron\Cp\Invoice::get_by_user('apartkeukens')
#1 [internal function]: Main\Module\Tigron\Controller\Tigron->index()
#2 /Volumes/htdocs/tigron-invoicing-tool/vendor/multimedium/core/src/M/Util/Callback.php(747): call_user_func_array(Array, Array)
#3 /Volumes/htdocs/tigron-invoicing-tool/vendor/multimedium/core/src/M/Controller/Dispatcher.php(881): M\Util\Callback->run()
#4 /Volumes/htdocs/tigron-invoicing-tool/public/index.php(126): M\Controller\Dispatcher->dispatch()
#5 {main}	
2022-11-03 16:32:13	Destructed Console
--
	
2022-11-03 16:32:35	Constructed Console	
2022-11-03 16:32:35	Argument 1 passed to Tigron\Cp\Invoice::get_by_user() must be an instance of Tigron\User, string given, called in /Volumes/htdocs/tigron-invoicing-tool/app/Main/Module/Tigron/Controller/Tigron.php on line 32	
2022-11-03 16:32:35	#0 /Volumes/htdocs/tigron-invoicing-tool/app/Main/Module/Tigron/Controller/Tigron.php(32): Tigron\Cp\Invoice::get_by_user('Aertsen')
#1 [internal function]: Main\Module\Tigron\Controller\Tigron->index()
#2 /Volumes/htdocs/tigron-invoicing-tool/vendor/multimedium/core/src/M/Util/Callback.php(747): call_user_func_array(Array, Array)
#3 /Volumes/htdocs/tigron-invoicing-tool/vendor/multimedium/core/src/M/Controller/Dispatcher.php(881): M\Util\Callback->run()
#4 /Volumes/htdocs/tigron-invoicing-tool/public/index.php(126): M\Controller\Dispatcher->dispatch()
#5 {main}	
2022-11-03 16:32:35	Argument 1 passed to Tigron\Cp\Invoice::get_by_user() must be an instance of Tigron\User, string given, called in /Volumes/htdocs/tigron-invoicing-tool/app/Main/Module/Tigron/Controller/Tigron.php on line 32	
2022-11-03 16:32:35	#0 /Volumes/htdocs/tigron-invoicing-tool/app/Main/Module/Tigron/Controller/Tigron.php(32): Tigron\Cp\Invoice::get_by_user('Aertsen')
#1 [internal function]: Main\Module\Tigron\Controller\Tigron->index()
#2 /Volumes/htdocs/tigron-invoicing-tool/vendor/multimedium/core/src/M/Util/Callback.php(747): call_user_func_array(Array, Array)
#3 /Volumes/htdocs/tigron-invoicing-tool/vendor/multimedium/core/src/M/Controller/Dispatcher.php(881): M\Util\Callback->run()
#4 /Volumes/htdocs/tigron-invoicing-tool/public/index.php(126): M\Controller\Dispatcher->dispatch()
#5 {main}	
2022-11-03 16:32:35	Destructed Console
--
	
